 2017-01-05 19:06:15,409 [P8816/D2/T1] INFO  Umbraco.Core.CoreBootManager - Umbraco 7.5.4 application starting on HOMEPC
 2017-01-05 19:06:15,416 [P8816/D2/T1] INFO  Umbraco.Core.PluginManager - Determining hash of code files on disk
 2017-01-05 19:06:15,424 [P8816/D2/T1] INFO  Umbraco.Core.PluginManager - Hash determined (took 7ms)
 2017-01-05 19:06:15,463 [P8816/D2/T1] INFO  Umbraco.Core.PluginManager - Starting resolution types of umbraco.interfaces.IApplicationStartupHandler
 2017-01-05 19:06:15,508 [P8816/D2/T1] INFO  Umbraco.Core.PluginManager - Completed resolution of types of umbraco.interfaces.IApplicationStartupHandler, found 0 (took 45ms)
 2017-01-05 19:06:15,547 [P8816/D2/T1] INFO  Umbraco.Core.PluginManager - Starting resolution types of Umbraco.Core.PropertyEditors.IPropertyEditorValueConverter
 2017-01-05 19:06:15,548 [P8816/D2/T1] INFO  Umbraco.Core.PluginManager - Completed resolution of types of Umbraco.Core.PropertyEditors.IPropertyEditorValueConverter, found 0 (took 0ms)
 2017-01-05 19:06:15,548 [P8816/D2/T1] INFO  Umbraco.Core.PluginManager - Starting resolution types of Umbraco.Core.PropertyEditors.IPropertyValueConverter
 2017-01-05 19:06:15,549 [P8816/D2/T1] INFO  Umbraco.Core.PluginManager - Completed resolution of types of Umbraco.Core.PropertyEditors.IPropertyValueConverter, found 0 (took 0ms)
 2017-01-05 19:06:15,553 [P8816/D2/T1] INFO  Umbraco.Core.PluginManager - Starting resolution types of Umbraco.Web.Mvc.SurfaceController
 2017-01-05 19:06:15,561 [P8816/D2/T1] INFO  Umbraco.Core.PluginManager - Completed resolution of types of Umbraco.Web.Mvc.SurfaceController, found 0 (took 7ms)
 2017-01-05 19:06:15,561 [P8816/D2/T1] INFO  Umbraco.Core.PluginManager - Starting resolution types of Umbraco.Web.WebApi.UmbracoApiController
 2017-01-05 19:06:15,565 [P8816/D2/T1] INFO  Umbraco.Core.PluginManager - Completed resolution of types of Umbraco.Web.WebApi.UmbracoApiController, found 0 (took 3ms)
 2017-01-05 19:06:15,613 [P8816/D2/T1] INFO  Umbraco.Core.PluginManager - Starting resolution types of Umbraco.Core.Media.IThumbnailProvider
 2017-01-05 19:06:15,614 [P8816/D2/T1] INFO  Umbraco.Core.PluginManager - Completed resolution of types of Umbraco.Core.Media.IThumbnailProvider, found 0 (took 0ms)
 2017-01-05 19:06:15,614 [P8816/D2/T1] INFO  Umbraco.Core.PluginManager - Starting resolution types of Umbraco.Core.Media.IImageUrlProvider
 2017-01-05 19:06:15,615 [P8816/D2/T1] INFO  Umbraco.Core.PluginManager - Completed resolution of types of Umbraco.Core.Media.IImageUrlProvider, found 0 (took 0ms)
 2017-01-05 19:06:16,280 [P8816/D2/T1] INFO  Umbraco.Core.DatabaseContext - CanConnect = True
 2017-01-05 19:06:16,417 [P8816/D2/T1] INFO  Umbraco.Core.DatabaseContext - CanConnect = True
 2017-01-05 19:06:16,440 [P8816/D2/T1] INFO  Umbraco.Core.DatabaseContext - CanConnect = True
 2017-01-05 19:06:16,519 [P8816/D2/T1] INFO  Umbraco.Web.Cache.CacheRefresherEventHandler - Initializing Umbraco internal event handlers for cache refreshing
 2017-01-05 19:06:16,625 [P8816/D2/T1] INFO  Umbraco.Web.Search.ExamineEvents - Initializing Examine and binding to business logic events
 2017-01-05 19:06:16,625 [P8816/D2/T1] INFO  Umbraco.Web.Search.ExamineEvents - Adding examine event handlers for index providers: 3
 2017-01-05 19:06:16,636 [P8816/D2/T1] INFO  Umbraco.Core.CoreBootManager - Umbraco application startup complete (took 1256ms)
 2017-01-05 19:06:17,159 [P8816/D2/T11] INFO  Umbraco.Core.Sync.ApplicationUrlHelper - ApplicationUrl: http://localhost:17606/umbraco (UmbracoModule request)
 2017-01-05 19:06:17,435 [P8816/D2/T11] INFO  umbraco.content - Load Xml from file...
 2017-01-05 19:06:17,437 [P8816/D2/T11] INFO  umbraco.content - Loaded Xml from file.
 2017-01-05 19:06:17,576 [P8816/D2/T11] WARN  Umbraco.Web.UmbracoModule - Status code is 404 yet TrySkipIisCustomErrors is false - IIS will take over.
 2017-01-05 19:07:17,506 [P8816/D2/T17] INFO  umbraco.BusinessLogic.Log - Log scrubbed.  Removed all items older than 2560-01-04 19:07:17
 2017-01-05 19:07:17,601 [P8816/D2/T16] INFO  Umbraco.Core.PluginManager - Starting resolution types of umbraco.interfaces.ICacheRefresher
 2017-01-05 19:07:17,602 [P8816/D2/T16] INFO  Umbraco.Core.PluginManager - Completed resolution of types of umbraco.interfaces.ICacheRefresher, found 0 (took 0ms)
 2017-01-05 19:07:17,610 [P8816/D2/T8] INFO  Umbraco.Core.PluginManager - Starting resolution types of Umbraco.Core.Persistence.Mappers.BaseMapper
 2017-01-05 19:07:17,611 [P8816/D2/T8] INFO  Umbraco.Core.PluginManager - Completed resolution of types of Umbraco.Core.Persistence.Mappers.BaseMapper, found 0 (took 0ms)
 2017-01-05 19:07:17,933 [P8816/D2/T16] INFO  Umbraco.Core.PluginManager - Starting resolution types of Umbraco.Core.PropertyEditors.IParameterEditor
 2017-01-05 19:07:17,934 [P8816/D2/T16] INFO  Umbraco.Core.PluginManager - Completed resolution of types of Umbraco.Core.PropertyEditors.IParameterEditor, found 0 (took 0ms)
 2017-01-05 19:07:23,325 [P8816/D2/T14] INFO  umbraco.content - Save Xml to file...
 2017-01-05 19:07:23,331 [P8816/D2/T14] INFO  umbraco.content - Saved Xml to file.
 2017-01-05 19:10:11,240 [P8816/D2/T38] INFO  Umbraco.Core.PluginManager - Starting resolution types of Umbraco.Core.PropertyEditors.IParameterEditor
 2017-01-05 19:10:11,240 [P8816/D2/T38] INFO  Umbraco.Core.PluginManager - Completed resolution of types of Umbraco.Core.PropertyEditors.IParameterEditor, found 0 (took 0ms)
 2017-01-05 19:10:11,254 [P8816/D2/T38] INFO  Umbraco.Core.PluginManager - Starting resolution types of umbraco.cms.businesslogic.macro.IMacroEngine
 2017-01-05 19:10:11,255 [P8816/D2/T38] INFO  Umbraco.Core.PluginManager - Completed resolution of types of umbraco.cms.businesslogic.macro.IMacroEngine, found 0 (took 1ms)
 2017-01-05 19:10:13,029 [P8816/D2/T38] ERROR Umbraco.Core.Dynamics.DynamicInstanceHelper - An error occurred finding and executing extension method "GetCropUrl" for type "Umbraco.Web.Models.DynamicPublishedContent". Types searched for extension methods were Umbraco.Web.Models.DynamicPublishedContent.
System.MissingMethodException: Method 'Umbraco.Web.Models.DynamicPublishedContent.GetCropUrl' not found.
   at Umbraco.Core.Dynamics.DynamicInstanceHelper.FindAndExecuteExtensionMethod[T](IRuntimeCacheProvider runtimeCache, T thisObject, Object[] args, String name, IEnumerable`1 findMethodsOnTypes)
   at Umbraco.Core.Dynamics.DynamicInstanceHelper.TryInvokeMember[T](IRuntimeCacheProvider runtimeCache, T thisObject, InvokeMemberBinder binder, Object[] args, IEnumerable`1 findExtensionMethodsOnTypes)
 2017-01-05 19:10:41,817 [P8816/D2/T35] ERROR Umbraco.Core.Dynamics.DynamicInstanceHelper - An error occurred finding and executing extension method "GetCropUrl" for type "Umbraco.Web.Models.DynamicPublishedContent". Types searched for extension methods were Umbraco.Web.Models.DynamicPublishedContent.
System.MissingMethodException: Method 'Umbraco.Web.Models.DynamicPublishedContent.GetCropUrl' not found.
   at Umbraco.Core.Dynamics.DynamicInstanceHelper.FindAndExecuteExtensionMethod[T](IRuntimeCacheProvider runtimeCache, T thisObject, Object[] args, String name, IEnumerable`1 findMethodsOnTypes)
   at Umbraco.Core.Dynamics.DynamicInstanceHelper.TryInvokeMember[T](IRuntimeCacheProvider runtimeCache, T thisObject, InvokeMemberBinder binder, Object[] args, IEnumerable`1 findExtensionMethodsOnTypes)
 2017-01-05 19:40:55,131 [P8816/D2/T359] ERROR Umbraco.Core.Dynamics.DynamicInstanceHelper - An error occurred finding and executing extension method "GetCropUrl" for type "Umbraco.Web.Models.DynamicPublishedContent". Types searched for extension methods were Umbraco.Web.Models.DynamicPublishedContent.
System.MissingMethodException: Method 'Umbraco.Web.Models.DynamicPublishedContent.GetCropUrl' not found.
   at Umbraco.Core.Dynamics.DynamicInstanceHelper.FindAndExecuteExtensionMethod[T](IRuntimeCacheProvider runtimeCache, T thisObject, Object[] args, String name, IEnumerable`1 findMethodsOnTypes)
   at Umbraco.Core.Dynamics.DynamicInstanceHelper.TryInvokeMember[T](IRuntimeCacheProvider runtimeCache, T thisObject, InvokeMemberBinder binder, Object[] args, IEnumerable`1 findExtensionMethodsOnTypes)
 2017-01-05 19:51:05,999 [P8816/D2/T225] INFO  Umbraco.Core.Security.BackOfficeSignInManager - Event Id: 0, state: Login attempt succeeded for username admin@bbl.co.th from IP address ::1
 2017-01-05 19:51:06,000 [P8816/D2/T225] INFO  Umbraco.Core.Security.BackOfficeSignInManager - Event Id: 0, state: User: admin@bbl.co.th logged in from IP address ::1
 2017-01-05 19:51:06,080 [P8816/D2/T225] INFO  Umbraco.Core.PluginManager - Starting resolution types of Umbraco.Web.Trees.TreeController
 2017-01-05 19:51:06,081 [P8816/D2/T225] INFO  Umbraco.Core.PluginManager - Completed resolution of types of Umbraco.Web.Trees.TreeController, found 0 (took 1ms)
 2017-01-05 19:51:06,322 [P8816/D2/T225] INFO  Umbraco.Core.PluginManager - Starting resolution types of umbraco.interfaces.IApplication
 2017-01-05 19:51:06,322 [P8816/D2/T225] INFO  Umbraco.Core.PluginManager - Completed resolution of types of umbraco.interfaces.IApplication, found 0 (took 0ms)
 2017-01-05 19:51:06,371 [P8816/D2/T225] INFO  Umbraco.Core.PluginManager - Starting resolution types of Umbraco.Web.Trees.TreeController
 2017-01-05 19:51:06,371 [P8816/D2/T225] INFO  Umbraco.Core.PluginManager - Completed resolution of types of Umbraco.Web.Trees.TreeController, found 0 (took 0ms)
 2017-01-05 19:51:06,373 [P8816/D2/T225] INFO  Umbraco.Core.PluginManager - Starting resolution types of umbraco.interfaces.ITree
 2017-01-05 19:51:06,374 [P8816/D2/T225] INFO  Umbraco.Core.PluginManager - Completed resolution of types of umbraco.interfaces.ITree, found 0 (took 0ms)
 2017-01-05 19:51:06,495 [P8816/D2/T225] INFO  Umbraco.Core.PluginManager - Starting resolution types of umbraco.interfaces.ITree
 2017-01-05 19:51:06,496 [P8816/D2/T225] INFO  Umbraco.Core.PluginManager - Completed resolution of types of umbraco.interfaces.ITree, found 0 (took 0ms)
 2017-01-05 19:51:08,100 [P8816/D2/T225] WARN  umbraco.macro - Error loading partial view macro (View: ~/Views/MacroPartials/EXHIBITIONS_PAST.cshtml). Exception: System.InvalidOperationException: Cannot return the IPublishedContent because the UmbracoHelper was constructed with an UmbracoContext and the current request is not a front-end request.
   at Umbraco.Web.UmbracoHelper.get_AssignedContentItem()
   at Umbraco.Web.UmbracoHelper.Field(String fieldAlias, String altFieldAlias, String altText, String insertBefore, String insertAfter, Boolean recursive, Boolean convertLineBreaks, Boolean removeParagraphTags, RenderFieldCaseType casing, RenderFieldEncodingType encoding, Boolean formatAsDate, Boolean formatAsDateWithTime, String formatAsDateWithTimeSeparator)
   at ASP._Page_Views_MacroPartials_EXHIBITIONS_PAST_cshtml.Execute() in c:\queengallery\queengallery\Views\MacroPartials\EXHIBITIONS_PAST.cshtml:line 325
   at System.Web.WebPages.WebPageBase.ExecutePageHierarchy()
   at System.Web.Mvc.WebViewPage.ExecutePageHierarchy()
   at System.Web.WebPages.WebPageBase.ExecutePageHierarchy(WebPageContext pageContext, TextWriter writer, WebPageRenderingBase startPage)
   at System.Web.Mvc.RazorView.RenderView(ViewContext viewContext, TextWriter writer, Object instance)
   at System.Web.Mvc.BuildManagerCompiledView.Render(ViewContext viewContext, TextWriter writer)
   at Umbraco.Core.Profiling.ProfilingView.Render(ViewContext viewContext, TextWriter writer)
   at Umbraco.Web.Mvc.ControllerExtensions.RenderViewResultAsString(ControllerBase controller, ViewResultBase viewResult)
   at Umbraco.Web.Macros.PartialViewMacroEngine.Execute(MacroModel macro, IPublishedContent content)
   at Umbraco.Web.Macros.PartialViewMacroEngine.Execute(MacroModel macro, INode node)
   at umbraco.macro.LoadPartialViewMacro(MacroModel macro)
   at umbraco.macro.renderMacro(Hashtable pageElements, Int32 pageId)
 2017-01-05 19:51:08,101 [P8816/D2/T225] WARN  umbraco.macro - Error loading Partial View (file: ~/Views/MacroPartials/EXHIBITIONS_PAST.cshtml). Exception: System.InvalidOperationException: Cannot return the IPublishedContent because the UmbracoHelper was constructed with an UmbracoContext and the current request is not a front-end request.
   at Umbraco.Web.UmbracoHelper.get_AssignedContentItem()
   at Umbraco.Web.UmbracoHelper.Field(String fieldAlias, String altFieldAlias, String altText, String insertBefore, String insertAfter, Boolean recursive, Boolean convertLineBreaks, Boolean removeParagraphTags, RenderFieldCaseType casing, RenderFieldEncodingType encoding, Boolean formatAsDate, Boolean formatAsDateWithTime, String formatAsDateWithTimeSeparator)
   at ASP._Page_Views_MacroPartials_EXHIBITIONS_PAST_cshtml.Execute() in c:\queengallery\queengallery\Views\MacroPartials\EXHIBITIONS_PAST.cshtml:line 325
   at System.Web.WebPages.WebPageBase.ExecutePageHierarchy()
   at System.Web.Mvc.WebViewPage.ExecutePageHierarchy()
   at System.Web.WebPages.WebPageBase.ExecutePageHierarchy(WebPageContext pageContext, TextWriter writer, WebPageRenderingBase startPage)
   at System.Web.Mvc.RazorView.RenderView(ViewContext viewContext, TextWriter writer, Object instance)
   at System.Web.Mvc.BuildManagerCompiledView.Render(ViewContext viewContext, TextWriter writer)
   at Umbraco.Core.Profiling.ProfilingView.Render(ViewContext viewContext, TextWriter writer)
   at Umbraco.Web.Mvc.ControllerExtensions.RenderViewResultAsString(ControllerBase controller, ViewResultBase viewResult)
   at Umbraco.Web.Macros.PartialViewMacroEngine.Execute(MacroModel macro, IPublishedContent content)
   at Umbraco.Web.Macros.PartialViewMacroEngine.Execute(MacroModel macro, INode node)
   at umbraco.macro.LoadPartialViewMacro(MacroModel macro)
   at umbraco.macro.renderMacro(Hashtable pageElements, Int32 pageId)
 2017-01-05 19:54:58,905 [P8816/D2/T263] ERROR Umbraco.Core.Dynamics.DynamicInstanceHelper - An error occurred finding and executing extension method "GetCropUrl" for type "Umbraco.Web.Models.DynamicPublishedContent". Types searched for extension methods were Umbraco.Web.Models.DynamicPublishedContent.
System.MissingMethodException: Method 'Umbraco.Web.Models.DynamicPublishedContent.GetCropUrl' not found.
   at Umbraco.Core.Dynamics.DynamicInstanceHelper.FindAndExecuteExtensionMethod[T](IRuntimeCacheProvider runtimeCache, T thisObject, Object[] args, String name, IEnumerable`1 findMethodsOnTypes)
   at Umbraco.Core.Dynamics.DynamicInstanceHelper.TryInvokeMember[T](IRuntimeCacheProvider runtimeCache, T thisObject, InvokeMemberBinder binder, Object[] args, IEnumerable`1 findExtensionMethodsOnTypes)
 2017-01-05 19:55:07,705 [P8816/D2/T224] ERROR Umbraco.Core.Dynamics.DynamicInstanceHelper - An error occurred finding and executing extension method "GetCropUrl" for type "Umbraco.Web.Models.DynamicPublishedContent". Types searched for extension methods were Umbraco.Web.Models.DynamicPublishedContent.
System.MissingMethodException: Method 'Umbraco.Web.Models.DynamicPublishedContent.GetCropUrl' not found.
   at Umbraco.Core.Dynamics.DynamicInstanceHelper.FindAndExecuteExtensionMethod[T](IRuntimeCacheProvider runtimeCache, T thisObject, Object[] args, String name, IEnumerable`1 findMethodsOnTypes)
   at Umbraco.Core.Dynamics.DynamicInstanceHelper.TryInvokeMember[T](IRuntimeCacheProvider runtimeCache, T thisObject, InvokeMemberBinder binder, Object[] args, IEnumerable`1 findExtensionMethodsOnTypes)
 2017-01-05 19:55:13,590 [P8816/D2/T272] ERROR Umbraco.Core.Dynamics.DynamicInstanceHelper - An error occurred finding and executing extension method "GetCropUrl" for type "Umbraco.Web.Models.DynamicPublishedContent". Types searched for extension methods were Umbraco.Web.Models.DynamicPublishedContent.
System.MissingMethodException: Method 'Umbraco.Web.Models.DynamicPublishedContent.GetCropUrl' not found.
   at Umbraco.Core.Dynamics.DynamicInstanceHelper.FindAndExecuteExtensionMethod[T](IRuntimeCacheProvider runtimeCache, T thisObject, Object[] args, String name, IEnumerable`1 findMethodsOnTypes)
   at Umbraco.Core.Dynamics.DynamicInstanceHelper.TryInvokeMember[T](IRuntimeCacheProvider runtimeCache, T thisObject, InvokeMemberBinder binder, Object[] args, IEnumerable`1 findExtensionMethodsOnTypes)
 2017-01-05 19:55:18,052 [P8816/D2/T260] ERROR Umbraco.Core.Dynamics.DynamicInstanceHelper - An error occurred finding and executing extension method "GetCropUrl" for type "Umbraco.Web.Models.DynamicPublishedContent". Types searched for extension methods were Umbraco.Web.Models.DynamicPublishedContent.
System.MissingMethodException: Method 'Umbraco.Web.Models.DynamicPublishedContent.GetCropUrl' not found.
   at Umbraco.Core.Dynamics.DynamicInstanceHelper.FindAndExecuteExtensionMethod[T](IRuntimeCacheProvider runtimeCache, T thisObject, Object[] args, String name, IEnumerable`1 findMethodsOnTypes)
   at Umbraco.Core.Dynamics.DynamicInstanceHelper.TryInvokeMember[T](IRuntimeCacheProvider runtimeCache, T thisObject, InvokeMemberBinder binder, Object[] args, IEnumerable`1 findExtensionMethodsOnTypes)
 2017-01-05 19:55:32,140 [P8816/D2/T246] ERROR Umbraco.Core.Dynamics.DynamicInstanceHelper - An error occurred finding and executing extension method "GetCropUrl" for type "Umbraco.Web.Models.DynamicPublishedContent". Types searched for extension methods were Umbraco.Web.Models.DynamicPublishedContent.
System.MissingMethodException: Method 'Umbraco.Web.Models.DynamicPublishedContent.GetCropUrl' not found.
   at Umbraco.Core.Dynamics.DynamicInstanceHelper.FindAndExecuteExtensionMethod[T](IRuntimeCacheProvider runtimeCache, T thisObject, Object[] args, String name, IEnumerable`1 findMethodsOnTypes)
   at Umbraco.Core.Dynamics.DynamicInstanceHelper.TryInvokeMember[T](IRuntimeCacheProvider runtimeCache, T thisObject, InvokeMemberBinder binder, Object[] args, IEnumerable`1 findExtensionMethodsOnTypes)
 2017-01-05 19:56:22,184 [P8816/D2/T260] ERROR Umbraco.Core.Dynamics.DynamicInstanceHelper - An error occurred finding and executing extension method "GetCropUrl" for type "Umbraco.Web.Models.DynamicPublishedContent". Types searched for extension methods were Umbraco.Web.Models.DynamicPublishedContent.
System.MissingMethodException: Method 'Umbraco.Web.Models.DynamicPublishedContent.GetCropUrl' not found.
   at Umbraco.Core.Dynamics.DynamicInstanceHelper.FindAndExecuteExtensionMethod[T](IRuntimeCacheProvider runtimeCache, T thisObject, Object[] args, String name, IEnumerable`1 findMethodsOnTypes)
   at Umbraco.Core.Dynamics.DynamicInstanceHelper.TryInvokeMember[T](IRuntimeCacheProvider runtimeCache, T thisObject, InvokeMemberBinder binder, Object[] args, IEnumerable`1 findExtensionMethodsOnTypes)
 2017-01-05 20:04:50,893 [P8816/D2/T266] ERROR Umbraco.Core.Dynamics.DynamicInstanceHelper - An error occurred finding and executing extension method "GetCropUrl" for type "Umbraco.Web.Models.DynamicPublishedContent". Types searched for extension methods were Umbraco.Web.Models.DynamicPublishedContent.
System.MissingMethodException: Method 'Umbraco.Web.Models.DynamicPublishedContent.GetCropUrl' not found.
   at Umbraco.Core.Dynamics.DynamicInstanceHelper.FindAndExecuteExtensionMethod[T](IRuntimeCacheProvider runtimeCache, T thisObject, Object[] args, String name, IEnumerable`1 findMethodsOnTypes)
   at Umbraco.Core.Dynamics.DynamicInstanceHelper.TryInvokeMember[T](IRuntimeCacheProvider runtimeCache, T thisObject, InvokeMemberBinder binder, Object[] args, IEnumerable`1 findExtensionMethodsOnTypes)
 2017-01-05 20:05:35,664 [P8816/D2/T263] ERROR Umbraco.Core.Dynamics.DynamicInstanceHelper - An error occurred finding and executing extension method "GetCropUrl" for type "Umbraco.Web.Models.DynamicPublishedContent". Types searched for extension methods were Umbraco.Web.Models.DynamicPublishedContent.
System.MissingMethodException: Method 'Umbraco.Web.Models.DynamicPublishedContent.GetCropUrl' not found.
   at Umbraco.Core.Dynamics.DynamicInstanceHelper.FindAndExecuteExtensionMethod[T](IRuntimeCacheProvider runtimeCache, T thisObject, Object[] args, String name, IEnumerable`1 findMethodsOnTypes)
   at Umbraco.Core.Dynamics.DynamicInstanceHelper.TryInvokeMember[T](IRuntimeCacheProvider runtimeCache, T thisObject, InvokeMemberBinder binder, Object[] args, IEnumerable`1 findExtensionMethodsOnTypes)
 2017-01-05 20:07:55,241 [P8816/D2/T268] ERROR Umbraco.Core.Dynamics.DynamicInstanceHelper - An error occurred finding and executing extension method "GetCropUrl" for type "Umbraco.Web.Models.DynamicPublishedContent". Types searched for extension methods were Umbraco.Web.Models.DynamicPublishedContent.
System.MissingMethodException: Method 'Umbraco.Web.Models.DynamicPublishedContent.GetCropUrl' not found.
   at Umbraco.Core.Dynamics.DynamicInstanceHelper.FindAndExecuteExtensionMethod[T](IRuntimeCacheProvider runtimeCache, T thisObject, Object[] args, String name, IEnumerable`1 findMethodsOnTypes)
   at Umbraco.Core.Dynamics.DynamicInstanceHelper.TryInvokeMember[T](IRuntimeCacheProvider runtimeCache, T thisObject, InvokeMemberBinder binder, Object[] args, IEnumerable`1 findExtensionMethodsOnTypes)
 2017-01-05 20:08:04,083 [P8816/D2/T259] ERROR Umbraco.Core.Dynamics.DynamicInstanceHelper - An error occurred finding and executing extension method "GetCropUrl" for type "Umbraco.Web.Models.DynamicPublishedContent". Types searched for extension methods were Umbraco.Web.Models.DynamicPublishedContent.
System.MissingMethodException: Method 'Umbraco.Web.Models.DynamicPublishedContent.GetCropUrl' not found.
   at Umbraco.Core.Dynamics.DynamicInstanceHelper.FindAndExecuteExtensionMethod[T](IRuntimeCacheProvider runtimeCache, T thisObject, Object[] args, String name, IEnumerable`1 findMethodsOnTypes)
   at Umbraco.Core.Dynamics.DynamicInstanceHelper.TryInvokeMember[T](IRuntimeCacheProvider runtimeCache, T thisObject, InvokeMemberBinder binder, Object[] args, IEnumerable`1 findExtensionMethodsOnTypes)
 2017-01-05 20:08:28,450 [P8816/D2/T267] ERROR Umbraco.Core.Dynamics.DynamicInstanceHelper - An error occurred finding and executing extension method "GetCropUrl" for type "Umbraco.Web.Models.DynamicPublishedContent". Types searched for extension methods were Umbraco.Web.Models.DynamicPublishedContent.
System.MissingMethodException: Method 'Umbraco.Web.Models.DynamicPublishedContent.GetCropUrl' not found.
   at Umbraco.Core.Dynamics.DynamicInstanceHelper.FindAndExecuteExtensionMethod[T](IRuntimeCacheProvider runtimeCache, T thisObject, Object[] args, String name, IEnumerable`1 findMethodsOnTypes)
   at Umbraco.Core.Dynamics.DynamicInstanceHelper.TryInvokeMember[T](IRuntimeCacheProvider runtimeCache, T thisObject, InvokeMemberBinder binder, Object[] args, IEnumerable`1 findExtensionMethodsOnTypes)
 2017-01-05 20:08:29,343 [P8816/D2/T231] INFO  Umbraco.Core.Publishing.PublishingStrategy - Content 'What's On' with Id '5696' has been published.
 2017-01-05 20:08:29,801 [P8816/D2/T246] ERROR Umbraco.Core.Dynamics.DynamicInstanceHelper - An error occurred finding and executing extension method "GetCropUrl" for type "Umbraco.Web.Models.DynamicPublishedContent". Types searched for extension methods were Umbraco.Web.Models.DynamicPublishedContent.
System.MissingMethodException: Method 'Umbraco.Web.Models.DynamicPublishedContent.GetCropUrl' not found.
   at Umbraco.Core.Dynamics.DynamicInstanceHelper.FindAndExecuteExtensionMethod[T](IRuntimeCacheProvider runtimeCache, T thisObject, Object[] args, String name, IEnumerable`1 findMethodsOnTypes)
   at Umbraco.Core.Dynamics.DynamicInstanceHelper.TryInvokeMember[T](IRuntimeCacheProvider runtimeCache, T thisObject, InvokeMemberBinder binder, Object[] args, IEnumerable`1 findExtensionMethodsOnTypes)
 2017-01-05 20:08:33,417 [P8816/D2/T246] INFO  umbraco.content - Save Xml to file...
 2017-01-05 20:08:33,420 [P8816/D2/T246] INFO  umbraco.content - Saved Xml to file.
 2017-01-05 20:08:37,428 [P8816/D2/T272] ERROR Umbraco.Core.Dynamics.DynamicInstanceHelper - An error occurred finding and executing extension method "GetCropUrl" for type "Umbraco.Web.Models.DynamicPublishedContent". Types searched for extension methods were Umbraco.Web.Models.DynamicPublishedContent.
System.MissingMethodException: Method 'Umbraco.Web.Models.DynamicPublishedContent.GetCropUrl' not found.
   at Umbraco.Core.Dynamics.DynamicInstanceHelper.FindAndExecuteExtensionMethod[T](IRuntimeCacheProvider runtimeCache, T thisObject, Object[] args, String name, IEnumerable`1 findMethodsOnTypes)
   at Umbraco.Core.Dynamics.DynamicInstanceHelper.TryInvokeMember[T](IRuntimeCacheProvider runtimeCache, T thisObject, InvokeMemberBinder binder, Object[] args, IEnumerable`1 findExtensionMethodsOnTypes)
 2017-01-05 20:18:42,906 [P8816/D2/T268] WARN  umbraco.macro - Error loading partial view macro (View: ~/Views/MacroPartials/EXHIBITIONS_PAST.cshtml). Exception: System.InvalidOperationException: Cannot return the IPublishedContent because the UmbracoHelper was constructed with an UmbracoContext and the current request is not a front-end request.
   at Umbraco.Web.UmbracoHelper.get_AssignedContentItem()
   at Umbraco.Web.UmbracoHelper.Field(String fieldAlias, String altFieldAlias, String altText, String insertBefore, String insertAfter, Boolean recursive, Boolean convertLineBreaks, Boolean removeParagraphTags, RenderFieldCaseType casing, RenderFieldEncodingType encoding, Boolean formatAsDate, Boolean formatAsDateWithTime, String formatAsDateWithTimeSeparator)
   at ASP._Page_Views_MacroPartials_EXHIBITIONS_PAST_cshtml.Execute() in c:\queengallery\queengallery\Views\MacroPartials\EXHIBITIONS_PAST.cshtml:line 325
   at System.Web.WebPages.WebPageBase.ExecutePageHierarchy()
   at System.Web.Mvc.WebViewPage.ExecutePageHierarchy()
   at System.Web.WebPages.WebPageBase.ExecutePageHierarchy(WebPageContext pageContext, TextWriter writer, WebPageRenderingBase startPage)
   at System.Web.Mvc.RazorView.RenderView(ViewContext viewContext, TextWriter writer, Object instance)
   at System.Web.Mvc.BuildManagerCompiledView.Render(ViewContext viewContext, TextWriter writer)
   at Umbraco.Core.Profiling.ProfilingView.Render(ViewContext viewContext, TextWriter writer)
   at Umbraco.Web.Mvc.ControllerExtensions.RenderViewResultAsString(ControllerBase controller, ViewResultBase viewResult)
   at Umbraco.Web.Macros.PartialViewMacroEngine.Execute(MacroModel macro, IPublishedContent content)
   at Umbraco.Web.Macros.PartialViewMacroEngine.Execute(MacroModel macro, INode node)
   at umbraco.macro.LoadPartialViewMacro(MacroModel macro)
   at umbraco.macro.renderMacro(Hashtable pageElements, Int32 pageId)
 2017-01-05 20:18:42,906 [P8816/D2/T268] WARN  umbraco.macro - Error loading Partial View (file: ~/Views/MacroPartials/EXHIBITIONS_PAST.cshtml). Exception: System.InvalidOperationException: Cannot return the IPublishedContent because the UmbracoHelper was constructed with an UmbracoContext and the current request is not a front-end request.
   at Umbraco.Web.UmbracoHelper.get_AssignedContentItem()
   at Umbraco.Web.UmbracoHelper.Field(String fieldAlias, String altFieldAlias, String altText, String insertBefore, String insertAfter, Boolean recursive, Boolean convertLineBreaks, Boolean removeParagraphTags, RenderFieldCaseType casing, RenderFieldEncodingType encoding, Boolean formatAsDate, Boolean formatAsDateWithTime, String formatAsDateWithTimeSeparator)
   at ASP._Page_Views_MacroPartials_EXHIBITIONS_PAST_cshtml.Execute() in c:\queengallery\queengallery\Views\MacroPartials\EXHIBITIONS_PAST.cshtml:line 325
   at System.Web.WebPages.WebPageBase.ExecutePageHierarchy()
   at System.Web.Mvc.WebViewPage.ExecutePageHierarchy()
   at System.Web.WebPages.WebPageBase.ExecutePageHierarchy(WebPageContext pageContext, TextWriter writer, WebPageRenderingBase startPage)
   at System.Web.Mvc.RazorView.RenderView(ViewContext viewContext, TextWriter writer, Object instance)
   at System.Web.Mvc.BuildManagerCompiledView.Render(ViewContext viewContext, TextWriter writer)
   at Umbraco.Core.Profiling.ProfilingView.Render(ViewContext viewContext, TextWriter writer)
   at Umbraco.Web.Mvc.ControllerExtensions.RenderViewResultAsString(ControllerBase controller, ViewResultBase viewResult)
   at Umbraco.Web.Macros.PartialViewMacroEngine.Execute(MacroModel macro, IPublishedContent content)
   at Umbraco.Web.Macros.PartialViewMacroEngine.Execute(MacroModel macro, INode node)
   at umbraco.macro.LoadPartialViewMacro(MacroModel macro)
   at umbraco.macro.renderMacro(Hashtable pageElements, Int32 pageId)
 2017-01-05 20:19:02,597 [P8816/D2/T257] WARN  umbraco.macro - Error loading partial view macro (View: ~/Views/MacroPartials/EXHIBITIONS_ARTIST_RELATE.cshtml). Exception: Expression expected (at index 0)
 2017-01-05 20:19:02,597 [P8816/D2/T257] WARN  umbraco.macro - Error loading Partial View (file: ~/Views/MacroPartials/EXHIBITIONS_ARTIST_RELATE.cshtml). Exception: Expression expected (at index 0)
 2017-01-05 20:24:13,716 [P8816/D2/T271] ERROR Umbraco.Core.Dynamics.DynamicInstanceHelper - An error occurred finding and executing extension method "GetCropUrl" for type "Umbraco.Web.Models.DynamicPublishedContent". Types searched for extension methods were Umbraco.Web.Models.DynamicPublishedContent.
System.MissingMethodException: Method 'Umbraco.Web.Models.DynamicPublishedContent.GetCropUrl' not found.
   at Umbraco.Core.Dynamics.DynamicInstanceHelper.FindAndExecuteExtensionMethod[T](IRuntimeCacheProvider runtimeCache, T thisObject, Object[] args, String name, IEnumerable`1 findMethodsOnTypes)
   at Umbraco.Core.Dynamics.DynamicInstanceHelper.TryInvokeMember[T](IRuntimeCacheProvider runtimeCache, T thisObject, InvokeMemberBinder binder, Object[] args, IEnumerable`1 findExtensionMethodsOnTypes)
 2017-01-05 20:24:33,203 [P8816/D2/T251] ERROR Umbraco.Core.Dynamics.DynamicInstanceHelper - An error occurred finding and executing extension method "GetCropUrl" for type "Umbraco.Web.Models.DynamicPublishedContent". Types searched for extension methods were Umbraco.Web.Models.DynamicPublishedContent.
System.MissingMethodException: Method 'Umbraco.Web.Models.DynamicPublishedContent.GetCropUrl' not found.
   at Umbraco.Core.Dynamics.DynamicInstanceHelper.FindAndExecuteExtensionMethod[T](IRuntimeCacheProvider runtimeCache, T thisObject, Object[] args, String name, IEnumerable`1 findMethodsOnTypes)
   at Umbraco.Core.Dynamics.DynamicInstanceHelper.TryInvokeMember[T](IRuntimeCacheProvider runtimeCache, T thisObject, InvokeMemberBinder binder, Object[] args, IEnumerable`1 findExtensionMethodsOnTypes)
 2017-01-05 20:24:38,178 [P8816/D2/T269] ERROR Umbraco.Core.Dynamics.DynamicInstanceHelper - An error occurred finding and executing extension method "GetCropUrl" for type "Umbraco.Web.Models.DynamicPublishedContent". Types searched for extension methods were Umbraco.Web.Models.DynamicPublishedContent.
System.MissingMethodException: Method 'Umbraco.Web.Models.DynamicPublishedContent.GetCropUrl' not found.
   at Umbraco.Core.Dynamics.DynamicInstanceHelper.FindAndExecuteExtensionMethod[T](IRuntimeCacheProvider runtimeCache, T thisObject, Object[] args, String name, IEnumerable`1 findMethodsOnTypes)
   at Umbraco.Core.Dynamics.DynamicInstanceHelper.TryInvokeMember[T](IRuntimeCacheProvider runtimeCache, T thisObject, InvokeMemberBinder binder, Object[] args, IEnumerable`1 findExtensionMethodsOnTypes)
 2017-01-05 20:24:47,769 [P8816/D2/T270] ERROR Umbraco.Core.Dynamics.DynamicInstanceHelper - An error occurred finding and executing extension method "GetCropUrl" for type "Umbraco.Web.Models.DynamicPublishedContent". Types searched for extension methods were Umbraco.Web.Models.DynamicPublishedContent.
System.MissingMethodException: Method 'Umbraco.Web.Models.DynamicPublishedContent.GetCropUrl' not found.
   at Umbraco.Core.Dynamics.DynamicInstanceHelper.FindAndExecuteExtensionMethod[T](IRuntimeCacheProvider runtimeCache, T thisObject, Object[] args, String name, IEnumerable`1 findMethodsOnTypes)
   at Umbraco.Core.Dynamics.DynamicInstanceHelper.TryInvokeMember[T](IRuntimeCacheProvider runtimeCache, T thisObject, InvokeMemberBinder binder, Object[] args, IEnumerable`1 findExtensionMethodsOnTypes)
 2017-01-05 20:31:11,988 [P8816/D2/T275] WARN  umbraco.macro - Error loading partial view macro (View: ~/Views/MacroPartials/EXHIBITIONS_ARTIST_RELATE.cshtml). Exception: System.Web.HttpCompileException (0x80004005): c:\queengallery\queengallery\Views\MacroPartials\EXHIBITIONS_ARTIST_RELATE.cshtml(43): error CS0103: The name 'nodeLang' does not exist in the current context
   at System.Web.Compilation.AssemblyBuilder.Compile()
   at System.Web.Compilation.BuildProvidersCompiler.PerformBuild()
   at System.Web.Compilation.BuildManager.CompileWebFile(VirtualPath virtualPath)
   at System.Web.Compilation.BuildManager.GetVPathBuildResultInternal(VirtualPath virtualPath, Boolean noBuild, Boolean allowCrossApp, Boolean allowBuildInPrecompile, Boolean throwIfNotFound, Boolean ensureIsUpToDate)
   at System.Web.Compilation.BuildManager.GetVPathBuildResultWithNoAssert(HttpContext context, VirtualPath virtualPath, Boolean noBuild, Boolean allowCrossApp, Boolean allowBuildInPrecompile, Boolean throwIfNotFound, Boolean ensureIsUpToDate)
   at System.Web.Compilation.BuildManager.GetVirtualPathObjectFactory(VirtualPath virtualPath, HttpContext context, Boolean allowCrossApp, Boolean throwIfNotFound)
   at System.Web.Compilation.BuildManager.GetCompiledType(VirtualPath virtualPath)
   at System.Web.Compilation.BuildManager.GetCompiledType(String virtualPath)
   at System.Web.Mvc.BuildManagerWrapper.System.Web.Mvc.IBuildManager.GetCompiledType(String virtualPath)
   at System.Web.Mvc.BuildManagerCompiledView.Render(ViewContext viewContext, TextWriter writer)
   at Umbraco.Core.Profiling.ProfilingView.Render(ViewContext viewContext, TextWriter writer)
   at Umbraco.Web.Mvc.ControllerExtensions.RenderViewResultAsString(ControllerBase controller, ViewResultBase viewResult)
   at Umbraco.Web.Macros.PartialViewMacroEngine.Execute(MacroModel macro, IPublishedContent content)
   at Umbraco.Web.Macros.PartialViewMacroEngine.Execute(MacroModel macro, INode node)
   at umbraco.macro.LoadPartialViewMacro(MacroModel macro)
   at umbraco.macro.renderMacro(Hashtable pageElements, Int32 pageId)
 2017-01-05 20:31:11,988 [P8816/D2/T275] WARN  umbraco.macro - Error loading Partial View (file: ~/Views/MacroPartials/EXHIBITIONS_ARTIST_RELATE.cshtml). Exception: System.Web.HttpCompileException (0x80004005): c:\queengallery\queengallery\Views\MacroPartials\EXHIBITIONS_ARTIST_RELATE.cshtml(43): error CS0103: The name 'nodeLang' does not exist in the current context
   at System.Web.Compilation.AssemblyBuilder.Compile()
   at System.Web.Compilation.BuildProvidersCompiler.PerformBuild()
   at System.Web.Compilation.BuildManager.CompileWebFile(VirtualPath virtualPath)
   at System.Web.Compilation.BuildManager.GetVPathBuildResultInternal(VirtualPath virtualPath, Boolean noBuild, Boolean allowCrossApp, Boolean allowBuildInPrecompile, Boolean throwIfNotFound, Boolean ensureIsUpToDate)
   at System.Web.Compilation.BuildManager.GetVPathBuildResultWithNoAssert(HttpContext context, VirtualPath virtualPath, Boolean noBuild, Boolean allowCrossApp, Boolean allowBuildInPrecompile, Boolean throwIfNotFound, Boolean ensureIsUpToDate)
   at System.Web.Compilation.BuildManager.GetVirtualPathObjectFactory(VirtualPath virtualPath, HttpContext context, Boolean allowCrossApp, Boolean throwIfNotFound)
   at System.Web.Compilation.BuildManager.GetCompiledType(VirtualPath virtualPath)
   at System.Web.Compilation.BuildManager.GetCompiledType(String virtualPath)
   at System.Web.Mvc.BuildManagerWrapper.System.Web.Mvc.IBuildManager.GetCompiledType(String virtualPath)
   at System.Web.Mvc.BuildManagerCompiledView.Render(ViewContext viewContext, TextWriter writer)
   at Umbraco.Core.Profiling.ProfilingView.Render(ViewContext viewContext, TextWriter writer)
   at Umbraco.Web.Mvc.ControllerExtensions.RenderViewResultAsString(ControllerBase controller, ViewResultBase viewResult)
   at Umbraco.Web.Macros.PartialViewMacroEngine.Execute(MacroModel macro, IPublishedContent content)
   at Umbraco.Web.Macros.PartialViewMacroEngine.Execute(MacroModel macro, INode node)
   at umbraco.macro.LoadPartialViewMacro(MacroModel macro)
   at umbraco.macro.renderMacro(Hashtable pageElements, Int32 pageId)
 2017-01-05 20:31:11,989 [P8816/D2/T275] WARN  Umbraco.Core.Services.LocalizedTextService - The culture specified th-TH was not found in any configured sources for this service
 2017-01-05 20:32:14,838 [P8816/D2/T250] WARN  umbraco.macro - Error loading partial view macro (View: ~/Views/MacroPartials/EXHIBITIONS_ARTIST_RELATE.cshtml). Exception: System.Web.HttpCompileException (0x80004005): c:\queengallery\queengallery\Views\MacroPartials\EXHIBITIONS_ARTIST_RELATE.cshtml(48): error CS0117: 'umbraco.item' does not contain a definition for 'nameTh'
   at System.Web.Compilation.AssemblyBuilder.Compile()
   at System.Web.Compilation.BuildProvidersCompiler.PerformBuild()
   at System.Web.Compilation.BuildManager.CompileWebFile(VirtualPath virtualPath)
   at System.Web.Compilation.BuildManager.GetVPathBuildResultInternal(VirtualPath virtualPath, Boolean noBuild, Boolean allowCrossApp, Boolean allowBuildInPrecompile, Boolean throwIfNotFound, Boolean ensureIsUpToDate)
   at System.Web.Compilation.BuildManager.GetVPathBuildResultWithNoAssert(HttpContext context, VirtualPath virtualPath, Boolean noBuild, Boolean allowCrossApp, Boolean allowBuildInPrecompile, Boolean throwIfNotFound, Boolean ensureIsUpToDate)
   at System.Web.Compilation.BuildManager.GetVirtualPathObjectFactory(VirtualPath virtualPath, HttpContext context, Boolean allowCrossApp, Boolean throwIfNotFound)
   at System.Web.Compilation.BuildManager.GetCompiledType(VirtualPath virtualPath)
   at System.Web.Compilation.BuildManager.GetCompiledType(String virtualPath)
   at System.Web.Mvc.BuildManagerWrapper.System.Web.Mvc.IBuildManager.GetCompiledType(String virtualPath)
   at System.Web.Mvc.BuildManagerCompiledView.Render(ViewContext viewContext, TextWriter writer)
   at Umbraco.Core.Profiling.ProfilingView.Render(ViewContext viewContext, TextWriter writer)
   at Umbraco.Web.Mvc.ControllerExtensions.RenderViewResultAsString(ControllerBase controller, ViewResultBase viewResult)
   at Umbraco.Web.Macros.PartialViewMacroEngine.Execute(MacroModel macro, IPublishedContent content)
   at Umbraco.Web.Macros.PartialViewMacroEngine.Execute(MacroModel macro, INode node)
   at umbraco.macro.LoadPartialViewMacro(MacroModel macro)
   at umbraco.macro.renderMacro(Hashtable pageElements, Int32 pageId)
 2017-01-05 20:32:14,838 [P8816/D2/T250] WARN  umbraco.macro - Error loading Partial View (file: ~/Views/MacroPartials/EXHIBITIONS_ARTIST_RELATE.cshtml). Exception: System.Web.HttpCompileException (0x80004005): c:\queengallery\queengallery\Views\MacroPartials\EXHIBITIONS_ARTIST_RELATE.cshtml(48): error CS0117: 'umbraco.item' does not contain a definition for 'nameTh'
   at System.Web.Compilation.AssemblyBuilder.Compile()
   at System.Web.Compilation.BuildProvidersCompiler.PerformBuild()
   at System.Web.Compilation.BuildManager.CompileWebFile(VirtualPath virtualPath)
   at System.Web.Compilation.BuildManager.GetVPathBuildResultInternal(VirtualPath virtualPath, Boolean noBuild, Boolean allowCrossApp, Boolean allowBuildInPrecompile, Boolean throwIfNotFound, Boolean ensureIsUpToDate)
   at System.Web.Compilation.BuildManager.GetVPathBuildResultWithNoAssert(HttpContext context, VirtualPath virtualPath, Boolean noBuild, Boolean allowCrossApp, Boolean allowBuildInPrecompile, Boolean throwIfNotFound, Boolean ensureIsUpToDate)
   at System.Web.Compilation.BuildManager.GetVirtualPathObjectFactory(VirtualPath virtualPath, HttpContext context, Boolean allowCrossApp, Boolean throwIfNotFound)
   at System.Web.Compilation.BuildManager.GetCompiledType(VirtualPath virtualPath)
   at System.Web.Compilation.BuildManager.GetCompiledType(String virtualPath)
   at System.Web.Mvc.BuildManagerWrapper.System.Web.Mvc.IBuildManager.GetCompiledType(String virtualPath)
   at System.Web.Mvc.BuildManagerCompiledView.Render(ViewContext viewContext, TextWriter writer)
   at Umbraco.Core.Profiling.ProfilingView.Render(ViewContext viewContext, TextWriter writer)
   at Umbraco.Web.Mvc.ControllerExtensions.RenderViewResultAsString(ControllerBase controller, ViewResultBase viewResult)
   at Umbraco.Web.Macros.PartialViewMacroEngine.Execute(MacroModel macro, IPublishedContent content)
   at Umbraco.Web.Macros.PartialViewMacroEngine.Execute(MacroModel macro, INode node)
   at umbraco.macro.LoadPartialViewMacro(MacroModel macro)
   at umbraco.macro.renderMacro(Hashtable pageElements, Int32 pageId)
 2017-01-05 20:32:14,838 [P8816/D2/T250] WARN  Umbraco.Core.Services.LocalizedTextService - The culture specified th-TH was not found in any configured sources for this service
 2017-01-05 20:33:58,823 [P8816/D2/T265] WARN  umbraco.macro - Error loading partial view macro (View: ~/Views/MacroPartials/EXHIBITIONS_ARTIST_RELATE.cshtml). Exception: System.Web.HttpCompileException (0x80004005): c:\queengallery\queengallery\Views\MacroPartials\EXHIBITIONS_ARTIST_RELATE.cshtml(48): error CS0117: 'umbraco.item' does not contain a definition for 'NameTh'
   at System.Web.Compilation.AssemblyBuilder.Compile()
   at System.Web.Compilation.BuildProvidersCompiler.PerformBuild()
   at System.Web.Compilation.BuildManager.CompileWebFile(VirtualPath virtualPath)
   at System.Web.Compilation.BuildManager.GetVPathBuildResultInternal(VirtualPath virtualPath, Boolean noBuild, Boolean allowCrossApp, Boolean allowBuildInPrecompile, Boolean throwIfNotFound, Boolean ensureIsUpToDate)
   at System.Web.Compilation.BuildManager.GetVPathBuildResultWithNoAssert(HttpContext context, VirtualPath virtualPath, Boolean noBuild, Boolean allowCrossApp, Boolean allowBuildInPrecompile, Boolean throwIfNotFound, Boolean ensureIsUpToDate)
   at System.Web.Compilation.BuildManager.GetVirtualPathObjectFactory(VirtualPath virtualPath, HttpContext context, Boolean allowCrossApp, Boolean throwIfNotFound)
   at System.Web.Compilation.BuildManager.GetCompiledType(VirtualPath virtualPath)
   at System.Web.Compilation.BuildManager.GetCompiledType(String virtualPath)
   at System.Web.Mvc.BuildManagerWrapper.System.Web.Mvc.IBuildManager.GetCompiledType(String virtualPath)
   at System.Web.Mvc.BuildManagerCompiledView.Render(ViewContext viewContext, TextWriter writer)
   at Umbraco.Core.Profiling.ProfilingView.Render(ViewContext viewContext, TextWriter writer)
   at Umbraco.Web.Mvc.ControllerExtensions.RenderViewResultAsString(ControllerBase controller, ViewResultBase viewResult)
   at Umbraco.Web.Macros.PartialViewMacroEngine.Execute(MacroModel macro, IPublishedContent content)
   at Umbraco.Web.Macros.PartialViewMacroEngine.Execute(MacroModel macro, INode node)
   at umbraco.macro.LoadPartialViewMacro(MacroModel macro)
   at umbraco.macro.renderMacro(Hashtable pageElements, Int32 pageId)
 2017-01-05 20:33:58,823 [P8816/D2/T265] WARN  umbraco.macro - Error loading Partial View (file: ~/Views/MacroPartials/EXHIBITIONS_ARTIST_RELATE.cshtml). Exception: System.Web.HttpCompileException (0x80004005): c:\queengallery\queengallery\Views\MacroPartials\EXHIBITIONS_ARTIST_RELATE.cshtml(48): error CS0117: 'umbraco.item' does not contain a definition for 'NameTh'
   at System.Web.Compilation.AssemblyBuilder.Compile()
   at System.Web.Compilation.BuildProvidersCompiler.PerformBuild()
   at System.Web.Compilation.BuildManager.CompileWebFile(VirtualPath virtualPath)
   at System.Web.Compilation.BuildManager.GetVPathBuildResultInternal(VirtualPath virtualPath, Boolean noBuild, Boolean allowCrossApp, Boolean allowBuildInPrecompile, Boolean throwIfNotFound, Boolean ensureIsUpToDate)
   at System.Web.Compilation.BuildManager.GetVPathBuildResultWithNoAssert(HttpContext context, VirtualPath virtualPath, Boolean noBuild, Boolean allowCrossApp, Boolean allowBuildInPrecompile, Boolean throwIfNotFound, Boolean ensureIsUpToDate)
   at System.Web.Compilation.BuildManager.GetVirtualPathObjectFactory(VirtualPath virtualPath, HttpContext context, Boolean allowCrossApp, Boolean throwIfNotFound)
   at System.Web.Compilation.BuildManager.GetCompiledType(VirtualPath virtualPath)
   at System.Web.Compilation.BuildManager.GetCompiledType(String virtualPath)
   at System.Web.Mvc.BuildManagerWrapper.System.Web.Mvc.IBuildManager.GetCompiledType(String virtualPath)
   at System.Web.Mvc.BuildManagerCompiledView.Render(ViewContext viewContext, TextWriter writer)
   at Umbraco.Core.Profiling.ProfilingView.Render(ViewContext viewContext, TextWriter writer)
   at Umbraco.Web.Mvc.ControllerExtensions.RenderViewResultAsString(ControllerBase controller, ViewResultBase viewResult)
   at Umbraco.Web.Macros.PartialViewMacroEngine.Execute(MacroModel macro, IPublishedContent content)
   at Umbraco.Web.Macros.PartialViewMacroEngine.Execute(MacroModel macro, INode node)
   at umbraco.macro.LoadPartialViewMacro(MacroModel macro)
   at umbraco.macro.renderMacro(Hashtable pageElements, Int32 pageId)
 2017-01-05 20:33:58,823 [P8816/D2/T265] WARN  Umbraco.Core.Services.LocalizedTextService - The culture specified th-TH was not found in any configured sources for this service
 2017-01-05 20:35:20,454 [P8816/D2/T266] ERROR Umbraco.Core.Dynamics.DynamicInstanceHelper - An error occurred finding and executing extension method "GetCropUrl" for type "Umbraco.Web.Models.DynamicPublishedContent". Types searched for extension methods were Umbraco.Web.Models.DynamicPublishedContent.
System.MissingMethodException: Method 'Umbraco.Web.Models.DynamicPublishedContent.GetCropUrl' not found.
   at Umbraco.Core.Dynamics.DynamicInstanceHelper.FindAndExecuteExtensionMethod[T](IRuntimeCacheProvider runtimeCache, T thisObject, Object[] args, String name, IEnumerable`1 findMethodsOnTypes)
   at Umbraco.Core.Dynamics.DynamicInstanceHelper.TryInvokeMember[T](IRuntimeCacheProvider runtimeCache, T thisObject, InvokeMemberBinder binder, Object[] args, IEnumerable`1 findExtensionMethodsOnTypes)
 2017-01-05 20:35:24,537 [P8816/D2/T234] ERROR Umbraco.Core.Dynamics.DynamicInstanceHelper - An error occurred finding and executing extension method "GetCropUrl" for type "Umbraco.Web.Models.DynamicPublishedContent". Types searched for extension methods were Umbraco.Web.Models.DynamicPublishedContent.
System.MissingMethodException: Method 'Umbraco.Web.Models.DynamicPublishedContent.GetCropUrl' not found.
   at Umbraco.Core.Dynamics.DynamicInstanceHelper.FindAndExecuteExtensionMethod[T](IRuntimeCacheProvider runtimeCache, T thisObject, Object[] args, String name, IEnumerable`1 findMethodsOnTypes)
   at Umbraco.Core.Dynamics.DynamicInstanceHelper.TryInvokeMember[T](IRuntimeCacheProvider runtimeCache, T thisObject, InvokeMemberBinder binder, Object[] args, IEnumerable`1 findExtensionMethodsOnTypes)
 2017-01-05 20:35:27,010 [P8816/D2/T251] ERROR Umbraco.Core.Dynamics.DynamicInstanceHelper - An error occurred finding and executing extension method "GetCropUrl" for type "Umbraco.Web.Models.DynamicPublishedContent". Types searched for extension methods were Umbraco.Web.Models.DynamicPublishedContent.
System.MissingMethodException: Method 'Umbraco.Web.Models.DynamicPublishedContent.GetCropUrl' not found.
   at Umbraco.Core.Dynamics.DynamicInstanceHelper.FindAndExecuteExtensionMethod[T](IRuntimeCacheProvider runtimeCache, T thisObject, Object[] args, String name, IEnumerable`1 findMethodsOnTypes)
   at Umbraco.Core.Dynamics.DynamicInstanceHelper.TryInvokeMember[T](IRuntimeCacheProvider runtimeCache, T thisObject, InvokeMemberBinder binder, Object[] args, IEnumerable`1 findExtensionMethodsOnTypes)
 2017-01-05 20:35:45,807 [P8816/D2/T259] WARN  Umbraco.Web.PropertyEditors.ImageCropperPropertyValueEditor - Could not parse current db value to a JObject. Exception: Newtonsoft.Json.JsonReaderException: Error parsing comment. Expected: *, got m. Path '', line 1, position 1.
   at Newtonsoft.Json.JsonTextReader.ParseComment()
   at Newtonsoft.Json.JsonTextReader.ParseValue()
   at Newtonsoft.Json.JsonTextReader.ReadInternal()
   at Newtonsoft.Json.JsonTextReader.Read()
   at Newtonsoft.Json.Linq.JObject.Load(JsonReader reader)
   at Newtonsoft.Json.Linq.JObject.Parse(String json)
   at Umbraco.Web.PropertyEditors.ImageCropperPropertyValueEditor.ConvertEditorToDb(ContentPropertyData editorValue, Object currentValue)
 2017-01-05 20:35:48,808 [P8816/D2/T255] ERROR Umbraco.Core.Dynamics.DynamicInstanceHelper - An error occurred finding and executing extension method "GetCropUrl" for type "Umbraco.Web.Models.DynamicPublishedContent". Types searched for extension methods were Umbraco.Web.Models.DynamicPublishedContent.
System.MissingMethodException: Method 'Umbraco.Web.Models.DynamicPublishedContent.GetCropUrl' not found.
   at Umbraco.Core.Dynamics.DynamicInstanceHelper.FindAndExecuteExtensionMethod[T](IRuntimeCacheProvider runtimeCache, T thisObject, Object[] args, String name, IEnumerable`1 findMethodsOnTypes)
   at Umbraco.Core.Dynamics.DynamicInstanceHelper.TryInvokeMember[T](IRuntimeCacheProvider runtimeCache, T thisObject, InvokeMemberBinder binder, Object[] args, IEnumerable`1 findExtensionMethodsOnTypes)
 2017-01-05 20:35:52,400 [P8816/D2/T225] ERROR Umbraco.Core.Dynamics.DynamicInstanceHelper - An error occurred finding and executing extension method "GetCropUrl" for type "Umbraco.Web.Models.DynamicPublishedContent". Types searched for extension methods were Umbraco.Web.Models.DynamicPublishedContent.
System.MissingMethodException: Method 'Umbraco.Web.Models.DynamicPublishedContent.GetCropUrl' not found.
   at Umbraco.Core.Dynamics.DynamicInstanceHelper.FindAndExecuteExtensionMethod[T](IRuntimeCacheProvider runtimeCache, T thisObject, Object[] args, String name, IEnumerable`1 findMethodsOnTypes)
   at Umbraco.Core.Dynamics.DynamicInstanceHelper.TryInvokeMember[T](IRuntimeCacheProvider runtimeCache, T thisObject, InvokeMemberBinder binder, Object[] args, IEnumerable`1 findExtensionMethodsOnTypes)
 2017-01-05 20:35:54,909 [P8816/D2/T272] ERROR Umbraco.Core.Dynamics.DynamicInstanceHelper - An error occurred finding and executing extension method "GetCropUrl" for type "Umbraco.Web.Models.DynamicPublishedContent". Types searched for extension methods were Umbraco.Web.Models.DynamicPublishedContent.
System.MissingMethodException: Method 'Umbraco.Web.Models.DynamicPublishedContent.GetCropUrl' not found.
   at Umbraco.Core.Dynamics.DynamicInstanceHelper.FindAndExecuteExtensionMethod[T](IRuntimeCacheProvider runtimeCache, T thisObject, Object[] args, String name, IEnumerable`1 findMethodsOnTypes)
   at Umbraco.Core.Dynamics.DynamicInstanceHelper.TryInvokeMember[T](IRuntimeCacheProvider runtimeCache, T thisObject, InvokeMemberBinder binder, Object[] args, IEnumerable`1 findExtensionMethodsOnTypes)
 2017-01-05 20:50:14,632 [P8816/D2/T217] ERROR Umbraco.Core.Dynamics.DynamicInstanceHelper - An error occurred finding and executing extension method "GetCropUrl" for type "Umbraco.Web.Models.DynamicPublishedContent". Types searched for extension methods were Umbraco.Web.Models.DynamicPublishedContent.
System.MissingMethodException: Method 'Umbraco.Web.Models.DynamicPublishedContent.GetCropUrl' not found.
   at Umbraco.Core.Dynamics.DynamicInstanceHelper.FindAndExecuteExtensionMethod[T](IRuntimeCacheProvider runtimeCache, T thisObject, Object[] args, String name, IEnumerable`1 findMethodsOnTypes)
   at Umbraco.Core.Dynamics.DynamicInstanceHelper.TryInvokeMember[T](IRuntimeCacheProvider runtimeCache, T thisObject, InvokeMemberBinder binder, Object[] args, IEnumerable`1 findExtensionMethodsOnTypes)
 2017-01-05 20:50:18,685 [P8816/D2/T259] ERROR Umbraco.Core.Dynamics.DynamicInstanceHelper - An error occurred finding and executing extension method "GetCropUrl" for type "Umbraco.Web.Models.DynamicPublishedContent". Types searched for extension methods were Umbraco.Web.Models.DynamicPublishedContent.
System.MissingMethodException: Method 'Umbraco.Web.Models.DynamicPublishedContent.GetCropUrl' not found.
   at Umbraco.Core.Dynamics.DynamicInstanceHelper.FindAndExecuteExtensionMethod[T](IRuntimeCacheProvider runtimeCache, T thisObject, Object[] args, String name, IEnumerable`1 findMethodsOnTypes)
   at Umbraco.Core.Dynamics.DynamicInstanceHelper.TryInvokeMember[T](IRuntimeCacheProvider runtimeCache, T thisObject, InvokeMemberBinder binder, Object[] args, IEnumerable`1 findExtensionMethodsOnTypes)
 2017-01-05 20:50:26,800 [P8816/D2/T231] ERROR Umbraco.Core.Dynamics.DynamicInstanceHelper - An error occurred finding and executing extension method "GetCropUrl" for type "Umbraco.Web.Models.DynamicPublishedContent". Types searched for extension methods were Umbraco.Web.Models.DynamicPublishedContent.
System.MissingMethodException: Method 'Umbraco.Web.Models.DynamicPublishedContent.GetCropUrl' not found.
   at Umbraco.Core.Dynamics.DynamicInstanceHelper.FindAndExecuteExtensionMethod[T](IRuntimeCacheProvider runtimeCache, T thisObject, Object[] args, String name, IEnumerable`1 findMethodsOnTypes)
   at Umbraco.Core.Dynamics.DynamicInstanceHelper.TryInvokeMember[T](IRuntimeCacheProvider runtimeCache, T thisObject, InvokeMemberBinder binder, Object[] args, IEnumerable`1 findExtensionMethodsOnTypes)
 2017-01-05 20:51:30,942 [P8816/D2/T255] INFO  Umbraco.Core.Publishing.PublishingStrategy - Content 'EXHIBITION' with Id '5644' has been published.
 2017-01-05 20:51:34,296 [P8816/D2/T224] WARN  umbraco.macro - Error loading partial view macro (View: ~/Views/MacroPartials/EXHIBITIONS_ARTIST_RELATE.cshtml). Exception: Expression expected (at index 0)
 2017-01-05 20:51:34,297 [P8816/D2/T224] WARN  umbraco.macro - Error loading Partial View (file: ~/Views/MacroPartials/EXHIBITIONS_ARTIST_RELATE.cshtml). Exception: Expression expected (at index 0)
 2017-01-05 20:51:34,966 [P8816/D2/T268] INFO  umbraco.content - Save Xml to file...
 2017-01-05 20:51:34,970 [P8816/D2/T268] INFO  umbraco.content - Saved Xml to file.
 2017-01-05 20:51:49,287 [P8816/D2/T267] INFO  Umbraco.Core.Publishing.PublishingStrategy - Content 'ARTIST' with Id '5653' has been published.
 2017-01-05 20:51:49,654 [P8816/D2/T266] WARN  umbraco.macro - Error loading partial view macro (View: ~/Views/MacroPartials/EXHIBITIONS_ARTIST_RELATE.cshtml). Exception: Expression expected (at index 0)
 2017-01-05 20:51:49,655 [P8816/D2/T266] WARN  umbraco.macro - Error loading Partial View (file: ~/Views/MacroPartials/EXHIBITIONS_ARTIST_RELATE.cshtml). Exception: Expression expected (at index 0)
 2017-01-05 20:51:53,311 [P8816/D2/T259] INFO  umbraco.content - Save Xml to file...
 2017-01-05 20:51:53,315 [P8816/D2/T259] INFO  umbraco.content - Saved Xml to file.
 2017-01-05 20:53:07,688 [P8816/D2/T265] INFO  Umbraco.Core.Publishing.PublishingStrategy - Content 'EXHIBITION' with Id '5703' has been published.
 2017-01-05 20:53:11,723 [P8816/D2/T250] INFO  umbraco.content - Save Xml to file...
 2017-01-05 20:53:11,727 [P8816/D2/T250] INFO  umbraco.content - Saved Xml to file.
 2017-01-05 20:53:22,309 [P8816/D2/T269] INFO  Umbraco.Core.Publishing.PublishingStrategy - Content 'EXHIBITION' with Id '5703' has been published.
 2017-01-05 20:53:26,296 [P8816/D2/T225] ERROR Umbraco.Core.Dynamics.DynamicInstanceHelper - An error occurred finding and executing extension method "GetCropUrl" for type "Umbraco.Web.Models.DynamicPublishedContent". Types searched for extension methods were Umbraco.Web.Models.DynamicPublishedContent.
System.MissingMethodException: Method 'Umbraco.Web.Models.DynamicPublishedContent.GetCropUrl' not found.
   at Umbraco.Core.Dynamics.DynamicInstanceHelper.FindAndExecuteExtensionMethod[T](IRuntimeCacheProvider runtimeCache, T thisObject, Object[] args, String name, IEnumerable`1 findMethodsOnTypes)
   at Umbraco.Core.Dynamics.DynamicInstanceHelper.TryInvokeMember[T](IRuntimeCacheProvider runtimeCache, T thisObject, InvokeMemberBinder binder, Object[] args, IEnumerable`1 findExtensionMethodsOnTypes)
 2017-01-05 20:53:26,342 [P8816/D2/T250] INFO  umbraco.content - Save Xml to file...
 2017-01-05 20:53:26,352 [P8816/D2/T250] INFO  umbraco.content - Saved Xml to file.
 2017-01-05 20:53:40,553 [P8816/D2/T246] INFO  Umbraco.Core.Publishing.PublishingStrategy - Content 'EXHIBITION' with Id '5703' has been published.
 2017-01-05 20:53:41,805 [P8816/D2/T275] INFO  Umbraco.Core.PluginManager - Starting resolution types of Umbraco.Web.Trees.TreeController
 2017-01-05 20:53:41,805 [P8816/D2/T275] INFO  Umbraco.Core.PluginManager - Completed resolution of types of Umbraco.Web.Trees.TreeController, found 0 (took 0ms)
 2017-01-05 20:53:42,885 [P8816/D2/T260] ERROR Umbraco.Core.Dynamics.DynamicInstanceHelper - An error occurred finding and executing extension method "GetCropUrl" for type "Umbraco.Web.Models.DynamicPublishedContent". Types searched for extension methods were Umbraco.Web.Models.DynamicPublishedContent.
System.MissingMethodException: Method 'Umbraco.Web.Models.DynamicPublishedContent.GetCropUrl' not found.
   at Umbraco.Core.Dynamics.DynamicInstanceHelper.FindAndExecuteExtensionMethod[T](IRuntimeCacheProvider runtimeCache, T thisObject, Object[] args, String name, IEnumerable`1 findMethodsOnTypes)
   at Umbraco.Core.Dynamics.DynamicInstanceHelper.TryInvokeMember[T](IRuntimeCacheProvider runtimeCache, T thisObject, InvokeMemberBinder binder, Object[] args, IEnumerable`1 findExtensionMethodsOnTypes)
 2017-01-05 20:53:44,591 [P8816/D2/T246] INFO  umbraco.content - Save Xml to file...
 2017-01-05 20:53:44,596 [P8816/D2/T246] INFO  umbraco.content - Saved Xml to file.
 2017-01-05 20:53:49,219 [P8816/D2/T8] ERROR Umbraco.Core.Dynamics.DynamicInstanceHelper - An error occurred finding and executing extension method "GetCropUrl" for type "Umbraco.Web.Models.DynamicPublishedContent". Types searched for extension methods were Umbraco.Web.Models.DynamicPublishedContent.
System.MissingMethodException: Method 'Umbraco.Web.Models.DynamicPublishedContent.GetCropUrl' not found.
   at Umbraco.Core.Dynamics.DynamicInstanceHelper.FindAndExecuteExtensionMethod[T](IRuntimeCacheProvider runtimeCache, T thisObject, Object[] args, String name, IEnumerable`1 findMethodsOnTypes)
   at Umbraco.Core.Dynamics.DynamicInstanceHelper.TryInvokeMember[T](IRuntimeCacheProvider runtimeCache, T thisObject, InvokeMemberBinder binder, Object[] args, IEnumerable`1 findExtensionMethodsOnTypes)
 2017-01-05 20:54:05,220 [P8816/D2/T272] ERROR Umbraco.Core.Dynamics.DynamicInstanceHelper - An error occurred finding and executing extension method "GetCropUrl" for type "Umbraco.Web.Models.DynamicPublishedContent". Types searched for extension methods were Umbraco.Web.Models.DynamicPublishedContent.
System.MissingMethodException: Method 'Umbraco.Web.Models.DynamicPublishedContent.GetCropUrl' not found.
   at Umbraco.Core.Dynamics.DynamicInstanceHelper.FindAndExecuteExtensionMethod[T](IRuntimeCacheProvider runtimeCache, T thisObject, Object[] args, String name, IEnumerable`1 findMethodsOnTypes)
   at Umbraco.Core.Dynamics.DynamicInstanceHelper.TryInvokeMember[T](IRuntimeCacheProvider runtimeCache, T thisObject, InvokeMemberBinder binder, Object[] args, IEnumerable`1 findExtensionMethodsOnTypes)
 2017-01-05 20:55:00,972 [P8816/D2/T265] ERROR Umbraco.Core.Dynamics.DynamicInstanceHelper - An error occurred finding and executing extension method "GetCropUrl" for type "Umbraco.Web.Models.DynamicPublishedContent". Types searched for extension methods were Umbraco.Web.Models.DynamicPublishedContent.
System.MissingMethodException: Method 'Umbraco.Web.Models.DynamicPublishedContent.GetCropUrl' not found.
   at Umbraco.Core.Dynamics.DynamicInstanceHelper.FindAndExecuteExtensionMethod[T](IRuntimeCacheProvider runtimeCache, T thisObject, Object[] args, String name, IEnumerable`1 findMethodsOnTypes)
   at Umbraco.Core.Dynamics.DynamicInstanceHelper.TryInvokeMember[T](IRuntimeCacheProvider runtimeCache, T thisObject, InvokeMemberBinder binder, Object[] args, IEnumerable`1 findExtensionMethodsOnTypes)
 2017-01-05 20:55:24,610 [P8816/D2/T266] ERROR Umbraco.Core.Dynamics.DynamicInstanceHelper - An error occurred finding and executing extension method "GetCropUrl" for type "Umbraco.Web.Models.DynamicPublishedContent". Types searched for extension methods were Umbraco.Web.Models.DynamicPublishedContent.
System.MissingMethodException: Method 'Umbraco.Web.Models.DynamicPublishedContent.GetCropUrl' not found.
   at Umbraco.Core.Dynamics.DynamicInstanceHelper.FindAndExecuteExtensionMethod[T](IRuntimeCacheProvider runtimeCache, T thisObject, Object[] args, String name, IEnumerable`1 findMethodsOnTypes)
   at Umbraco.Core.Dynamics.DynamicInstanceHelper.TryInvokeMember[T](IRuntimeCacheProvider runtimeCache, T thisObject, InvokeMemberBinder binder, Object[] args, IEnumerable`1 findExtensionMethodsOnTypes)
 2017-01-05 20:58:30,423 [P8816/D2/T264] WARN  umbraco.macro - Error loading partial view macro (View: ~/Views/MacroPartials/EXHIBITIONS_ON_UPCOMING.cshtml). Exception: System.Web.HttpCompileException (0x80004005): c:\queengallery\queengallery\Views\MacroPartials\EXHIBITIONS_ON_UPCOMING.cshtml(106): error CS0103: The name 'nodeLang' does not exist in the current context
   at System.Web.Compilation.AssemblyBuilder.Compile()
   at System.Web.Compilation.BuildProvidersCompiler.PerformBuild()
   at System.Web.Compilation.BuildManager.CompileWebFile(VirtualPath virtualPath)
   at System.Web.Compilation.BuildManager.GetVPathBuildResultInternal(VirtualPath virtualPath, Boolean noBuild, Boolean allowCrossApp, Boolean allowBuildInPrecompile, Boolean throwIfNotFound, Boolean ensureIsUpToDate)
   at System.Web.Compilation.BuildManager.GetVPathBuildResultWithNoAssert(HttpContext context, VirtualPath virtualPath, Boolean noBuild, Boolean allowCrossApp, Boolean allowBuildInPrecompile, Boolean throwIfNotFound, Boolean ensureIsUpToDate)
   at System.Web.Compilation.BuildManager.GetVirtualPathObjectFactory(VirtualPath virtualPath, HttpContext context, Boolean allowCrossApp, Boolean throwIfNotFound)
   at System.Web.Compilation.BuildManager.GetCompiledType(VirtualPath virtualPath)
   at System.Web.Compilation.BuildManager.GetCompiledType(String virtualPath)
   at System.Web.Mvc.BuildManagerWrapper.System.Web.Mvc.IBuildManager.GetCompiledType(String virtualPath)
   at System.Web.Mvc.BuildManagerCompiledView.Render(ViewContext viewContext, TextWriter writer)
   at Umbraco.Core.Profiling.ProfilingView.Render(ViewContext viewContext, TextWriter writer)
   at Umbraco.Web.Mvc.ControllerExtensions.RenderViewResultAsString(ControllerBase controller, ViewResultBase viewResult)
   at Umbraco.Web.Macros.PartialViewMacroEngine.Execute(MacroModel macro, IPublishedContent content)
   at Umbraco.Web.Macros.PartialViewMacroEngine.Execute(MacroModel macro, INode node)
   at umbraco.macro.LoadPartialViewMacro(MacroModel macro)
   at umbraco.macro.renderMacro(Hashtable pageElements, Int32 pageId)
 2017-01-05 20:58:30,423 [P8816/D2/T264] WARN  umbraco.macro - Error loading Partial View (file: ~/Views/MacroPartials/EXHIBITIONS_ON_UPCOMING.cshtml). Exception: System.Web.HttpCompileException (0x80004005): c:\queengallery\queengallery\Views\MacroPartials\EXHIBITIONS_ON_UPCOMING.cshtml(106): error CS0103: The name 'nodeLang' does not exist in the current context
   at System.Web.Compilation.AssemblyBuilder.Compile()
   at System.Web.Compilation.BuildProvidersCompiler.PerformBuild()
   at System.Web.Compilation.BuildManager.CompileWebFile(VirtualPath virtualPath)
   at System.Web.Compilation.BuildManager.GetVPathBuildResultInternal(VirtualPath virtualPath, Boolean noBuild, Boolean allowCrossApp, Boolean allowBuildInPrecompile, Boolean throwIfNotFound, Boolean ensureIsUpToDate)
   at System.Web.Compilation.BuildManager.GetVPathBuildResultWithNoAssert(HttpContext context, VirtualPath virtualPath, Boolean noBuild, Boolean allowCrossApp, Boolean allowBuildInPrecompile, Boolean throwIfNotFound, Boolean ensureIsUpToDate)
   at System.Web.Compilation.BuildManager.GetVirtualPathObjectFactory(VirtualPath virtualPath, HttpContext context, Boolean allowCrossApp, Boolean throwIfNotFound)
   at System.Web.Compilation.BuildManager.GetCompiledType(VirtualPath virtualPath)
   at System.Web.Compilation.BuildManager.GetCompiledType(String virtualPath)
   at System.Web.Mvc.BuildManagerWrapper.System.Web.Mvc.IBuildManager.GetCompiledType(String virtualPath)
   at System.Web.Mvc.BuildManagerCompiledView.Render(ViewContext viewContext, TextWriter writer)
   at Umbraco.Core.Profiling.ProfilingView.Render(ViewContext viewContext, TextWriter writer)
   at Umbraco.Web.Mvc.ControllerExtensions.RenderViewResultAsString(ControllerBase controller, ViewResultBase viewResult)
   at Umbraco.Web.Macros.PartialViewMacroEngine.Execute(MacroModel macro, IPublishedContent content)
   at Umbraco.Web.Macros.PartialViewMacroEngine.Execute(MacroModel macro, INode node)
   at umbraco.macro.LoadPartialViewMacro(MacroModel macro)
   at umbraco.macro.renderMacro(Hashtable pageElements, Int32 pageId)
 2017-01-05 20:58:30,423 [P8816/D2/T264] WARN  Umbraco.Core.Services.LocalizedTextService - The culture specified th-TH was not found in any configured sources for this service
 2017-01-05 21:04:01,624 [P8816/D2/T267] WARN  umbraco.macro - Error loading partial view macro (View: ~/Views/MacroPartials/EXHIBITIONS_ON_UPCOMING.cshtml). Exception: System.Web.HttpCompileException (0x80004005): c:\queengallery\queengallery\Views\MacroPartials\EXHIBITIONS_ON_UPCOMING.cshtml(97): error CS0117: 'umbraco.item' does not contain a definition for 'nameTh'
   at System.Web.Compilation.AssemblyBuilder.Compile()
   at System.Web.Compilation.BuildProvidersCompiler.PerformBuild()
   at System.Web.Compilation.BuildManager.CompileWebFile(VirtualPath virtualPath)
   at System.Web.Compilation.BuildManager.GetVPathBuildResultInternal(VirtualPath virtualPath, Boolean noBuild, Boolean allowCrossApp, Boolean allowBuildInPrecompile, Boolean throwIfNotFound, Boolean ensureIsUpToDate)
   at System.Web.Compilation.BuildManager.GetVPathBuildResultWithNoAssert(HttpContext context, VirtualPath virtualPath, Boolean noBuild, Boolean allowCrossApp, Boolean allowBuildInPrecompile, Boolean throwIfNotFound, Boolean ensureIsUpToDate)
   at System.Web.Compilation.BuildManager.GetVirtualPathObjectFactory(VirtualPath virtualPath, HttpContext context, Boolean allowCrossApp, Boolean throwIfNotFound)
   at System.Web.Compilation.BuildManager.GetCompiledType(VirtualPath virtualPath)
   at System.Web.Compilation.BuildManager.GetCompiledType(String virtualPath)
   at System.Web.Mvc.BuildManagerWrapper.System.Web.Mvc.IBuildManager.GetCompiledType(String virtualPath)
   at System.Web.Mvc.BuildManagerCompiledView.Render(ViewContext viewContext, TextWriter writer)
   at Umbraco.Core.Profiling.ProfilingView.Render(ViewContext viewContext, TextWriter writer)
   at Umbraco.Web.Mvc.ControllerExtensions.RenderViewResultAsString(ControllerBase controller, ViewResultBase viewResult)
   at Umbraco.Web.Macros.PartialViewMacroEngine.Execute(MacroModel macro, IPublishedContent content)
   at Umbraco.Web.Macros.PartialViewMacroEngine.Execute(MacroModel macro, INode node)
   at umbraco.macro.LoadPartialViewMacro(MacroModel macro)
   at umbraco.macro.renderMacro(Hashtable pageElements, Int32 pageId)
 2017-01-05 21:04:01,625 [P8816/D2/T267] WARN  umbraco.macro - Error loading Partial View (file: ~/Views/MacroPartials/EXHIBITIONS_ON_UPCOMING.cshtml). Exception: System.Web.HttpCompileException (0x80004005): c:\queengallery\queengallery\Views\MacroPartials\EXHIBITIONS_ON_UPCOMING.cshtml(97): error CS0117: 'umbraco.item' does not contain a definition for 'nameTh'
   at System.Web.Compilation.AssemblyBuilder.Compile()
   at System.Web.Compilation.BuildProvidersCompiler.PerformBuild()
   at System.Web.Compilation.BuildManager.CompileWebFile(VirtualPath virtualPath)
   at System.Web.Compilation.BuildManager.GetVPathBuildResultInternal(VirtualPath virtualPath, Boolean noBuild, Boolean allowCrossApp, Boolean allowBuildInPrecompile, Boolean throwIfNotFound, Boolean ensureIsUpToDate)
   at System.Web.Compilation.BuildManager.GetVPathBuildResultWithNoAssert(HttpContext context, VirtualPath virtualPath, Boolean noBuild, Boolean allowCrossApp, Boolean allowBuildInPrecompile, Boolean throwIfNotFound, Boolean ensureIsUpToDate)
   at System.Web.Compilation.BuildManager.GetVirtualPathObjectFactory(VirtualPath virtualPath, HttpContext context, Boolean allowCrossApp, Boolean throwIfNotFound)
   at System.Web.Compilation.BuildManager.GetCompiledType(VirtualPath virtualPath)
   at System.Web.Compilation.BuildManager.GetCompiledType(String virtualPath)
   at System.Web.Mvc.BuildManagerWrapper.System.Web.Mvc.IBuildManager.GetCompiledType(String virtualPath)
   at System.Web.Mvc.BuildManagerCompiledView.Render(ViewContext viewContext, TextWriter writer)
   at Umbraco.Core.Profiling.ProfilingView.Render(ViewContext viewContext, TextWriter writer)
   at Umbraco.Web.Mvc.ControllerExtensions.RenderViewResultAsString(ControllerBase controller, ViewResultBase viewResult)
   at Umbraco.Web.Macros.PartialViewMacroEngine.Execute(MacroModel macro, IPublishedContent content)
   at Umbraco.Web.Macros.PartialViewMacroEngine.Execute(MacroModel macro, INode node)
   at umbraco.macro.LoadPartialViewMacro(MacroModel macro)
   at umbraco.macro.renderMacro(Hashtable pageElements, Int32 pageId)
 2017-01-05 21:04:01,625 [P8816/D2/T267] WARN  Umbraco.Core.Services.LocalizedTextService - The culture specified th-TH was not found in any configured sources for this service
 2017-01-05 21:04:23,547 [P8816/D2/T225] WARN  umbraco.macro - Error loading partial view macro (View: ~/Views/MacroPartials/EXHIBITIONS_ON_UPCOMING.cshtml). Exception: System.Web.HttpCompileException (0x80004005): c:\queengallery\queengallery\Views\MacroPartials\EXHIBITIONS_ON_UPCOMING.cshtml(97): error CS0117: 'umbraco.item' does not contain a definition for 'nameTh'
   at System.Web.Compilation.AssemblyBuilder.Compile()
   at System.Web.Compilation.BuildProvidersCompiler.PerformBuild()
   at System.Web.Compilation.BuildManager.CompileWebFile(VirtualPath virtualPath)
   at System.Web.Compilation.BuildManager.GetVPathBuildResultInternal(VirtualPath virtualPath, Boolean noBuild, Boolean allowCrossApp, Boolean allowBuildInPrecompile, Boolean throwIfNotFound, Boolean ensureIsUpToDate)
   at System.Web.Compilation.BuildManager.GetVPathBuildResultWithNoAssert(HttpContext context, VirtualPath virtualPath, Boolean noBuild, Boolean allowCrossApp, Boolean allowBuildInPrecompile, Boolean throwIfNotFound, Boolean ensureIsUpToDate)
   at System.Web.Compilation.BuildManager.GetVirtualPathObjectFactory(VirtualPath virtualPath, HttpContext context, Boolean allowCrossApp, Boolean throwIfNotFound)
   at System.Web.Compilation.BuildManager.GetCompiledType(VirtualPath virtualPath)
   at System.Web.Compilation.BuildManager.GetCompiledType(String virtualPath)
   at System.Web.Mvc.BuildManagerWrapper.System.Web.Mvc.IBuildManager.GetCompiledType(String virtualPath)
   at System.Web.Mvc.BuildManagerCompiledView.Render(ViewContext viewContext, TextWriter writer)
   at Umbraco.Core.Profiling.ProfilingView.Render(ViewContext viewContext, TextWriter writer)
   at Umbraco.Web.Mvc.ControllerExtensions.RenderViewResultAsString(ControllerBase controller, ViewResultBase viewResult)
   at Umbraco.Web.Macros.PartialViewMacroEngine.Execute(MacroModel macro, IPublishedContent content)
   at Umbraco.Web.Macros.PartialViewMacroEngine.Execute(MacroModel macro, INode node)
   at umbraco.macro.LoadPartialViewMacro(MacroModel macro)
   at umbraco.macro.renderMacro(Hashtable pageElements, Int32 pageId)
 2017-01-05 21:04:23,547 [P8816/D2/T225] WARN  umbraco.macro - Error loading Partial View (file: ~/Views/MacroPartials/EXHIBITIONS_ON_UPCOMING.cshtml). Exception: System.Web.HttpCompileException (0x80004005): c:\queengallery\queengallery\Views\MacroPartials\EXHIBITIONS_ON_UPCOMING.cshtml(97): error CS0117: 'umbraco.item' does not contain a definition for 'nameTh'
   at System.Web.Compilation.AssemblyBuilder.Compile()
   at System.Web.Compilation.BuildProvidersCompiler.PerformBuild()
   at System.Web.Compilation.BuildManager.CompileWebFile(VirtualPath virtualPath)
   at System.Web.Compilation.BuildManager.GetVPathBuildResultInternal(VirtualPath virtualPath, Boolean noBuild, Boolean allowCrossApp, Boolean allowBuildInPrecompile, Boolean throwIfNotFound, Boolean ensureIsUpToDate)
   at System.Web.Compilation.BuildManager.GetVPathBuildResultWithNoAssert(HttpContext context, VirtualPath virtualPath, Boolean noBuild, Boolean allowCrossApp, Boolean allowBuildInPrecompile, Boolean throwIfNotFound, Boolean ensureIsUpToDate)
   at System.Web.Compilation.BuildManager.GetVirtualPathObjectFactory(VirtualPath virtualPath, HttpContext context, Boolean allowCrossApp, Boolean throwIfNotFound)
   at System.Web.Compilation.BuildManager.GetCompiledType(VirtualPath virtualPath)
   at System.Web.Compilation.BuildManager.GetCompiledType(String virtualPath)
   at System.Web.Mvc.BuildManagerWrapper.System.Web.Mvc.IBuildManager.GetCompiledType(String virtualPath)
   at System.Web.Mvc.BuildManagerCompiledView.Render(ViewContext viewContext, TextWriter writer)
   at Umbraco.Core.Profiling.ProfilingView.Render(ViewContext viewContext, TextWriter writer)
   at Umbraco.Web.Mvc.ControllerExtensions.RenderViewResultAsString(ControllerBase controller, ViewResultBase viewResult)
   at Umbraco.Web.Macros.PartialViewMacroEngine.Execute(MacroModel macro, IPublishedContent content)
   at Umbraco.Web.Macros.PartialViewMacroEngine.Execute(MacroModel macro, INode node)
   at umbraco.macro.LoadPartialViewMacro(MacroModel macro)
   at umbraco.macro.renderMacro(Hashtable pageElements, Int32 pageId)
 2017-01-05 21:04:23,547 [P8816/D2/T225] WARN  Umbraco.Core.Services.LocalizedTextService - The culture specified th-TH was not found in any configured sources for this service
 2017-01-05 21:05:27,621 [P8816/D2/T234] INFO  Umbraco.Web.Scheduling.BackgroundTaskRunner - [ScheduledTasks] Terminating
 2017-01-05 21:05:27,621 [P8816/D2/T234] INFO  Umbraco.Web.Scheduling.BackgroundTaskRunner - [ScheduledTasks] Waiting for tasks to complete
 2017-01-05 21:05:27,623 [P8816/D2/T268] INFO  Umbraco.Web.Scheduling.BackgroundTaskRunner - [ScheduledTasks] Tasks completed, terminated
 2017-01-05 21:05:27,631 [P8816/D2/T234] INFO  Umbraco.Web.Scheduling.BackgroundTaskRunner - [LogScrubber] Terminating
 2017-01-05 21:05:27,631 [P8816/D2/T234] INFO  Umbraco.Web.Scheduling.BackgroundTaskRunner - [LogScrubber] Waiting for tasks to complete
 2017-01-05 21:05:27,631 [P8816/D2/T234] INFO  Umbraco.Web.Scheduling.BackgroundTaskRunner - [Umbraco.Web.Scheduling.IBackgroundTask] Terminating
 2017-01-05 21:05:27,631 [P8816/D2/T234] INFO  Umbraco.Web.Scheduling.BackgroundTaskRunner - [Umbraco.Web.Scheduling.IBackgroundTask] Waiting for tasks to complete
 2017-01-05 21:05:27,631 [P8816/D2/T234] INFO  Umbraco.Web.Scheduling.BackgroundTaskRunner - [KeepAlive] Terminating
 2017-01-05 21:05:27,631 [P8816/D2/T234] INFO  Umbraco.Web.Scheduling.BackgroundTaskRunner - [KeepAlive] Waiting for tasks to complete
 2017-01-05 21:05:27,631 [P8816/D2/T234] INFO  Umbraco.Web.Scheduling.BackgroundTaskRunner - [ScheduledPublishing] Terminating
 2017-01-05 21:05:27,631 [P8816/D2/T234] INFO  Umbraco.Web.Scheduling.BackgroundTaskRunner - [ScheduledPublishing] Waiting for tasks to complete
 2017-01-05 21:05:27,631 [P8816/D2/T17] INFO  Umbraco.Web.Scheduling.BackgroundTaskRunner - [LogScrubber] Tasks completed, terminated
 2017-01-05 21:05:27,631 [P8816/D2/T225] INFO  Umbraco.Web.Scheduling.BackgroundTaskRunner - [ScheduledPublishing] Tasks completed, terminated
 2017-01-05 21:05:27,631 [P8816/D2/T267] INFO  Umbraco.Web.Scheduling.BackgroundTaskRunner - [Umbraco.Web.Scheduling.IBackgroundTask] Tasks completed, terminated
 2017-01-05 21:05:27,631 [P8816/D2/T269] INFO  Umbraco.Web.Scheduling.BackgroundTaskRunner - [KeepAlive] Tasks completed, terminated
 2017-01-05 21:05:57,528 [P8816/D3/T244] INFO  Umbraco.Core.CoreBootManager - Umbraco 7.5.4 application starting on HOMEPC
 2017-01-05 21:05:57,535 [P8816/D3/T244] INFO  Umbraco.Core.PluginManager - Determining hash of code files on disk
 2017-01-05 21:05:57,540 [P8816/D3/T244] INFO  Umbraco.Core.PluginManager - Hash determined (took 4ms)
 2017-01-05 21:05:57,571 [P8816/D3/T244] INFO  Umbraco.Core.PluginManager - Starting resolution types of umbraco.interfaces.IApplicationStartupHandler
 2017-01-05 21:05:57,609 [P8816/D3/T244] INFO  Umbraco.Core.PluginManager - Completed resolution of types of umbraco.interfaces.IApplicationStartupHandler, found 0 (took 37ms)
 2017-01-05 21:05:57,640 [P8816/D3/T244] INFO  Umbraco.Core.PluginManager - Starting resolution types of Umbraco.Core.PropertyEditors.IPropertyEditorValueConverter
 2017-01-05 21:05:57,641 [P8816/D3/T244] INFO  Umbraco.Core.PluginManager - Completed resolution of types of Umbraco.Core.PropertyEditors.IPropertyEditorValueConverter, found 0 (took 0ms)
 2017-01-05 21:05:57,641 [P8816/D3/T244] INFO  Umbraco.Core.PluginManager - Starting resolution types of Umbraco.Core.PropertyEditors.IPropertyValueConverter
 2017-01-05 21:05:57,642 [P8816/D3/T244] INFO  Umbraco.Core.PluginManager - Completed resolution of types of Umbraco.Core.PropertyEditors.IPropertyValueConverter, found 0 (took 1ms)
 2017-01-05 21:05:57,647 [P8816/D3/T244] INFO  Umbraco.Core.PluginManager - Starting resolution types of Umbraco.Web.Mvc.SurfaceController
 2017-01-05 21:05:57,653 [P8816/D3/T244] INFO  Umbraco.Core.PluginManager - Completed resolution of types of Umbraco.Web.Mvc.SurfaceController, found 0 (took 5ms)
 2017-01-05 21:05:57,653 [P8816/D3/T244] INFO  Umbraco.Core.PluginManager - Starting resolution types of Umbraco.Web.WebApi.UmbracoApiController
 2017-01-05 21:05:57,657 [P8816/D3/T244] INFO  Umbraco.Core.PluginManager - Completed resolution of types of Umbraco.Web.WebApi.UmbracoApiController, found 0 (took 3ms)
 2017-01-05 21:05:57,682 [P8816/D2/T257] INFO  Umbraco.Core.UmbracoApplicationBase - Application shutdown. Details: MaxRecompilationsReached

_shutDownMessage=Recompilation limit of 15 reached
HostingEnvironment initiated shutdown
HostingEnvironment caused shutdown

_shutDownStack=   at System.Environment.GetStackTrace(Exception e, Boolean needFileInfo)
   at System.Environment.get_StackTrace()
   at System.Web.Hosting.HostingEnvironment.InitiateShutdownInternal()
   at System.Web.Hosting.HostingEnvironment.InitiateShutdownWithoutDemand()
   at System.Web.HttpRuntime.ShutdownAppDomain(String stackTrace)
   at System.Web.Compilation.DiskBuildResultCache.ShutdownCallBack(Object state)
   at System.Threading.QueueUserWorkItemCallback.WaitCallback_Context(Object state)
   at System.Threading.ExecutionContext.RunInternal(ExecutionContext executionContext, ContextCallback callback, Object state, Boolean preserveSyncCtx)
   at System.Threading.ExecutionContext.Run(ExecutionContext executionContext, ContextCallback callback, Object state, Boolean preserveSyncCtx)
   at System.Threading.QueueUserWorkItemCallback.System.Threading.IThreadPoolWorkItem.ExecuteWorkItem()
   at System.Threading.ThreadPoolWorkQueue.Dispatch()
   at System.Threading._ThreadPoolWaitCallback.PerformWaitCallback()
 2017-01-05 21:05:57,691 [P8816/D3/T244] INFO  Umbraco.Core.PluginManager - Starting resolution types of Umbraco.Core.Media.IThumbnailProvider
 2017-01-05 21:05:57,692 [P8816/D3/T244] INFO  Umbraco.Core.PluginManager - Completed resolution of types of Umbraco.Core.Media.IThumbnailProvider, found 0 (took 0ms)
 2017-01-05 21:05:57,692 [P8816/D3/T244] INFO  Umbraco.Core.PluginManager - Starting resolution types of Umbraco.Core.Media.IImageUrlProvider
 2017-01-05 21:05:57,692 [P8816/D3/T244] INFO  Umbraco.Core.PluginManager - Completed resolution of types of Umbraco.Core.Media.IImageUrlProvider, found 0 (took 0ms)
 2017-01-05 21:05:58,299 [P8816/D3/T244] INFO  Umbraco.Core.DatabaseContext - CanConnect = True
 2017-01-05 21:05:58,459 [P8816/D3/T244] INFO  Umbraco.Core.DatabaseContext - CanConnect = True
 2017-01-05 21:05:58,461 [P8816/D3/T244] INFO  Umbraco.Core.DatabaseContext - CanConnect = True
 2017-01-05 21:05:58,487 [P8816/D3/T244] INFO  Umbraco.Web.Cache.CacheRefresherEventHandler - Initializing Umbraco internal event handlers for cache refreshing
 2017-01-05 21:05:58,557 [P8816/D3/T244] INFO  Umbraco.Web.Search.ExamineEvents - Initializing Examine and binding to business logic events
 2017-01-05 21:05:58,557 [P8816/D3/T244] INFO  Umbraco.Web.Search.ExamineEvents - Adding examine event handlers for index providers: 3
 2017-01-05 21:05:58,568 [P8816/D3/T244] INFO  Umbraco.Core.CoreBootManager - Umbraco application startup complete (took 1072ms)
 2017-01-05 21:05:59,085 [P8816/D3/T270] INFO  Umbraco.Core.Sync.ApplicationUrlHelper - ApplicationUrl: http://localhost:17606/umbraco (UmbracoModule request)
 2017-01-05 21:06:30,599 [P8816/D3/T10] INFO  umbraco.content - Load Xml from file...
 2017-01-05 21:06:30,600 [P8816/D3/T10] INFO  umbraco.content - Loaded Xml from file.
 2017-01-05 21:06:31,022 [P8816/D3/T10] INFO  Umbraco.Core.PluginManager - Starting resolution types of Umbraco.Core.PropertyEditors.IParameterEditor
 2017-01-05 21:06:31,023 [P8816/D3/T10] INFO  Umbraco.Core.PluginManager - Completed resolution of types of Umbraco.Core.PropertyEditors.IParameterEditor, found 0 (took 0ms)
 2017-01-05 21:06:35,214 [P8816/D3/T10] INFO  Umbraco.Core.PluginManager - Starting resolution types of Umbraco.Core.Persistence.Mappers.BaseMapper
 2017-01-05 21:06:35,215 [P8816/D3/T10] INFO  Umbraco.Core.PluginManager - Completed resolution of types of Umbraco.Core.Persistence.Mappers.BaseMapper, found 0 (took 1ms)
 2017-01-05 21:06:35,347 [P8816/D3/T10] INFO  Umbraco.Core.PluginManager - Starting resolution types of Umbraco.Core.PropertyEditors.IParameterEditor
 2017-01-05 21:06:35,347 [P8816/D3/T10] INFO  Umbraco.Core.PluginManager - Completed resolution of types of Umbraco.Core.PropertyEditors.IParameterEditor, found 0 (took 0ms)
 2017-01-05 21:06:35,362 [P8816/D3/T10] INFO  Umbraco.Core.PluginManager - Starting resolution types of umbraco.cms.businesslogic.macro.IMacroEngine
 2017-01-05 21:06:35,363 [P8816/D3/T10] INFO  Umbraco.Core.PluginManager - Completed resolution of types of umbraco.cms.businesslogic.macro.IMacroEngine, found 0 (took 0ms)
 2017-01-05 21:06:37,295 [P8816/D3/T10] ERROR Umbraco.Core.Dynamics.DynamicInstanceHelper - An error occurred finding and executing extension method "GetCropUrl" for type "Umbraco.Web.Models.DynamicPublishedContent". Types searched for extension methods were Umbraco.Web.Models.DynamicPublishedContent.
System.MissingMethodException: Method 'Umbraco.Web.Models.DynamicPublishedContent.GetCropUrl' not found.
   at Umbraco.Core.Dynamics.DynamicInstanceHelper.FindAndExecuteExtensionMethod[T](IRuntimeCacheProvider runtimeCache, T thisObject, Object[] args, String name, IEnumerable`1 findMethodsOnTypes)
   at Umbraco.Core.Dynamics.DynamicInstanceHelper.TryInvokeMember[T](IRuntimeCacheProvider runtimeCache, T thisObject, InvokeMemberBinder binder, Object[] args, IEnumerable`1 findExtensionMethodsOnTypes)
 2017-01-05 21:07:30,727 [P8816/D3/T246] INFO  umbraco.BusinessLogic.Log - Log scrubbed.  Removed all items older than 2560-01-04 21:07:30
 2017-01-05 21:07:44,302 [P8816/D3/T265] WARN  umbraco.macro - <log4net.Error>Exception during StringFormat: Input string was not in a correct format. <format>Error loading partial view macro (View: ~/Views/MacroPartials/EXHIBITIONS_ON_UPCOMING.cshtml). Exception: System.Web.HttpParseException (0x80004005): The code block is missing a closing "}" character.  Make sure you have a matching "}" character for all the "{" characters within this block, and that none of the "}" characters are being interpreted as markup.

   at System.Web.WebPages.Razor.RazorBuildProvider.EnsureGeneratedCode()
   at System.Web.WebPages.Razor.RazorBuildProvider.get_CodeCompilerType()
   at System.Web.Compilation.BuildProvider.GetCompilerTypeFromBuildProvider(BuildProvider buildProvider)
   at System.Web.Compilation.BuildProvidersCompiler.ProcessBuildProviders()
   at System.Web.Compilation.BuildProvidersCompiler.PerformBuild()
   at System.Web.Compilation.BuildManager.CompileWebFile(VirtualPath virtualPath)
   at System.Web.Compilation.BuildManager.GetVPathBuildResultInternal(VirtualPath virtualPath, Boolean noBuild, Boolean allowCrossApp, Boolean allowBuildInPrecompile, Boolean throwIfNotFound, Boolean ensureIsUpToDate)
   at System.Web.Compilation.BuildManager.GetVPathBuildResultWithNoAssert(HttpContext context, VirtualPath virtualPath, Boolean noBuild, Boolean allowCrossApp, Boolean allowBuildInPrecompile, Boolean throwIfNotFound, Boolean ensureIsUpToDate)
   at System.Web.Compilation.BuildManager.GetVirtualPathObjectFactory(VirtualPath virtualPath, HttpContext context, Boolean allowCrossApp, Boolean throwIfNotFound)
   at System.Web.Compilation.BuildManager.GetCompiledType(VirtualPath virtualPath)
   at System.Web.Compilation.BuildManager.GetCompiledType(String virtualPath)
   at System.Web.Mvc.BuildManagerWrapper.System.Web.Mvc.IBuildManager.GetCompiledType(String virtualPath)
   at System.Web.Mvc.BuildManagerCompiledView.Render(ViewContext viewContext, TextWriter writer)
   at Umbraco.Core.Profiling.ProfilingView.Render(ViewContext viewContext, TextWriter writer)
   at Umbraco.Web.Mvc.ControllerExtensions.RenderViewResultAsString(ControllerBase controller, ViewResultBase viewResult)
   at Umbraco.Web.Macros.PartialViewMacroEngine.Execute(MacroModel macro, IPublishedContent content)
   at Umbraco.Web.Macros.PartialViewMacroEngine.Execute(MacroModel macro, INode node)
   at umbraco.macro.LoadPartialViewMacro(MacroModel macro)
   at umbraco.macro.renderMacro(Hashtable pageElements, Int32 pageId)</format><args>{}</args></log4net.Error>
 2017-01-05 21:07:44,304 [P8816/D3/T265] WARN  umbraco.macro - <log4net.Error>Exception during StringFormat: Input string was not in a correct format. <format>Error loading Partial View (file: ~/Views/MacroPartials/EXHIBITIONS_ON_UPCOMING.cshtml). Exception: System.Web.HttpParseException (0x80004005): The code block is missing a closing "}" character.  Make sure you have a matching "}" character for all the "{" characters within this block, and that none of the "}" characters are being interpreted as markup.

   at System.Web.WebPages.Razor.RazorBuildProvider.EnsureGeneratedCode()
   at System.Web.WebPages.Razor.RazorBuildProvider.get_CodeCompilerType()
   at System.Web.Compilation.BuildProvider.GetCompilerTypeFromBuildProvider(BuildProvider buildProvider)
   at System.Web.Compilation.BuildProvidersCompiler.ProcessBuildProviders()
   at System.Web.Compilation.BuildProvidersCompiler.PerformBuild()
   at System.Web.Compilation.BuildManager.CompileWebFile(VirtualPath virtualPath)
   at System.Web.Compilation.BuildManager.GetVPathBuildResultInternal(VirtualPath virtualPath, Boolean noBuild, Boolean allowCrossApp, Boolean allowBuildInPrecompile, Boolean throwIfNotFound, Boolean ensureIsUpToDate)
   at System.Web.Compilation.BuildManager.GetVPathBuildResultWithNoAssert(HttpContext context, VirtualPath virtualPath, Boolean noBuild, Boolean allowCrossApp, Boolean allowBuildInPrecompile, Boolean throwIfNotFound, Boolean ensureIsUpToDate)
   at System.Web.Compilation.BuildManager.GetVirtualPathObjectFactory(VirtualPath virtualPath, HttpContext context, Boolean allowCrossApp, Boolean throwIfNotFound)
   at System.Web.Compilation.BuildManager.GetCompiledType(VirtualPath virtualPath)
   at System.Web.Compilation.BuildManager.GetCompiledType(String virtualPath)
   at System.Web.Mvc.BuildManagerWrapper.System.Web.Mvc.IBuildManager.GetCompiledType(String virtualPath)
   at System.Web.Mvc.BuildManagerCompiledView.Render(ViewContext viewContext, TextWriter writer)
   at Umbraco.Core.Profiling.ProfilingView.Render(ViewContext viewContext, TextWriter writer)
   at Umbraco.Web.Mvc.ControllerExtensions.RenderViewResultAsString(ControllerBase controller, ViewResultBase viewResult)
   at Umbraco.Web.Macros.PartialViewMacroEngine.Execute(MacroModel macro, IPublishedContent content)
   at Umbraco.Web.Macros.PartialViewMacroEngine.Execute(MacroModel macro, INode node)
   at umbraco.macro.LoadPartialViewMacro(MacroModel macro)
   at umbraco.macro.renderMacro(Hashtable pageElements, Int32 pageId)</format><args>{}</args></log4net.Error>
 2017-01-05 21:10:12,105 [P8816/D3/T275] INFO  Umbraco.Core.Logging.OwinLogger - Event Id: 0, state: User logged will be logged out due to timeout: admin@bbl.co.th, IP Address: ::1
 2017-01-05 21:11:11,705 [P8816/D3/T8] WARN  umbraco.macro - Error loading partial view macro (View: ~/Views/MacroPartials/EXHIBITIONS_ON_UPCOMING.cshtml). Exception: System.Web.HttpCompileException (0x80004005): c:\queengallery\queengallery\Views\MacroPartials\EXHIBITIONS_ON_UPCOMING.cshtml(97): error CS0117: 'umbraco.item' does not contain a definition for 'nameTh'
   at System.Web.Compilation.AssemblyBuilder.Compile()
   at System.Web.Compilation.BuildProvidersCompiler.PerformBuild()
   at System.Web.Compilation.BuildManager.CompileWebFile(VirtualPath virtualPath)
   at System.Web.Compilation.BuildManager.GetVPathBuildResultInternal(VirtualPath virtualPath, Boolean noBuild, Boolean allowCrossApp, Boolean allowBuildInPrecompile, Boolean throwIfNotFound, Boolean ensureIsUpToDate)
   at System.Web.Compilation.BuildManager.GetVPathBuildResultWithNoAssert(HttpContext context, VirtualPath virtualPath, Boolean noBuild, Boolean allowCrossApp, Boolean allowBuildInPrecompile, Boolean throwIfNotFound, Boolean ensureIsUpToDate)
   at System.Web.Compilation.BuildManager.GetVirtualPathObjectFactory(VirtualPath virtualPath, HttpContext context, Boolean allowCrossApp, Boolean throwIfNotFound)
   at System.Web.Compilation.BuildManager.GetCompiledType(VirtualPath virtualPath)
   at System.Web.Compilation.BuildManager.GetCompiledType(String virtualPath)
   at System.Web.Mvc.BuildManagerWrapper.System.Web.Mvc.IBuildManager.GetCompiledType(String virtualPath)
   at System.Web.Mvc.BuildManagerCompiledView.Render(ViewContext viewContext, TextWriter writer)
   at Umbraco.Core.Profiling.ProfilingView.Render(ViewContext viewContext, TextWriter writer)
   at Umbraco.Web.Mvc.ControllerExtensions.RenderViewResultAsString(ControllerBase controller, ViewResultBase viewResult)
   at Umbraco.Web.Macros.PartialViewMacroEngine.Execute(MacroModel macro, IPublishedContent content)
   at Umbraco.Web.Macros.PartialViewMacroEngine.Execute(MacroModel macro, INode node)
   at umbraco.macro.LoadPartialViewMacro(MacroModel macro)
   at umbraco.macro.renderMacro(Hashtable pageElements, Int32 pageId)
 2017-01-05 21:11:11,705 [P8816/D3/T8] WARN  umbraco.macro - Error loading Partial View (file: ~/Views/MacroPartials/EXHIBITIONS_ON_UPCOMING.cshtml). Exception: System.Web.HttpCompileException (0x80004005): c:\queengallery\queengallery\Views\MacroPartials\EXHIBITIONS_ON_UPCOMING.cshtml(97): error CS0117: 'umbraco.item' does not contain a definition for 'nameTh'
   at System.Web.Compilation.AssemblyBuilder.Compile()
   at System.Web.Compilation.BuildProvidersCompiler.PerformBuild()
   at System.Web.Compilation.BuildManager.CompileWebFile(VirtualPath virtualPath)
   at System.Web.Compilation.BuildManager.GetVPathBuildResultInternal(VirtualPath virtualPath, Boolean noBuild, Boolean allowCrossApp, Boolean allowBuildInPrecompile, Boolean throwIfNotFound, Boolean ensureIsUpToDate)
   at System.Web.Compilation.BuildManager.GetVPathBuildResultWithNoAssert(HttpContext context, VirtualPath virtualPath, Boolean noBuild, Boolean allowCrossApp, Boolean allowBuildInPrecompile, Boolean throwIfNotFound, Boolean ensureIsUpToDate)
   at System.Web.Compilation.BuildManager.GetVirtualPathObjectFactory(VirtualPath virtualPath, HttpContext context, Boolean allowCrossApp, Boolean throwIfNotFound)
   at System.Web.Compilation.BuildManager.GetCompiledType(VirtualPath virtualPath)
   at System.Web.Compilation.BuildManager.GetCompiledType(String virtualPath)
   at System.Web.Mvc.BuildManagerWrapper.System.Web.Mvc.IBuildManager.GetCompiledType(String virtualPath)
   at System.Web.Mvc.BuildManagerCompiledView.Render(ViewContext viewContext, TextWriter writer)
   at Umbraco.Core.Profiling.ProfilingView.Render(ViewContext viewContext, TextWriter writer)
   at Umbraco.Web.Mvc.ControllerExtensions.RenderViewResultAsString(ControllerBase controller, ViewResultBase viewResult)
   at Umbraco.Web.Macros.PartialViewMacroEngine.Execute(MacroModel macro, IPublishedContent content)
   at Umbraco.Web.Macros.PartialViewMacroEngine.Execute(MacroModel macro, INode node)
   at umbraco.macro.LoadPartialViewMacro(MacroModel macro)
   at umbraco.macro.renderMacro(Hashtable pageElements, Int32 pageId)
 2017-01-05 21:11:11,706 [P8816/D3/T8] WARN  Umbraco.Core.Services.LocalizedTextService - The culture specified th-TH was not found in any configured sources for this service
 2017-01-05 21:12:08,304 [P8816/D3/T340] INFO  Umbraco.Web.Scheduling.BackgroundTaskRunner - [LogScrubber] Terminating
 2017-01-05 21:12:08,304 [P8816/D3/T340] INFO  Umbraco.Web.Scheduling.BackgroundTaskRunner - [LogScrubber] Waiting for tasks to complete
 2017-01-05 21:12:08,304 [P8816/D3/T340] INFO  Umbraco.Web.Scheduling.BackgroundTaskRunner - [Umbraco.Web.Scheduling.IBackgroundTask] Terminating
 2017-01-05 21:12:08,304 [P8816/D3/T340] INFO  Umbraco.Web.Scheduling.BackgroundTaskRunner - [Umbraco.Web.Scheduling.IBackgroundTask] Waiting for tasks to complete
 2017-01-05 21:12:08,305 [P8816/D3/T267] INFO  Umbraco.Web.Scheduling.BackgroundTaskRunner - [LogScrubber] Tasks completed, terminated
 2017-01-05 21:12:08,306 [P8816/D3/T243] INFO  Umbraco.Web.Scheduling.BackgroundTaskRunner - [Umbraco.Web.Scheduling.IBackgroundTask] Tasks completed, terminated
 2017-01-05 21:12:08,346 [P8816/D3/T340] INFO  Umbraco.Web.Scheduling.BackgroundTaskRunner - [ScheduledTasks] Terminating
 2017-01-05 21:12:08,346 [P8816/D3/T340] INFO  Umbraco.Web.Scheduling.BackgroundTaskRunner - [ScheduledTasks] Waiting for tasks to complete
 2017-01-05 21:12:08,346 [P8816/D3/T340] INFO  Umbraco.Web.Scheduling.BackgroundTaskRunner - [ScheduledPublishing] Terminating
 2017-01-05 21:12:08,346 [P8816/D3/T340] INFO  Umbraco.Web.Scheduling.BackgroundTaskRunner - [ScheduledPublishing] Waiting for tasks to complete
 2017-01-05 21:12:08,346 [P8816/D3/T340] INFO  Umbraco.Web.Scheduling.BackgroundTaskRunner - [KeepAlive] Terminating
 2017-01-05 21:12:08,346 [P8816/D3/T340] INFO  Umbraco.Web.Scheduling.BackgroundTaskRunner - [KeepAlive] Waiting for tasks to complete
 2017-01-05 21:12:08,346 [P8816/D3/T247] INFO  Umbraco.Web.Scheduling.BackgroundTaskRunner - [ScheduledTasks] Tasks completed, terminated
 2017-01-05 21:12:08,346 [P8816/D3/T272] INFO  Umbraco.Web.Scheduling.BackgroundTaskRunner - [ScheduledPublishing] Tasks completed, terminated
 2017-01-05 21:12:08,346 [P8816/D3/T275] INFO  Umbraco.Web.Scheduling.BackgroundTaskRunner - [KeepAlive] Tasks completed, terminated
 2017-01-05 21:12:24,278 [P8816/D4/T254] INFO  Umbraco.Core.CoreBootManager - Umbraco 7.5.4 application starting on HOMEPC
 2017-01-05 21:12:24,289 [P8816/D4/T254] INFO  Umbraco.Core.PluginManager - Determining hash of code files on disk
 2017-01-05 21:12:24,294 [P8816/D4/T254] INFO  Umbraco.Core.PluginManager - Hash determined (took 5ms)
 2017-01-05 21:12:24,324 [P8816/D4/T254] INFO  Umbraco.Core.PluginManager - Starting resolution types of umbraco.interfaces.IApplicationStartupHandler
 2017-01-05 21:12:24,499 [P8816/D4/T254] INFO  Umbraco.Core.PluginManager - Completed resolution of types of umbraco.interfaces.IApplicationStartupHandler, found 0 (took 174ms)
 2017-01-05 21:12:24,511 [P8816/D4/T254] INFO  Umbraco.Core.PluginManager - Starting resolution types of Umbraco.Core.PropertyEditors.IPropertyEditorValueConverter
 2017-01-05 21:12:24,514 [P8816/D4/T254] INFO  Umbraco.Core.PluginManager - Completed resolution of types of Umbraco.Core.PropertyEditors.IPropertyEditorValueConverter, found 0 (took 2ms)
 2017-01-05 21:12:24,514 [P8816/D4/T254] INFO  Umbraco.Core.PluginManager - Starting resolution types of Umbraco.Core.PropertyEditors.IPropertyValueConverter
 2017-01-05 21:12:24,518 [P8816/D4/T254] INFO  Umbraco.Core.PluginManager - Completed resolution of types of Umbraco.Core.PropertyEditors.IPropertyValueConverter, found 0 (took 3ms)
 2017-01-05 21:12:24,526 [P8816/D4/T254] INFO  Umbraco.Core.PluginManager - Starting resolution types of Umbraco.Web.Mvc.SurfaceController
 2017-01-05 21:12:24,530 [P8816/D4/T254] INFO  Umbraco.Core.PluginManager - Completed resolution of types of Umbraco.Web.Mvc.SurfaceController, found 0 (took 3ms)
 2017-01-05 21:12:24,530 [P8816/D4/T254] INFO  Umbraco.Core.PluginManager - Starting resolution types of Umbraco.Web.WebApi.UmbracoApiController
 2017-01-05 21:12:24,534 [P8816/D4/T254] INFO  Umbraco.Core.PluginManager - Completed resolution of types of Umbraco.Web.WebApi.UmbracoApiController, found 0 (took 4ms)
 2017-01-05 21:12:24,556 [P8816/D4/T254] INFO  Umbraco.Core.PluginManager - Starting resolution types of Umbraco.Core.Media.IThumbnailProvider
 2017-01-05 21:12:24,559 [P8816/D4/T254] INFO  Umbraco.Core.PluginManager - Completed resolution of types of Umbraco.Core.Media.IThumbnailProvider, found 0 (took 3ms)
 2017-01-05 21:12:24,560 [P8816/D4/T254] INFO  Umbraco.Core.PluginManager - Starting resolution types of Umbraco.Core.Media.IImageUrlProvider
 2017-01-05 21:12:24,564 [P8816/D4/T254] INFO  Umbraco.Core.PluginManager - Completed resolution of types of Umbraco.Core.Media.IImageUrlProvider, found 0 (took 3ms)
 2017-01-05 21:12:25,114 [P8816/D4/T254] INFO  Umbraco.Core.DatabaseContext - CanConnect = True
 2017-01-05 21:12:25,253 [P8816/D4/T254] INFO  Umbraco.Core.DatabaseContext - CanConnect = True
 2017-01-05 21:12:25,255 [P8816/D4/T254] INFO  Umbraco.Core.DatabaseContext - CanConnect = True
 2017-01-05 21:12:25,269 [P8816/D4/T254] INFO  Umbraco.Web.Cache.CacheRefresherEventHandler - Initializing Umbraco internal event handlers for cache refreshing
 2017-01-05 21:12:25,312 [P8816/D4/T254] INFO  Umbraco.Web.Search.ExamineEvents - Initializing Examine and binding to business logic events
 2017-01-05 21:12:25,312 [P8816/D4/T254] INFO  Umbraco.Web.Search.ExamineEvents - Adding examine event handlers for index providers: 3
 2017-01-05 21:12:25,318 [P8816/D4/T254] INFO  Umbraco.Core.CoreBootManager - Umbraco application startup complete (took 1081ms)
 2017-01-05 21:12:25,390 [P8816/D4/T17] INFO  Umbraco.Core.Sync.ApplicationUrlHelper - ApplicationUrl: http://localhost:17606/umbraco (UmbracoModule request)
 2017-01-05 21:12:25,492 [P8816/D4/T17] INFO  umbraco.content - Load Xml from file...
 2017-01-05 21:12:25,493 [P8816/D4/T17] INFO  umbraco.content - Loaded Xml from file.
 2017-01-05 21:12:25,794 [P8816/D4/T17] INFO  Umbraco.Core.PluginManager - Starting resolution types of Umbraco.Core.PropertyEditors.IParameterEditor
 2017-01-05 21:12:25,801 [P8816/D4/T17] INFO  Umbraco.Core.PluginManager - Completed resolution of types of Umbraco.Core.PropertyEditors.IParameterEditor, found 0 (took 7ms)
 2017-01-05 21:12:31,140 [P8816/D4/T17] INFO  Umbraco.Core.PluginManager - Starting resolution types of Umbraco.Core.Persistence.Mappers.BaseMapper
 2017-01-05 21:12:31,144 [P8816/D4/T17] INFO  Umbraco.Core.PluginManager - Completed resolution of types of Umbraco.Core.Persistence.Mappers.BaseMapper, found 0 (took 4ms)
 2017-01-05 21:12:31,289 [P8816/D4/T17] INFO  Umbraco.Core.PluginManager - Starting resolution types of Umbraco.Core.PropertyEditors.IParameterEditor
 2017-01-05 21:12:31,289 [P8816/D4/T17] INFO  Umbraco.Core.PluginManager - Completed resolution of types of Umbraco.Core.PropertyEditors.IParameterEditor, found 0 (took 0ms)
 2017-01-05 21:12:31,304 [P8816/D4/T17] INFO  Umbraco.Core.PluginManager - Starting resolution types of umbraco.cms.businesslogic.macro.IMacroEngine
 2017-01-05 21:12:31,309 [P8816/D4/T17] INFO  Umbraco.Core.PluginManager - Completed resolution of types of umbraco.cms.businesslogic.macro.IMacroEngine, found 0 (took 4ms)
 2017-01-05 21:12:38,416 [P8816/D3/T245] INFO  Umbraco.Core.UmbracoApplicationBase - Application shutdown. Details: BinDirChangeOrDirectoryRename

_shutDownMessage=Change Notification for critical directories.
bin dir change or directory rename
HostingEnvironment initiated shutdown
Change Notification for critical directories.
bin dir change or directory rename
Change Notification for critical directories.
bin dir change or directory rename
Change in C:\Users\momojojo\AppData\Local\Temp\Temporary ASP.NET Files\vs\bc422b9f\57585326\hash\hash.web
HostingEnvironment caused shutdown

_shutDownStack=   at System.Environment.GetStackTrace(Exception e, Boolean needFileInfo)
   at System.Environment.get_StackTrace()
   at System.Web.Hosting.HostingEnvironment.InitiateShutdownInternal()
   at System.Web.Hosting.HostingEnvironment.InitiateShutdownWithoutDemand()
   at System.Web.HttpRuntime.ShutdownAppDomain(String stackTrace)
   at System.Web.HttpRuntime.OnCriticalDirectoryChange(Object sender, FileChangeEvent e)
   at System.Web.FileChangesMonitor.OnCriticaldirChange(Object sender, FileChangeEvent e)
   at System.Web.DirectoryMonitor.FireNotifications()
   at System.Web.Util.WorkItem.CallCallbackWithAssert(WorkItemCallback callback)
   at System.Web.Util.WorkItem.OnQueueUserWorkItemCompletion(Object state)
   at System.Threading.QueueUserWorkItemCallback.WaitCallback_Context(Object state)
   at System.Threading.ExecutionContext.RunInternal(ExecutionContext executionContext, ContextCallback callback, Object state, Boolean preserveSyncCtx)
   at System.Threading.ExecutionContext.Run(ExecutionContext executionContext, ContextCallback callback, Object state, Boolean preserveSyncCtx)
   at System.Threading.QueueUserWorkItemCallback.System.Threading.IThreadPoolWorkItem.ExecuteWorkItem()
   at System.Threading.ThreadPoolWorkQueue.Dispatch()
   at System.Threading._ThreadPoolWaitCallback.PerformWaitCallback()
 2017-01-05 21:13:25,552 [P8816/D4/T8] INFO  umbraco.BusinessLogic.Log - Log scrubbed.  Removed all items older than 2560-01-04 21:13:25
 2017-01-05 21:14:20,945 [P8816/D4/T241] INFO  Umbraco.Core.Security.BackOfficeSignInManager - Event Id: 0, state: Login attempt succeeded for username admin@bbl.co.th from IP address ::1
 2017-01-05 21:14:20,946 [P8816/D4/T241] INFO  Umbraco.Core.Security.BackOfficeSignInManager - Event Id: 0, state: User: admin@bbl.co.th logged in from IP address ::1
 2017-01-05 21:14:21,023 [P8816/D4/T240] INFO  Umbraco.Core.PluginManager - Starting resolution types of Umbraco.Web.Trees.TreeController
 2017-01-05 21:14:21,027 [P8816/D4/T240] INFO  Umbraco.Core.PluginManager - Completed resolution of types of Umbraco.Web.Trees.TreeController, found 0 (took 4ms)
 2017-01-05 21:14:21,060 [P8816/D4/T224] INFO  Umbraco.Core.PluginManager - Starting resolution types of umbraco.interfaces.IApplication
 2017-01-05 21:14:21,072 [P8816/D4/T224] INFO  Umbraco.Core.PluginManager - Completed resolution of types of umbraco.interfaces.IApplication, found 0 (took 11ms)
 2017-01-05 21:14:21,078 [P8816/D4/T340] INFO  Umbraco.Core.PluginManager - Starting resolution types of umbraco.interfaces.ITree
 2017-01-05 21:14:21,086 [P8816/D4/T340] INFO  Umbraco.Core.PluginManager - Completed resolution of types of umbraco.interfaces.ITree, found 0 (took 7ms)
 2017-01-05 21:14:21,097 [P8816/D4/T340] INFO  Umbraco.Core.PluginManager - Starting resolution types of Umbraco.Web.Trees.TreeController
 2017-01-05 21:14:21,097 [P8816/D4/T340] INFO  Umbraco.Core.PluginManager - Completed resolution of types of Umbraco.Web.Trees.TreeController, found 0 (took 0ms)
 2017-01-05 21:14:21,099 [P8816/D4/T340] INFO  Umbraco.Core.PluginManager - Starting resolution types of umbraco.interfaces.ITree
 2017-01-05 21:14:21,105 [P8816/D4/T340] INFO  Umbraco.Core.PluginManager - Completed resolution of types of umbraco.interfaces.ITree, found 0 (took 5ms)
 2017-01-05 21:14:22,926 [P8816/D4/T265] INFO  Umbraco.Core.PluginManager - Starting resolution types of Umbraco.Web.HealthCheck.HealthCheck
 2017-01-05 21:14:22,929 [P8816/D4/T265] INFO  Umbraco.Core.PluginManager - Completed resolution of types of Umbraco.Web.HealthCheck.HealthCheck, found 0 (took 3ms)
 2017-01-05 21:14:51,632 [P8816/D4/T270] INFO  Umbraco.Core.PluginManager - Starting resolution types of umbraco.interfaces.ICacheRefresher
 2017-01-05 21:14:51,639 [P8816/D4/T270] INFO  Umbraco.Core.PluginManager - Completed resolution of types of umbraco.interfaces.ICacheRefresher, found 0 (took 7ms)
 2017-01-05 21:15:59,106 [P8816/D4/T264] WARN  Umbraco.Web.UmbracoModule - Status code is 404 yet TrySkipIisCustomErrors is false - IIS will take over.
 2017-01-05 21:16:09,736 [P8816/D4/T224] WARN  Umbraco.Web.UmbracoModule - Status code is 404 yet TrySkipIisCustomErrors is false - IIS will take over.
 2017-01-05 21:16:14,663 [P8816/D4/T241] WARN  Umbraco.Web.UmbracoModule - Status code is 404 yet TrySkipIisCustomErrors is false - IIS will take over.
 2017-01-05 21:18:24,769 [P8816/D4/T261] WARN  umbraco.macro - Error loading partial view macro (View: ~/Views/MacroPartials/EXHIBITIONS_ON_UPCOMING.cshtml). Exception: System.Web.HttpCompileException (0x80004005): c:\queengallery\queengallery\Views\MacroPartials\EXHIBITIONS_ON_UPCOMING.cshtml(111): error CS0117: 'umbraco.item' does not contain a definition for 'id'
   at System.Web.Compilation.AssemblyBuilder.Compile()
   at System.Web.Compilation.BuildProvidersCompiler.PerformBuild()
   at System.Web.Compilation.BuildManager.CompileWebFile(VirtualPath virtualPath)
   at System.Web.Compilation.BuildManager.GetVPathBuildResultInternal(VirtualPath virtualPath, Boolean noBuild, Boolean allowCrossApp, Boolean allowBuildInPrecompile, Boolean throwIfNotFound, Boolean ensureIsUpToDate)
   at System.Web.Compilation.BuildManager.GetVPathBuildResultWithNoAssert(HttpContext context, VirtualPath virtualPath, Boolean noBuild, Boolean allowCrossApp, Boolean allowBuildInPrecompile, Boolean throwIfNotFound, Boolean ensureIsUpToDate)
   at System.Web.Compilation.BuildManager.GetVirtualPathObjectFactory(VirtualPath virtualPath, HttpContext context, Boolean allowCrossApp, Boolean throwIfNotFound)
   at System.Web.Compilation.BuildManager.GetCompiledType(VirtualPath virtualPath)
   at System.Web.Compilation.BuildManager.GetCompiledType(String virtualPath)
   at System.Web.Mvc.BuildManagerWrapper.System.Web.Mvc.IBuildManager.GetCompiledType(String virtualPath)
   at System.Web.Mvc.BuildManagerCompiledView.Render(ViewContext viewContext, TextWriter writer)
   at Umbraco.Core.Profiling.ProfilingView.Render(ViewContext viewContext, TextWriter writer)
   at Umbraco.Web.Mvc.ControllerExtensions.RenderViewResultAsString(ControllerBase controller, ViewResultBase viewResult)
   at Umbraco.Web.Macros.PartialViewMacroEngine.Execute(MacroModel macro, IPublishedContent content)
   at Umbraco.Web.Macros.PartialViewMacroEngine.Execute(MacroModel macro, INode node)
   at umbraco.macro.LoadPartialViewMacro(MacroModel macro)
   at umbraco.macro.renderMacro(Hashtable pageElements, Int32 pageId)
 2017-01-05 21:18:24,770 [P8816/D4/T261] WARN  umbraco.macro - Error loading Partial View (file: ~/Views/MacroPartials/EXHIBITIONS_ON_UPCOMING.cshtml). Exception: System.Web.HttpCompileException (0x80004005): c:\queengallery\queengallery\Views\MacroPartials\EXHIBITIONS_ON_UPCOMING.cshtml(111): error CS0117: 'umbraco.item' does not contain a definition for 'id'
   at System.Web.Compilation.AssemblyBuilder.Compile()
   at System.Web.Compilation.BuildProvidersCompiler.PerformBuild()
   at System.Web.Compilation.BuildManager.CompileWebFile(VirtualPath virtualPath)
   at System.Web.Compilation.BuildManager.GetVPathBuildResultInternal(VirtualPath virtualPath, Boolean noBuild, Boolean allowCrossApp, Boolean allowBuildInPrecompile, Boolean throwIfNotFound, Boolean ensureIsUpToDate)
   at System.Web.Compilation.BuildManager.GetVPathBuildResultWithNoAssert(HttpContext context, VirtualPath virtualPath, Boolean noBuild, Boolean allowCrossApp, Boolean allowBuildInPrecompile, Boolean throwIfNotFound, Boolean ensureIsUpToDate)
   at System.Web.Compilation.BuildManager.GetVirtualPathObjectFactory(VirtualPath virtualPath, HttpContext context, Boolean allowCrossApp, Boolean throwIfNotFound)
   at System.Web.Compilation.BuildManager.GetCompiledType(VirtualPath virtualPath)
   at System.Web.Compilation.BuildManager.GetCompiledType(String virtualPath)
   at System.Web.Mvc.BuildManagerWrapper.System.Web.Mvc.IBuildManager.GetCompiledType(String virtualPath)
   at System.Web.Mvc.BuildManagerCompiledView.Render(ViewContext viewContext, TextWriter writer)
   at Umbraco.Core.Profiling.ProfilingView.Render(ViewContext viewContext, TextWriter writer)
   at Umbraco.Web.Mvc.ControllerExtensions.RenderViewResultAsString(ControllerBase controller, ViewResultBase viewResult)
   at Umbraco.Web.Macros.PartialViewMacroEngine.Execute(MacroModel macro, IPublishedContent content)
   at Umbraco.Web.Macros.PartialViewMacroEngine.Execute(MacroModel macro, INode node)
   at umbraco.macro.LoadPartialViewMacro(MacroModel macro)
   at umbraco.macro.renderMacro(Hashtable pageElements, Int32 pageId)
 2017-01-05 21:19:30,529 [P8816/D4/T241] ERROR Umbraco.Core.Dynamics.DynamicInstanceHelper - An error occurred finding and executing extension method "GetCropUrl" for type "Umbraco.Web.Models.DynamicPublishedContent". Types searched for extension methods were Umbraco.Web.Models.DynamicPublishedContent.
System.MissingMethodException: Method 'Umbraco.Web.Models.DynamicPublishedContent.GetCropUrl' not found.
   at Umbraco.Core.Dynamics.DynamicInstanceHelper.FindAndExecuteExtensionMethod[T](IRuntimeCacheProvider runtimeCache, T thisObject, Object[] args, String name, IEnumerable`1 findMethodsOnTypes)
   at Umbraco.Core.Dynamics.DynamicInstanceHelper.TryInvokeMember[T](IRuntimeCacheProvider runtimeCache, T thisObject, InvokeMemberBinder binder, Object[] args, IEnumerable`1 findExtensionMethodsOnTypes)
 2017-01-05 21:19:52,413 [P8816/D4/T267] ERROR Umbraco.Core.Dynamics.DynamicInstanceHelper - An error occurred finding and executing extension method "GetCropUrl" for type "Umbraco.Web.Models.DynamicPublishedContent". Types searched for extension methods were Umbraco.Web.Models.DynamicPublishedContent.
System.MissingMethodException: Method 'Umbraco.Web.Models.DynamicPublishedContent.GetCropUrl' not found.
   at Umbraco.Core.Dynamics.DynamicInstanceHelper.FindAndExecuteExtensionMethod[T](IRuntimeCacheProvider runtimeCache, T thisObject, Object[] args, String name, IEnumerable`1 findMethodsOnTypes)
   at Umbraco.Core.Dynamics.DynamicInstanceHelper.TryInvokeMember[T](IRuntimeCacheProvider runtimeCache, T thisObject, InvokeMemberBinder binder, Object[] args, IEnumerable`1 findExtensionMethodsOnTypes)
 2017-01-05 21:22:01,914 [P8816/D4/T13] ERROR Umbraco.Core.Dynamics.DynamicInstanceHelper - An error occurred finding and executing extension method "GetCropUrl" for type "Umbraco.Web.Models.DynamicPublishedContent". Types searched for extension methods were Umbraco.Web.Models.DynamicPublishedContent.
System.MissingMethodException: Method 'Umbraco.Web.Models.DynamicPublishedContent.GetCropUrl' not found.
   at Umbraco.Core.Dynamics.DynamicInstanceHelper.FindAndExecuteExtensionMethod[T](IRuntimeCacheProvider runtimeCache, T thisObject, Object[] args, String name, IEnumerable`1 findMethodsOnTypes)
   at Umbraco.Core.Dynamics.DynamicInstanceHelper.TryInvokeMember[T](IRuntimeCacheProvider runtimeCache, T thisObject, InvokeMemberBinder binder, Object[] args, IEnumerable`1 findExtensionMethodsOnTypes)
 2017-01-05 21:22:03,892 [P8816/D4/T242] ERROR Umbraco.Core.Dynamics.DynamicInstanceHelper - An error occurred finding and executing extension method "GetCropUrl" for type "Umbraco.Web.Models.DynamicPublishedContent". Types searched for extension methods were Umbraco.Web.Models.DynamicPublishedContent.
System.MissingMethodException: Method 'Umbraco.Web.Models.DynamicPublishedContent.GetCropUrl' not found.
   at Umbraco.Core.Dynamics.DynamicInstanceHelper.FindAndExecuteExtensionMethod[T](IRuntimeCacheProvider runtimeCache, T thisObject, Object[] args, String name, IEnumerable`1 findMethodsOnTypes)
   at Umbraco.Core.Dynamics.DynamicInstanceHelper.TryInvokeMember[T](IRuntimeCacheProvider runtimeCache, T thisObject, InvokeMemberBinder binder, Object[] args, IEnumerable`1 findExtensionMethodsOnTypes)
 2017-01-05 21:22:08,140 [P8816/D4/T245] ERROR Umbraco.Core.Dynamics.DynamicInstanceHelper - An error occurred finding and executing extension method "GetCropUrl" for type "Umbraco.Web.Models.DynamicPublishedContent". Types searched for extension methods were Umbraco.Web.Models.DynamicPublishedContent.
System.MissingMethodException: Method 'Umbraco.Web.Models.DynamicPublishedContent.GetCropUrl' not found.
   at Umbraco.Core.Dynamics.DynamicInstanceHelper.FindAndExecuteExtensionMethod[T](IRuntimeCacheProvider runtimeCache, T thisObject, Object[] args, String name, IEnumerable`1 findMethodsOnTypes)
   at Umbraco.Core.Dynamics.DynamicInstanceHelper.TryInvokeMember[T](IRuntimeCacheProvider runtimeCache, T thisObject, InvokeMemberBinder binder, Object[] args, IEnumerable`1 findExtensionMethodsOnTypes)
 2017-01-05 21:24:23,451 [P2396/D2/T1] INFO  Umbraco.Core.CoreBootManager - Umbraco 7.5.4 application starting on HOMEPC
 2017-01-05 21:24:23,462 [P2396/D2/T1] INFO  Umbraco.Core.PluginManager - Determining hash of code files on disk
 2017-01-05 21:24:23,467 [P2396/D2/T1] INFO  Umbraco.Core.PluginManager - Hash determined (took 5ms)
 2017-01-05 21:24:23,511 [P2396/D2/T1] INFO  Umbraco.Core.PluginManager - Starting resolution types of umbraco.interfaces.IApplicationStartupHandler
 2017-01-05 21:24:23,555 [P2396/D2/T1] INFO  Umbraco.Core.PluginManager - Completed resolution of types of umbraco.interfaces.IApplicationStartupHandler, found 0 (took 43ms)
 2017-01-05 21:24:23,585 [P2396/D2/T1] INFO  Umbraco.Core.PluginManager - Starting resolution types of Umbraco.Core.PropertyEditors.IPropertyEditorValueConverter
 2017-01-05 21:24:23,585 [P2396/D2/T1] INFO  Umbraco.Core.PluginManager - Completed resolution of types of Umbraco.Core.PropertyEditors.IPropertyEditorValueConverter, found 0 (took 0ms)
 2017-01-05 21:24:23,586 [P2396/D2/T1] INFO  Umbraco.Core.PluginManager - Starting resolution types of Umbraco.Core.PropertyEditors.IPropertyValueConverter
 2017-01-05 21:24:23,587 [P2396/D2/T1] INFO  Umbraco.Core.PluginManager - Completed resolution of types of Umbraco.Core.PropertyEditors.IPropertyValueConverter, found 0 (took 1ms)
 2017-01-05 21:24:23,594 [P2396/D2/T1] INFO  Umbraco.Core.PluginManager - Starting resolution types of Umbraco.Web.Mvc.SurfaceController
 2017-01-05 21:24:23,601 [P2396/D2/T1] INFO  Umbraco.Core.PluginManager - Completed resolution of types of Umbraco.Web.Mvc.SurfaceController, found 0 (took 6ms)
 2017-01-05 21:24:23,601 [P2396/D2/T1] INFO  Umbraco.Core.PluginManager - Starting resolution types of Umbraco.Web.WebApi.UmbracoApiController
 2017-01-05 21:24:23,605 [P2396/D2/T1] INFO  Umbraco.Core.PluginManager - Completed resolution of types of Umbraco.Web.WebApi.UmbracoApiController, found 0 (took 4ms)
 2017-01-05 21:24:23,652 [P2396/D2/T1] INFO  Umbraco.Core.PluginManager - Starting resolution types of Umbraco.Core.Media.IThumbnailProvider
 2017-01-05 21:24:23,653 [P2396/D2/T1] INFO  Umbraco.Core.PluginManager - Completed resolution of types of Umbraco.Core.Media.IThumbnailProvider, found 0 (took 0ms)
 2017-01-05 21:24:23,653 [P2396/D2/T1] INFO  Umbraco.Core.PluginManager - Starting resolution types of Umbraco.Core.Media.IImageUrlProvider
 2017-01-05 21:24:23,654 [P2396/D2/T1] INFO  Umbraco.Core.PluginManager - Completed resolution of types of Umbraco.Core.Media.IImageUrlProvider, found 0 (took 0ms)
 2017-01-05 21:24:24,382 [P2396/D2/T1] INFO  Umbraco.Core.DatabaseContext - CanConnect = True
 2017-01-05 21:24:24,584 [P2396/D2/T1] INFO  Umbraco.Core.DatabaseContext - CanConnect = True
 2017-01-05 21:24:24,611 [P2396/D2/T1] INFO  Umbraco.Core.DatabaseContext - CanConnect = True
 2017-01-05 21:24:24,688 [P2396/D2/T1] INFO  Umbraco.Web.Cache.CacheRefresherEventHandler - Initializing Umbraco internal event handlers for cache refreshing
 2017-01-05 21:24:24,785 [P2396/D2/T1] INFO  Umbraco.Web.Search.ExamineEvents - Initializing Examine and binding to business logic events
 2017-01-05 21:24:24,785 [P2396/D2/T1] INFO  Umbraco.Web.Search.ExamineEvents - Adding examine event handlers for index providers: 3
 2017-01-05 21:24:24,795 [P2396/D2/T1] INFO  Umbraco.Core.CoreBootManager - Umbraco application startup complete (took 1388ms)
 2017-01-05 21:24:25,270 [P2396/D2/T8] INFO  Umbraco.Core.Sync.ApplicationUrlHelper - ApplicationUrl: http://localhost:17606/umbraco (UmbracoModule request)
 2017-01-05 21:24:25,527 [P2396/D2/T12] INFO  umbraco.content - Load Xml from file...
 2017-01-05 21:24:25,528 [P2396/D2/T12] INFO  umbraco.content - Loaded Xml from file.
 2017-01-05 21:24:25,682 [P2396/D2/T12] WARN  Umbraco.Web.UmbracoModule - Status code is 404 yet TrySkipIisCustomErrors is false - IIS will take over.
 2017-01-05 21:24:26,034 [P2396/D2/T8] INFO  Umbraco.Core.PluginManager - Starting resolution types of Umbraco.Core.PropertyEditors.IParameterEditor
 2017-01-05 21:24:26,035 [P2396/D2/T8] INFO  Umbraco.Core.PluginManager - Completed resolution of types of Umbraco.Core.PropertyEditors.IParameterEditor, found 0 (took 0ms)
 2017-01-05 21:24:30,315 [P2396/D2/T8] INFO  Umbraco.Core.PluginManager - Starting resolution types of Umbraco.Core.Persistence.Mappers.BaseMapper
 2017-01-05 21:24:30,316 [P2396/D2/T8] INFO  Umbraco.Core.PluginManager - Completed resolution of types of Umbraco.Core.Persistence.Mappers.BaseMapper, found 0 (took 0ms)
 2017-01-05 21:24:30,440 [P2396/D2/T8] INFO  Umbraco.Core.PluginManager - Starting resolution types of Umbraco.Core.PropertyEditors.IParameterEditor
 2017-01-05 21:24:30,440 [P2396/D2/T8] INFO  Umbraco.Core.PluginManager - Completed resolution of types of Umbraco.Core.PropertyEditors.IParameterEditor, found 0 (took 0ms)
 2017-01-05 21:24:30,454 [P2396/D2/T8] INFO  Umbraco.Core.PluginManager - Starting resolution types of umbraco.cms.businesslogic.macro.IMacroEngine
 2017-01-05 21:24:30,455 [P2396/D2/T8] INFO  Umbraco.Core.PluginManager - Completed resolution of types of umbraco.cms.businesslogic.macro.IMacroEngine, found 0 (took 0ms)
 2017-01-05 21:24:32,361 [P2396/D2/T8] ERROR Umbraco.Core.Dynamics.DynamicInstanceHelper - An error occurred finding and executing extension method "GetCropUrl" for type "Umbraco.Web.Models.DynamicPublishedContent". Types searched for extension methods were Umbraco.Web.Models.DynamicPublishedContent.
System.MissingMethodException: Method 'Umbraco.Web.Models.DynamicPublishedContent.GetCropUrl' not found.
   at Umbraco.Core.Dynamics.DynamicInstanceHelper.FindAndExecuteExtensionMethod[T](IRuntimeCacheProvider runtimeCache, T thisObject, Object[] args, String name, IEnumerable`1 findMethodsOnTypes)
   at Umbraco.Core.Dynamics.DynamicInstanceHelper.TryInvokeMember[T](IRuntimeCacheProvider runtimeCache, T thisObject, InvokeMemberBinder binder, Object[] args, IEnumerable`1 findExtensionMethodsOnTypes)
 2017-01-05 21:24:36,278 [P2396/D2/T8] ERROR Umbraco.Core.Dynamics.DynamicInstanceHelper - An error occurred finding and executing extension method "GetCropUrl" for type "Umbraco.Web.Models.DynamicPublishedContent". Types searched for extension methods were Umbraco.Web.Models.DynamicPublishedContent.
System.MissingMethodException: Method 'Umbraco.Web.Models.DynamicPublishedContent.GetCropUrl' not found.
   at Umbraco.Core.Dynamics.DynamicInstanceHelper.FindAndExecuteExtensionMethod[T](IRuntimeCacheProvider runtimeCache, T thisObject, Object[] args, String name, IEnumerable`1 findMethodsOnTypes)
   at Umbraco.Core.Dynamics.DynamicInstanceHelper.TryInvokeMember[T](IRuntimeCacheProvider runtimeCache, T thisObject, InvokeMemberBinder binder, Object[] args, IEnumerable`1 findExtensionMethodsOnTypes)
 2017-01-05 21:24:44,868 [P2396/D2/T16] ERROR Umbraco.Core.Dynamics.DynamicInstanceHelper - An error occurred finding and executing extension method "GetCropUrl" for type "Umbraco.Web.Models.DynamicPublishedContent". Types searched for extension methods were Umbraco.Web.Models.DynamicPublishedContent.
System.MissingMethodException: Method 'Umbraco.Web.Models.DynamicPublishedContent.GetCropUrl' not found.
   at Umbraco.Core.Dynamics.DynamicInstanceHelper.FindAndExecuteExtensionMethod[T](IRuntimeCacheProvider runtimeCache, T thisObject, Object[] args, String name, IEnumerable`1 findMethodsOnTypes)
   at Umbraco.Core.Dynamics.DynamicInstanceHelper.TryInvokeMember[T](IRuntimeCacheProvider runtimeCache, T thisObject, InvokeMemberBinder binder, Object[] args, IEnumerable`1 findExtensionMethodsOnTypes)
 2017-01-05 21:24:51,728 [P2396/D2/T12] ERROR Umbraco.Core.Dynamics.DynamicInstanceHelper - An error occurred finding and executing extension method "GetCropUrl" for type "Umbraco.Web.Models.DynamicPublishedContent". Types searched for extension methods were Umbraco.Web.Models.DynamicPublishedContent.
System.MissingMethodException: Method 'Umbraco.Web.Models.DynamicPublishedContent.GetCropUrl' not found.
   at Umbraco.Core.Dynamics.DynamicInstanceHelper.FindAndExecuteExtensionMethod[T](IRuntimeCacheProvider runtimeCache, T thisObject, Object[] args, String name, IEnumerable`1 findMethodsOnTypes)
   at Umbraco.Core.Dynamics.DynamicInstanceHelper.TryInvokeMember[T](IRuntimeCacheProvider runtimeCache, T thisObject, InvokeMemberBinder binder, Object[] args, IEnumerable`1 findExtensionMethodsOnTypes)
 2017-01-05 21:25:25,627 [P2396/D2/T15] INFO  umbraco.BusinessLogic.Log - Log scrubbed.  Removed all items older than 2560-01-04 21:25:25
 2017-01-05 21:25:45,045 [P2396/D2/T18] ERROR Umbraco.Core.Dynamics.DynamicInstanceHelper - An error occurred finding and executing extension method "GetCropUrl" for type "Umbraco.Web.Models.DynamicPublishedContent". Types searched for extension methods were Umbraco.Web.Models.DynamicPublishedContent.
System.MissingMethodException: Method 'Umbraco.Web.Models.DynamicPublishedContent.GetCropUrl' not found.
   at Umbraco.Core.Dynamics.DynamicInstanceHelper.FindAndExecuteExtensionMethod[T](IRuntimeCacheProvider runtimeCache, T thisObject, Object[] args, String name, IEnumerable`1 findMethodsOnTypes)
   at Umbraco.Core.Dynamics.DynamicInstanceHelper.TryInvokeMember[T](IRuntimeCacheProvider runtimeCache, T thisObject, InvokeMemberBinder binder, Object[] args, IEnumerable`1 findExtensionMethodsOnTypes)
 2017-01-05 21:25:47,888 [P2396/D2/T18] ERROR Umbraco.Core.Dynamics.DynamicInstanceHelper - An error occurred finding and executing extension method "GetCropUrl" for type "Umbraco.Web.Models.DynamicPublishedContent". Types searched for extension methods were Umbraco.Web.Models.DynamicPublishedContent.
System.MissingMethodException: Method 'Umbraco.Web.Models.DynamicPublishedContent.GetCropUrl' not found.
   at Umbraco.Core.Dynamics.DynamicInstanceHelper.FindAndExecuteExtensionMethod[T](IRuntimeCacheProvider runtimeCache, T thisObject, Object[] args, String name, IEnumerable`1 findMethodsOnTypes)
   at Umbraco.Core.Dynamics.DynamicInstanceHelper.TryInvokeMember[T](IRuntimeCacheProvider runtimeCache, T thisObject, InvokeMemberBinder binder, Object[] args, IEnumerable`1 findExtensionMethodsOnTypes)
 2017-01-05 21:25:49,020 [P2396/D2/T21] ERROR Umbraco.Core.Dynamics.DynamicInstanceHelper - An error occurred finding and executing extension method "GetCropUrl" for type "Umbraco.Web.Models.DynamicPublishedContent". Types searched for extension methods were Umbraco.Web.Models.DynamicPublishedContent.
System.MissingMethodException: Method 'Umbraco.Web.Models.DynamicPublishedContent.GetCropUrl' not found.
   at Umbraco.Core.Dynamics.DynamicInstanceHelper.FindAndExecuteExtensionMethod[T](IRuntimeCacheProvider runtimeCache, T thisObject, Object[] args, String name, IEnumerable`1 findMethodsOnTypes)
   at Umbraco.Core.Dynamics.DynamicInstanceHelper.TryInvokeMember[T](IRuntimeCacheProvider runtimeCache, T thisObject, InvokeMemberBinder binder, Object[] args, IEnumerable`1 findExtensionMethodsOnTypes)
 2017-01-05 21:26:43,106 [P2396/D2/T21] ERROR Umbraco.Core.Dynamics.DynamicInstanceHelper - An error occurred finding and executing extension method "GetCropUrl" for type "Umbraco.Web.Models.DynamicPublishedContent". Types searched for extension methods were Umbraco.Web.Models.DynamicPublishedContent.
System.MissingMethodException: Method 'Umbraco.Web.Models.DynamicPublishedContent.GetCropUrl' not found.
   at Umbraco.Core.Dynamics.DynamicInstanceHelper.FindAndExecuteExtensionMethod[T](IRuntimeCacheProvider runtimeCache, T thisObject, Object[] args, String name, IEnumerable`1 findMethodsOnTypes)
   at Umbraco.Core.Dynamics.DynamicInstanceHelper.TryInvokeMember[T](IRuntimeCacheProvider runtimeCache, T thisObject, InvokeMemberBinder binder, Object[] args, IEnumerable`1 findExtensionMethodsOnTypes)
 2017-01-05 21:26:45,435 [P2396/D2/T18] ERROR Umbraco.Core.Dynamics.DynamicInstanceHelper - An error occurred finding and executing extension method "GetCropUrl" for type "Umbraco.Web.Models.DynamicPublishedContent". Types searched for extension methods were Umbraco.Web.Models.DynamicPublishedContent.
System.MissingMethodException: Method 'Umbraco.Web.Models.DynamicPublishedContent.GetCropUrl' not found.
   at Umbraco.Core.Dynamics.DynamicInstanceHelper.FindAndExecuteExtensionMethod[T](IRuntimeCacheProvider runtimeCache, T thisObject, Object[] args, String name, IEnumerable`1 findMethodsOnTypes)
   at Umbraco.Core.Dynamics.DynamicInstanceHelper.TryInvokeMember[T](IRuntimeCacheProvider runtimeCache, T thisObject, InvokeMemberBinder binder, Object[] args, IEnumerable`1 findExtensionMethodsOnTypes)
 2017-01-05 21:26:47,687 [P2396/D2/T18] ERROR Umbraco.Core.Dynamics.DynamicInstanceHelper - An error occurred finding and executing extension method "GetCropUrl" for type "Umbraco.Web.Models.DynamicPublishedContent". Types searched for extension methods were Umbraco.Web.Models.DynamicPublishedContent.
System.MissingMethodException: Method 'Umbraco.Web.Models.DynamicPublishedContent.GetCropUrl' not found.
   at Umbraco.Core.Dynamics.DynamicInstanceHelper.FindAndExecuteExtensionMethod[T](IRuntimeCacheProvider runtimeCache, T thisObject, Object[] args, String name, IEnumerable`1 findMethodsOnTypes)
   at Umbraco.Core.Dynamics.DynamicInstanceHelper.TryInvokeMember[T](IRuntimeCacheProvider runtimeCache, T thisObject, InvokeMemberBinder binder, Object[] args, IEnumerable`1 findExtensionMethodsOnTypes)
 2017-01-05 21:27:32,736 [P2396/D2/T33] ERROR Umbraco.Core.Dynamics.DynamicInstanceHelper - An error occurred finding and executing extension method "GetCropUrl" for type "Umbraco.Web.Models.DynamicPublishedContent". Types searched for extension methods were Umbraco.Web.Models.DynamicPublishedContent.
System.MissingMethodException: Method 'Umbraco.Web.Models.DynamicPublishedContent.GetCropUrl' not found.
   at Umbraco.Core.Dynamics.DynamicInstanceHelper.FindAndExecuteExtensionMethod[T](IRuntimeCacheProvider runtimeCache, T thisObject, Object[] args, String name, IEnumerable`1 findMethodsOnTypes)
   at Umbraco.Core.Dynamics.DynamicInstanceHelper.TryInvokeMember[T](IRuntimeCacheProvider runtimeCache, T thisObject, InvokeMemberBinder binder, Object[] args, IEnumerable`1 findExtensionMethodsOnTypes)
 2017-01-05 21:27:35,450 [P2396/D2/T27] ERROR Umbraco.Core.Dynamics.DynamicInstanceHelper - An error occurred finding and executing extension method "GetCropUrl" for type "Umbraco.Web.Models.DynamicPublishedContent". Types searched for extension methods were Umbraco.Web.Models.DynamicPublishedContent.
System.MissingMethodException: Method 'Umbraco.Web.Models.DynamicPublishedContent.GetCropUrl' not found.
   at Umbraco.Core.Dynamics.DynamicInstanceHelper.FindAndExecuteExtensionMethod[T](IRuntimeCacheProvider runtimeCache, T thisObject, Object[] args, String name, IEnumerable`1 findMethodsOnTypes)
   at Umbraco.Core.Dynamics.DynamicInstanceHelper.TryInvokeMember[T](IRuntimeCacheProvider runtimeCache, T thisObject, InvokeMemberBinder binder, Object[] args, IEnumerable`1 findExtensionMethodsOnTypes)
 2017-01-05 21:28:18,154 [P2396/D2/T31] ERROR Umbraco.Core.Dynamics.DynamicInstanceHelper - An error occurred finding and executing extension method "GetCropUrl" for type "Umbraco.Web.Models.DynamicPublishedContent". Types searched for extension methods were Umbraco.Web.Models.DynamicPublishedContent.
System.MissingMethodException: Method 'Umbraco.Web.Models.DynamicPublishedContent.GetCropUrl' not found.
   at Umbraco.Core.Dynamics.DynamicInstanceHelper.FindAndExecuteExtensionMethod[T](IRuntimeCacheProvider runtimeCache, T thisObject, Object[] args, String name, IEnumerable`1 findMethodsOnTypes)
   at Umbraco.Core.Dynamics.DynamicInstanceHelper.TryInvokeMember[T](IRuntimeCacheProvider runtimeCache, T thisObject, InvokeMemberBinder binder, Object[] args, IEnumerable`1 findExtensionMethodsOnTypes)
 2017-01-05 21:28:22,345 [P2396/D2/T50] ERROR Umbraco.Core.Dynamics.DynamicInstanceHelper - An error occurred finding and executing extension method "GetCropUrl" for type "Umbraco.Web.Models.DynamicPublishedContent". Types searched for extension methods were Umbraco.Web.Models.DynamicPublishedContent.
System.MissingMethodException: Method 'Umbraco.Web.Models.DynamicPublishedContent.GetCropUrl' not found.
   at Umbraco.Core.Dynamics.DynamicInstanceHelper.FindAndExecuteExtensionMethod[T](IRuntimeCacheProvider runtimeCache, T thisObject, Object[] args, String name, IEnumerable`1 findMethodsOnTypes)
   at Umbraco.Core.Dynamics.DynamicInstanceHelper.TryInvokeMember[T](IRuntimeCacheProvider runtimeCache, T thisObject, InvokeMemberBinder binder, Object[] args, IEnumerable`1 findExtensionMethodsOnTypes)
 2017-01-05 21:28:41,769 [P2396/D2/T54] ERROR Umbraco.Core.Dynamics.DynamicInstanceHelper - An error occurred finding and executing extension method "GetCropUrl" for type "Umbraco.Web.Models.DynamicPublishedContent". Types searched for extension methods were Umbraco.Web.Models.DynamicPublishedContent.
System.MissingMethodException: Method 'Umbraco.Web.Models.DynamicPublishedContent.GetCropUrl' not found.
   at Umbraco.Core.Dynamics.DynamicInstanceHelper.FindAndExecuteExtensionMethod[T](IRuntimeCacheProvider runtimeCache, T thisObject, Object[] args, String name, IEnumerable`1 findMethodsOnTypes)
   at Umbraco.Core.Dynamics.DynamicInstanceHelper.TryInvokeMember[T](IRuntimeCacheProvider runtimeCache, T thisObject, InvokeMemberBinder binder, Object[] args, IEnumerable`1 findExtensionMethodsOnTypes)
 2017-01-05 21:29:41,637 [P2396/D2/T46] ERROR Umbraco.Core.Dynamics.DynamicInstanceHelper - An error occurred finding and executing extension method "GetCropUrl" for type "Umbraco.Web.Models.DynamicPublishedContent". Types searched for extension methods were Umbraco.Web.Models.DynamicPublishedContent.
System.MissingMethodException: Method 'Umbraco.Web.Models.DynamicPublishedContent.GetCropUrl' not found.
   at Umbraco.Core.Dynamics.DynamicInstanceHelper.FindAndExecuteExtensionMethod[T](IRuntimeCacheProvider runtimeCache, T thisObject, Object[] args, String name, IEnumerable`1 findMethodsOnTypes)
   at Umbraco.Core.Dynamics.DynamicInstanceHelper.TryInvokeMember[T](IRuntimeCacheProvider runtimeCache, T thisObject, InvokeMemberBinder binder, Object[] args, IEnumerable`1 findExtensionMethodsOnTypes)
 2017-01-05 21:29:48,838 [P2396/D2/T52] ERROR Umbraco.Core.Dynamics.DynamicInstanceHelper - An error occurred finding and executing extension method "GetCropUrl" for type "Umbraco.Web.Models.DynamicPublishedContent". Types searched for extension methods were Umbraco.Web.Models.DynamicPublishedContent.
System.MissingMethodException: Method 'Umbraco.Web.Models.DynamicPublishedContent.GetCropUrl' not found.
   at Umbraco.Core.Dynamics.DynamicInstanceHelper.FindAndExecuteExtensionMethod[T](IRuntimeCacheProvider runtimeCache, T thisObject, Object[] args, String name, IEnumerable`1 findMethodsOnTypes)
   at Umbraco.Core.Dynamics.DynamicInstanceHelper.TryInvokeMember[T](IRuntimeCacheProvider runtimeCache, T thisObject, InvokeMemberBinder binder, Object[] args, IEnumerable`1 findExtensionMethodsOnTypes)
 2017-01-05 21:29:57,438 [P2396/D2/T56] ERROR Umbraco.Core.Dynamics.DynamicInstanceHelper - An error occurred finding and executing extension method "GetCropUrl" for type "Umbraco.Web.Models.DynamicPublishedContent". Types searched for extension methods were Umbraco.Web.Models.DynamicPublishedContent.
System.MissingMethodException: Method 'Umbraco.Web.Models.DynamicPublishedContent.GetCropUrl' not found.
   at Umbraco.Core.Dynamics.DynamicInstanceHelper.FindAndExecuteExtensionMethod[T](IRuntimeCacheProvider runtimeCache, T thisObject, Object[] args, String name, IEnumerable`1 findMethodsOnTypes)
   at Umbraco.Core.Dynamics.DynamicInstanceHelper.TryInvokeMember[T](IRuntimeCacheProvider runtimeCache, T thisObject, InvokeMemberBinder binder, Object[] args, IEnumerable`1 findExtensionMethodsOnTypes)
 2017-01-05 21:30:27,409 [P2396/D2/T54] WARN  umbraco.macro - Error loading partial view macro (View: ~/Views/MacroPartials/EXHIBITIONS_ON_UPCOMING.cshtml). Exception: System.Web.HttpCompileException (0x80004005): c:\queengallery\queengallery\Views\MacroPartials\EXHIBITIONS_ON_UPCOMING.cshtml(141): error CS0103: The name 'Now' does not exist in the current context
   at System.Web.Compilation.AssemblyBuilder.Compile()
   at System.Web.Compilation.BuildProvidersCompiler.PerformBuild()
   at System.Web.Compilation.BuildManager.CompileWebFile(VirtualPath virtualPath)
   at System.Web.Compilation.BuildManager.GetVPathBuildResultInternal(VirtualPath virtualPath, Boolean noBuild, Boolean allowCrossApp, Boolean allowBuildInPrecompile, Boolean throwIfNotFound, Boolean ensureIsUpToDate)
   at System.Web.Compilation.BuildManager.GetVPathBuildResultWithNoAssert(HttpContext context, VirtualPath virtualPath, Boolean noBuild, Boolean allowCrossApp, Boolean allowBuildInPrecompile, Boolean throwIfNotFound, Boolean ensureIsUpToDate)
   at System.Web.Compilation.BuildManager.GetVirtualPathObjectFactory(VirtualPath virtualPath, HttpContext context, Boolean allowCrossApp, Boolean throwIfNotFound)
   at System.Web.Compilation.BuildManager.GetCompiledType(VirtualPath virtualPath)
   at System.Web.Compilation.BuildManager.GetCompiledType(String virtualPath)
   at System.Web.Mvc.BuildManagerWrapper.System.Web.Mvc.IBuildManager.GetCompiledType(String virtualPath)
   at System.Web.Mvc.BuildManagerCompiledView.Render(ViewContext viewContext, TextWriter writer)
   at Umbraco.Core.Profiling.ProfilingView.Render(ViewContext viewContext, TextWriter writer)
   at Umbraco.Web.Mvc.ControllerExtensions.RenderViewResultAsString(ControllerBase controller, ViewResultBase viewResult)
   at Umbraco.Web.Macros.PartialViewMacroEngine.Execute(MacroModel macro, IPublishedContent content)
   at Umbraco.Web.Macros.PartialViewMacroEngine.Execute(MacroModel macro, INode node)
   at umbraco.macro.LoadPartialViewMacro(MacroModel macro)
   at umbraco.macro.renderMacro(Hashtable pageElements, Int32 pageId)
 2017-01-05 21:30:27,409 [P2396/D2/T54] WARN  umbraco.macro - Error loading Partial View (file: ~/Views/MacroPartials/EXHIBITIONS_ON_UPCOMING.cshtml). Exception: System.Web.HttpCompileException (0x80004005): c:\queengallery\queengallery\Views\MacroPartials\EXHIBITIONS_ON_UPCOMING.cshtml(141): error CS0103: The name 'Now' does not exist in the current context
   at System.Web.Compilation.AssemblyBuilder.Compile()
   at System.Web.Compilation.BuildProvidersCompiler.PerformBuild()
   at System.Web.Compilation.BuildManager.CompileWebFile(VirtualPath virtualPath)
   at System.Web.Compilation.BuildManager.GetVPathBuildResultInternal(VirtualPath virtualPath, Boolean noBuild, Boolean allowCrossApp, Boolean allowBuildInPrecompile, Boolean throwIfNotFound, Boolean ensureIsUpToDate)
   at System.Web.Compilation.BuildManager.GetVPathBuildResultWithNoAssert(HttpContext context, VirtualPath virtualPath, Boolean noBuild, Boolean allowCrossApp, Boolean allowBuildInPrecompile, Boolean throwIfNotFound, Boolean ensureIsUpToDate)
   at System.Web.Compilation.BuildManager.GetVirtualPathObjectFactory(VirtualPath virtualPath, HttpContext context, Boolean allowCrossApp, Boolean throwIfNotFound)
   at System.Web.Compilation.BuildManager.GetCompiledType(VirtualPath virtualPath)
   at System.Web.Compilation.BuildManager.GetCompiledType(String virtualPath)
   at System.Web.Mvc.BuildManagerWrapper.System.Web.Mvc.IBuildManager.GetCompiledType(String virtualPath)
   at System.Web.Mvc.BuildManagerCompiledView.Render(ViewContext viewContext, TextWriter writer)
   at Umbraco.Core.Profiling.ProfilingView.Render(ViewContext viewContext, TextWriter writer)
   at Umbraco.Web.Mvc.ControllerExtensions.RenderViewResultAsString(ControllerBase controller, ViewResultBase viewResult)
   at Umbraco.Web.Macros.PartialViewMacroEngine.Execute(MacroModel macro, IPublishedContent content)
   at Umbraco.Web.Macros.PartialViewMacroEngine.Execute(MacroModel macro, INode node)
   at umbraco.macro.LoadPartialViewMacro(MacroModel macro)
   at umbraco.macro.renderMacro(Hashtable pageElements, Int32 pageId)
 2017-01-05 21:30:27,411 [P2396/D2/T54] WARN  Umbraco.Core.Services.LocalizedTextService - The culture specified th-TH was not found in any configured sources for this service
 2017-01-05 21:31:13,106 [P2396/D2/T69] ERROR Umbraco.Core.Dynamics.DynamicInstanceHelper - An error occurred finding and executing extension method "GetCropUrl" for type "Umbraco.Web.Models.DynamicPublishedContent". Types searched for extension methods were Umbraco.Web.Models.DynamicPublishedContent.
System.MissingMethodException: Method 'Umbraco.Web.Models.DynamicPublishedContent.GetCropUrl' not found.
   at Umbraco.Core.Dynamics.DynamicInstanceHelper.FindAndExecuteExtensionMethod[T](IRuntimeCacheProvider runtimeCache, T thisObject, Object[] args, String name, IEnumerable`1 findMethodsOnTypes)
   at Umbraco.Core.Dynamics.DynamicInstanceHelper.TryInvokeMember[T](IRuntimeCacheProvider runtimeCache, T thisObject, InvokeMemberBinder binder, Object[] args, IEnumerable`1 findExtensionMethodsOnTypes)
 2017-01-05 21:32:41,700 [P2396/D2/T59] ERROR Umbraco.Core.Dynamics.DynamicInstanceHelper - An error occurred finding and executing extension method "GetCropUrl" for type "Umbraco.Web.Models.DynamicPublishedContent". Types searched for extension methods were Umbraco.Web.Models.DynamicPublishedContent.
System.MissingMethodException: Method 'Umbraco.Web.Models.DynamicPublishedContent.GetCropUrl' not found.
   at Umbraco.Core.Dynamics.DynamicInstanceHelper.FindAndExecuteExtensionMethod[T](IRuntimeCacheProvider runtimeCache, T thisObject, Object[] args, String name, IEnumerable`1 findMethodsOnTypes)
   at Umbraco.Core.Dynamics.DynamicInstanceHelper.TryInvokeMember[T](IRuntimeCacheProvider runtimeCache, T thisObject, InvokeMemberBinder binder, Object[] args, IEnumerable`1 findExtensionMethodsOnTypes)
 2017-01-05 21:32:53,257 [P2396/D2/T46] ERROR Umbraco.Core.Dynamics.DynamicInstanceHelper - An error occurred finding and executing extension method "GetCropUrl" for type "Umbraco.Web.Models.DynamicPublishedContent". Types searched for extension methods were Umbraco.Web.Models.DynamicPublishedContent.
System.MissingMethodException: Method 'Umbraco.Web.Models.DynamicPublishedContent.GetCropUrl' not found.
   at Umbraco.Core.Dynamics.DynamicInstanceHelper.FindAndExecuteExtensionMethod[T](IRuntimeCacheProvider runtimeCache, T thisObject, Object[] args, String name, IEnumerable`1 findMethodsOnTypes)
   at Umbraco.Core.Dynamics.DynamicInstanceHelper.TryInvokeMember[T](IRuntimeCacheProvider runtimeCache, T thisObject, InvokeMemberBinder binder, Object[] args, IEnumerable`1 findExtensionMethodsOnTypes)
 2017-01-05 21:35:24,811 [P2396/D2/T45] ERROR Umbraco.Core.Dynamics.DynamicInstanceHelper - An error occurred finding and executing extension method "GetCropUrl" for type "Umbraco.Web.Models.DynamicPublishedContent". Types searched for extension methods were Umbraco.Web.Models.DynamicPublishedContent.
System.MissingMethodException: Method 'Umbraco.Web.Models.DynamicPublishedContent.GetCropUrl' not found.
   at Umbraco.Core.Dynamics.DynamicInstanceHelper.FindAndExecuteExtensionMethod[T](IRuntimeCacheProvider runtimeCache, T thisObject, Object[] args, String name, IEnumerable`1 findMethodsOnTypes)
   at Umbraco.Core.Dynamics.DynamicInstanceHelper.TryInvokeMember[T](IRuntimeCacheProvider runtimeCache, T thisObject, InvokeMemberBinder binder, Object[] args, IEnumerable`1 findExtensionMethodsOnTypes)
 2017-01-05 21:35:36,971 [P2396/D2/T49] ERROR Umbraco.Core.Dynamics.DynamicInstanceHelper - An error occurred finding and executing extension method "GetCropUrl" for type "Umbraco.Web.Models.DynamicPublishedContent". Types searched for extension methods were Umbraco.Web.Models.DynamicPublishedContent.
System.MissingMethodException: Method 'Umbraco.Web.Models.DynamicPublishedContent.GetCropUrl' not found.
   at Umbraco.Core.Dynamics.DynamicInstanceHelper.FindAndExecuteExtensionMethod[T](IRuntimeCacheProvider runtimeCache, T thisObject, Object[] args, String name, IEnumerable`1 findMethodsOnTypes)
   at Umbraco.Core.Dynamics.DynamicInstanceHelper.TryInvokeMember[T](IRuntimeCacheProvider runtimeCache, T thisObject, InvokeMemberBinder binder, Object[] args, IEnumerable`1 findExtensionMethodsOnTypes)
 2017-01-05 21:35:48,500 [P2396/D2/T59] ERROR Umbraco.Core.Dynamics.DynamicInstanceHelper - An error occurred finding and executing extension method "GetCropUrl" for type "Umbraco.Web.Models.DynamicPublishedContent". Types searched for extension methods were Umbraco.Web.Models.DynamicPublishedContent.
System.MissingMethodException: Method 'Umbraco.Web.Models.DynamicPublishedContent.GetCropUrl' not found.
   at Umbraco.Core.Dynamics.DynamicInstanceHelper.FindAndExecuteExtensionMethod[T](IRuntimeCacheProvider runtimeCache, T thisObject, Object[] args, String name, IEnumerable`1 findMethodsOnTypes)
   at Umbraco.Core.Dynamics.DynamicInstanceHelper.TryInvokeMember[T](IRuntimeCacheProvider runtimeCache, T thisObject, InvokeMemberBinder binder, Object[] args, IEnumerable`1 findExtensionMethodsOnTypes)
 2017-01-05 21:36:07,762 [P2396/D2/T59] ERROR Umbraco.Core.Dynamics.DynamicInstanceHelper - An error occurred finding and executing extension method "GetCropUrl" for type "Umbraco.Web.Models.DynamicPublishedContent". Types searched for extension methods were Umbraco.Web.Models.DynamicPublishedContent.
System.MissingMethodException: Method 'Umbraco.Web.Models.DynamicPublishedContent.GetCropUrl' not found.
   at Umbraco.Core.Dynamics.DynamicInstanceHelper.FindAndExecuteExtensionMethod[T](IRuntimeCacheProvider runtimeCache, T thisObject, Object[] args, String name, IEnumerable`1 findMethodsOnTypes)
   at Umbraco.Core.Dynamics.DynamicInstanceHelper.TryInvokeMember[T](IRuntimeCacheProvider runtimeCache, T thisObject, InvokeMemberBinder binder, Object[] args, IEnumerable`1 findExtensionMethodsOnTypes)
 2017-01-05 21:36:33,284 [P2396/D2/T55] ERROR Umbraco.Core.Dynamics.DynamicInstanceHelper - An error occurred finding and executing extension method "GetCropUrl" for type "Umbraco.Web.Models.DynamicPublishedContent". Types searched for extension methods were Umbraco.Web.Models.DynamicPublishedContent.
System.MissingMethodException: Method 'Umbraco.Web.Models.DynamicPublishedContent.GetCropUrl' not found.
   at Umbraco.Core.Dynamics.DynamicInstanceHelper.FindAndExecuteExtensionMethod[T](IRuntimeCacheProvider runtimeCache, T thisObject, Object[] args, String name, IEnumerable`1 findMethodsOnTypes)
   at Umbraco.Core.Dynamics.DynamicInstanceHelper.TryInvokeMember[T](IRuntimeCacheProvider runtimeCache, T thisObject, InvokeMemberBinder binder, Object[] args, IEnumerable`1 findExtensionMethodsOnTypes)
 2017-01-05 21:36:43,400 [P2396/D2/T53] ERROR Umbraco.Core.Dynamics.DynamicInstanceHelper - An error occurred finding and executing extension method "GetCropUrl" for type "Umbraco.Web.Models.DynamicPublishedContent". Types searched for extension methods were Umbraco.Web.Models.DynamicPublishedContent.
System.MissingMethodException: Method 'Umbraco.Web.Models.DynamicPublishedContent.GetCropUrl' not found.
   at Umbraco.Core.Dynamics.DynamicInstanceHelper.FindAndExecuteExtensionMethod[T](IRuntimeCacheProvider runtimeCache, T thisObject, Object[] args, String name, IEnumerable`1 findMethodsOnTypes)
   at Umbraco.Core.Dynamics.DynamicInstanceHelper.TryInvokeMember[T](IRuntimeCacheProvider runtimeCache, T thisObject, InvokeMemberBinder binder, Object[] args, IEnumerable`1 findExtensionMethodsOnTypes)
 2017-01-05 21:37:00,313 [P2396/D2/T32] ERROR Umbraco.Core.Dynamics.DynamicInstanceHelper - An error occurred finding and executing extension method "GetCropUrl" for type "Umbraco.Web.Models.DynamicPublishedContent". Types searched for extension methods were Umbraco.Web.Models.DynamicPublishedContent.
System.MissingMethodException: Method 'Umbraco.Web.Models.DynamicPublishedContent.GetCropUrl' not found.
   at Umbraco.Core.Dynamics.DynamicInstanceHelper.FindAndExecuteExtensionMethod[T](IRuntimeCacheProvider runtimeCache, T thisObject, Object[] args, String name, IEnumerable`1 findMethodsOnTypes)
   at Umbraco.Core.Dynamics.DynamicInstanceHelper.TryInvokeMember[T](IRuntimeCacheProvider runtimeCache, T thisObject, InvokeMemberBinder binder, Object[] args, IEnumerable`1 findExtensionMethodsOnTypes)
 2017-01-05 21:37:18,427 [P2396/D2/T25] ERROR Umbraco.Core.Dynamics.DynamicInstanceHelper - An error occurred finding and executing extension method "GetCropUrl" for type "Umbraco.Web.Models.DynamicPublishedContent". Types searched for extension methods were Umbraco.Web.Models.DynamicPublishedContent.
System.MissingMethodException: Method 'Umbraco.Web.Models.DynamicPublishedContent.GetCropUrl' not found.
   at Umbraco.Core.Dynamics.DynamicInstanceHelper.FindAndExecuteExtensionMethod[T](IRuntimeCacheProvider runtimeCache, T thisObject, Object[] args, String name, IEnumerable`1 findMethodsOnTypes)
   at Umbraco.Core.Dynamics.DynamicInstanceHelper.TryInvokeMember[T](IRuntimeCacheProvider runtimeCache, T thisObject, InvokeMemberBinder binder, Object[] args, IEnumerable`1 findExtensionMethodsOnTypes)
 2017-01-05 21:37:24,057 [P2396/D2/T25] ERROR Umbraco.Core.Dynamics.DynamicInstanceHelper - An error occurred finding and executing extension method "GetCropUrl" for type "Umbraco.Web.Models.DynamicPublishedContent". Types searched for extension methods were Umbraco.Web.Models.DynamicPublishedContent.
System.MissingMethodException: Method 'Umbraco.Web.Models.DynamicPublishedContent.GetCropUrl' not found.
   at Umbraco.Core.Dynamics.DynamicInstanceHelper.FindAndExecuteExtensionMethod[T](IRuntimeCacheProvider runtimeCache, T thisObject, Object[] args, String name, IEnumerable`1 findMethodsOnTypes)
   at Umbraco.Core.Dynamics.DynamicInstanceHelper.TryInvokeMember[T](IRuntimeCacheProvider runtimeCache, T thisObject, InvokeMemberBinder binder, Object[] args, IEnumerable`1 findExtensionMethodsOnTypes)
 2017-01-05 21:40:40,452 [P2396/D2/T43] ERROR Umbraco.Core.Dynamics.DynamicInstanceHelper - An error occurred finding and executing extension method "GetCropUrl" for type "Umbraco.Web.Models.DynamicPublishedContent". Types searched for extension methods were Umbraco.Web.Models.DynamicPublishedContent.
System.MissingMethodException: Method 'Umbraco.Web.Models.DynamicPublishedContent.GetCropUrl' not found.
   at Umbraco.Core.Dynamics.DynamicInstanceHelper.FindAndExecuteExtensionMethod[T](IRuntimeCacheProvider runtimeCache, T thisObject, Object[] args, String name, IEnumerable`1 findMethodsOnTypes)
   at Umbraco.Core.Dynamics.DynamicInstanceHelper.TryInvokeMember[T](IRuntimeCacheProvider runtimeCache, T thisObject, InvokeMemberBinder binder, Object[] args, IEnumerable`1 findExtensionMethodsOnTypes)
 2017-01-05 21:42:38,004 [P2396/D2/T19] WARN  umbraco.macro - Error loading partial view macro (View: ~/Views/MacroPartials/EXHIBITIONS_ARTIST_RELATE.cshtml). Exception: Expression expected (at index 0)
 2017-01-05 21:42:38,004 [P2396/D2/T19] WARN  umbraco.macro - Error loading Partial View (file: ~/Views/MacroPartials/EXHIBITIONS_ARTIST_RELATE.cshtml). Exception: Expression expected (at index 0)
 2017-01-05 21:42:49,984 [P2396/D2/T16] WARN  umbraco.macro - Error loading partial view macro (View: ~/Views/MacroPartials/EXHIBITIONS_ARTIST_RELATE.cshtml). Exception: Expression expected (at index 0)
 2017-01-05 21:42:49,984 [P2396/D2/T16] WARN  umbraco.macro - Error loading Partial View (file: ~/Views/MacroPartials/EXHIBITIONS_ARTIST_RELATE.cshtml). Exception: Expression expected (at index 0)
 2017-01-05 21:43:08,761 [P2396/D2/T15] INFO  Umbraco.Core.Publishing.PublishingStrategy - Content 'ARTIST' with Id '5704' has been published.
 2017-01-05 21:43:08,805 [P2396/D2/T15] INFO  Umbraco.Core.PluginManager - Starting resolution types of umbraco.interfaces.ICacheRefresher
 2017-01-05 21:43:08,806 [P2396/D2/T15] INFO  Umbraco.Core.PluginManager - Completed resolution of types of umbraco.interfaces.ICacheRefresher, found 0 (took 1ms)
 2017-01-05 21:43:09,253 [P2396/D2/T58] WARN  umbraco.macro - Error loading partial view macro (View: ~/Views/MacroPartials/EXHIBITIONS_ARTIST_RELATE.cshtml). Exception: Expression expected (at index 0)
 2017-01-05 21:43:09,253 [P2396/D2/T58] WARN  umbraco.macro - Error loading Partial View (file: ~/Views/MacroPartials/EXHIBITIONS_ARTIST_RELATE.cshtml). Exception: Expression expected (at index 0)
 2017-01-05 21:43:12,857 [P2396/D2/T5] INFO  umbraco.content - Save Xml to file...
 2017-01-05 21:43:12,861 [P2396/D2/T5] INFO  umbraco.content - Saved Xml to file.
 2017-01-05 21:43:22,740 [P2396/D2/T54] ERROR Umbraco.Core.Dynamics.DynamicInstanceHelper - An error occurred finding and executing extension method "GetCropUrl" for type "Umbraco.Web.Models.DynamicPublishedContent". Types searched for extension methods were Umbraco.Web.Models.DynamicPublishedContent.
System.MissingMethodException: Method 'Umbraco.Web.Models.DynamicPublishedContent.GetCropUrl' not found.
   at Umbraco.Core.Dynamics.DynamicInstanceHelper.FindAndExecuteExtensionMethod[T](IRuntimeCacheProvider runtimeCache, T thisObject, Object[] args, String name, IEnumerable`1 findMethodsOnTypes)
   at Umbraco.Core.Dynamics.DynamicInstanceHelper.TryInvokeMember[T](IRuntimeCacheProvider runtimeCache, T thisObject, InvokeMemberBinder binder, Object[] args, IEnumerable`1 findExtensionMethodsOnTypes)
