 2016-12-25 01:00:09,877 [P10476/D5/T287] INFO  umbraco.BusinessLogic.Log - Log scrubbed.  Removed all items older than 2559-12-24 01:00:09
 2016-12-25 13:15:56,698 [P7584/D2/T1] INFO  Umbraco.Core.CoreBootManager - Umbraco 7.5.4 application starting on HOMEPC
 2016-12-25 13:15:56,712 [P7584/D2/T1] INFO  Umbraco.Core.PluginManager - Determining hash of code files on disk
 2016-12-25 13:15:56,719 [P7584/D2/T1] INFO  Umbraco.Core.PluginManager - Hash determined (took 7ms)
 2016-12-25 13:15:56,777 [P7584/D2/T1] INFO  Umbraco.Core.PluginManager - Starting resolution types of umbraco.interfaces.IApplicationStartupHandler
 2016-12-25 13:15:56,827 [P7584/D2/T1] INFO  Umbraco.Core.PluginManager - Completed resolution of types of umbraco.interfaces.IApplicationStartupHandler, found 0 (took 49ms)
 2016-12-25 13:15:56,867 [P7584/D2/T1] INFO  Umbraco.Core.PluginManager - Starting resolution types of Umbraco.Core.PropertyEditors.IPropertyEditorValueConverter
 2016-12-25 13:15:56,868 [P7584/D2/T1] INFO  Umbraco.Core.PluginManager - Completed resolution of types of Umbraco.Core.PropertyEditors.IPropertyEditorValueConverter, found 0 (took 0ms)
 2016-12-25 13:15:56,868 [P7584/D2/T1] INFO  Umbraco.Core.PluginManager - Starting resolution types of Umbraco.Core.PropertyEditors.IPropertyValueConverter
 2016-12-25 13:15:56,870 [P7584/D2/T1] INFO  Umbraco.Core.PluginManager - Completed resolution of types of Umbraco.Core.PropertyEditors.IPropertyValueConverter, found 0 (took 1ms)
 2016-12-25 13:15:56,878 [P7584/D2/T1] INFO  Umbraco.Core.PluginManager - Starting resolution types of Umbraco.Web.Mvc.SurfaceController
 2016-12-25 13:15:56,887 [P7584/D2/T1] INFO  Umbraco.Core.PluginManager - Completed resolution of types of Umbraco.Web.Mvc.SurfaceController, found 0 (took 9ms)
 2016-12-25 13:15:56,888 [P7584/D2/T1] INFO  Umbraco.Core.PluginManager - Starting resolution types of Umbraco.Web.WebApi.UmbracoApiController
 2016-12-25 13:15:56,893 [P7584/D2/T1] INFO  Umbraco.Core.PluginManager - Completed resolution of types of Umbraco.Web.WebApi.UmbracoApiController, found 0 (took 5ms)
 2016-12-25 13:15:56,945 [P7584/D2/T1] INFO  Umbraco.Core.PluginManager - Starting resolution types of Umbraco.Core.Media.IThumbnailProvider
 2016-12-25 13:15:56,946 [P7584/D2/T1] INFO  Umbraco.Core.PluginManager - Completed resolution of types of Umbraco.Core.Media.IThumbnailProvider, found 0 (took 0ms)
 2016-12-25 13:15:56,946 [P7584/D2/T1] INFO  Umbraco.Core.PluginManager - Starting resolution types of Umbraco.Core.Media.IImageUrlProvider
 2016-12-25 13:15:56,947 [P7584/D2/T1] INFO  Umbraco.Core.PluginManager - Completed resolution of types of Umbraco.Core.Media.IImageUrlProvider, found 0 (took 0ms)
 2016-12-25 13:15:57,870 [P7584/D2/T1] INFO  Umbraco.Core.DatabaseContext - CanConnect = True
 2016-12-25 13:15:58,086 [P7584/D2/T1] INFO  Umbraco.Core.DatabaseContext - CanConnect = True
 2016-12-25 13:15:58,128 [P7584/D2/T1] INFO  Umbraco.Core.DatabaseContext - CanConnect = True
 2016-12-25 13:15:58,194 [P7584/D2/T1] INFO  Umbraco.Web.Cache.CacheRefresherEventHandler - Initializing Umbraco internal event handlers for cache refreshing
 2016-12-25 13:15:58,300 [P7584/D2/T1] INFO  Umbraco.Web.Search.ExamineEvents - Initializing Examine and binding to business logic events
 2016-12-25 13:15:58,300 [P7584/D2/T1] INFO  Umbraco.Web.Search.ExamineEvents - Adding examine event handlers for index providers: 3
 2016-12-25 13:15:58,311 [P7584/D2/T1] INFO  Umbraco.Core.CoreBootManager - Umbraco application startup complete (took 1670ms)
 2016-12-25 13:15:58,832 [P7584/D2/T8] INFO  Umbraco.Core.Sync.ApplicationUrlHelper - ApplicationUrl: http://localhost:17606/umbraco (UmbracoModule request)
 2016-12-25 13:15:59,106 [P7584/D2/T8] INFO  umbraco.content - Load Xml from file...
 2016-12-25 13:15:59,109 [P7584/D2/T8] INFO  umbraco.content - Loaded Xml from file.
 2016-12-25 13:15:59,594 [P7584/D2/T8] INFO  Umbraco.Core.PluginManager - Starting resolution types of Umbraco.Core.PropertyEditors.IParameterEditor
 2016-12-25 13:15:59,595 [P7584/D2/T8] INFO  Umbraco.Core.PluginManager - Completed resolution of types of Umbraco.Core.PropertyEditors.IParameterEditor, found 0 (took 1ms)
 2016-12-25 13:16:25,513 [P7584/D2/T15] INFO  Umbraco.Core.PluginManager - Starting resolution types of Umbraco.Core.Persistence.Mappers.BaseMapper
 2016-12-25 13:16:25,514 [P7584/D2/T15] INFO  Umbraco.Core.PluginManager - Completed resolution of types of Umbraco.Core.Persistence.Mappers.BaseMapper, found 0 (took 0ms)
 2016-12-25 13:16:25,649 [P7584/D2/T15] INFO  Umbraco.Core.PluginManager - Starting resolution types of umbraco.cms.businesslogic.macro.IMacroEngine
 2016-12-25 13:16:25,650 [P7584/D2/T15] INFO  Umbraco.Core.PluginManager - Completed resolution of types of umbraco.cms.businesslogic.macro.IMacroEngine, found 0 (took 1ms)
 2016-12-25 13:16:26,684 [P7584/D2/T15] INFO  Umbraco.Core.PluginManager - Starting resolution types of Umbraco.Core.PropertyEditors.IParameterEditor
 2016-12-25 13:16:26,684 [P7584/D2/T15] INFO  Umbraco.Core.PluginManager - Completed resolution of types of Umbraco.Core.PropertyEditors.IParameterEditor, found 0 (took 0ms)
 2016-12-25 13:16:59,172 [P7584/D2/T14] INFO  umbraco.BusinessLogic.Log - Log scrubbed.  Removed all items older than 2559-12-24 13:16:59
 2016-12-25 13:19:51,317 [P7584/D2/T23] WARN  umbraco.macro - Error loading partial view macro (View: ~/Views/MacroPartials/NEWS.cshtml). Exception: System.Web.HttpCompileException (0x80004005): c:\queengallery\queengallery\Views\MacroPartials\NEWS.cshtml(32): error CS0117: 'umbraco.item' does not contain a definition for 'GetPropertyValue'
   at System.Web.Compilation.AssemblyBuilder.Compile()
   at System.Web.Compilation.BuildProvidersCompiler.PerformBuild()
   at System.Web.Compilation.BuildManager.CompileWebFile(VirtualPath virtualPath)
   at System.Web.Compilation.BuildManager.GetVPathBuildResultInternal(VirtualPath virtualPath, Boolean noBuild, Boolean allowCrossApp, Boolean allowBuildInPrecompile, Boolean throwIfNotFound, Boolean ensureIsUpToDate)
   at System.Web.Compilation.BuildManager.GetVPathBuildResultWithNoAssert(HttpContext context, VirtualPath virtualPath, Boolean noBuild, Boolean allowCrossApp, Boolean allowBuildInPrecompile, Boolean throwIfNotFound, Boolean ensureIsUpToDate)
   at System.Web.Compilation.BuildManager.GetVirtualPathObjectFactory(VirtualPath virtualPath, HttpContext context, Boolean allowCrossApp, Boolean throwIfNotFound)
   at System.Web.Compilation.BuildManager.GetCompiledType(VirtualPath virtualPath)
   at System.Web.Compilation.BuildManager.GetCompiledType(String virtualPath)
   at System.Web.Mvc.BuildManagerWrapper.System.Web.Mvc.IBuildManager.GetCompiledType(String virtualPath)
   at System.Web.Mvc.BuildManagerCompiledView.Render(ViewContext viewContext, TextWriter writer)
   at Umbraco.Core.Profiling.ProfilingView.Render(ViewContext viewContext, TextWriter writer)
   at Umbraco.Web.Mvc.ControllerExtensions.RenderViewResultAsString(ControllerBase controller, ViewResultBase viewResult)
   at Umbraco.Web.Macros.PartialViewMacroEngine.Execute(MacroModel macro, IPublishedContent content)
   at Umbraco.Web.Macros.PartialViewMacroEngine.Execute(MacroModel macro, INode node)
   at umbraco.macro.LoadPartialViewMacro(MacroModel macro)
   at umbraco.macro.renderMacro(Hashtable pageElements, Int32 pageId)
 2016-12-25 13:19:51,318 [P7584/D2/T23] WARN  umbraco.macro - Error loading Partial View (file: ~/Views/MacroPartials/NEWS.cshtml). Exception: System.Web.HttpCompileException (0x80004005): c:\queengallery\queengallery\Views\MacroPartials\NEWS.cshtml(32): error CS0117: 'umbraco.item' does not contain a definition for 'GetPropertyValue'
   at System.Web.Compilation.AssemblyBuilder.Compile()
   at System.Web.Compilation.BuildProvidersCompiler.PerformBuild()
   at System.Web.Compilation.BuildManager.CompileWebFile(VirtualPath virtualPath)
   at System.Web.Compilation.BuildManager.GetVPathBuildResultInternal(VirtualPath virtualPath, Boolean noBuild, Boolean allowCrossApp, Boolean allowBuildInPrecompile, Boolean throwIfNotFound, Boolean ensureIsUpToDate)
   at System.Web.Compilation.BuildManager.GetVPathBuildResultWithNoAssert(HttpContext context, VirtualPath virtualPath, Boolean noBuild, Boolean allowCrossApp, Boolean allowBuildInPrecompile, Boolean throwIfNotFound, Boolean ensureIsUpToDate)
   at System.Web.Compilation.BuildManager.GetVirtualPathObjectFactory(VirtualPath virtualPath, HttpContext context, Boolean allowCrossApp, Boolean throwIfNotFound)
   at System.Web.Compilation.BuildManager.GetCompiledType(VirtualPath virtualPath)
   at System.Web.Compilation.BuildManager.GetCompiledType(String virtualPath)
   at System.Web.Mvc.BuildManagerWrapper.System.Web.Mvc.IBuildManager.GetCompiledType(String virtualPath)
   at System.Web.Mvc.BuildManagerCompiledView.Render(ViewContext viewContext, TextWriter writer)
   at Umbraco.Core.Profiling.ProfilingView.Render(ViewContext viewContext, TextWriter writer)
   at Umbraco.Web.Mvc.ControllerExtensions.RenderViewResultAsString(ControllerBase controller, ViewResultBase viewResult)
   at Umbraco.Web.Macros.PartialViewMacroEngine.Execute(MacroModel macro, IPublishedContent content)
   at Umbraco.Web.Macros.PartialViewMacroEngine.Execute(MacroModel macro, INode node)
   at umbraco.macro.LoadPartialViewMacro(MacroModel macro)
   at umbraco.macro.renderMacro(Hashtable pageElements, Int32 pageId)
 2016-12-25 13:20:09,535 [P7584/D2/T43] WARN  umbraco.macro - Error loading partial view macro (View: ~/Views/MacroPartials/NEWS.cshtml). Exception: System.Web.HttpCompileException (0x80004005): c:\queengallery\queengallery\Views\MacroPartials\NEWS.cshtml(32): error CS0117: 'umbraco.item' does not contain a definition for 'GetPropertyValue'
   at System.Web.Compilation.AssemblyBuilder.Compile()
   at System.Web.Compilation.BuildProvidersCompiler.PerformBuild()
   at System.Web.Compilation.BuildManager.CompileWebFile(VirtualPath virtualPath)
   at System.Web.Compilation.BuildManager.GetVPathBuildResultInternal(VirtualPath virtualPath, Boolean noBuild, Boolean allowCrossApp, Boolean allowBuildInPrecompile, Boolean throwIfNotFound, Boolean ensureIsUpToDate)
   at System.Web.Compilation.BuildManager.GetVPathBuildResultWithNoAssert(HttpContext context, VirtualPath virtualPath, Boolean noBuild, Boolean allowCrossApp, Boolean allowBuildInPrecompile, Boolean throwIfNotFound, Boolean ensureIsUpToDate)
   at System.Web.Compilation.BuildManager.GetVirtualPathObjectFactory(VirtualPath virtualPath, HttpContext context, Boolean allowCrossApp, Boolean throwIfNotFound)
   at System.Web.Compilation.BuildManager.GetCompiledType(VirtualPath virtualPath)
   at System.Web.Compilation.BuildManager.GetCompiledType(String virtualPath)
   at System.Web.Mvc.BuildManagerWrapper.System.Web.Mvc.IBuildManager.GetCompiledType(String virtualPath)
   at System.Web.Mvc.BuildManagerCompiledView.Render(ViewContext viewContext, TextWriter writer)
   at Umbraco.Core.Profiling.ProfilingView.Render(ViewContext viewContext, TextWriter writer)
   at Umbraco.Web.Mvc.ControllerExtensions.RenderViewResultAsString(ControllerBase controller, ViewResultBase viewResult)
   at Umbraco.Web.Macros.PartialViewMacroEngine.Execute(MacroModel macro, IPublishedContent content)
   at Umbraco.Web.Macros.PartialViewMacroEngine.Execute(MacroModel macro, INode node)
   at umbraco.macro.LoadPartialViewMacro(MacroModel macro)
   at umbraco.macro.renderMacro(Hashtable pageElements, Int32 pageId)
 2016-12-25 13:20:09,535 [P7584/D2/T43] WARN  umbraco.macro - Error loading Partial View (file: ~/Views/MacroPartials/NEWS.cshtml). Exception: System.Web.HttpCompileException (0x80004005): c:\queengallery\queengallery\Views\MacroPartials\NEWS.cshtml(32): error CS0117: 'umbraco.item' does not contain a definition for 'GetPropertyValue'
   at System.Web.Compilation.AssemblyBuilder.Compile()
   at System.Web.Compilation.BuildProvidersCompiler.PerformBuild()
   at System.Web.Compilation.BuildManager.CompileWebFile(VirtualPath virtualPath)
   at System.Web.Compilation.BuildManager.GetVPathBuildResultInternal(VirtualPath virtualPath, Boolean noBuild, Boolean allowCrossApp, Boolean allowBuildInPrecompile, Boolean throwIfNotFound, Boolean ensureIsUpToDate)
   at System.Web.Compilation.BuildManager.GetVPathBuildResultWithNoAssert(HttpContext context, VirtualPath virtualPath, Boolean noBuild, Boolean allowCrossApp, Boolean allowBuildInPrecompile, Boolean throwIfNotFound, Boolean ensureIsUpToDate)
   at System.Web.Compilation.BuildManager.GetVirtualPathObjectFactory(VirtualPath virtualPath, HttpContext context, Boolean allowCrossApp, Boolean throwIfNotFound)
   at System.Web.Compilation.BuildManager.GetCompiledType(VirtualPath virtualPath)
   at System.Web.Compilation.BuildManager.GetCompiledType(String virtualPath)
   at System.Web.Mvc.BuildManagerWrapper.System.Web.Mvc.IBuildManager.GetCompiledType(String virtualPath)
   at System.Web.Mvc.BuildManagerCompiledView.Render(ViewContext viewContext, TextWriter writer)
   at Umbraco.Core.Profiling.ProfilingView.Render(ViewContext viewContext, TextWriter writer)
   at Umbraco.Web.Mvc.ControllerExtensions.RenderViewResultAsString(ControllerBase controller, ViewResultBase viewResult)
   at Umbraco.Web.Macros.PartialViewMacroEngine.Execute(MacroModel macro, IPublishedContent content)
   at Umbraco.Web.Macros.PartialViewMacroEngine.Execute(MacroModel macro, INode node)
   at umbraco.macro.LoadPartialViewMacro(MacroModel macro)
   at umbraco.macro.renderMacro(Hashtable pageElements, Int32 pageId)
 2016-12-25 13:44:06,207 [P7584/D2/T284] INFO  Umbraco.Core.Security.BackOfficeSignInManager - Event Id: 0, state: Login attempt succeeded for username admin@bbl.co.th from IP address ::1
 2016-12-25 13:44:06,208 [P7584/D2/T284] INFO  Umbraco.Core.Security.BackOfficeSignInManager - Event Id: 0, state: User: admin@bbl.co.th logged in from IP address ::1
 2016-12-25 13:44:06,320 [P7584/D2/T293] INFO  Umbraco.Core.PluginManager - Starting resolution types of Umbraco.Web.Trees.TreeController
 2016-12-25 13:44:06,321 [P7584/D2/T293] INFO  Umbraco.Core.PluginManager - Completed resolution of types of Umbraco.Web.Trees.TreeController, found 0 (took 1ms)
 2016-12-25 13:44:06,369 [P7584/D2/T263] INFO  Umbraco.Core.PluginManager - Starting resolution types of umbraco.interfaces.IApplication
 2016-12-25 13:44:06,370 [P7584/D2/T263] INFO  Umbraco.Core.PluginManager - Completed resolution of types of umbraco.interfaces.IApplication, found 0 (took 0ms)
 2016-12-25 13:44:06,382 [P7584/D2/T295] INFO  Umbraco.Core.PluginManager - Starting resolution types of umbraco.interfaces.ITree
 2016-12-25 13:44:06,384 [P7584/D2/T295] INFO  Umbraco.Core.PluginManager - Completed resolution of types of umbraco.interfaces.ITree, found 0 (took 1ms)
 2016-12-25 13:44:06,395 [P7584/D2/T295] INFO  Umbraco.Core.PluginManager - Starting resolution types of Umbraco.Web.Trees.TreeController
 2016-12-25 13:44:06,395 [P7584/D2/T295] INFO  Umbraco.Core.PluginManager - Completed resolution of types of Umbraco.Web.Trees.TreeController, found 0 (took 0ms)
 2016-12-25 13:44:06,397 [P7584/D2/T295] INFO  Umbraco.Core.PluginManager - Starting resolution types of umbraco.interfaces.ITree
 2016-12-25 13:44:06,398 [P7584/D2/T295] INFO  Umbraco.Core.PluginManager - Completed resolution of types of umbraco.interfaces.ITree, found 0 (took 0ms)
 2016-12-25 13:44:13,399 [P7584/D2/T263] INFO  Umbraco.Core.PluginManager - Starting resolution types of Umbraco.Web.HealthCheck.HealthCheck
 2016-12-25 13:44:13,400 [P7584/D2/T263] INFO  Umbraco.Core.PluginManager - Completed resolution of types of Umbraco.Web.HealthCheck.HealthCheck, found 0 (took 1ms)
 2016-12-25 13:45:17,184 [P7584/D2/T315] INFO  Umbraco.Web.Scheduling.BackgroundTaskRunner - [Umbraco.Web.Scheduling.IBackgroundTask] Terminating
 2016-12-25 13:45:17,184 [P7584/D2/T315] INFO  Umbraco.Web.Scheduling.BackgroundTaskRunner - [Umbraco.Web.Scheduling.IBackgroundTask] Waiting for tasks to complete
 2016-12-25 13:45:17,185 [P7584/D2/T315] INFO  Umbraco.Web.Scheduling.BackgroundTaskRunner - [ScheduledTasks] Terminating
 2016-12-25 13:45:17,185 [P7584/D2/T315] INFO  Umbraco.Web.Scheduling.BackgroundTaskRunner - [ScheduledTasks] Waiting for tasks to complete
 2016-12-25 13:45:17,185 [P7584/D2/T279] INFO  Umbraco.Web.Scheduling.BackgroundTaskRunner - [Umbraco.Web.Scheduling.IBackgroundTask] Tasks completed, terminated
 2016-12-25 13:45:17,186 [P7584/D2/T301] INFO  Umbraco.Web.Scheduling.BackgroundTaskRunner - [ScheduledTasks] Tasks completed, terminated
 2016-12-25 13:45:17,201 [P7584/D2/T315] INFO  Umbraco.Web.Scheduling.BackgroundTaskRunner - [LogScrubber] Terminating
 2016-12-25 13:45:17,201 [P7584/D2/T315] INFO  Umbraco.Web.Scheduling.BackgroundTaskRunner - [LogScrubber] Waiting for tasks to complete
 2016-12-25 13:45:17,201 [P7584/D2/T315] INFO  Umbraco.Web.Scheduling.BackgroundTaskRunner - [ScheduledPublishing] Terminating
 2016-12-25 13:45:17,201 [P7584/D2/T315] INFO  Umbraco.Web.Scheduling.BackgroundTaskRunner - [ScheduledPublishing] Waiting for tasks to complete
 2016-12-25 13:45:17,201 [P7584/D2/T315] INFO  Umbraco.Web.Scheduling.BackgroundTaskRunner - [KeepAlive] Terminating
 2016-12-25 13:45:17,201 [P7584/D2/T315] INFO  Umbraco.Web.Scheduling.BackgroundTaskRunner - [KeepAlive] Waiting for tasks to complete
 2016-12-25 13:45:17,202 [P7584/D2/T8] INFO  Umbraco.Web.Scheduling.BackgroundTaskRunner - [ScheduledPublishing] Tasks completed, terminated
 2016-12-25 13:45:17,202 [P7584/D2/T313] INFO  Umbraco.Web.Scheduling.BackgroundTaskRunner - [LogScrubber] Tasks completed, terminated
 2016-12-25 13:45:17,202 [P7584/D2/T270] INFO  Umbraco.Web.Scheduling.BackgroundTaskRunner - [KeepAlive] Tasks completed, terminated
 2016-12-25 13:45:19,290 [P7584/D3/T298] INFO  Umbraco.Core.CoreBootManager - Umbraco 7.5.4 application starting on HOMEPC
 2016-12-25 13:45:19,303 [P7584/D3/T298] INFO  Umbraco.Core.PluginManager - Determining hash of code files on disk
 2016-12-25 13:45:19,308 [P7584/D3/T298] INFO  Umbraco.Core.PluginManager - Hash determined (took 5ms)
 2016-12-25 13:45:19,355 [P7584/D3/T298] INFO  Umbraco.Core.PluginManager - Starting resolution types of umbraco.interfaces.IApplicationStartupHandler
 2016-12-25 13:45:19,389 [P7584/D3/T298] INFO  Umbraco.Core.PluginManager - Completed resolution of types of umbraco.interfaces.IApplicationStartupHandler, found 0 (took 34ms)
 2016-12-25 13:45:19,421 [P7584/D3/T298] INFO  Umbraco.Core.PluginManager - Starting resolution types of Umbraco.Core.PropertyEditors.IPropertyEditorValueConverter
 2016-12-25 13:45:19,422 [P7584/D3/T298] INFO  Umbraco.Core.PluginManager - Completed resolution of types of Umbraco.Core.PropertyEditors.IPropertyEditorValueConverter, found 0 (took 0ms)
 2016-12-25 13:45:19,422 [P7584/D3/T298] INFO  Umbraco.Core.PluginManager - Starting resolution types of Umbraco.Core.PropertyEditors.IPropertyValueConverter
 2016-12-25 13:45:19,423 [P7584/D3/T298] INFO  Umbraco.Core.PluginManager - Completed resolution of types of Umbraco.Core.PropertyEditors.IPropertyValueConverter, found 0 (took 1ms)
 2016-12-25 13:45:19,430 [P7584/D3/T298] INFO  Umbraco.Core.PluginManager - Starting resolution types of Umbraco.Web.Mvc.SurfaceController
 2016-12-25 13:45:19,436 [P7584/D3/T298] INFO  Umbraco.Core.PluginManager - Completed resolution of types of Umbraco.Web.Mvc.SurfaceController, found 0 (took 5ms)
 2016-12-25 13:45:19,437 [P7584/D3/T298] INFO  Umbraco.Core.PluginManager - Starting resolution types of Umbraco.Web.WebApi.UmbracoApiController
 2016-12-25 13:45:19,441 [P7584/D3/T298] INFO  Umbraco.Core.PluginManager - Completed resolution of types of Umbraco.Web.WebApi.UmbracoApiController, found 0 (took 4ms)
 2016-12-25 13:45:19,480 [P7584/D3/T298] INFO  Umbraco.Core.PluginManager - Starting resolution types of Umbraco.Core.Media.IThumbnailProvider
 2016-12-25 13:45:19,481 [P7584/D3/T298] INFO  Umbraco.Core.PluginManager - Completed resolution of types of Umbraco.Core.Media.IThumbnailProvider, found 0 (took 0ms)
 2016-12-25 13:45:19,481 [P7584/D3/T298] INFO  Umbraco.Core.PluginManager - Starting resolution types of Umbraco.Core.Media.IImageUrlProvider
 2016-12-25 13:45:19,482 [P7584/D3/T298] INFO  Umbraco.Core.PluginManager - Completed resolution of types of Umbraco.Core.Media.IImageUrlProvider, found 0 (took 0ms)
 2016-12-25 13:45:20,067 [P7584/D3/T298] INFO  Umbraco.Core.DatabaseContext - CanConnect = True
 2016-12-25 13:45:20,220 [P7584/D3/T298] INFO  Umbraco.Core.DatabaseContext - CanConnect = True
 2016-12-25 13:45:20,232 [P7584/D3/T298] INFO  Umbraco.Core.DatabaseContext - CanConnect = True
 2016-12-25 13:45:20,248 [P7584/D3/T298] INFO  Umbraco.Web.Cache.CacheRefresherEventHandler - Initializing Umbraco internal event handlers for cache refreshing
 2016-12-25 13:45:20,321 [P7584/D3/T298] INFO  Umbraco.Web.Search.ExamineEvents - Initializing Examine and binding to business logic events
 2016-12-25 13:45:20,321 [P7584/D3/T298] INFO  Umbraco.Web.Search.ExamineEvents - Adding examine event handlers for index providers: 3
 2016-12-25 13:45:20,329 [P7584/D3/T298] INFO  Umbraco.Core.CoreBootManager - Umbraco application startup complete (took 1087ms)
 2016-12-25 13:45:20,766 [P7584/D3/T279] INFO  Umbraco.Core.Sync.ApplicationUrlHelper - ApplicationUrl: http://localhost:17606/umbraco (UmbracoModule request)
 2016-12-25 13:45:21,018 [P7584/D3/T279] INFO  umbraco.content - Load Xml from file...
 2016-12-25 13:45:21,020 [P7584/D3/T279] INFO  umbraco.content - Loaded Xml from file.
 2016-12-25 13:45:21,327 [P7584/D3/T279] INFO  Umbraco.Core.PluginManager - Starting resolution types of Umbraco.Core.PropertyEditors.IParameterEditor
 2016-12-25 13:45:21,328 [P7584/D3/T279] INFO  Umbraco.Core.PluginManager - Completed resolution of types of Umbraco.Core.PropertyEditors.IParameterEditor, found 0 (took 0ms)
 2016-12-25 13:45:25,786 [P7584/D3/T279] INFO  Umbraco.Core.PluginManager - Starting resolution types of Umbraco.Core.Persistence.Mappers.BaseMapper
 2016-12-25 13:45:25,787 [P7584/D3/T279] INFO  Umbraco.Core.PluginManager - Completed resolution of types of Umbraco.Core.Persistence.Mappers.BaseMapper, found 0 (took 0ms)
 2016-12-25 13:45:25,885 [P7584/D3/T279] INFO  Umbraco.Core.PluginManager - Starting resolution types of umbraco.cms.businesslogic.macro.IMacroEngine
 2016-12-25 13:45:25,886 [P7584/D3/T279] INFO  Umbraco.Core.PluginManager - Completed resolution of types of umbraco.cms.businesslogic.macro.IMacroEngine, found 0 (took 0ms)
 2016-12-25 13:45:47,247 [P7584/D2/T299] INFO  Umbraco.Core.UmbracoApplicationBase - Application shutdown. Details: MaxRecompilationsReached

_shutDownMessage=Recompilation limit of 15 reached
HostingEnvironment initiated shutdown
HostingEnvironment caused shutdown

_shutDownStack=   at System.Environment.GetStackTrace(Exception e, Boolean needFileInfo)
   at System.Environment.get_StackTrace()
   at System.Web.Hosting.HostingEnvironment.InitiateShutdownInternal()
   at System.Web.Hosting.HostingEnvironment.InitiateShutdownWithoutDemand()
   at System.Web.HttpRuntime.ShutdownAppDomain(String stackTrace)
   at System.Web.Compilation.DiskBuildResultCache.ShutdownCallBack(Object state)
   at System.Threading.QueueUserWorkItemCallback.WaitCallback_Context(Object state)
   at System.Threading.ExecutionContext.RunInternal(ExecutionContext executionContext, ContextCallback callback, Object state, Boolean preserveSyncCtx)
   at System.Threading.ExecutionContext.Run(ExecutionContext executionContext, ContextCallback callback, Object state, Boolean preserveSyncCtx)
   at System.Threading.QueueUserWorkItemCallback.System.Threading.IThreadPoolWorkItem.ExecuteWorkItem()
   at System.Threading.ThreadPoolWorkQueue.Dispatch()
   at System.Threading._ThreadPoolWaitCallback.PerformWaitCallback()
 2016-12-25 13:46:21,112 [P7584/D3/T282] INFO  umbraco.BusinessLogic.Log - Log scrubbed.  Removed all items older than 2559-12-24 13:46:21
 2016-12-25 14:03:41,963 [P7584/D3/T134] INFO  Umbraco.Core.Logging.OwinLogger - Event Id: 0, state: User logged will be logged out due to timeout: admin@bbl.co.th, IP Address: ::1
 2016-12-25 14:11:17,450 [P7584/D3/T48] INFO  Umbraco.Core.PluginManager - Starting resolution types of Umbraco.Core.PropertyEditors.IParameterEditor
 2016-12-25 14:11:17,450 [P7584/D3/T48] INFO  Umbraco.Core.PluginManager - Completed resolution of types of Umbraco.Core.PropertyEditors.IParameterEditor, found 0 (took 0ms)
 2016-12-25 14:12:07,254 [P7584/D3/T42] ERROR Umbraco.Core.Dynamics.DynamicInstanceHelper - An error occurred finding and executing extension method "GetCropUrl" for type "Umbraco.Web.Models.DynamicPublishedContent". Types searched for extension methods were Umbraco.Web.Models.DynamicPublishedContent.
System.MissingMethodException: Method 'Umbraco.Web.Models.DynamicPublishedContent.GetCropUrl' not found.
   at Umbraco.Core.Dynamics.DynamicInstanceHelper.FindAndExecuteExtensionMethod[T](IRuntimeCacheProvider runtimeCache, T thisObject, Object[] args, String name, IEnumerable`1 findMethodsOnTypes)
   at Umbraco.Core.Dynamics.DynamicInstanceHelper.TryInvokeMember[T](IRuntimeCacheProvider runtimeCache, T thisObject, InvokeMemberBinder binder, Object[] args, IEnumerable`1 findExtensionMethodsOnTypes)
 2016-12-25 14:12:07,266 [P7584/D3/T42] ERROR Umbraco.Core.Dynamics.DynamicInstanceHelper - An error occurred finding and executing extension method "GetCropUrl" for type "Umbraco.Web.Models.DynamicPublishedContent". Types searched for extension methods were Umbraco.Web.Models.DynamicPublishedContent.
System.MissingMethodException: Method 'Umbraco.Web.Models.DynamicPublishedContent.GetCropUrl' not found.
   at Umbraco.Core.Dynamics.DynamicInstanceHelper.FindAndExecuteExtensionMethod[T](IRuntimeCacheProvider runtimeCache, T thisObject, Object[] args, String name, IEnumerable`1 findMethodsOnTypes)
   at Umbraco.Core.Dynamics.DynamicInstanceHelper.TryInvokeMember[T](IRuntimeCacheProvider runtimeCache, T thisObject, InvokeMemberBinder binder, Object[] args, IEnumerable`1 findExtensionMethodsOnTypes)
 2016-12-25 14:12:07,271 [P7584/D3/T42] ERROR Umbraco.Core.Dynamics.DynamicInstanceHelper - An error occurred finding and executing extension method "GetCropUrl" for type "Umbraco.Web.Models.DynamicPublishedContent". Types searched for extension methods were Umbraco.Web.Models.DynamicPublishedContent.
System.MissingMethodException: Method 'Umbraco.Web.Models.DynamicPublishedContent.GetCropUrl' not found.
   at Umbraco.Core.Dynamics.DynamicInstanceHelper.FindAndExecuteExtensionMethod[T](IRuntimeCacheProvider runtimeCache, T thisObject, Object[] args, String name, IEnumerable`1 findMethodsOnTypes)
   at Umbraco.Core.Dynamics.DynamicInstanceHelper.TryInvokeMember[T](IRuntimeCacheProvider runtimeCache, T thisObject, InvokeMemberBinder binder, Object[] args, IEnumerable`1 findExtensionMethodsOnTypes)
 2016-12-25 14:12:07,278 [P7584/D3/T42] ERROR Umbraco.Core.Dynamics.DynamicInstanceHelper - An error occurred finding and executing extension method "GetCropUrl" for type "Umbraco.Web.Models.DynamicPublishedContent". Types searched for extension methods were Umbraco.Web.Models.DynamicPublishedContent.
System.MissingMethodException: Method 'Umbraco.Web.Models.DynamicPublishedContent.GetCropUrl' not found.
   at Umbraco.Core.Dynamics.DynamicInstanceHelper.FindAndExecuteExtensionMethod[T](IRuntimeCacheProvider runtimeCache, T thisObject, Object[] args, String name, IEnumerable`1 findMethodsOnTypes)
   at Umbraco.Core.Dynamics.DynamicInstanceHelper.TryInvokeMember[T](IRuntimeCacheProvider runtimeCache, T thisObject, InvokeMemberBinder binder, Object[] args, IEnumerable`1 findExtensionMethodsOnTypes)
 2016-12-25 14:12:07,282 [P7584/D3/T42] ERROR Umbraco.Core.Dynamics.DynamicInstanceHelper - An error occurred finding and executing extension method "GetCropUrl" for type "Umbraco.Web.Models.DynamicPublishedContent". Types searched for extension methods were Umbraco.Web.Models.DynamicPublishedContent.
System.MissingMethodException: Method 'Umbraco.Web.Models.DynamicPublishedContent.GetCropUrl' not found.
   at Umbraco.Core.Dynamics.DynamicInstanceHelper.FindAndExecuteExtensionMethod[T](IRuntimeCacheProvider runtimeCache, T thisObject, Object[] args, String name, IEnumerable`1 findMethodsOnTypes)
   at Umbraco.Core.Dynamics.DynamicInstanceHelper.TryInvokeMember[T](IRuntimeCacheProvider runtimeCache, T thisObject, InvokeMemberBinder binder, Object[] args, IEnumerable`1 findExtensionMethodsOnTypes)
 2016-12-25 14:12:07,287 [P7584/D3/T42] ERROR Umbraco.Core.Dynamics.DynamicInstanceHelper - An error occurred finding and executing extension method "GetCropUrl" for type "Umbraco.Web.Models.DynamicPublishedContent". Types searched for extension methods were Umbraco.Web.Models.DynamicPublishedContent.
System.MissingMethodException: Method 'Umbraco.Web.Models.DynamicPublishedContent.GetCropUrl' not found.
   at Umbraco.Core.Dynamics.DynamicInstanceHelper.FindAndExecuteExtensionMethod[T](IRuntimeCacheProvider runtimeCache, T thisObject, Object[] args, String name, IEnumerable`1 findMethodsOnTypes)
   at Umbraco.Core.Dynamics.DynamicInstanceHelper.TryInvokeMember[T](IRuntimeCacheProvider runtimeCache, T thisObject, InvokeMemberBinder binder, Object[] args, IEnumerable`1 findExtensionMethodsOnTypes)
 2016-12-25 14:12:07,292 [P7584/D3/T42] ERROR Umbraco.Core.Dynamics.DynamicInstanceHelper - An error occurred finding and executing extension method "GetCropUrl" for type "Umbraco.Web.Models.DynamicPublishedContent". Types searched for extension methods were Umbraco.Web.Models.DynamicPublishedContent.
System.MissingMethodException: Method 'Umbraco.Web.Models.DynamicPublishedContent.GetCropUrl' not found.
   at Umbraco.Core.Dynamics.DynamicInstanceHelper.FindAndExecuteExtensionMethod[T](IRuntimeCacheProvider runtimeCache, T thisObject, Object[] args, String name, IEnumerable`1 findMethodsOnTypes)
   at Umbraco.Core.Dynamics.DynamicInstanceHelper.TryInvokeMember[T](IRuntimeCacheProvider runtimeCache, T thisObject, InvokeMemberBinder binder, Object[] args, IEnumerable`1 findExtensionMethodsOnTypes)
 2016-12-25 14:12:07,296 [P7584/D3/T42] ERROR Umbraco.Core.Dynamics.DynamicInstanceHelper - An error occurred finding and executing extension method "GetCropUrl" for type "Umbraco.Web.Models.DynamicPublishedContent". Types searched for extension methods were Umbraco.Web.Models.DynamicPublishedContent.
System.MissingMethodException: Method 'Umbraco.Web.Models.DynamicPublishedContent.GetCropUrl' not found.
   at Umbraco.Core.Dynamics.DynamicInstanceHelper.FindAndExecuteExtensionMethod[T](IRuntimeCacheProvider runtimeCache, T thisObject, Object[] args, String name, IEnumerable`1 findMethodsOnTypes)
   at Umbraco.Core.Dynamics.DynamicInstanceHelper.TryInvokeMember[T](IRuntimeCacheProvider runtimeCache, T thisObject, InvokeMemberBinder binder, Object[] args, IEnumerable`1 findExtensionMethodsOnTypes)
 2016-12-25 14:12:07,301 [P7584/D3/T42] ERROR Umbraco.Core.Dynamics.DynamicInstanceHelper - An error occurred finding and executing extension method "GetCropUrl" for type "Umbraco.Web.Models.DynamicPublishedContent". Types searched for extension methods were Umbraco.Web.Models.DynamicPublishedContent.
System.MissingMethodException: Method 'Umbraco.Web.Models.DynamicPublishedContent.GetCropUrl' not found.
   at Umbraco.Core.Dynamics.DynamicInstanceHelper.FindAndExecuteExtensionMethod[T](IRuntimeCacheProvider runtimeCache, T thisObject, Object[] args, String name, IEnumerable`1 findMethodsOnTypes)
   at Umbraco.Core.Dynamics.DynamicInstanceHelper.TryInvokeMember[T](IRuntimeCacheProvider runtimeCache, T thisObject, InvokeMemberBinder binder, Object[] args, IEnumerable`1 findExtensionMethodsOnTypes)
 2016-12-25 14:12:07,306 [P7584/D3/T42] ERROR Umbraco.Core.Dynamics.DynamicInstanceHelper - An error occurred finding and executing extension method "GetCropUrl" for type "Umbraco.Web.Models.DynamicPublishedContent". Types searched for extension methods were Umbraco.Web.Models.DynamicPublishedContent.
System.MissingMethodException: Method 'Umbraco.Web.Models.DynamicPublishedContent.GetCropUrl' not found.
   at Umbraco.Core.Dynamics.DynamicInstanceHelper.FindAndExecuteExtensionMethod[T](IRuntimeCacheProvider runtimeCache, T thisObject, Object[] args, String name, IEnumerable`1 findMethodsOnTypes)
   at Umbraco.Core.Dynamics.DynamicInstanceHelper.TryInvokeMember[T](IRuntimeCacheProvider runtimeCache, T thisObject, InvokeMemberBinder binder, Object[] args, IEnumerable`1 findExtensionMethodsOnTypes)
 2016-12-25 14:12:07,311 [P7584/D3/T42] ERROR Umbraco.Core.Dynamics.DynamicInstanceHelper - An error occurred finding and executing extension method "GetCropUrl" for type "Umbraco.Web.Models.DynamicPublishedContent". Types searched for extension methods were Umbraco.Web.Models.DynamicPublishedContent.
System.MissingMethodException: Method 'Umbraco.Web.Models.DynamicPublishedContent.GetCropUrl' not found.
   at Umbraco.Core.Dynamics.DynamicInstanceHelper.FindAndExecuteExtensionMethod[T](IRuntimeCacheProvider runtimeCache, T thisObject, Object[] args, String name, IEnumerable`1 findMethodsOnTypes)
   at Umbraco.Core.Dynamics.DynamicInstanceHelper.TryInvokeMember[T](IRuntimeCacheProvider runtimeCache, T thisObject, InvokeMemberBinder binder, Object[] args, IEnumerable`1 findExtensionMethodsOnTypes)
 2016-12-25 14:28:34,935 [P7584/D3/T252] ERROR Umbraco.Core.UmbracoApplicationBase - An unhandled exception occurred
System.FormatException: Input string was not in a correct format.
   at System.Number.StringToNumber(String str, NumberStyles options, NumberBuffer& number, NumberFormatInfo info, Boolean parseDecimal)
   at System.Number.ParseInt32(String s, NumberStyles style, NumberFormatInfo info)
   at System.Convert.ToInt32(String value)
   at ASP._Page_Views_GetMedia_cshtml.Execute() in c:\queengallery\queengallery\Views\GetMedia.cshtml:line 32
   at System.Web.WebPages.WebPageBase.ExecutePageHierarchy()
   at System.Web.Mvc.WebViewPage.ExecutePageHierarchy()
   at System.Web.WebPages.WebPageBase.ExecutePageHierarchy(WebPageContext pageContext, TextWriter writer, WebPageRenderingBase startPage)
   at System.Web.Mvc.RazorView.RenderView(ViewContext viewContext, TextWriter writer, Object instance)
   at System.Web.Mvc.BuildManagerCompiledView.Render(ViewContext viewContext, TextWriter writer)
   at Umbraco.Core.Profiling.ProfilingView.Render(ViewContext viewContext, TextWriter writer)
   at System.Web.Mvc.ViewResultBase.ExecuteResult(ControllerContext context)
   at System.Web.Mvc.ControllerActionInvoker.InvokeActionResult(ControllerContext controllerContext, ActionResult actionResult)
   at System.Web.Mvc.ControllerActionInvoker.InvokeActionResultFilterRecursive(IList`1 filters, Int32 filterIndex, ResultExecutingContext preContext, ControllerContext controllerContext, ActionResult actionResult)
   at System.Web.Mvc.ControllerActionInvoker.InvokeActionResultFilterRecursive(IList`1 filters, Int32 filterIndex, ResultExecutingContext preContext, ControllerContext controllerContext, ActionResult actionResult)
   at System.Web.Mvc.ControllerActionInvoker.InvokeActionResultFilterRecursive(IList`1 filters, Int32 filterIndex, ResultExecutingContext preContext, ControllerContext controllerContext, ActionResult actionResult)
   at System.Web.Mvc.ControllerActionInvoker.InvokeActionResultFilterRecursive(IList`1 filters, Int32 filterIndex, ResultExecutingContext preContext, ControllerContext controllerContext, ActionResult actionResult)
   at System.Web.Mvc.ControllerActionInvoker.InvokeActionResultWithFilters(ControllerContext controllerContext, IList`1 filters, ActionResult actionResult)
   at System.Web.Mvc.Async.AsyncControllerActionInvoker.<>c__DisplayClass21.<>c__DisplayClass2b.<BeginInvokeAction>b__1c()
   at System.Web.Mvc.Async.AsyncControllerActionInvoker.<>c__DisplayClass21.<BeginInvokeAction>b__1e(IAsyncResult asyncResult)
   at System.Web.Mvc.Async.AsyncResultWrapper.WrappedAsyncResult`1.CallEndDelegate(IAsyncResult asyncResult)
   at System.Web.Mvc.Async.AsyncResultWrapper.WrappedAsyncResultBase`1.End()
   at System.Web.Mvc.Async.AsyncControllerActionInvoker.EndInvokeAction(IAsyncResult asyncResult)
   at System.Web.Mvc.Controller.<BeginExecuteCore>b__1d(IAsyncResult asyncResult, ExecuteCoreState innerState)
   at System.Web.Mvc.Async.AsyncResultWrapper.WrappedAsyncVoid`1.CallEndDelegate(IAsyncResult asyncResult)
   at System.Web.Mvc.Async.AsyncResultWrapper.WrappedAsyncResultBase`1.End()
   at System.Web.Mvc.Controller.EndExecuteCore(IAsyncResult asyncResult)
   at System.Web.Mvc.Controller.<BeginExecute>b__15(IAsyncResult asyncResult, Controller controller)
   at System.Web.Mvc.Async.AsyncResultWrapper.WrappedAsyncVoid`1.CallEndDelegate(IAsyncResult asyncResult)
   at System.Web.Mvc.Async.AsyncResultWrapper.WrappedAsyncResultBase`1.End()
   at System.Web.Mvc.Controller.EndExecute(IAsyncResult asyncResult)
   at System.Web.Mvc.Controller.System.Web.Mvc.Async.IAsyncController.EndExecute(IAsyncResult asyncResult)
   at System.Web.Mvc.MvcHandler.<BeginProcessRequest>b__5(IAsyncResult asyncResult, ProcessRequestState innerState)
   at System.Web.Mvc.Async.AsyncResultWrapper.WrappedAsyncVoid`1.CallEndDelegate(IAsyncResult asyncResult)
   at System.Web.Mvc.Async.AsyncResultWrapper.WrappedAsyncResultBase`1.End()
   at System.Web.Mvc.MvcHandler.EndProcessRequest(IAsyncResult asyncResult)
   at System.Web.Mvc.MvcHandler.System.Web.IHttpAsyncHandler.EndProcessRequest(IAsyncResult result)
   at System.Web.HttpApplication.CallHandlerExecutionStep.System.Web.HttpApplication.IExecutionStep.Execute()
   at System.Web.HttpApplication.ExecuteStep(IExecutionStep step, Boolean& completedSynchronously)
 2016-12-25 14:35:18,289 [P7584/D3/T181] INFO  Umbraco.Web.Scheduling.BackgroundTaskRunner - [KeepAlive] Terminating
 2016-12-25 14:35:18,289 [P7584/D3/T181] INFO  Umbraco.Web.Scheduling.BackgroundTaskRunner - [KeepAlive] Waiting for tasks to complete
 2016-12-25 14:35:18,290 [P7584/D3/T181] INFO  Umbraco.Web.Scheduling.BackgroundTaskRunner - [Umbraco.Web.Scheduling.IBackgroundTask] Terminating
 2016-12-25 14:35:18,290 [P7584/D3/T181] INFO  Umbraco.Web.Scheduling.BackgroundTaskRunner - [Umbraco.Web.Scheduling.IBackgroundTask] Waiting for tasks to complete
 2016-12-25 14:35:18,290 [P7584/D3/T181] INFO  Umbraco.Web.Scheduling.BackgroundTaskRunner - [ScheduledPublishing] Terminating
 2016-12-25 14:35:18,290 [P7584/D3/T181] INFO  Umbraco.Web.Scheduling.BackgroundTaskRunner - [ScheduledPublishing] Waiting for tasks to complete
 2016-12-25 14:35:18,290 [P7584/D3/T181] INFO  Umbraco.Web.Scheduling.BackgroundTaskRunner - [LogScrubber] Terminating
 2016-12-25 14:35:18,290 [P7584/D3/T181] INFO  Umbraco.Web.Scheduling.BackgroundTaskRunner - [LogScrubber] Waiting for tasks to complete
 2016-12-25 14:35:18,290 [P7584/D3/T181] INFO  Umbraco.Web.Scheduling.BackgroundTaskRunner - [ScheduledTasks] Terminating
 2016-12-25 14:35:18,290 [P7584/D3/T181] INFO  Umbraco.Web.Scheduling.BackgroundTaskRunner - [ScheduledTasks] Waiting for tasks to complete
 2016-12-25 14:35:18,290 [P7584/D3/T234] INFO  Umbraco.Web.Scheduling.BackgroundTaskRunner - [KeepAlive] Tasks completed, terminated
 2016-12-25 14:35:18,290 [P7584/D3/T184] INFO  Umbraco.Web.Scheduling.BackgroundTaskRunner - [ScheduledTasks] Tasks completed, terminated
 2016-12-25 14:35:18,290 [P7584/D3/T202] INFO  Umbraco.Web.Scheduling.BackgroundTaskRunner - [ScheduledPublishing] Tasks completed, terminated
 2016-12-25 14:35:18,290 [P7584/D3/T206] INFO  Umbraco.Web.Scheduling.BackgroundTaskRunner - [Umbraco.Web.Scheduling.IBackgroundTask] Tasks completed, terminated
 2016-12-25 14:35:18,290 [P7584/D3/T282] INFO  Umbraco.Web.Scheduling.BackgroundTaskRunner - [LogScrubber] Tasks completed, terminated
 2016-12-25 14:35:20,087 [P7584/D4/T177] INFO  Umbraco.Core.CoreBootManager - Umbraco 7.5.4 application starting on HOMEPC
 2016-12-25 14:35:20,093 [P7584/D4/T177] INFO  Umbraco.Core.PluginManager - Determining hash of code files on disk
 2016-12-25 14:35:20,100 [P7584/D4/T177] INFO  Umbraco.Core.PluginManager - Hash determined (took 7ms)
 2016-12-25 14:35:20,130 [P7584/D4/T177] INFO  Umbraco.Core.PluginManager - Starting resolution types of umbraco.interfaces.IApplicationStartupHandler
 2016-12-25 14:35:20,163 [P7584/D4/T177] INFO  Umbraco.Core.PluginManager - Completed resolution of types of umbraco.interfaces.IApplicationStartupHandler, found 0 (took 33ms)
 2016-12-25 14:35:20,190 [P7584/D4/T177] INFO  Umbraco.Core.PluginManager - Starting resolution types of Umbraco.Core.PropertyEditors.IPropertyEditorValueConverter
 2016-12-25 14:35:20,191 [P7584/D4/T177] INFO  Umbraco.Core.PluginManager - Completed resolution of types of Umbraco.Core.PropertyEditors.IPropertyEditorValueConverter, found 0 (took 0ms)
 2016-12-25 14:35:20,191 [P7584/D4/T177] INFO  Umbraco.Core.PluginManager - Starting resolution types of Umbraco.Core.PropertyEditors.IPropertyValueConverter
 2016-12-25 14:35:20,193 [P7584/D4/T177] INFO  Umbraco.Core.PluginManager - Completed resolution of types of Umbraco.Core.PropertyEditors.IPropertyValueConverter, found 0 (took 1ms)
 2016-12-25 14:35:20,199 [P7584/D4/T177] INFO  Umbraco.Core.PluginManager - Starting resolution types of Umbraco.Web.Mvc.SurfaceController
 2016-12-25 14:35:20,204 [P7584/D4/T177] INFO  Umbraco.Core.PluginManager - Completed resolution of types of Umbraco.Web.Mvc.SurfaceController, found 0 (took 5ms)
 2016-12-25 14:35:20,204 [P7584/D4/T177] INFO  Umbraco.Core.PluginManager - Starting resolution types of Umbraco.Web.WebApi.UmbracoApiController
 2016-12-25 14:35:20,209 [P7584/D4/T177] INFO  Umbraco.Core.PluginManager - Completed resolution of types of Umbraco.Web.WebApi.UmbracoApiController, found 0 (took 4ms)
 2016-12-25 14:35:20,243 [P7584/D4/T177] INFO  Umbraco.Core.PluginManager - Starting resolution types of Umbraco.Core.Media.IThumbnailProvider
 2016-12-25 14:35:20,244 [P7584/D4/T177] INFO  Umbraco.Core.PluginManager - Completed resolution of types of Umbraco.Core.Media.IThumbnailProvider, found 0 (took 0ms)
 2016-12-25 14:35:20,244 [P7584/D4/T177] INFO  Umbraco.Core.PluginManager - Starting resolution types of Umbraco.Core.Media.IImageUrlProvider
 2016-12-25 14:35:20,245 [P7584/D4/T177] INFO  Umbraco.Core.PluginManager - Completed resolution of types of Umbraco.Core.Media.IImageUrlProvider, found 0 (took 0ms)
 2016-12-25 14:35:20,865 [P7584/D4/T177] INFO  Umbraco.Core.DatabaseContext - CanConnect = True
 2016-12-25 14:35:21,012 [P7584/D4/T177] INFO  Umbraco.Core.DatabaseContext - CanConnect = True
 2016-12-25 14:35:21,024 [P7584/D4/T177] INFO  Umbraco.Core.DatabaseContext - CanConnect = True
 2016-12-25 14:35:21,039 [P7584/D4/T177] INFO  Umbraco.Web.Cache.CacheRefresherEventHandler - Initializing Umbraco internal event handlers for cache refreshing
 2016-12-25 14:35:21,113 [P7584/D4/T177] INFO  Umbraco.Web.Search.ExamineEvents - Initializing Examine and binding to business logic events
 2016-12-25 14:35:21,114 [P7584/D4/T177] INFO  Umbraco.Web.Search.ExamineEvents - Adding examine event handlers for index providers: 3
 2016-12-25 14:35:21,120 [P7584/D4/T177] INFO  Umbraco.Core.CoreBootManager - Umbraco application startup complete (took 1062ms)
 2016-12-25 14:35:21,565 [P7584/D4/T202] INFO  Umbraco.Core.Sync.ApplicationUrlHelper - ApplicationUrl: http://localhost:17606/umbraco (UmbracoModule request)
 2016-12-25 14:35:21,829 [P7584/D4/T202] INFO  umbraco.content - Load Xml from file...
 2016-12-25 14:35:21,831 [P7584/D4/T202] INFO  umbraco.content - Loaded Xml from file.
 2016-12-25 14:35:22,131 [P7584/D4/T202] INFO  Umbraco.Core.PluginManager - Starting resolution types of Umbraco.Core.PropertyEditors.IParameterEditor
 2016-12-25 14:35:22,132 [P7584/D4/T202] INFO  Umbraco.Core.PluginManager - Completed resolution of types of Umbraco.Core.PropertyEditors.IParameterEditor, found 0 (took 0ms)
 2016-12-25 14:35:26,354 [P7584/D4/T202] INFO  Umbraco.Core.PluginManager - Starting resolution types of Umbraco.Core.Persistence.Mappers.BaseMapper
 2016-12-25 14:35:26,355 [P7584/D4/T202] INFO  Umbraco.Core.PluginManager - Completed resolution of types of Umbraco.Core.Persistence.Mappers.BaseMapper, found 0 (took 0ms)
 2016-12-25 14:35:26,447 [P7584/D4/T202] INFO  Umbraco.Core.PluginManager - Starting resolution types of umbraco.cms.businesslogic.macro.IMacroEngine
 2016-12-25 14:35:26,448 [P7584/D4/T202] INFO  Umbraco.Core.PluginManager - Completed resolution of types of umbraco.cms.businesslogic.macro.IMacroEngine, found 0 (took 0ms)
 2016-12-25 14:35:28,114 [P7584/D4/T202] ERROR Umbraco.Core.UmbracoApplicationBase - An unhandled exception occurred
System.Web.HttpCompileException (0x80004005): c:\queengallery\queengallery\Views\Master.cshtml(81): error CS0128: A local variable named 'curNode' is already defined in this scope
   at System.Web.Compilation.AssemblyBuilder.Compile()
   at System.Web.Compilation.BuildProvidersCompiler.PerformBuild()
   at System.Web.Compilation.BuildManager.CompileWebFile(VirtualPath virtualPath)
   at System.Web.Compilation.BuildManager.GetVPathBuildResultInternal(VirtualPath virtualPath, Boolean noBuild, Boolean allowCrossApp, Boolean allowBuildInPrecompile, Boolean throwIfNotFound, Boolean ensureIsUpToDate)
   at System.Web.Compilation.BuildManager.GetVPathBuildResultWithNoAssert(HttpContext context, VirtualPath virtualPath, Boolean noBuild, Boolean allowCrossApp, Boolean allowBuildInPrecompile, Boolean throwIfNotFound, Boolean ensureIsUpToDate)
   at System.Web.Compilation.BuildManager.GetVirtualPathObjectFactory(VirtualPath virtualPath, HttpContext context, Boolean allowCrossApp, Boolean throwIfNotFound)
   at System.Web.Compilation.BuildManager.CreateInstanceFromVirtualPath(VirtualPath virtualPath, Type requiredBaseType, HttpContext context, Boolean allowCrossApp)
   at System.Web.WebPages.BuildManagerWrapper.CreateInstanceOfType[T](String virtualPath)
   at System.Web.WebPages.VirtualPathFactoryExtensions.CreateInstance[T](IVirtualPathFactory factory, String virtualPath)
   at System.Web.WebPages.VirtualPathFactoryManager.CreateInstanceOfType[T](String virtualPath)
   at System.Web.WebPages.VirtualPathFactoryExtensions.CreateInstance[T](IVirtualPathFactory factory, String virtualPath)
   at System.Web.WebPages.WebPageBase.CreatePageFromVirtualPath(String virtualPath, HttpContextBase httpContext, Func`2 virtualPathExists, DisplayModeProvider displayModeProvider, IDisplayMode displayMode)
   at System.Web.WebPages.WebPageBase.<>c__DisplayClass3.<RenderPageCore>b__2(TextWriter writer)
   at System.Web.WebPages.HelperResult.WriteTo(TextWriter writer)
   at System.Web.WebPages.WebPageBase.Write(HelperResult result)
   at System.Web.WebPages.WebPageBase.RenderSurrounding(String partialViewName, Action`1 body)
   at System.Web.WebPages.WebPageBase.PopContext()
   at System.Web.WebPages.WebPageBase.ExecutePageHierarchy(WebPageContext pageContext, TextWriter writer, WebPageRenderingBase startPage)
   at System.Web.Mvc.RazorView.RenderView(ViewContext viewContext, TextWriter writer, Object instance)
   at System.Web.Mvc.BuildManagerCompiledView.Render(ViewContext viewContext, TextWriter writer)
   at Umbraco.Core.Profiling.ProfilingView.Render(ViewContext viewContext, TextWriter writer)
   at System.Web.Mvc.ViewResultBase.ExecuteResult(ControllerContext context)
   at System.Web.Mvc.ControllerActionInvoker.InvokeActionResult(ControllerContext controllerContext, ActionResult actionResult)
   at System.Web.Mvc.ControllerActionInvoker.InvokeActionResultFilterRecursive(IList`1 filters, Int32 filterIndex, ResultExecutingContext preContext, ControllerContext controllerContext, ActionResult actionResult)
   at System.Web.Mvc.ControllerActionInvoker.InvokeActionResultFilterRecursive(IList`1 filters, Int32 filterIndex, ResultExecutingContext preContext, ControllerContext controllerContext, ActionResult actionResult)
   at System.Web.Mvc.ControllerActionInvoker.InvokeActionResultFilterRecursive(IList`1 filters, Int32 filterIndex, ResultExecutingContext preContext, ControllerContext controllerContext, ActionResult actionResult)
   at System.Web.Mvc.ControllerActionInvoker.InvokeActionResultFilterRecursive(IList`1 filters, Int32 filterIndex, ResultExecutingContext preContext, ControllerContext controllerContext, ActionResult actionResult)
   at System.Web.Mvc.ControllerActionInvoker.InvokeActionResultWithFilters(ControllerContext controllerContext, IList`1 filters, ActionResult actionResult)
   at System.Web.Mvc.Async.AsyncControllerActionInvoker.<>c__DisplayClass21.<>c__DisplayClass2b.<BeginInvokeAction>b__1c()
   at System.Web.Mvc.Async.AsyncControllerActionInvoker.<>c__DisplayClass21.<BeginInvokeAction>b__1e(IAsyncResult asyncResult)
   at System.Web.Mvc.Async.AsyncResultWrapper.WrappedAsyncResult`1.CallEndDelegate(IAsyncResult asyncResult)
   at System.Web.Mvc.Async.AsyncResultWrapper.WrappedAsyncResultBase`1.End()
   at System.Web.Mvc.Async.AsyncControllerActionInvoker.EndInvokeAction(IAsyncResult asyncResult)
   at System.Web.Mvc.Controller.<BeginExecuteCore>b__1d(IAsyncResult asyncResult, ExecuteCoreState innerState)
   at System.Web.Mvc.Async.AsyncResultWrapper.WrappedAsyncVoid`1.CallEndDelegate(IAsyncResult asyncResult)
   at System.Web.Mvc.Async.AsyncResultWrapper.WrappedAsyncResultBase`1.End()
   at System.Web.Mvc.Controller.EndExecuteCore(IAsyncResult asyncResult)
   at System.Web.Mvc.Controller.<BeginExecute>b__15(IAsyncResult asyncResult, Controller controller)
   at System.Web.Mvc.Async.AsyncResultWrapper.WrappedAsyncVoid`1.CallEndDelegate(IAsyncResult asyncResult)
   at System.Web.Mvc.Async.AsyncResultWrapper.WrappedAsyncResultBase`1.End()
   at System.Web.Mvc.Controller.EndExecute(IAsyncResult asyncResult)
   at System.Web.Mvc.Controller.System.Web.Mvc.Async.IAsyncController.EndExecute(IAsyncResult asyncResult)
   at System.Web.Mvc.MvcHandler.<BeginProcessRequest>b__5(IAsyncResult asyncResult, ProcessRequestState innerState)
   at System.Web.Mvc.Async.AsyncResultWrapper.WrappedAsyncVoid`1.CallEndDelegate(IAsyncResult asyncResult)
   at System.Web.Mvc.Async.AsyncResultWrapper.WrappedAsyncResultBase`1.End()
   at System.Web.Mvc.MvcHandler.EndProcessRequest(IAsyncResult asyncResult)
   at System.Web.Mvc.MvcHandler.System.Web.IHttpAsyncHandler.EndProcessRequest(IAsyncResult result)
   at System.Web.HttpApplication.CallHandlerExecutionStep.System.Web.HttpApplication.IExecutionStep.Execute()
   at System.Web.HttpApplication.ExecuteStep(IExecutionStep step, Boolean& completedSynchronously)
 2016-12-25 14:35:48,423 [P7584/D3/T261] INFO  Umbraco.Core.UmbracoApplicationBase - Application shutdown. Details: MaxRecompilationsReached

_shutDownMessage=Recompilation limit of 15 reached
HostingEnvironment initiated shutdown
HostingEnvironment caused shutdown

_shutDownStack=   at System.Environment.GetStackTrace(Exception e, Boolean needFileInfo)
   at System.Environment.get_StackTrace()
   at System.Web.Hosting.HostingEnvironment.InitiateShutdownInternal()
   at System.Web.Hosting.HostingEnvironment.InitiateShutdownWithoutDemand()
   at System.Web.HttpRuntime.ShutdownAppDomain(String stackTrace)
   at System.Web.Compilation.DiskBuildResultCache.ShutdownCallBack(Object state)
   at System.Threading.QueueUserWorkItemCallback.WaitCallback_Context(Object state)
   at System.Threading.ExecutionContext.RunInternal(ExecutionContext executionContext, ContextCallback callback, Object state, Boolean preserveSyncCtx)
   at System.Threading.ExecutionContext.Run(ExecutionContext executionContext, ContextCallback callback, Object state, Boolean preserveSyncCtx)
   at System.Threading.QueueUserWorkItemCallback.System.Threading.IThreadPoolWorkItem.ExecuteWorkItem()
   at System.Threading.ThreadPoolWorkQueue.Dispatch()
   at System.Threading._ThreadPoolWaitCallback.PerformWaitCallback()
 2016-12-25 14:36:21,906 [P7584/D4/T219] INFO  umbraco.BusinessLogic.Log - Log scrubbed.  Removed all items older than 2559-12-24 14:36:21
 2016-12-25 14:40:36,512 [P7584/D4/T255] WARN  umbraco.macro - Error loading partial view macro (View: ~/Views/MacroPartials/NEWS.cshtml). Exception: System.Web.HttpCompileException (0x80004005): c:\queengallery\queengallery\Views\MacroPartials\NEWS.cshtml(36): error CS0103: The name 'preFixLang' does not exist in the current context
   at System.Web.Compilation.AssemblyBuilder.Compile()
   at System.Web.Compilation.BuildProvidersCompiler.PerformBuild()
   at System.Web.Compilation.BuildManager.CompileWebFile(VirtualPath virtualPath)
   at System.Web.Compilation.BuildManager.GetVPathBuildResultInternal(VirtualPath virtualPath, Boolean noBuild, Boolean allowCrossApp, Boolean allowBuildInPrecompile, Boolean throwIfNotFound, Boolean ensureIsUpToDate)
   at System.Web.Compilation.BuildManager.GetVPathBuildResultWithNoAssert(HttpContext context, VirtualPath virtualPath, Boolean noBuild, Boolean allowCrossApp, Boolean allowBuildInPrecompile, Boolean throwIfNotFound, Boolean ensureIsUpToDate)
   at System.Web.Compilation.BuildManager.GetVirtualPathObjectFactory(VirtualPath virtualPath, HttpContext context, Boolean allowCrossApp, Boolean throwIfNotFound)
   at System.Web.Compilation.BuildManager.GetCompiledType(VirtualPath virtualPath)
   at System.Web.Compilation.BuildManager.GetCompiledType(String virtualPath)
   at System.Web.Mvc.BuildManagerWrapper.System.Web.Mvc.IBuildManager.GetCompiledType(String virtualPath)
   at System.Web.Mvc.BuildManagerCompiledView.Render(ViewContext viewContext, TextWriter writer)
   at Umbraco.Core.Profiling.ProfilingView.Render(ViewContext viewContext, TextWriter writer)
   at Umbraco.Web.Mvc.ControllerExtensions.RenderViewResultAsString(ControllerBase controller, ViewResultBase viewResult)
   at Umbraco.Web.Macros.PartialViewMacroEngine.Execute(MacroModel macro, IPublishedContent content)
   at Umbraco.Web.Macros.PartialViewMacroEngine.Execute(MacroModel macro, INode node)
   at umbraco.macro.LoadPartialViewMacro(MacroModel macro)
   at umbraco.macro.renderMacro(Hashtable pageElements, Int32 pageId)
 2016-12-25 14:40:36,513 [P7584/D4/T255] WARN  umbraco.macro - Error loading Partial View (file: ~/Views/MacroPartials/NEWS.cshtml). Exception: System.Web.HttpCompileException (0x80004005): c:\queengallery\queengallery\Views\MacroPartials\NEWS.cshtml(36): error CS0103: The name 'preFixLang' does not exist in the current context
   at System.Web.Compilation.AssemblyBuilder.Compile()
   at System.Web.Compilation.BuildProvidersCompiler.PerformBuild()
   at System.Web.Compilation.BuildManager.CompileWebFile(VirtualPath virtualPath)
   at System.Web.Compilation.BuildManager.GetVPathBuildResultInternal(VirtualPath virtualPath, Boolean noBuild, Boolean allowCrossApp, Boolean allowBuildInPrecompile, Boolean throwIfNotFound, Boolean ensureIsUpToDate)
   at System.Web.Compilation.BuildManager.GetVPathBuildResultWithNoAssert(HttpContext context, VirtualPath virtualPath, Boolean noBuild, Boolean allowCrossApp, Boolean allowBuildInPrecompile, Boolean throwIfNotFound, Boolean ensureIsUpToDate)
   at System.Web.Compilation.BuildManager.GetVirtualPathObjectFactory(VirtualPath virtualPath, HttpContext context, Boolean allowCrossApp, Boolean throwIfNotFound)
   at System.Web.Compilation.BuildManager.GetCompiledType(VirtualPath virtualPath)
   at System.Web.Compilation.BuildManager.GetCompiledType(String virtualPath)
   at System.Web.Mvc.BuildManagerWrapper.System.Web.Mvc.IBuildManager.GetCompiledType(String virtualPath)
   at System.Web.Mvc.BuildManagerCompiledView.Render(ViewContext viewContext, TextWriter writer)
   at Umbraco.Core.Profiling.ProfilingView.Render(ViewContext viewContext, TextWriter writer)
   at Umbraco.Web.Mvc.ControllerExtensions.RenderViewResultAsString(ControllerBase controller, ViewResultBase viewResult)
   at Umbraco.Web.Macros.PartialViewMacroEngine.Execute(MacroModel macro, IPublishedContent content)
   at Umbraco.Web.Macros.PartialViewMacroEngine.Execute(MacroModel macro, INode node)
   at umbraco.macro.LoadPartialViewMacro(MacroModel macro)
   at umbraco.macro.renderMacro(Hashtable pageElements, Int32 pageId)
 2016-12-25 14:41:20,378 [P7584/D4/T261] WARN  umbraco.macro - Error loading partial view macro (View: ~/Views/MacroPartials/NEWS.cshtml). Exception: System.Web.HttpCompileException (0x80004005): c:\Users\momojojo\AppData\Local\Temp\Temporary ASP.NET Files\vs\bc422b9f\57585326\App_Web_news.cshtml.d673bf47.bdolnrif.0.cs(108): error CS1528: Expected ; or = (cannot specify constructor arguments in declaration)
   at System.Web.Compilation.AssemblyBuilder.Compile()
   at System.Web.Compilation.BuildProvidersCompiler.PerformBuild()
   at System.Web.Compilation.BuildManager.CompileWebFile(VirtualPath virtualPath)
   at System.Web.Compilation.BuildManager.GetVPathBuildResultInternal(VirtualPath virtualPath, Boolean noBuild, Boolean allowCrossApp, Boolean allowBuildInPrecompile, Boolean throwIfNotFound, Boolean ensureIsUpToDate)
   at System.Web.Compilation.BuildManager.GetVPathBuildResultWithNoAssert(HttpContext context, VirtualPath virtualPath, Boolean noBuild, Boolean allowCrossApp, Boolean allowBuildInPrecompile, Boolean throwIfNotFound, Boolean ensureIsUpToDate)
   at System.Web.Compilation.BuildManager.GetVirtualPathObjectFactory(VirtualPath virtualPath, HttpContext context, Boolean allowCrossApp, Boolean throwIfNotFound)
   at System.Web.Compilation.BuildManager.GetCompiledType(VirtualPath virtualPath)
   at System.Web.Compilation.BuildManager.GetCompiledType(String virtualPath)
   at System.Web.Mvc.BuildManagerWrapper.System.Web.Mvc.IBuildManager.GetCompiledType(String virtualPath)
   at System.Web.Mvc.BuildManagerCompiledView.Render(ViewContext viewContext, TextWriter writer)
   at Umbraco.Core.Profiling.ProfilingView.Render(ViewContext viewContext, TextWriter writer)
   at Umbraco.Web.Mvc.ControllerExtensions.RenderViewResultAsString(ControllerBase controller, ViewResultBase viewResult)
   at Umbraco.Web.Macros.PartialViewMacroEngine.Execute(MacroModel macro, IPublishedContent content)
   at Umbraco.Web.Macros.PartialViewMacroEngine.Execute(MacroModel macro, INode node)
   at umbraco.macro.LoadPartialViewMacro(MacroModel macro)
   at umbraco.macro.renderMacro(Hashtable pageElements, Int32 pageId)
 2016-12-25 14:41:20,378 [P7584/D4/T261] WARN  umbraco.macro - Error loading Partial View (file: ~/Views/MacroPartials/NEWS.cshtml). Exception: System.Web.HttpCompileException (0x80004005): c:\Users\momojojo\AppData\Local\Temp\Temporary ASP.NET Files\vs\bc422b9f\57585326\App_Web_news.cshtml.d673bf47.bdolnrif.0.cs(108): error CS1528: Expected ; or = (cannot specify constructor arguments in declaration)
   at System.Web.Compilation.AssemblyBuilder.Compile()
   at System.Web.Compilation.BuildProvidersCompiler.PerformBuild()
   at System.Web.Compilation.BuildManager.CompileWebFile(VirtualPath virtualPath)
   at System.Web.Compilation.BuildManager.GetVPathBuildResultInternal(VirtualPath virtualPath, Boolean noBuild, Boolean allowCrossApp, Boolean allowBuildInPrecompile, Boolean throwIfNotFound, Boolean ensureIsUpToDate)
   at System.Web.Compilation.BuildManager.GetVPathBuildResultWithNoAssert(HttpContext context, VirtualPath virtualPath, Boolean noBuild, Boolean allowCrossApp, Boolean allowBuildInPrecompile, Boolean throwIfNotFound, Boolean ensureIsUpToDate)
   at System.Web.Compilation.BuildManager.GetVirtualPathObjectFactory(VirtualPath virtualPath, HttpContext context, Boolean allowCrossApp, Boolean throwIfNotFound)
   at System.Web.Compilation.BuildManager.GetCompiledType(VirtualPath virtualPath)
   at System.Web.Compilation.BuildManager.GetCompiledType(String virtualPath)
   at System.Web.Mvc.BuildManagerWrapper.System.Web.Mvc.IBuildManager.GetCompiledType(String virtualPath)
   at System.Web.Mvc.BuildManagerCompiledView.Render(ViewContext viewContext, TextWriter writer)
   at Umbraco.Core.Profiling.ProfilingView.Render(ViewContext viewContext, TextWriter writer)
   at Umbraco.Web.Mvc.ControllerExtensions.RenderViewResultAsString(ControllerBase controller, ViewResultBase viewResult)
   at Umbraco.Web.Macros.PartialViewMacroEngine.Execute(MacroModel macro, IPublishedContent content)
   at Umbraco.Web.Macros.PartialViewMacroEngine.Execute(MacroModel macro, INode node)
   at umbraco.macro.LoadPartialViewMacro(MacroModel macro)
   at umbraco.macro.renderMacro(Hashtable pageElements, Int32 pageId)
 2016-12-25 14:41:33,507 [P7584/D4/T216] WARN  umbraco.macro - Error loading partial view macro (View: ~/Views/MacroPartials/NEWS.cshtml). Exception: System.Web.HttpCompileException (0x80004005): c:\queengallery\queengallery\Views\MacroPartials\NEWS.cshtml(37): error CS0103: The name 'preFixLang' does not exist in the current context
   at System.Web.Compilation.AssemblyBuilder.Compile()
   at System.Web.Compilation.BuildProvidersCompiler.PerformBuild()
   at System.Web.Compilation.BuildManager.CompileWebFile(VirtualPath virtualPath)
   at System.Web.Compilation.BuildManager.GetVPathBuildResultInternal(VirtualPath virtualPath, Boolean noBuild, Boolean allowCrossApp, Boolean allowBuildInPrecompile, Boolean throwIfNotFound, Boolean ensureIsUpToDate)
   at System.Web.Compilation.BuildManager.GetVPathBuildResultWithNoAssert(HttpContext context, VirtualPath virtualPath, Boolean noBuild, Boolean allowCrossApp, Boolean allowBuildInPrecompile, Boolean throwIfNotFound, Boolean ensureIsUpToDate)
   at System.Web.Compilation.BuildManager.GetVirtualPathObjectFactory(VirtualPath virtualPath, HttpContext context, Boolean allowCrossApp, Boolean throwIfNotFound)
   at System.Web.Compilation.BuildManager.GetCompiledType(VirtualPath virtualPath)
   at System.Web.Compilation.BuildManager.GetCompiledType(String virtualPath)
   at System.Web.Mvc.BuildManagerWrapper.System.Web.Mvc.IBuildManager.GetCompiledType(String virtualPath)
   at System.Web.Mvc.BuildManagerCompiledView.Render(ViewContext viewContext, TextWriter writer)
   at Umbraco.Core.Profiling.ProfilingView.Render(ViewContext viewContext, TextWriter writer)
   at Umbraco.Web.Mvc.ControllerExtensions.RenderViewResultAsString(ControllerBase controller, ViewResultBase viewResult)
   at Umbraco.Web.Macros.PartialViewMacroEngine.Execute(MacroModel macro, IPublishedContent content)
   at Umbraco.Web.Macros.PartialViewMacroEngine.Execute(MacroModel macro, INode node)
   at umbraco.macro.LoadPartialViewMacro(MacroModel macro)
   at umbraco.macro.renderMacro(Hashtable pageElements, Int32 pageId)
 2016-12-25 14:41:33,507 [P7584/D4/T216] WARN  umbraco.macro - Error loading Partial View (file: ~/Views/MacroPartials/NEWS.cshtml). Exception: System.Web.HttpCompileException (0x80004005): c:\queengallery\queengallery\Views\MacroPartials\NEWS.cshtml(37): error CS0103: The name 'preFixLang' does not exist in the current context
   at System.Web.Compilation.AssemblyBuilder.Compile()
   at System.Web.Compilation.BuildProvidersCompiler.PerformBuild()
   at System.Web.Compilation.BuildManager.CompileWebFile(VirtualPath virtualPath)
   at System.Web.Compilation.BuildManager.GetVPathBuildResultInternal(VirtualPath virtualPath, Boolean noBuild, Boolean allowCrossApp, Boolean allowBuildInPrecompile, Boolean throwIfNotFound, Boolean ensureIsUpToDate)
   at System.Web.Compilation.BuildManager.GetVPathBuildResultWithNoAssert(HttpContext context, VirtualPath virtualPath, Boolean noBuild, Boolean allowCrossApp, Boolean allowBuildInPrecompile, Boolean throwIfNotFound, Boolean ensureIsUpToDate)
   at System.Web.Compilation.BuildManager.GetVirtualPathObjectFactory(VirtualPath virtualPath, HttpContext context, Boolean allowCrossApp, Boolean throwIfNotFound)
   at System.Web.Compilation.BuildManager.GetCompiledType(VirtualPath virtualPath)
   at System.Web.Compilation.BuildManager.GetCompiledType(String virtualPath)
   at System.Web.Mvc.BuildManagerWrapper.System.Web.Mvc.IBuildManager.GetCompiledType(String virtualPath)
   at System.Web.Mvc.BuildManagerCompiledView.Render(ViewContext viewContext, TextWriter writer)
   at Umbraco.Core.Profiling.ProfilingView.Render(ViewContext viewContext, TextWriter writer)
   at Umbraco.Web.Mvc.ControllerExtensions.RenderViewResultAsString(ControllerBase controller, ViewResultBase viewResult)
   at Umbraco.Web.Macros.PartialViewMacroEngine.Execute(MacroModel macro, IPublishedContent content)
   at Umbraco.Web.Macros.PartialViewMacroEngine.Execute(MacroModel macro, INode node)
   at umbraco.macro.LoadPartialViewMacro(MacroModel macro)
   at umbraco.macro.renderMacro(Hashtable pageElements, Int32 pageId)
 2016-12-25 14:41:49,578 [P7584/D4/T253] WARN  umbraco.macro - Error loading partial view macro (View: ~/Views/MacroPartials/NEWS.cshtml). Exception: System.Web.HttpCompileException (0x80004005): c:\queengallery\queengallery\Views\MacroPartials\NEWS.cshtml(37): error CS0103: The name 'preFixLang' does not exist in the current context
   at System.Web.Compilation.AssemblyBuilder.Compile()
   at System.Web.Compilation.BuildProvidersCompiler.PerformBuild()
   at System.Web.Compilation.BuildManager.CompileWebFile(VirtualPath virtualPath)
   at System.Web.Compilation.BuildManager.GetVPathBuildResultInternal(VirtualPath virtualPath, Boolean noBuild, Boolean allowCrossApp, Boolean allowBuildInPrecompile, Boolean throwIfNotFound, Boolean ensureIsUpToDate)
   at System.Web.Compilation.BuildManager.GetVPathBuildResultWithNoAssert(HttpContext context, VirtualPath virtualPath, Boolean noBuild, Boolean allowCrossApp, Boolean allowBuildInPrecompile, Boolean throwIfNotFound, Boolean ensureIsUpToDate)
   at System.Web.Compilation.BuildManager.GetVirtualPathObjectFactory(VirtualPath virtualPath, HttpContext context, Boolean allowCrossApp, Boolean throwIfNotFound)
   at System.Web.Compilation.BuildManager.GetCompiledType(VirtualPath virtualPath)
   at System.Web.Compilation.BuildManager.GetCompiledType(String virtualPath)
   at System.Web.Mvc.BuildManagerWrapper.System.Web.Mvc.IBuildManager.GetCompiledType(String virtualPath)
   at System.Web.Mvc.BuildManagerCompiledView.Render(ViewContext viewContext, TextWriter writer)
   at Umbraco.Core.Profiling.ProfilingView.Render(ViewContext viewContext, TextWriter writer)
   at Umbraco.Web.Mvc.ControllerExtensions.RenderViewResultAsString(ControllerBase controller, ViewResultBase viewResult)
   at Umbraco.Web.Macros.PartialViewMacroEngine.Execute(MacroModel macro, IPublishedContent content)
   at Umbraco.Web.Macros.PartialViewMacroEngine.Execute(MacroModel macro, INode node)
   at umbraco.macro.LoadPartialViewMacro(MacroModel macro)
   at umbraco.macro.renderMacro(Hashtable pageElements, Int32 pageId)
 2016-12-25 14:41:49,578 [P7584/D4/T253] WARN  umbraco.macro - Error loading Partial View (file: ~/Views/MacroPartials/NEWS.cshtml). Exception: System.Web.HttpCompileException (0x80004005): c:\queengallery\queengallery\Views\MacroPartials\NEWS.cshtml(37): error CS0103: The name 'preFixLang' does not exist in the current context
   at System.Web.Compilation.AssemblyBuilder.Compile()
   at System.Web.Compilation.BuildProvidersCompiler.PerformBuild()
   at System.Web.Compilation.BuildManager.CompileWebFile(VirtualPath virtualPath)
   at System.Web.Compilation.BuildManager.GetVPathBuildResultInternal(VirtualPath virtualPath, Boolean noBuild, Boolean allowCrossApp, Boolean allowBuildInPrecompile, Boolean throwIfNotFound, Boolean ensureIsUpToDate)
   at System.Web.Compilation.BuildManager.GetVPathBuildResultWithNoAssert(HttpContext context, VirtualPath virtualPath, Boolean noBuild, Boolean allowCrossApp, Boolean allowBuildInPrecompile, Boolean throwIfNotFound, Boolean ensureIsUpToDate)
   at System.Web.Compilation.BuildManager.GetVirtualPathObjectFactory(VirtualPath virtualPath, HttpContext context, Boolean allowCrossApp, Boolean throwIfNotFound)
   at System.Web.Compilation.BuildManager.GetCompiledType(VirtualPath virtualPath)
   at System.Web.Compilation.BuildManager.GetCompiledType(String virtualPath)
   at System.Web.Mvc.BuildManagerWrapper.System.Web.Mvc.IBuildManager.GetCompiledType(String virtualPath)
   at System.Web.Mvc.BuildManagerCompiledView.Render(ViewContext viewContext, TextWriter writer)
   at Umbraco.Core.Profiling.ProfilingView.Render(ViewContext viewContext, TextWriter writer)
   at Umbraco.Web.Mvc.ControllerExtensions.RenderViewResultAsString(ControllerBase controller, ViewResultBase viewResult)
   at Umbraco.Web.Macros.PartialViewMacroEngine.Execute(MacroModel macro, IPublishedContent content)
   at Umbraco.Web.Macros.PartialViewMacroEngine.Execute(MacroModel macro, INode node)
   at umbraco.macro.LoadPartialViewMacro(MacroModel macro)
   at umbraco.macro.renderMacro(Hashtable pageElements, Int32 pageId)
 2016-12-25 14:42:49,361 [P7584/D4/T265] WARN  umbraco.macro - Error loading partial view macro (View: ~/Views/MacroPartials/NEWS.cshtml). Exception: System.Web.HttpCompileException (0x80004005): c:\queengallery\queengallery\Views\MacroPartials\NEWS.cshtml(37): error CS0103: The name 'preFixLang' does not exist in the current context
   at System.Web.Compilation.AssemblyBuilder.Compile()
   at System.Web.Compilation.BuildProvidersCompiler.PerformBuild()
   at System.Web.Compilation.BuildManager.CompileWebFile(VirtualPath virtualPath)
   at System.Web.Compilation.BuildManager.GetVPathBuildResultInternal(VirtualPath virtualPath, Boolean noBuild, Boolean allowCrossApp, Boolean allowBuildInPrecompile, Boolean throwIfNotFound, Boolean ensureIsUpToDate)
   at System.Web.Compilation.BuildManager.GetVPathBuildResultWithNoAssert(HttpContext context, VirtualPath virtualPath, Boolean noBuild, Boolean allowCrossApp, Boolean allowBuildInPrecompile, Boolean throwIfNotFound, Boolean ensureIsUpToDate)
   at System.Web.Compilation.BuildManager.GetVirtualPathObjectFactory(VirtualPath virtualPath, HttpContext context, Boolean allowCrossApp, Boolean throwIfNotFound)
   at System.Web.Compilation.BuildManager.GetCompiledType(VirtualPath virtualPath)
   at System.Web.Compilation.BuildManager.GetCompiledType(String virtualPath)
   at System.Web.Mvc.BuildManagerWrapper.System.Web.Mvc.IBuildManager.GetCompiledType(String virtualPath)
   at System.Web.Mvc.BuildManagerCompiledView.Render(ViewContext viewContext, TextWriter writer)
   at Umbraco.Core.Profiling.ProfilingView.Render(ViewContext viewContext, TextWriter writer)
   at Umbraco.Web.Mvc.ControllerExtensions.RenderViewResultAsString(ControllerBase controller, ViewResultBase viewResult)
   at Umbraco.Web.Macros.PartialViewMacroEngine.Execute(MacroModel macro, IPublishedContent content)
   at Umbraco.Web.Macros.PartialViewMacroEngine.Execute(MacroModel macro, INode node)
   at umbraco.macro.LoadPartialViewMacro(MacroModel macro)
   at umbraco.macro.renderMacro(Hashtable pageElements, Int32 pageId)
 2016-12-25 14:42:49,361 [P7584/D4/T265] WARN  umbraco.macro - Error loading Partial View (file: ~/Views/MacroPartials/NEWS.cshtml). Exception: System.Web.HttpCompileException (0x80004005): c:\queengallery\queengallery\Views\MacroPartials\NEWS.cshtml(37): error CS0103: The name 'preFixLang' does not exist in the current context
   at System.Web.Compilation.AssemblyBuilder.Compile()
   at System.Web.Compilation.BuildProvidersCompiler.PerformBuild()
   at System.Web.Compilation.BuildManager.CompileWebFile(VirtualPath virtualPath)
   at System.Web.Compilation.BuildManager.GetVPathBuildResultInternal(VirtualPath virtualPath, Boolean noBuild, Boolean allowCrossApp, Boolean allowBuildInPrecompile, Boolean throwIfNotFound, Boolean ensureIsUpToDate)
   at System.Web.Compilation.BuildManager.GetVPathBuildResultWithNoAssert(HttpContext context, VirtualPath virtualPath, Boolean noBuild, Boolean allowCrossApp, Boolean allowBuildInPrecompile, Boolean throwIfNotFound, Boolean ensureIsUpToDate)
   at System.Web.Compilation.BuildManager.GetVirtualPathObjectFactory(VirtualPath virtualPath, HttpContext context, Boolean allowCrossApp, Boolean throwIfNotFound)
   at System.Web.Compilation.BuildManager.GetCompiledType(VirtualPath virtualPath)
   at System.Web.Compilation.BuildManager.GetCompiledType(String virtualPath)
   at System.Web.Mvc.BuildManagerWrapper.System.Web.Mvc.IBuildManager.GetCompiledType(String virtualPath)
   at System.Web.Mvc.BuildManagerCompiledView.Render(ViewContext viewContext, TextWriter writer)
   at Umbraco.Core.Profiling.ProfilingView.Render(ViewContext viewContext, TextWriter writer)
   at Umbraco.Web.Mvc.ControllerExtensions.RenderViewResultAsString(ControllerBase controller, ViewResultBase viewResult)
   at Umbraco.Web.Macros.PartialViewMacroEngine.Execute(MacroModel macro, IPublishedContent content)
   at Umbraco.Web.Macros.PartialViewMacroEngine.Execute(MacroModel macro, INode node)
   at umbraco.macro.LoadPartialViewMacro(MacroModel macro)
   at umbraco.macro.renderMacro(Hashtable pageElements, Int32 pageId)
 2016-12-25 14:45:33,703 [P7584/D4/T265] WARN  umbraco.macro - Error loading partial view macro (View: ~/Views/MacroPartials/NEWS.cshtml). Exception: System.Web.HttpCompileException (0x80004005): c:\queengallery\queengallery\Views\MacroPartials\NEWS.cshtml(37): error CS0103: The name 'preFixLang' does not exist in the current context
   at System.Web.Compilation.AssemblyBuilder.Compile()
   at System.Web.Compilation.BuildProvidersCompiler.PerformBuild()
   at System.Web.Compilation.BuildManager.CompileWebFile(VirtualPath virtualPath)
   at System.Web.Compilation.BuildManager.GetVPathBuildResultInternal(VirtualPath virtualPath, Boolean noBuild, Boolean allowCrossApp, Boolean allowBuildInPrecompile, Boolean throwIfNotFound, Boolean ensureIsUpToDate)
   at System.Web.Compilation.BuildManager.GetVPathBuildResultWithNoAssert(HttpContext context, VirtualPath virtualPath, Boolean noBuild, Boolean allowCrossApp, Boolean allowBuildInPrecompile, Boolean throwIfNotFound, Boolean ensureIsUpToDate)
   at System.Web.Compilation.BuildManager.GetVirtualPathObjectFactory(VirtualPath virtualPath, HttpContext context, Boolean allowCrossApp, Boolean throwIfNotFound)
   at System.Web.Compilation.BuildManager.GetCompiledType(VirtualPath virtualPath)
   at System.Web.Compilation.BuildManager.GetCompiledType(String virtualPath)
   at System.Web.Mvc.BuildManagerWrapper.System.Web.Mvc.IBuildManager.GetCompiledType(String virtualPath)
   at System.Web.Mvc.BuildManagerCompiledView.Render(ViewContext viewContext, TextWriter writer)
   at Umbraco.Core.Profiling.ProfilingView.Render(ViewContext viewContext, TextWriter writer)
   at Umbraco.Web.Mvc.ControllerExtensions.RenderViewResultAsString(ControllerBase controller, ViewResultBase viewResult)
   at Umbraco.Web.Macros.PartialViewMacroEngine.Execute(MacroModel macro, IPublishedContent content)
   at Umbraco.Web.Macros.PartialViewMacroEngine.Execute(MacroModel macro, INode node)
   at umbraco.macro.LoadPartialViewMacro(MacroModel macro)
   at umbraco.macro.renderMacro(Hashtable pageElements, Int32 pageId)
 2016-12-25 14:45:33,703 [P7584/D4/T265] WARN  umbraco.macro - Error loading Partial View (file: ~/Views/MacroPartials/NEWS.cshtml). Exception: System.Web.HttpCompileException (0x80004005): c:\queengallery\queengallery\Views\MacroPartials\NEWS.cshtml(37): error CS0103: The name 'preFixLang' does not exist in the current context
   at System.Web.Compilation.AssemblyBuilder.Compile()
   at System.Web.Compilation.BuildProvidersCompiler.PerformBuild()
   at System.Web.Compilation.BuildManager.CompileWebFile(VirtualPath virtualPath)
   at System.Web.Compilation.BuildManager.GetVPathBuildResultInternal(VirtualPath virtualPath, Boolean noBuild, Boolean allowCrossApp, Boolean allowBuildInPrecompile, Boolean throwIfNotFound, Boolean ensureIsUpToDate)
   at System.Web.Compilation.BuildManager.GetVPathBuildResultWithNoAssert(HttpContext context, VirtualPath virtualPath, Boolean noBuild, Boolean allowCrossApp, Boolean allowBuildInPrecompile, Boolean throwIfNotFound, Boolean ensureIsUpToDate)
   at System.Web.Compilation.BuildManager.GetVirtualPathObjectFactory(VirtualPath virtualPath, HttpContext context, Boolean allowCrossApp, Boolean throwIfNotFound)
   at System.Web.Compilation.BuildManager.GetCompiledType(VirtualPath virtualPath)
   at System.Web.Compilation.BuildManager.GetCompiledType(String virtualPath)
   at System.Web.Mvc.BuildManagerWrapper.System.Web.Mvc.IBuildManager.GetCompiledType(String virtualPath)
   at System.Web.Mvc.BuildManagerCompiledView.Render(ViewContext viewContext, TextWriter writer)
   at Umbraco.Core.Profiling.ProfilingView.Render(ViewContext viewContext, TextWriter writer)
   at Umbraco.Web.Mvc.ControllerExtensions.RenderViewResultAsString(ControllerBase controller, ViewResultBase viewResult)
   at Umbraco.Web.Macros.PartialViewMacroEngine.Execute(MacroModel macro, IPublishedContent content)
   at Umbraco.Web.Macros.PartialViewMacroEngine.Execute(MacroModel macro, INode node)
   at umbraco.macro.LoadPartialViewMacro(MacroModel macro)
   at umbraco.macro.renderMacro(Hashtable pageElements, Int32 pageId)
 2016-12-25 14:45:39,453 [P7584/D4/T239] WARN  umbraco.macro - Error loading partial view macro (View: ~/Views/MacroPartials/NEWS.cshtml). Exception: System.Web.HttpCompileException (0x80004005): c:\queengallery\queengallery\Views\MacroPartials\NEWS.cshtml(37): error CS0103: The name 'aaaa' does not exist in the current context
   at System.Web.Compilation.AssemblyBuilder.Compile()
   at System.Web.Compilation.BuildProvidersCompiler.PerformBuild()
   at System.Web.Compilation.BuildManager.CompileWebFile(VirtualPath virtualPath)
   at System.Web.Compilation.BuildManager.GetVPathBuildResultInternal(VirtualPath virtualPath, Boolean noBuild, Boolean allowCrossApp, Boolean allowBuildInPrecompile, Boolean throwIfNotFound, Boolean ensureIsUpToDate)
   at System.Web.Compilation.BuildManager.GetVPathBuildResultWithNoAssert(HttpContext context, VirtualPath virtualPath, Boolean noBuild, Boolean allowCrossApp, Boolean allowBuildInPrecompile, Boolean throwIfNotFound, Boolean ensureIsUpToDate)
   at System.Web.Compilation.BuildManager.GetVirtualPathObjectFactory(VirtualPath virtualPath, HttpContext context, Boolean allowCrossApp, Boolean throwIfNotFound)
   at System.Web.Compilation.BuildManager.GetCompiledType(VirtualPath virtualPath)
   at System.Web.Compilation.BuildManager.GetCompiledType(String virtualPath)
   at System.Web.Mvc.BuildManagerWrapper.System.Web.Mvc.IBuildManager.GetCompiledType(String virtualPath)
   at System.Web.Mvc.BuildManagerCompiledView.Render(ViewContext viewContext, TextWriter writer)
   at Umbraco.Core.Profiling.ProfilingView.Render(ViewContext viewContext, TextWriter writer)
   at Umbraco.Web.Mvc.ControllerExtensions.RenderViewResultAsString(ControllerBase controller, ViewResultBase viewResult)
   at Umbraco.Web.Macros.PartialViewMacroEngine.Execute(MacroModel macro, IPublishedContent content)
   at Umbraco.Web.Macros.PartialViewMacroEngine.Execute(MacroModel macro, INode node)
   at umbraco.macro.LoadPartialViewMacro(MacroModel macro)
   at umbraco.macro.renderMacro(Hashtable pageElements, Int32 pageId)
 2016-12-25 14:45:39,453 [P7584/D4/T239] WARN  umbraco.macro - Error loading Partial View (file: ~/Views/MacroPartials/NEWS.cshtml). Exception: System.Web.HttpCompileException (0x80004005): c:\queengallery\queengallery\Views\MacroPartials\NEWS.cshtml(37): error CS0103: The name 'aaaa' does not exist in the current context
   at System.Web.Compilation.AssemblyBuilder.Compile()
   at System.Web.Compilation.BuildProvidersCompiler.PerformBuild()
   at System.Web.Compilation.BuildManager.CompileWebFile(VirtualPath virtualPath)
   at System.Web.Compilation.BuildManager.GetVPathBuildResultInternal(VirtualPath virtualPath, Boolean noBuild, Boolean allowCrossApp, Boolean allowBuildInPrecompile, Boolean throwIfNotFound, Boolean ensureIsUpToDate)
   at System.Web.Compilation.BuildManager.GetVPathBuildResultWithNoAssert(HttpContext context, VirtualPath virtualPath, Boolean noBuild, Boolean allowCrossApp, Boolean allowBuildInPrecompile, Boolean throwIfNotFound, Boolean ensureIsUpToDate)
   at System.Web.Compilation.BuildManager.GetVirtualPathObjectFactory(VirtualPath virtualPath, HttpContext context, Boolean allowCrossApp, Boolean throwIfNotFound)
   at System.Web.Compilation.BuildManager.GetCompiledType(VirtualPath virtualPath)
   at System.Web.Compilation.BuildManager.GetCompiledType(String virtualPath)
   at System.Web.Mvc.BuildManagerWrapper.System.Web.Mvc.IBuildManager.GetCompiledType(String virtualPath)
   at System.Web.Mvc.BuildManagerCompiledView.Render(ViewContext viewContext, TextWriter writer)
   at Umbraco.Core.Profiling.ProfilingView.Render(ViewContext viewContext, TextWriter writer)
   at Umbraco.Web.Mvc.ControllerExtensions.RenderViewResultAsString(ControllerBase controller, ViewResultBase viewResult)
   at Umbraco.Web.Macros.PartialViewMacroEngine.Execute(MacroModel macro, IPublishedContent content)
   at Umbraco.Web.Macros.PartialViewMacroEngine.Execute(MacroModel macro, INode node)
   at umbraco.macro.LoadPartialViewMacro(MacroModel macro)
   at umbraco.macro.renderMacro(Hashtable pageElements, Int32 pageId)
 2016-12-25 14:51:30,391 [P15116/D2/T1] INFO  Umbraco.Core.CoreBootManager - Umbraco 7.5.4 application starting on HOMEPC
 2016-12-25 14:51:30,403 [P15116/D2/T1] INFO  Umbraco.Core.PluginManager - Determining hash of code files on disk
 2016-12-25 14:51:30,410 [P15116/D2/T1] INFO  Umbraco.Core.PluginManager - Hash determined (took 6ms)
 2016-12-25 14:51:30,457 [P15116/D2/T1] INFO  Umbraco.Core.PluginManager - Starting resolution types of umbraco.interfaces.IApplicationStartupHandler
 2016-12-25 14:51:30,501 [P15116/D2/T1] INFO  Umbraco.Core.PluginManager - Completed resolution of types of umbraco.interfaces.IApplicationStartupHandler, found 0 (took 44ms)
 2016-12-25 14:51:30,550 [P15116/D2/T1] INFO  Umbraco.Core.PluginManager - Starting resolution types of Umbraco.Core.PropertyEditors.IPropertyEditorValueConverter
 2016-12-25 14:51:30,551 [P15116/D2/T1] INFO  Umbraco.Core.PluginManager - Completed resolution of types of Umbraco.Core.PropertyEditors.IPropertyEditorValueConverter, found 0 (took 0ms)
 2016-12-25 14:51:30,551 [P15116/D2/T1] INFO  Umbraco.Core.PluginManager - Starting resolution types of Umbraco.Core.PropertyEditors.IPropertyValueConverter
 2016-12-25 14:51:30,553 [P15116/D2/T1] INFO  Umbraco.Core.PluginManager - Completed resolution of types of Umbraco.Core.PropertyEditors.IPropertyValueConverter, found 0 (took 1ms)
 2016-12-25 14:51:30,561 [P15116/D2/T1] INFO  Umbraco.Core.PluginManager - Starting resolution types of Umbraco.Web.Mvc.SurfaceController
 2016-12-25 14:51:30,569 [P15116/D2/T1] INFO  Umbraco.Core.PluginManager - Completed resolution of types of Umbraco.Web.Mvc.SurfaceController, found 0 (took 7ms)
 2016-12-25 14:51:30,569 [P15116/D2/T1] INFO  Umbraco.Core.PluginManager - Starting resolution types of Umbraco.Web.WebApi.UmbracoApiController
 2016-12-25 14:51:30,573 [P15116/D2/T1] INFO  Umbraco.Core.PluginManager - Completed resolution of types of Umbraco.Web.WebApi.UmbracoApiController, found 0 (took 4ms)
 2016-12-25 14:51:30,627 [P15116/D2/T1] INFO  Umbraco.Core.PluginManager - Starting resolution types of Umbraco.Core.Media.IThumbnailProvider
 2016-12-25 14:51:30,627 [P15116/D2/T1] INFO  Umbraco.Core.PluginManager - Completed resolution of types of Umbraco.Core.Media.IThumbnailProvider, found 0 (took 0ms)
 2016-12-25 14:51:30,628 [P15116/D2/T1] INFO  Umbraco.Core.PluginManager - Starting resolution types of Umbraco.Core.Media.IImageUrlProvider
 2016-12-25 14:51:30,628 [P15116/D2/T1] INFO  Umbraco.Core.PluginManager - Completed resolution of types of Umbraco.Core.Media.IImageUrlProvider, found 0 (took 0ms)
 2016-12-25 14:51:31,374 [P15116/D2/T1] INFO  Umbraco.Core.DatabaseContext - CanConnect = True
 2016-12-25 14:51:31,604 [P15116/D2/T1] INFO  Umbraco.Core.DatabaseContext - CanConnect = True
 2016-12-25 14:51:31,646 [P15116/D2/T1] INFO  Umbraco.Core.DatabaseContext - CanConnect = True
 2016-12-25 14:51:31,714 [P15116/D2/T1] INFO  Umbraco.Web.Cache.CacheRefresherEventHandler - Initializing Umbraco internal event handlers for cache refreshing
 2016-12-25 14:51:31,828 [P15116/D2/T1] INFO  Umbraco.Web.Search.ExamineEvents - Initializing Examine and binding to business logic events
 2016-12-25 14:51:31,828 [P15116/D2/T1] INFO  Umbraco.Web.Search.ExamineEvents - Adding examine event handlers for index providers: 3
 2016-12-25 14:51:31,837 [P15116/D2/T1] INFO  Umbraco.Core.CoreBootManager - Umbraco application startup complete (took 1489ms)
 2016-12-25 14:51:32,521 [P15116/D2/T8] INFO  Umbraco.Core.Sync.ApplicationUrlHelper - ApplicationUrl: http://localhost:17606/umbraco (UmbracoModule request)
 2016-12-25 14:51:32,840 [P15116/D2/T8] INFO  umbraco.content - Load Xml from file...
 2016-12-25 14:51:32,843 [P15116/D2/T8] INFO  umbraco.content - Loaded Xml from file.
 2016-12-25 14:51:33,381 [P15116/D2/T8] INFO  Umbraco.Core.PluginManager - Starting resolution types of Umbraco.Core.PropertyEditors.IParameterEditor
 2016-12-25 14:51:33,383 [P15116/D2/T8] INFO  Umbraco.Core.PluginManager - Completed resolution of types of Umbraco.Core.PropertyEditors.IParameterEditor, found 0 (took 1ms)
 2016-12-25 14:51:39,690 [P15116/D2/T15] INFO  Umbraco.Core.PluginManager - Starting resolution types of Umbraco.Core.Persistence.Mappers.BaseMapper
 2016-12-25 14:51:39,691 [P15116/D2/T15] INFO  Umbraco.Core.PluginManager - Completed resolution of types of Umbraco.Core.Persistence.Mappers.BaseMapper, found 0 (took 1ms)
 2016-12-25 14:51:39,859 [P15116/D2/T15] INFO  Umbraco.Core.PluginManager - Starting resolution types of umbraco.cms.businesslogic.macro.IMacroEngine
 2016-12-25 14:51:39,860 [P15116/D2/T15] INFO  Umbraco.Core.PluginManager - Completed resolution of types of umbraco.cms.businesslogic.macro.IMacroEngine, found 0 (took 0ms)
 2016-12-25 14:51:41,080 [P15116/D2/T15] WARN  umbraco.macro - Error loading partial view macro (View: ~/Views/MacroPartials/NEWS.cshtml). Exception: System.Web.HttpCompileException (0x80004005): c:\queengallery\queengallery\Views\MacroPartials\NEWS.cshtml(37): error CS0103: The name 'aaaa' does not exist in the current context
   at System.Web.Compilation.AssemblyBuilder.Compile()
   at System.Web.Compilation.BuildProvidersCompiler.PerformBuild()
   at System.Web.Compilation.BuildManager.CompileWebFile(VirtualPath virtualPath)
   at System.Web.Compilation.BuildManager.GetVPathBuildResultInternal(VirtualPath virtualPath, Boolean noBuild, Boolean allowCrossApp, Boolean allowBuildInPrecompile, Boolean throwIfNotFound, Boolean ensureIsUpToDate)
   at System.Web.Compilation.BuildManager.GetVPathBuildResultWithNoAssert(HttpContext context, VirtualPath virtualPath, Boolean noBuild, Boolean allowCrossApp, Boolean allowBuildInPrecompile, Boolean throwIfNotFound, Boolean ensureIsUpToDate)
   at System.Web.Compilation.BuildManager.GetVirtualPathObjectFactory(VirtualPath virtualPath, HttpContext context, Boolean allowCrossApp, Boolean throwIfNotFound)
   at System.Web.Compilation.BuildManager.GetCompiledType(VirtualPath virtualPath)
   at System.Web.Compilation.BuildManager.GetCompiledType(String virtualPath)
   at System.Web.Mvc.BuildManagerWrapper.System.Web.Mvc.IBuildManager.GetCompiledType(String virtualPath)
   at System.Web.Mvc.BuildManagerCompiledView.Render(ViewContext viewContext, TextWriter writer)
   at Umbraco.Core.Profiling.ProfilingView.Render(ViewContext viewContext, TextWriter writer)
   at Umbraco.Web.Mvc.ControllerExtensions.RenderViewResultAsString(ControllerBase controller, ViewResultBase viewResult)
   at Umbraco.Web.Macros.PartialViewMacroEngine.Execute(MacroModel macro, IPublishedContent content)
   at Umbraco.Web.Macros.PartialViewMacroEngine.Execute(MacroModel macro, INode node)
   at umbraco.macro.LoadPartialViewMacro(MacroModel macro)
   at umbraco.macro.renderMacro(Hashtable pageElements, Int32 pageId)
 2016-12-25 14:51:41,081 [P15116/D2/T15] WARN  umbraco.macro - Error loading Partial View (file: ~/Views/MacroPartials/NEWS.cshtml). Exception: System.Web.HttpCompileException (0x80004005): c:\queengallery\queengallery\Views\MacroPartials\NEWS.cshtml(37): error CS0103: The name 'aaaa' does not exist in the current context
   at System.Web.Compilation.AssemblyBuilder.Compile()
   at System.Web.Compilation.BuildProvidersCompiler.PerformBuild()
   at System.Web.Compilation.BuildManager.CompileWebFile(VirtualPath virtualPath)
   at System.Web.Compilation.BuildManager.GetVPathBuildResultInternal(VirtualPath virtualPath, Boolean noBuild, Boolean allowCrossApp, Boolean allowBuildInPrecompile, Boolean throwIfNotFound, Boolean ensureIsUpToDate)
   at System.Web.Compilation.BuildManager.GetVPathBuildResultWithNoAssert(HttpContext context, VirtualPath virtualPath, Boolean noBuild, Boolean allowCrossApp, Boolean allowBuildInPrecompile, Boolean throwIfNotFound, Boolean ensureIsUpToDate)
   at System.Web.Compilation.BuildManager.GetVirtualPathObjectFactory(VirtualPath virtualPath, HttpContext context, Boolean allowCrossApp, Boolean throwIfNotFound)
   at System.Web.Compilation.BuildManager.GetCompiledType(VirtualPath virtualPath)
   at System.Web.Compilation.BuildManager.GetCompiledType(String virtualPath)
   at System.Web.Mvc.BuildManagerWrapper.System.Web.Mvc.IBuildManager.GetCompiledType(String virtualPath)
   at System.Web.Mvc.BuildManagerCompiledView.Render(ViewContext viewContext, TextWriter writer)
   at Umbraco.Core.Profiling.ProfilingView.Render(ViewContext viewContext, TextWriter writer)
   at Umbraco.Web.Mvc.ControllerExtensions.RenderViewResultAsString(ControllerBase controller, ViewResultBase viewResult)
   at Umbraco.Web.Macros.PartialViewMacroEngine.Execute(MacroModel macro, IPublishedContent content)
   at Umbraco.Web.Macros.PartialViewMacroEngine.Execute(MacroModel macro, INode node)
   at umbraco.macro.LoadPartialViewMacro(MacroModel macro)
   at umbraco.macro.renderMacro(Hashtable pageElements, Int32 pageId)
 2016-12-25 14:52:22,449 [P15116/D2/T16] INFO  Umbraco.Core.Security.BackOfficeSignInManager - Event Id: 0, state: Login attempt succeeded for username admin@bbl.co.th from IP address ::1
 2016-12-25 14:52:22,450 [P15116/D2/T16] INFO  Umbraco.Core.Security.BackOfficeSignInManager - Event Id: 0, state: User: admin@bbl.co.th logged in from IP address ::1
 2016-12-25 14:52:22,634 [P15116/D2/T19] INFO  Umbraco.Core.PluginManager - Starting resolution types of Umbraco.Web.Trees.TreeController
 2016-12-25 14:52:22,635 [P15116/D2/T19] INFO  Umbraco.Core.PluginManager - Completed resolution of types of Umbraco.Web.Trees.TreeController, found 0 (took 1ms)
 2016-12-25 14:52:22,679 [P15116/D2/T19] INFO  Umbraco.Core.PluginManager - Starting resolution types of umbraco.interfaces.IApplication
 2016-12-25 14:52:22,680 [P15116/D2/T19] INFO  Umbraco.Core.PluginManager - Completed resolution of types of umbraco.interfaces.IApplication, found 0 (took 1ms)
 2016-12-25 14:52:22,707 [P15116/D2/T19] INFO  Umbraco.Core.PluginManager - Starting resolution types of umbraco.interfaces.ITree
 2016-12-25 14:52:22,708 [P15116/D2/T19] INFO  Umbraco.Core.PluginManager - Completed resolution of types of umbraco.interfaces.ITree, found 0 (took 1ms)
 2016-12-25 14:52:22,712 [P15116/D2/T16] INFO  Umbraco.Core.PluginManager - Starting resolution types of Umbraco.Web.Trees.TreeController
 2016-12-25 14:52:22,713 [P15116/D2/T16] INFO  Umbraco.Core.PluginManager - Completed resolution of types of Umbraco.Web.Trees.TreeController, found 0 (took 0ms)
 2016-12-25 14:52:22,714 [P15116/D2/T16] INFO  Umbraco.Core.PluginManager - Starting resolution types of umbraco.interfaces.ITree
 2016-12-25 14:52:22,715 [P15116/D2/T16] INFO  Umbraco.Core.PluginManager - Completed resolution of types of umbraco.interfaces.ITree, found 0 (took 0ms)
 2016-12-25 14:52:32,914 [P15116/D2/T14] INFO  umbraco.BusinessLogic.Log - Log scrubbed.  Removed all items older than 2559-12-24 14:52:32
 2016-12-25 14:54:22,010 [P15116/D2/T33] INFO  Umbraco.Core.PluginManager - Starting resolution types of Umbraco.Core.PropertyEditors.IParameterEditor
 2016-12-25 14:54:22,010 [P15116/D2/T33] INFO  Umbraco.Core.PluginManager - Completed resolution of types of Umbraco.Core.PropertyEditors.IParameterEditor, found 0 (took 0ms)
 2016-12-25 14:56:37,268 [P15116/D2/T68] WARN  umbraco.macro - <log4net.Error>Exception during StringFormat: Input string was not in a correct format. <format>Error loading partial view macro (View: ~/Views/MacroPartials/NEWS.cshtml). Exception: System.Web.HttpCompileException (0x80004005): c:\Users\momojojo\AppData\Local\Temp\Temporary ASP.NET Files\vs\bc422b9f\57585326\App_Web_news.cshtml.d673bf47.gbptylg2.0.cs(168): error CS1513: } expected
   at System.Web.Compilation.AssemblyBuilder.Compile()
   at System.Web.Compilation.BuildProvidersCompiler.PerformBuild()
   at System.Web.Compilation.BuildManager.CompileWebFile(VirtualPath virtualPath)
   at System.Web.Compilation.BuildManager.GetVPathBuildResultInternal(VirtualPath virtualPath, Boolean noBuild, Boolean allowCrossApp, Boolean allowBuildInPrecompile, Boolean throwIfNotFound, Boolean ensureIsUpToDate)
   at System.Web.Compilation.BuildManager.GetVPathBuildResultWithNoAssert(HttpContext context, VirtualPath virtualPath, Boolean noBuild, Boolean allowCrossApp, Boolean allowBuildInPrecompile, Boolean throwIfNotFound, Boolean ensureIsUpToDate)
   at System.Web.Compilation.BuildManager.GetVirtualPathObjectFactory(VirtualPath virtualPath, HttpContext context, Boolean allowCrossApp, Boolean throwIfNotFound)
   at System.Web.Compilation.BuildManager.GetCompiledType(VirtualPath virtualPath)
   at System.Web.Compilation.BuildManager.GetCompiledType(String virtualPath)
   at System.Web.Mvc.BuildManagerWrapper.System.Web.Mvc.IBuildManager.GetCompiledType(String virtualPath)
   at System.Web.Mvc.BuildManagerCompiledView.Render(ViewContext viewContext, TextWriter writer)
   at Umbraco.Core.Profiling.ProfilingView.Render(ViewContext viewContext, TextWriter writer)
   at Umbraco.Web.Mvc.ControllerExtensions.RenderViewResultAsString(ControllerBase controller, ViewResultBase viewResult)
   at Umbraco.Web.Macros.PartialViewMacroEngine.Execute(MacroModel macro, IPublishedContent content)
   at Umbraco.Web.Macros.PartialViewMacroEngine.Execute(MacroModel macro, INode node)
   at umbraco.macro.LoadPartialViewMacro(MacroModel macro)
   at umbraco.macro.renderMacro(Hashtable pageElements, Int32 pageId)</format><args>{}</args></log4net.Error>
 2016-12-25 14:56:37,272 [P15116/D2/T68] WARN  umbraco.macro - <log4net.Error>Exception during StringFormat: Input string was not in a correct format. <format>Error loading Partial View (file: ~/Views/MacroPartials/NEWS.cshtml). Exception: System.Web.HttpCompileException (0x80004005): c:\Users\momojojo\AppData\Local\Temp\Temporary ASP.NET Files\vs\bc422b9f\57585326\App_Web_news.cshtml.d673bf47.gbptylg2.0.cs(168): error CS1513: } expected
   at System.Web.Compilation.AssemblyBuilder.Compile()
   at System.Web.Compilation.BuildProvidersCompiler.PerformBuild()
   at System.Web.Compilation.BuildManager.CompileWebFile(VirtualPath virtualPath)
   at System.Web.Compilation.BuildManager.GetVPathBuildResultInternal(VirtualPath virtualPath, Boolean noBuild, Boolean allowCrossApp, Boolean allowBuildInPrecompile, Boolean throwIfNotFound, Boolean ensureIsUpToDate)
   at System.Web.Compilation.BuildManager.GetVPathBuildResultWithNoAssert(HttpContext context, VirtualPath virtualPath, Boolean noBuild, Boolean allowCrossApp, Boolean allowBuildInPrecompile, Boolean throwIfNotFound, Boolean ensureIsUpToDate)
   at System.Web.Compilation.BuildManager.GetVirtualPathObjectFactory(VirtualPath virtualPath, HttpContext context, Boolean allowCrossApp, Boolean throwIfNotFound)
   at System.Web.Compilation.BuildManager.GetCompiledType(VirtualPath virtualPath)
   at System.Web.Compilation.BuildManager.GetCompiledType(String virtualPath)
   at System.Web.Mvc.BuildManagerWrapper.System.Web.Mvc.IBuildManager.GetCompiledType(String virtualPath)
   at System.Web.Mvc.BuildManagerCompiledView.Render(ViewContext viewContext, TextWriter writer)
   at Umbraco.Core.Profiling.ProfilingView.Render(ViewContext viewContext, TextWriter writer)
   at Umbraco.Web.Mvc.ControllerExtensions.RenderViewResultAsString(ControllerBase controller, ViewResultBase viewResult)
   at Umbraco.Web.Macros.PartialViewMacroEngine.Execute(MacroModel macro, IPublishedContent content)
   at Umbraco.Web.Macros.PartialViewMacroEngine.Execute(MacroModel macro, INode node)
   at umbraco.macro.LoadPartialViewMacro(MacroModel macro)
   at umbraco.macro.renderMacro(Hashtable pageElements, Int32 pageId)</format><args>{}</args></log4net.Error>
 2016-12-25 14:56:38,393 [P15116/D2/T12] WARN  umbraco.macro - <log4net.Error>Exception during StringFormat: Input string was not in a correct format. <format>Error loading partial view macro (View: ~/Views/MacroPartials/NEWS.cshtml). Exception: System.Web.HttpCompileException (0x80004005): c:\Users\momojojo\AppData\Local\Temp\Temporary ASP.NET Files\vs\bc422b9f\57585326\App_Web_news.cshtml.d673bf47.gbptylg2.0.cs(168): error CS1513: } expected
   at System.Web.Compilation.BuildManager.PostProcessFoundBuildResult(BuildResult result, Boolean keyFromVPP, VirtualPath virtualPath)
   at System.Web.Compilation.BuildManager.GetBuildResultFromCacheInternal(String cacheKey, Boolean keyFromVPP, VirtualPath virtualPath, Int64 hashCode, Boolean ensureIsUpToDate)
   at System.Web.Compilation.BuildManager.GetVPathBuildResultFromCacheInternal(VirtualPath virtualPath, Boolean ensureIsUpToDate)
   at System.Web.Compilation.BuildManager.GetVPathBuildResultInternal(VirtualPath virtualPath, Boolean noBuild, Boolean allowCrossApp, Boolean allowBuildInPrecompile, Boolean throwIfNotFound, Boolean ensureIsUpToDate)
   at System.Web.Compilation.BuildManager.GetVPathBuildResultWithNoAssert(HttpContext context, VirtualPath virtualPath, Boolean noBuild, Boolean allowCrossApp, Boolean allowBuildInPrecompile, Boolean throwIfNotFound, Boolean ensureIsUpToDate)
   at System.Web.Compilation.BuildManager.GetVirtualPathObjectFactory(VirtualPath virtualPath, HttpContext context, Boolean allowCrossApp, Boolean throwIfNotFound)
   at System.Web.Compilation.BuildManager.GetCompiledType(VirtualPath virtualPath)
   at System.Web.Compilation.BuildManager.GetCompiledType(String virtualPath)
   at System.Web.Mvc.BuildManagerWrapper.System.Web.Mvc.IBuildManager.GetCompiledType(String virtualPath)
   at System.Web.Mvc.BuildManagerCompiledView.Render(ViewContext viewContext, TextWriter writer)
   at Umbraco.Core.Profiling.ProfilingView.Render(ViewContext viewContext, TextWriter writer)
   at Umbraco.Web.Mvc.ControllerExtensions.RenderViewResultAsString(ControllerBase controller, ViewResultBase viewResult)
   at Umbraco.Web.Macros.PartialViewMacroEngine.Execute(MacroModel macro, IPublishedContent content)
   at Umbraco.Web.Macros.PartialViewMacroEngine.Execute(MacroModel macro, INode node)
   at umbraco.macro.LoadPartialViewMacro(MacroModel macro)
   at umbraco.macro.renderMacro(Hashtable pageElements, Int32 pageId)</format><args>{}</args></log4net.Error>
 2016-12-25 14:56:38,393 [P15116/D2/T12] WARN  umbraco.macro - <log4net.Error>Exception during StringFormat: Input string was not in a correct format. <format>Error loading Partial View (file: ~/Views/MacroPartials/NEWS.cshtml). Exception: System.Web.HttpCompileException (0x80004005): c:\Users\momojojo\AppData\Local\Temp\Temporary ASP.NET Files\vs\bc422b9f\57585326\App_Web_news.cshtml.d673bf47.gbptylg2.0.cs(168): error CS1513: } expected
   at System.Web.Compilation.BuildManager.PostProcessFoundBuildResult(BuildResult result, Boolean keyFromVPP, VirtualPath virtualPath)
   at System.Web.Compilation.BuildManager.GetBuildResultFromCacheInternal(String cacheKey, Boolean keyFromVPP, VirtualPath virtualPath, Int64 hashCode, Boolean ensureIsUpToDate)
   at System.Web.Compilation.BuildManager.GetVPathBuildResultFromCacheInternal(VirtualPath virtualPath, Boolean ensureIsUpToDate)
   at System.Web.Compilation.BuildManager.GetVPathBuildResultInternal(VirtualPath virtualPath, Boolean noBuild, Boolean allowCrossApp, Boolean allowBuildInPrecompile, Boolean throwIfNotFound, Boolean ensureIsUpToDate)
   at System.Web.Compilation.BuildManager.GetVPathBuildResultWithNoAssert(HttpContext context, VirtualPath virtualPath, Boolean noBuild, Boolean allowCrossApp, Boolean allowBuildInPrecompile, Boolean throwIfNotFound, Boolean ensureIsUpToDate)
   at System.Web.Compilation.BuildManager.GetVirtualPathObjectFactory(VirtualPath virtualPath, HttpContext context, Boolean allowCrossApp, Boolean throwIfNotFound)
   at System.Web.Compilation.BuildManager.GetCompiledType(VirtualPath virtualPath)
   at System.Web.Compilation.BuildManager.GetCompiledType(String virtualPath)
   at System.Web.Mvc.BuildManagerWrapper.System.Web.Mvc.IBuildManager.GetCompiledType(String virtualPath)
   at System.Web.Mvc.BuildManagerCompiledView.Render(ViewContext viewContext, TextWriter writer)
   at Umbraco.Core.Profiling.ProfilingView.Render(ViewContext viewContext, TextWriter writer)
   at Umbraco.Web.Mvc.ControllerExtensions.RenderViewResultAsString(ControllerBase controller, ViewResultBase viewResult)
   at Umbraco.Web.Macros.PartialViewMacroEngine.Execute(MacroModel macro, IPublishedContent content)
   at Umbraco.Web.Macros.PartialViewMacroEngine.Execute(MacroModel macro, INode node)
   at umbraco.macro.LoadPartialViewMacro(MacroModel macro)
   at umbraco.macro.renderMacro(Hashtable pageElements, Int32 pageId)</format><args>{}</args></log4net.Error>
 2016-12-25 14:56:39,069 [P15116/D2/T56] WARN  umbraco.macro - <log4net.Error>Exception during StringFormat: Input string was not in a correct format. <format>Error loading partial view macro (View: ~/Views/MacroPartials/NEWS.cshtml). Exception: System.Web.HttpCompileException (0x80004005): c:\Users\momojojo\AppData\Local\Temp\Temporary ASP.NET Files\vs\bc422b9f\57585326\App_Web_news.cshtml.d673bf47.gbptylg2.0.cs(168): error CS1513: } expected
   at System.Web.Compilation.BuildManager.PostProcessFoundBuildResult(BuildResult result, Boolean keyFromVPP, VirtualPath virtualPath)
   at System.Web.Compilation.BuildManager.GetBuildResultFromCacheInternal(String cacheKey, Boolean keyFromVPP, VirtualPath virtualPath, Int64 hashCode, Boolean ensureIsUpToDate)
   at System.Web.Compilation.BuildManager.GetVPathBuildResultFromCacheInternal(VirtualPath virtualPath, Boolean ensureIsUpToDate)
   at System.Web.Compilation.BuildManager.GetVPathBuildResultInternal(VirtualPath virtualPath, Boolean noBuild, Boolean allowCrossApp, Boolean allowBuildInPrecompile, Boolean throwIfNotFound, Boolean ensureIsUpToDate)
   at System.Web.Compilation.BuildManager.GetVPathBuildResultWithNoAssert(HttpContext context, VirtualPath virtualPath, Boolean noBuild, Boolean allowCrossApp, Boolean allowBuildInPrecompile, Boolean throwIfNotFound, Boolean ensureIsUpToDate)
   at System.Web.Compilation.BuildManager.GetVirtualPathObjectFactory(VirtualPath virtualPath, HttpContext context, Boolean allowCrossApp, Boolean throwIfNotFound)
   at System.Web.Compilation.BuildManager.GetCompiledType(VirtualPath virtualPath)
   at System.Web.Compilation.BuildManager.GetCompiledType(String virtualPath)
   at System.Web.Mvc.BuildManagerWrapper.System.Web.Mvc.IBuildManager.GetCompiledType(String virtualPath)
   at System.Web.Mvc.BuildManagerCompiledView.Render(ViewContext viewContext, TextWriter writer)
   at Umbraco.Core.Profiling.ProfilingView.Render(ViewContext viewContext, TextWriter writer)
   at Umbraco.Web.Mvc.ControllerExtensions.RenderViewResultAsString(ControllerBase controller, ViewResultBase viewResult)
   at Umbraco.Web.Macros.PartialViewMacroEngine.Execute(MacroModel macro, IPublishedContent content)
   at Umbraco.Web.Macros.PartialViewMacroEngine.Execute(MacroModel macro, INode node)
   at umbraco.macro.LoadPartialViewMacro(MacroModel macro)
   at umbraco.macro.renderMacro(Hashtable pageElements, Int32 pageId)</format><args>{}</args></log4net.Error>
 2016-12-25 14:56:39,070 [P15116/D2/T56] WARN  umbraco.macro - <log4net.Error>Exception during StringFormat: Input string was not in a correct format. <format>Error loading Partial View (file: ~/Views/MacroPartials/NEWS.cshtml). Exception: System.Web.HttpCompileException (0x80004005): c:\Users\momojojo\AppData\Local\Temp\Temporary ASP.NET Files\vs\bc422b9f\57585326\App_Web_news.cshtml.d673bf47.gbptylg2.0.cs(168): error CS1513: } expected
   at System.Web.Compilation.BuildManager.PostProcessFoundBuildResult(BuildResult result, Boolean keyFromVPP, VirtualPath virtualPath)
   at System.Web.Compilation.BuildManager.GetBuildResultFromCacheInternal(String cacheKey, Boolean keyFromVPP, VirtualPath virtualPath, Int64 hashCode, Boolean ensureIsUpToDate)
   at System.Web.Compilation.BuildManager.GetVPathBuildResultFromCacheInternal(VirtualPath virtualPath, Boolean ensureIsUpToDate)
   at System.Web.Compilation.BuildManager.GetVPathBuildResultInternal(VirtualPath virtualPath, Boolean noBuild, Boolean allowCrossApp, Boolean allowBuildInPrecompile, Boolean throwIfNotFound, Boolean ensureIsUpToDate)
   at System.Web.Compilation.BuildManager.GetVPathBuildResultWithNoAssert(HttpContext context, VirtualPath virtualPath, Boolean noBuild, Boolean allowCrossApp, Boolean allowBuildInPrecompile, Boolean throwIfNotFound, Boolean ensureIsUpToDate)
   at System.Web.Compilation.BuildManager.GetVirtualPathObjectFactory(VirtualPath virtualPath, HttpContext context, Boolean allowCrossApp, Boolean throwIfNotFound)
   at System.Web.Compilation.BuildManager.GetCompiledType(VirtualPath virtualPath)
   at System.Web.Compilation.BuildManager.GetCompiledType(String virtualPath)
   at System.Web.Mvc.BuildManagerWrapper.System.Web.Mvc.IBuildManager.GetCompiledType(String virtualPath)
   at System.Web.Mvc.BuildManagerCompiledView.Render(ViewContext viewContext, TextWriter writer)
   at Umbraco.Core.Profiling.ProfilingView.Render(ViewContext viewContext, TextWriter writer)
   at Umbraco.Web.Mvc.ControllerExtensions.RenderViewResultAsString(ControllerBase controller, ViewResultBase viewResult)
   at Umbraco.Web.Macros.PartialViewMacroEngine.Execute(MacroModel macro, IPublishedContent content)
   at Umbraco.Web.Macros.PartialViewMacroEngine.Execute(MacroModel macro, INode node)
   at umbraco.macro.LoadPartialViewMacro(MacroModel macro)
   at umbraco.macro.renderMacro(Hashtable pageElements, Int32 pageId)</format><args>{}</args></log4net.Error>
 2016-12-25 14:56:55,507 [P15116/D2/T37] WARN  umbraco.macro - <log4net.Error>Exception during StringFormat: Input string was not in a correct format. <format>Error loading partial view macro (View: ~/Views/MacroPartials/NEWS.cshtml). Exception: System.Web.HttpCompileException (0x80004005): c:\Users\momojojo\AppData\Local\Temp\Temporary ASP.NET Files\vs\bc422b9f\57585326\App_Web_news.cshtml.d673bf47.kp4mappn.0.cs(159): error CS1513: } expected
   at System.Web.Compilation.AssemblyBuilder.Compile()
   at System.Web.Compilation.BuildProvidersCompiler.PerformBuild()
   at System.Web.Compilation.BuildManager.CompileWebFile(VirtualPath virtualPath)
   at System.Web.Compilation.BuildManager.GetVPathBuildResultInternal(VirtualPath virtualPath, Boolean noBuild, Boolean allowCrossApp, Boolean allowBuildInPrecompile, Boolean throwIfNotFound, Boolean ensureIsUpToDate)
   at System.Web.Compilation.BuildManager.GetVPathBuildResultWithNoAssert(HttpContext context, VirtualPath virtualPath, Boolean noBuild, Boolean allowCrossApp, Boolean allowBuildInPrecompile, Boolean throwIfNotFound, Boolean ensureIsUpToDate)
   at System.Web.Compilation.BuildManager.GetVirtualPathObjectFactory(VirtualPath virtualPath, HttpContext context, Boolean allowCrossApp, Boolean throwIfNotFound)
   at System.Web.Compilation.BuildManager.GetCompiledType(VirtualPath virtualPath)
   at System.Web.Compilation.BuildManager.GetCompiledType(String virtualPath)
   at System.Web.Mvc.BuildManagerWrapper.System.Web.Mvc.IBuildManager.GetCompiledType(String virtualPath)
   at System.Web.Mvc.BuildManagerCompiledView.Render(ViewContext viewContext, TextWriter writer)
   at Umbraco.Core.Profiling.ProfilingView.Render(ViewContext viewContext, TextWriter writer)
   at Umbraco.Web.Mvc.ControllerExtensions.RenderViewResultAsString(ControllerBase controller, ViewResultBase viewResult)
   at Umbraco.Web.Macros.PartialViewMacroEngine.Execute(MacroModel macro, IPublishedContent content)
   at Umbraco.Web.Macros.PartialViewMacroEngine.Execute(MacroModel macro, INode node)
   at umbraco.macro.LoadPartialViewMacro(MacroModel macro)
   at umbraco.macro.renderMacro(Hashtable pageElements, Int32 pageId)</format><args>{}</args></log4net.Error>
 2016-12-25 14:56:55,508 [P15116/D2/T37] WARN  umbraco.macro - <log4net.Error>Exception during StringFormat: Input string was not in a correct format. <format>Error loading Partial View (file: ~/Views/MacroPartials/NEWS.cshtml). Exception: System.Web.HttpCompileException (0x80004005): c:\Users\momojojo\AppData\Local\Temp\Temporary ASP.NET Files\vs\bc422b9f\57585326\App_Web_news.cshtml.d673bf47.kp4mappn.0.cs(159): error CS1513: } expected
   at System.Web.Compilation.AssemblyBuilder.Compile()
   at System.Web.Compilation.BuildProvidersCompiler.PerformBuild()
   at System.Web.Compilation.BuildManager.CompileWebFile(VirtualPath virtualPath)
   at System.Web.Compilation.BuildManager.GetVPathBuildResultInternal(VirtualPath virtualPath, Boolean noBuild, Boolean allowCrossApp, Boolean allowBuildInPrecompile, Boolean throwIfNotFound, Boolean ensureIsUpToDate)
   at System.Web.Compilation.BuildManager.GetVPathBuildResultWithNoAssert(HttpContext context, VirtualPath virtualPath, Boolean noBuild, Boolean allowCrossApp, Boolean allowBuildInPrecompile, Boolean throwIfNotFound, Boolean ensureIsUpToDate)
   at System.Web.Compilation.BuildManager.GetVirtualPathObjectFactory(VirtualPath virtualPath, HttpContext context, Boolean allowCrossApp, Boolean throwIfNotFound)
   at System.Web.Compilation.BuildManager.GetCompiledType(VirtualPath virtualPath)
   at System.Web.Compilation.BuildManager.GetCompiledType(String virtualPath)
   at System.Web.Mvc.BuildManagerWrapper.System.Web.Mvc.IBuildManager.GetCompiledType(String virtualPath)
   at System.Web.Mvc.BuildManagerCompiledView.Render(ViewContext viewContext, TextWriter writer)
   at Umbraco.Core.Profiling.ProfilingView.Render(ViewContext viewContext, TextWriter writer)
   at Umbraco.Web.Mvc.ControllerExtensions.RenderViewResultAsString(ControllerBase controller, ViewResultBase viewResult)
   at Umbraco.Web.Macros.PartialViewMacroEngine.Execute(MacroModel macro, IPublishedContent content)
   at Umbraco.Web.Macros.PartialViewMacroEngine.Execute(MacroModel macro, INode node)
   at umbraco.macro.LoadPartialViewMacro(MacroModel macro)
   at umbraco.macro.renderMacro(Hashtable pageElements, Int32 pageId)</format><args>{}</args></log4net.Error>
 2016-12-25 14:57:46,557 [P15116/D2/T50] WARN  umbraco.macro - <log4net.Error>Exception during StringFormat: Input string was not in a correct format. <format>Error loading partial view macro (View: ~/Views/MacroPartials/NEWS.cshtml). Exception: System.Web.HttpCompileException (0x80004005): c:\Users\momojojo\AppData\Local\Temp\Temporary ASP.NET Files\vs\bc422b9f\57585326\App_Web_news.cshtml.d673bf47.v0w4t69h.0.cs(159): error CS1513: } expected
   at System.Web.Compilation.AssemblyBuilder.Compile()
   at System.Web.Compilation.BuildProvidersCompiler.PerformBuild()
   at System.Web.Compilation.BuildManager.CompileWebFile(VirtualPath virtualPath)
   at System.Web.Compilation.BuildManager.GetVPathBuildResultInternal(VirtualPath virtualPath, Boolean noBuild, Boolean allowCrossApp, Boolean allowBuildInPrecompile, Boolean throwIfNotFound, Boolean ensureIsUpToDate)
   at System.Web.Compilation.BuildManager.GetVPathBuildResultWithNoAssert(HttpContext context, VirtualPath virtualPath, Boolean noBuild, Boolean allowCrossApp, Boolean allowBuildInPrecompile, Boolean throwIfNotFound, Boolean ensureIsUpToDate)
   at System.Web.Compilation.BuildManager.GetVirtualPathObjectFactory(VirtualPath virtualPath, HttpContext context, Boolean allowCrossApp, Boolean throwIfNotFound)
   at System.Web.Compilation.BuildManager.GetCompiledType(VirtualPath virtualPath)
   at System.Web.Compilation.BuildManager.GetCompiledType(String virtualPath)
   at System.Web.Mvc.BuildManagerWrapper.System.Web.Mvc.IBuildManager.GetCompiledType(String virtualPath)
   at System.Web.Mvc.BuildManagerCompiledView.Render(ViewContext viewContext, TextWriter writer)
   at Umbraco.Core.Profiling.ProfilingView.Render(ViewContext viewContext, TextWriter writer)
   at Umbraco.Web.Mvc.ControllerExtensions.RenderViewResultAsString(ControllerBase controller, ViewResultBase viewResult)
   at Umbraco.Web.Macros.PartialViewMacroEngine.Execute(MacroModel macro, IPublishedContent content)
   at Umbraco.Web.Macros.PartialViewMacroEngine.Execute(MacroModel macro, INode node)
   at umbraco.macro.LoadPartialViewMacro(MacroModel macro)
   at umbraco.macro.renderMacro(Hashtable pageElements, Int32 pageId)</format><args>{}</args></log4net.Error>
 2016-12-25 14:57:46,557 [P15116/D2/T50] WARN  umbraco.macro - <log4net.Error>Exception during StringFormat: Input string was not in a correct format. <format>Error loading Partial View (file: ~/Views/MacroPartials/NEWS.cshtml). Exception: System.Web.HttpCompileException (0x80004005): c:\Users\momojojo\AppData\Local\Temp\Temporary ASP.NET Files\vs\bc422b9f\57585326\App_Web_news.cshtml.d673bf47.v0w4t69h.0.cs(159): error CS1513: } expected
   at System.Web.Compilation.AssemblyBuilder.Compile()
   at System.Web.Compilation.BuildProvidersCompiler.PerformBuild()
   at System.Web.Compilation.BuildManager.CompileWebFile(VirtualPath virtualPath)
   at System.Web.Compilation.BuildManager.GetVPathBuildResultInternal(VirtualPath virtualPath, Boolean noBuild, Boolean allowCrossApp, Boolean allowBuildInPrecompile, Boolean throwIfNotFound, Boolean ensureIsUpToDate)
   at System.Web.Compilation.BuildManager.GetVPathBuildResultWithNoAssert(HttpContext context, VirtualPath virtualPath, Boolean noBuild, Boolean allowCrossApp, Boolean allowBuildInPrecompile, Boolean throwIfNotFound, Boolean ensureIsUpToDate)
   at System.Web.Compilation.BuildManager.GetVirtualPathObjectFactory(VirtualPath virtualPath, HttpContext context, Boolean allowCrossApp, Boolean throwIfNotFound)
   at System.Web.Compilation.BuildManager.GetCompiledType(VirtualPath virtualPath)
   at System.Web.Compilation.BuildManager.GetCompiledType(String virtualPath)
   at System.Web.Mvc.BuildManagerWrapper.System.Web.Mvc.IBuildManager.GetCompiledType(String virtualPath)
   at System.Web.Mvc.BuildManagerCompiledView.Render(ViewContext viewContext, TextWriter writer)
   at Umbraco.Core.Profiling.ProfilingView.Render(ViewContext viewContext, TextWriter writer)
   at Umbraco.Web.Mvc.ControllerExtensions.RenderViewResultAsString(ControllerBase controller, ViewResultBase viewResult)
   at Umbraco.Web.Macros.PartialViewMacroEngine.Execute(MacroModel macro, IPublishedContent content)
   at Umbraco.Web.Macros.PartialViewMacroEngine.Execute(MacroModel macro, INode node)
   at umbraco.macro.LoadPartialViewMacro(MacroModel macro)
   at umbraco.macro.renderMacro(Hashtable pageElements, Int32 pageId)</format><args>{}</args></log4net.Error>
 2016-12-25 14:58:00,818 [P15116/D2/T50] INFO  Umbraco.Core.PluginManager - Starting resolution types of Umbraco.Web.HealthCheck.HealthCheck
 2016-12-25 14:58:00,819 [P15116/D2/T50] INFO  Umbraco.Core.PluginManager - Completed resolution of types of Umbraco.Web.HealthCheck.HealthCheck, found 0 (took 1ms)
 2016-12-25 14:58:55,664 [P15116/D2/T87] INFO  Umbraco.Core.PluginManager - Starting resolution types of umbraco.interfaces.ICacheRefresher
 2016-12-25 14:58:55,665 [P15116/D2/T87] INFO  Umbraco.Core.PluginManager - Completed resolution of types of umbraco.interfaces.ICacheRefresher, found 0 (took 1ms)
 2016-12-25 14:59:20,418 [P15116/D2/T92] WARN  umbraco.macro - <log4net.Error>Exception during StringFormat: Input string was not in a correct format. <format>Error loading partial view macro (View: ~/Views/MacroPartials/NEWS.cshtml). Exception: System.Web.HttpCompileException (0x80004005): c:\Users\momojojo\AppData\Local\Temp\Temporary ASP.NET Files\vs\bc422b9f\57585326\App_Web_news.cshtml.d673bf47.ju5ef-xe.0.cs(159): error CS1513: } expected
   at System.Web.Compilation.AssemblyBuilder.Compile()
   at System.Web.Compilation.BuildProvidersCompiler.PerformBuild()
   at System.Web.Compilation.BuildManager.CompileWebFile(VirtualPath virtualPath)
   at System.Web.Compilation.BuildManager.GetVPathBuildResultInternal(VirtualPath virtualPath, Boolean noBuild, Boolean allowCrossApp, Boolean allowBuildInPrecompile, Boolean throwIfNotFound, Boolean ensureIsUpToDate)
   at System.Web.Compilation.BuildManager.GetVPathBuildResultWithNoAssert(HttpContext context, VirtualPath virtualPath, Boolean noBuild, Boolean allowCrossApp, Boolean allowBuildInPrecompile, Boolean throwIfNotFound, Boolean ensureIsUpToDate)
   at System.Web.Compilation.BuildManager.GetVirtualPathObjectFactory(VirtualPath virtualPath, HttpContext context, Boolean allowCrossApp, Boolean throwIfNotFound)
   at System.Web.Compilation.BuildManager.GetCompiledType(VirtualPath virtualPath)
   at System.Web.Compilation.BuildManager.GetCompiledType(String virtualPath)
   at System.Web.Mvc.BuildManagerWrapper.System.Web.Mvc.IBuildManager.GetCompiledType(String virtualPath)
   at System.Web.Mvc.BuildManagerCompiledView.Render(ViewContext viewContext, TextWriter writer)
   at Umbraco.Core.Profiling.ProfilingView.Render(ViewContext viewContext, TextWriter writer)
   at Umbraco.Web.Mvc.ControllerExtensions.RenderViewResultAsString(ControllerBase controller, ViewResultBase viewResult)
   at Umbraco.Web.Macros.PartialViewMacroEngine.Execute(MacroModel macro, IPublishedContent content)
   at Umbraco.Web.Macros.PartialViewMacroEngine.Execute(MacroModel macro, INode node)
   at umbraco.macro.LoadPartialViewMacro(MacroModel macro)
   at umbraco.macro.renderMacro(Hashtable pageElements, Int32 pageId)</format><args>{}</args></log4net.Error>
 2016-12-25 14:59:20,419 [P15116/D2/T92] WARN  umbraco.macro - <log4net.Error>Exception during StringFormat: Input string was not in a correct format. <format>Error loading Partial View (file: ~/Views/MacroPartials/NEWS.cshtml). Exception: System.Web.HttpCompileException (0x80004005): c:\Users\momojojo\AppData\Local\Temp\Temporary ASP.NET Files\vs\bc422b9f\57585326\App_Web_news.cshtml.d673bf47.ju5ef-xe.0.cs(159): error CS1513: } expected
   at System.Web.Compilation.AssemblyBuilder.Compile()
   at System.Web.Compilation.BuildProvidersCompiler.PerformBuild()
   at System.Web.Compilation.BuildManager.CompileWebFile(VirtualPath virtualPath)
   at System.Web.Compilation.BuildManager.GetVPathBuildResultInternal(VirtualPath virtualPath, Boolean noBuild, Boolean allowCrossApp, Boolean allowBuildInPrecompile, Boolean throwIfNotFound, Boolean ensureIsUpToDate)
   at System.Web.Compilation.BuildManager.GetVPathBuildResultWithNoAssert(HttpContext context, VirtualPath virtualPath, Boolean noBuild, Boolean allowCrossApp, Boolean allowBuildInPrecompile, Boolean throwIfNotFound, Boolean ensureIsUpToDate)
   at System.Web.Compilation.BuildManager.GetVirtualPathObjectFactory(VirtualPath virtualPath, HttpContext context, Boolean allowCrossApp, Boolean throwIfNotFound)
   at System.Web.Compilation.BuildManager.GetCompiledType(VirtualPath virtualPath)
   at System.Web.Compilation.BuildManager.GetCompiledType(String virtualPath)
   at System.Web.Mvc.BuildManagerWrapper.System.Web.Mvc.IBuildManager.GetCompiledType(String virtualPath)
   at System.Web.Mvc.BuildManagerCompiledView.Render(ViewContext viewContext, TextWriter writer)
   at Umbraco.Core.Profiling.ProfilingView.Render(ViewContext viewContext, TextWriter writer)
   at Umbraco.Web.Mvc.ControllerExtensions.RenderViewResultAsString(ControllerBase controller, ViewResultBase viewResult)
   at Umbraco.Web.Macros.PartialViewMacroEngine.Execute(MacroModel macro, IPublishedContent content)
   at Umbraco.Web.Macros.PartialViewMacroEngine.Execute(MacroModel macro, INode node)
   at umbraco.macro.LoadPartialViewMacro(MacroModel macro)
   at umbraco.macro.renderMacro(Hashtable pageElements, Int32 pageId)</format><args>{}</args></log4net.Error>
 2016-12-25 14:59:28,272 [P15116/D2/T91] WARN  umbraco.macro - <log4net.Error>Exception during StringFormat: Input string was not in a correct format. <format>Error loading partial view macro (View: ~/Views/MacroPartials/NEWS.cshtml). Exception: System.Web.HttpCompileException (0x80004005): c:\Users\momojojo\AppData\Local\Temp\Temporary ASP.NET Files\vs\bc422b9f\57585326\App_Web_news.cshtml.d673bf47.ju5ef-xe.0.cs(159): error CS1513: } expected
   at System.Web.Compilation.BuildManager.PostProcessFoundBuildResult(BuildResult result, Boolean keyFromVPP, VirtualPath virtualPath)
   at System.Web.Compilation.BuildManager.GetBuildResultFromCacheInternal(String cacheKey, Boolean keyFromVPP, VirtualPath virtualPath, Int64 hashCode, Boolean ensureIsUpToDate)
   at System.Web.Compilation.BuildManager.GetVPathBuildResultFromCacheInternal(VirtualPath virtualPath, Boolean ensureIsUpToDate)
   at System.Web.Compilation.BuildManager.GetVPathBuildResultInternal(VirtualPath virtualPath, Boolean noBuild, Boolean allowCrossApp, Boolean allowBuildInPrecompile, Boolean throwIfNotFound, Boolean ensureIsUpToDate)
   at System.Web.Compilation.BuildManager.GetVPathBuildResultWithNoAssert(HttpContext context, VirtualPath virtualPath, Boolean noBuild, Boolean allowCrossApp, Boolean allowBuildInPrecompile, Boolean throwIfNotFound, Boolean ensureIsUpToDate)
   at System.Web.Compilation.BuildManager.GetVirtualPathObjectFactory(VirtualPath virtualPath, HttpContext context, Boolean allowCrossApp, Boolean throwIfNotFound)
   at System.Web.Compilation.BuildManager.GetCompiledType(VirtualPath virtualPath)
   at System.Web.Compilation.BuildManager.GetCompiledType(String virtualPath)
   at System.Web.Mvc.BuildManagerWrapper.System.Web.Mvc.IBuildManager.GetCompiledType(String virtualPath)
   at System.Web.Mvc.BuildManagerCompiledView.Render(ViewContext viewContext, TextWriter writer)
   at Umbraco.Core.Profiling.ProfilingView.Render(ViewContext viewContext, TextWriter writer)
   at Umbraco.Web.Mvc.ControllerExtensions.RenderViewResultAsString(ControllerBase controller, ViewResultBase viewResult)
   at Umbraco.Web.Macros.PartialViewMacroEngine.Execute(MacroModel macro, IPublishedContent content)
   at Umbraco.Web.Macros.PartialViewMacroEngine.Execute(MacroModel macro, INode node)
   at umbraco.macro.LoadPartialViewMacro(MacroModel macro)
   at umbraco.macro.renderMacro(Hashtable pageElements, Int32 pageId)</format><args>{}</args></log4net.Error>
 2016-12-25 14:59:28,272 [P15116/D2/T91] WARN  umbraco.macro - <log4net.Error>Exception during StringFormat: Input string was not in a correct format. <format>Error loading Partial View (file: ~/Views/MacroPartials/NEWS.cshtml). Exception: System.Web.HttpCompileException (0x80004005): c:\Users\momojojo\AppData\Local\Temp\Temporary ASP.NET Files\vs\bc422b9f\57585326\App_Web_news.cshtml.d673bf47.ju5ef-xe.0.cs(159): error CS1513: } expected
   at System.Web.Compilation.BuildManager.PostProcessFoundBuildResult(BuildResult result, Boolean keyFromVPP, VirtualPath virtualPath)
   at System.Web.Compilation.BuildManager.GetBuildResultFromCacheInternal(String cacheKey, Boolean keyFromVPP, VirtualPath virtualPath, Int64 hashCode, Boolean ensureIsUpToDate)
   at System.Web.Compilation.BuildManager.GetVPathBuildResultFromCacheInternal(VirtualPath virtualPath, Boolean ensureIsUpToDate)
   at System.Web.Compilation.BuildManager.GetVPathBuildResultInternal(VirtualPath virtualPath, Boolean noBuild, Boolean allowCrossApp, Boolean allowBuildInPrecompile, Boolean throwIfNotFound, Boolean ensureIsUpToDate)
   at System.Web.Compilation.BuildManager.GetVPathBuildResultWithNoAssert(HttpContext context, VirtualPath virtualPath, Boolean noBuild, Boolean allowCrossApp, Boolean allowBuildInPrecompile, Boolean throwIfNotFound, Boolean ensureIsUpToDate)
   at System.Web.Compilation.BuildManager.GetVirtualPathObjectFactory(VirtualPath virtualPath, HttpContext context, Boolean allowCrossApp, Boolean throwIfNotFound)
   at System.Web.Compilation.BuildManager.GetCompiledType(VirtualPath virtualPath)
   at System.Web.Compilation.BuildManager.GetCompiledType(String virtualPath)
   at System.Web.Mvc.BuildManagerWrapper.System.Web.Mvc.IBuildManager.GetCompiledType(String virtualPath)
   at System.Web.Mvc.BuildManagerCompiledView.Render(ViewContext viewContext, TextWriter writer)
   at Umbraco.Core.Profiling.ProfilingView.Render(ViewContext viewContext, TextWriter writer)
   at Umbraco.Web.Mvc.ControllerExtensions.RenderViewResultAsString(ControllerBase controller, ViewResultBase viewResult)
   at Umbraco.Web.Macros.PartialViewMacroEngine.Execute(MacroModel macro, IPublishedContent content)
   at Umbraco.Web.Macros.PartialViewMacroEngine.Execute(MacroModel macro, INode node)
   at umbraco.macro.LoadPartialViewMacro(MacroModel macro)
   at umbraco.macro.renderMacro(Hashtable pageElements, Int32 pageId)</format><args>{}</args></log4net.Error>
 2016-12-25 14:59:29,240 [P15116/D2/T96] WARN  umbraco.macro - <log4net.Error>Exception during StringFormat: Input string was not in a correct format. <format>Error loading partial view macro (View: ~/Views/MacroPartials/NEWS.cshtml). Exception: System.Web.HttpCompileException (0x80004005): c:\Users\momojojo\AppData\Local\Temp\Temporary ASP.NET Files\vs\bc422b9f\57585326\App_Web_news.cshtml.d673bf47.ju5ef-xe.0.cs(159): error CS1513: } expected
   at System.Web.Compilation.BuildManager.PostProcessFoundBuildResult(BuildResult result, Boolean keyFromVPP, VirtualPath virtualPath)
   at System.Web.Compilation.BuildManager.GetBuildResultFromCacheInternal(String cacheKey, Boolean keyFromVPP, VirtualPath virtualPath, Int64 hashCode, Boolean ensureIsUpToDate)
   at System.Web.Compilation.BuildManager.GetVPathBuildResultFromCacheInternal(VirtualPath virtualPath, Boolean ensureIsUpToDate)
   at System.Web.Compilation.BuildManager.GetVPathBuildResultInternal(VirtualPath virtualPath, Boolean noBuild, Boolean allowCrossApp, Boolean allowBuildInPrecompile, Boolean throwIfNotFound, Boolean ensureIsUpToDate)
   at System.Web.Compilation.BuildManager.GetVPathBuildResultWithNoAssert(HttpContext context, VirtualPath virtualPath, Boolean noBuild, Boolean allowCrossApp, Boolean allowBuildInPrecompile, Boolean throwIfNotFound, Boolean ensureIsUpToDate)
   at System.Web.Compilation.BuildManager.GetVirtualPathObjectFactory(VirtualPath virtualPath, HttpContext context, Boolean allowCrossApp, Boolean throwIfNotFound)
   at System.Web.Compilation.BuildManager.GetCompiledType(VirtualPath virtualPath)
   at System.Web.Compilation.BuildManager.GetCompiledType(String virtualPath)
   at System.Web.Mvc.BuildManagerWrapper.System.Web.Mvc.IBuildManager.GetCompiledType(String virtualPath)
   at System.Web.Mvc.BuildManagerCompiledView.Render(ViewContext viewContext, TextWriter writer)
   at Umbraco.Core.Profiling.ProfilingView.Render(ViewContext viewContext, TextWriter writer)
   at Umbraco.Web.Mvc.ControllerExtensions.RenderViewResultAsString(ControllerBase controller, ViewResultBase viewResult)
   at Umbraco.Web.Macros.PartialViewMacroEngine.Execute(MacroModel macro, IPublishedContent content)
   at Umbraco.Web.Macros.PartialViewMacroEngine.Execute(MacroModel macro, INode node)
   at umbraco.macro.LoadPartialViewMacro(MacroModel macro)
   at umbraco.macro.renderMacro(Hashtable pageElements, Int32 pageId)</format><args>{}</args></log4net.Error>
 2016-12-25 14:59:29,240 [P15116/D2/T96] WARN  umbraco.macro - <log4net.Error>Exception during StringFormat: Input string was not in a correct format. <format>Error loading Partial View (file: ~/Views/MacroPartials/NEWS.cshtml). Exception: System.Web.HttpCompileException (0x80004005): c:\Users\momojojo\AppData\Local\Temp\Temporary ASP.NET Files\vs\bc422b9f\57585326\App_Web_news.cshtml.d673bf47.ju5ef-xe.0.cs(159): error CS1513: } expected
   at System.Web.Compilation.BuildManager.PostProcessFoundBuildResult(BuildResult result, Boolean keyFromVPP, VirtualPath virtualPath)
   at System.Web.Compilation.BuildManager.GetBuildResultFromCacheInternal(String cacheKey, Boolean keyFromVPP, VirtualPath virtualPath, Int64 hashCode, Boolean ensureIsUpToDate)
   at System.Web.Compilation.BuildManager.GetVPathBuildResultFromCacheInternal(VirtualPath virtualPath, Boolean ensureIsUpToDate)
   at System.Web.Compilation.BuildManager.GetVPathBuildResultInternal(VirtualPath virtualPath, Boolean noBuild, Boolean allowCrossApp, Boolean allowBuildInPrecompile, Boolean throwIfNotFound, Boolean ensureIsUpToDate)
   at System.Web.Compilation.BuildManager.GetVPathBuildResultWithNoAssert(HttpContext context, VirtualPath virtualPath, Boolean noBuild, Boolean allowCrossApp, Boolean allowBuildInPrecompile, Boolean throwIfNotFound, Boolean ensureIsUpToDate)
   at System.Web.Compilation.BuildManager.GetVirtualPathObjectFactory(VirtualPath virtualPath, HttpContext context, Boolean allowCrossApp, Boolean throwIfNotFound)
   at System.Web.Compilation.BuildManager.GetCompiledType(VirtualPath virtualPath)
   at System.Web.Compilation.BuildManager.GetCompiledType(String virtualPath)
   at System.Web.Mvc.BuildManagerWrapper.System.Web.Mvc.IBuildManager.GetCompiledType(String virtualPath)
   at System.Web.Mvc.BuildManagerCompiledView.Render(ViewContext viewContext, TextWriter writer)
   at Umbraco.Core.Profiling.ProfilingView.Render(ViewContext viewContext, TextWriter writer)
   at Umbraco.Web.Mvc.ControllerExtensions.RenderViewResultAsString(ControllerBase controller, ViewResultBase viewResult)
   at Umbraco.Web.Macros.PartialViewMacroEngine.Execute(MacroModel macro, IPublishedContent content)
   at Umbraco.Web.Macros.PartialViewMacroEngine.Execute(MacroModel macro, INode node)
   at umbraco.macro.LoadPartialViewMacro(MacroModel macro)
   at umbraco.macro.renderMacro(Hashtable pageElements, Int32 pageId)</format><args>{}</args></log4net.Error>
 2016-12-25 15:02:11,165 [P15116/D2/T139] INFO  Umbraco.Core.Security.BackOfficeSignInManager - Event Id: 0, state: Login attempt succeeded for username admin@bbl.co.th from IP address ::1
 2016-12-25 15:02:11,165 [P15116/D2/T139] INFO  Umbraco.Core.Security.BackOfficeSignInManager - Event Id: 0, state: User: admin@bbl.co.th logged in from IP address ::1
 2016-12-25 15:02:30,244 [P15116/D2/T146] WARN  umbraco.macro - <log4net.Error>Exception during StringFormat: Input string was not in a correct format. <format>Error loading partial view macro (View: ~/Views/MacroPartials/NEWS.cshtml). Exception: System.Web.HttpCompileException (0x80004005): c:\Users\momojojo\AppData\Local\Temp\Temporary ASP.NET Files\vs\bc422b9f\57585326\App_Web_news.cshtml.d673bf47.yk2kogth.0.cs(159): error CS1513: } expected
   at System.Web.Compilation.AssemblyBuilder.Compile()
   at System.Web.Compilation.BuildProvidersCompiler.PerformBuild()
   at System.Web.Compilation.BuildManager.CompileWebFile(VirtualPath virtualPath)
   at System.Web.Compilation.BuildManager.GetVPathBuildResultInternal(VirtualPath virtualPath, Boolean noBuild, Boolean allowCrossApp, Boolean allowBuildInPrecompile, Boolean throwIfNotFound, Boolean ensureIsUpToDate)
   at System.Web.Compilation.BuildManager.GetVPathBuildResultWithNoAssert(HttpContext context, VirtualPath virtualPath, Boolean noBuild, Boolean allowCrossApp, Boolean allowBuildInPrecompile, Boolean throwIfNotFound, Boolean ensureIsUpToDate)
   at System.Web.Compilation.BuildManager.GetVirtualPathObjectFactory(VirtualPath virtualPath, HttpContext context, Boolean allowCrossApp, Boolean throwIfNotFound)
   at System.Web.Compilation.BuildManager.GetCompiledType(VirtualPath virtualPath)
   at System.Web.Compilation.BuildManager.GetCompiledType(String virtualPath)
   at System.Web.Mvc.BuildManagerWrapper.System.Web.Mvc.IBuildManager.GetCompiledType(String virtualPath)
   at System.Web.Mvc.BuildManagerCompiledView.Render(ViewContext viewContext, TextWriter writer)
   at Umbraco.Core.Profiling.ProfilingView.Render(ViewContext viewContext, TextWriter writer)
   at Umbraco.Web.Mvc.ControllerExtensions.RenderViewResultAsString(ControllerBase controller, ViewResultBase viewResult)
   at Umbraco.Web.Macros.PartialViewMacroEngine.Execute(MacroModel macro, IPublishedContent content)
   at Umbraco.Web.Macros.PartialViewMacroEngine.Execute(MacroModel macro, INode node)
   at umbraco.macro.LoadPartialViewMacro(MacroModel macro)
   at umbraco.macro.renderMacro(Hashtable pageElements, Int32 pageId)</format><args>{}</args></log4net.Error>
 2016-12-25 15:02:30,244 [P15116/D2/T146] WARN  umbraco.macro - <log4net.Error>Exception during StringFormat: Input string was not in a correct format. <format>Error loading Partial View (file: ~/Views/MacroPartials/NEWS.cshtml). Exception: System.Web.HttpCompileException (0x80004005): c:\Users\momojojo\AppData\Local\Temp\Temporary ASP.NET Files\vs\bc422b9f\57585326\App_Web_news.cshtml.d673bf47.yk2kogth.0.cs(159): error CS1513: } expected
   at System.Web.Compilation.AssemblyBuilder.Compile()
   at System.Web.Compilation.BuildProvidersCompiler.PerformBuild()
   at System.Web.Compilation.BuildManager.CompileWebFile(VirtualPath virtualPath)
   at System.Web.Compilation.BuildManager.GetVPathBuildResultInternal(VirtualPath virtualPath, Boolean noBuild, Boolean allowCrossApp, Boolean allowBuildInPrecompile, Boolean throwIfNotFound, Boolean ensureIsUpToDate)
   at System.Web.Compilation.BuildManager.GetVPathBuildResultWithNoAssert(HttpContext context, VirtualPath virtualPath, Boolean noBuild, Boolean allowCrossApp, Boolean allowBuildInPrecompile, Boolean throwIfNotFound, Boolean ensureIsUpToDate)
   at System.Web.Compilation.BuildManager.GetVirtualPathObjectFactory(VirtualPath virtualPath, HttpContext context, Boolean allowCrossApp, Boolean throwIfNotFound)
   at System.Web.Compilation.BuildManager.GetCompiledType(VirtualPath virtualPath)
   at System.Web.Compilation.BuildManager.GetCompiledType(String virtualPath)
   at System.Web.Mvc.BuildManagerWrapper.System.Web.Mvc.IBuildManager.GetCompiledType(String virtualPath)
   at System.Web.Mvc.BuildManagerCompiledView.Render(ViewContext viewContext, TextWriter writer)
   at Umbraco.Core.Profiling.ProfilingView.Render(ViewContext viewContext, TextWriter writer)
   at Umbraco.Web.Mvc.ControllerExtensions.RenderViewResultAsString(ControllerBase controller, ViewResultBase viewResult)
   at Umbraco.Web.Macros.PartialViewMacroEngine.Execute(MacroModel macro, IPublishedContent content)
   at Umbraco.Web.Macros.PartialViewMacroEngine.Execute(MacroModel macro, INode node)
   at umbraco.macro.LoadPartialViewMacro(MacroModel macro)
   at umbraco.macro.renderMacro(Hashtable pageElements, Int32 pageId)</format><args>{}</args></log4net.Error>
 2016-12-25 15:03:43,911 [P15116/D2/T141] WARN  umbraco.macro - <log4net.Error>Exception during StringFormat: Input string was not in a correct format. <format>Error loading partial view macro (View: ~/Views/MacroPartials/NEWS.cshtml). Exception: System.Web.HttpCompileException (0x80004005): c:\Users\momojojo\AppData\Local\Temp\Temporary ASP.NET Files\vs\bc422b9f\57585326\App_Web_news.cshtml.d673bf47.78lcozwj.0.cs(168): error CS1513: } expected
   at System.Web.Compilation.AssemblyBuilder.Compile()
   at System.Web.Compilation.BuildProvidersCompiler.PerformBuild()
   at System.Web.Compilation.BuildManager.CompileWebFile(VirtualPath virtualPath)
   at System.Web.Compilation.BuildManager.GetVPathBuildResultInternal(VirtualPath virtualPath, Boolean noBuild, Boolean allowCrossApp, Boolean allowBuildInPrecompile, Boolean throwIfNotFound, Boolean ensureIsUpToDate)
   at System.Web.Compilation.BuildManager.GetVPathBuildResultWithNoAssert(HttpContext context, VirtualPath virtualPath, Boolean noBuild, Boolean allowCrossApp, Boolean allowBuildInPrecompile, Boolean throwIfNotFound, Boolean ensureIsUpToDate)
   at System.Web.Compilation.BuildManager.GetVirtualPathObjectFactory(VirtualPath virtualPath, HttpContext context, Boolean allowCrossApp, Boolean throwIfNotFound)
   at System.Web.Compilation.BuildManager.GetCompiledType(VirtualPath virtualPath)
   at System.Web.Compilation.BuildManager.GetCompiledType(String virtualPath)
   at System.Web.Mvc.BuildManagerWrapper.System.Web.Mvc.IBuildManager.GetCompiledType(String virtualPath)
   at System.Web.Mvc.BuildManagerCompiledView.Render(ViewContext viewContext, TextWriter writer)
   at Umbraco.Core.Profiling.ProfilingView.Render(ViewContext viewContext, TextWriter writer)
   at Umbraco.Web.Mvc.ControllerExtensions.RenderViewResultAsString(ControllerBase controller, ViewResultBase viewResult)
   at Umbraco.Web.Macros.PartialViewMacroEngine.Execute(MacroModel macro, IPublishedContent content)
   at Umbraco.Web.Macros.PartialViewMacroEngine.Execute(MacroModel macro, INode node)
   at umbraco.macro.LoadPartialViewMacro(MacroModel macro)
   at umbraco.macro.renderMacro(Hashtable pageElements, Int32 pageId)</format><args>{}</args></log4net.Error>
 2016-12-25 15:03:43,911 [P15116/D2/T141] WARN  umbraco.macro - <log4net.Error>Exception during StringFormat: Input string was not in a correct format. <format>Error loading Partial View (file: ~/Views/MacroPartials/NEWS.cshtml). Exception: System.Web.HttpCompileException (0x80004005): c:\Users\momojojo\AppData\Local\Temp\Temporary ASP.NET Files\vs\bc422b9f\57585326\App_Web_news.cshtml.d673bf47.78lcozwj.0.cs(168): error CS1513: } expected
   at System.Web.Compilation.AssemblyBuilder.Compile()
   at System.Web.Compilation.BuildProvidersCompiler.PerformBuild()
   at System.Web.Compilation.BuildManager.CompileWebFile(VirtualPath virtualPath)
   at System.Web.Compilation.BuildManager.GetVPathBuildResultInternal(VirtualPath virtualPath, Boolean noBuild, Boolean allowCrossApp, Boolean allowBuildInPrecompile, Boolean throwIfNotFound, Boolean ensureIsUpToDate)
   at System.Web.Compilation.BuildManager.GetVPathBuildResultWithNoAssert(HttpContext context, VirtualPath virtualPath, Boolean noBuild, Boolean allowCrossApp, Boolean allowBuildInPrecompile, Boolean throwIfNotFound, Boolean ensureIsUpToDate)
   at System.Web.Compilation.BuildManager.GetVirtualPathObjectFactory(VirtualPath virtualPath, HttpContext context, Boolean allowCrossApp, Boolean throwIfNotFound)
   at System.Web.Compilation.BuildManager.GetCompiledType(VirtualPath virtualPath)
   at System.Web.Compilation.BuildManager.GetCompiledType(String virtualPath)
   at System.Web.Mvc.BuildManagerWrapper.System.Web.Mvc.IBuildManager.GetCompiledType(String virtualPath)
   at System.Web.Mvc.BuildManagerCompiledView.Render(ViewContext viewContext, TextWriter writer)
   at Umbraco.Core.Profiling.ProfilingView.Render(ViewContext viewContext, TextWriter writer)
   at Umbraco.Web.Mvc.ControllerExtensions.RenderViewResultAsString(ControllerBase controller, ViewResultBase viewResult)
   at Umbraco.Web.Macros.PartialViewMacroEngine.Execute(MacroModel macro, IPublishedContent content)
   at Umbraco.Web.Macros.PartialViewMacroEngine.Execute(MacroModel macro, INode node)
   at umbraco.macro.LoadPartialViewMacro(MacroModel macro)
   at umbraco.macro.renderMacro(Hashtable pageElements, Int32 pageId)</format><args>{}</args></log4net.Error>
 2016-12-25 15:03:48,869 [P15116/D2/T144] WARN  umbraco.macro - <log4net.Error>Exception during StringFormat: Input string was not in a correct format. <format>Error loading partial view macro (View: ~/Views/MacroPartials/NEWS.cshtml). Exception: System.Web.HttpCompileException (0x80004005): c:\Users\momojojo\AppData\Local\Temp\Temporary ASP.NET Files\vs\bc422b9f\57585326\App_Web_news.cshtml.d673bf47.78lcozwj.0.cs(168): error CS1513: } expected
   at System.Web.Compilation.BuildManager.PostProcessFoundBuildResult(BuildResult result, Boolean keyFromVPP, VirtualPath virtualPath)
   at System.Web.Compilation.BuildManager.GetBuildResultFromCacheInternal(String cacheKey, Boolean keyFromVPP, VirtualPath virtualPath, Int64 hashCode, Boolean ensureIsUpToDate)
   at System.Web.Compilation.BuildManager.GetVPathBuildResultFromCacheInternal(VirtualPath virtualPath, Boolean ensureIsUpToDate)
   at System.Web.Compilation.BuildManager.GetVPathBuildResultInternal(VirtualPath virtualPath, Boolean noBuild, Boolean allowCrossApp, Boolean allowBuildInPrecompile, Boolean throwIfNotFound, Boolean ensureIsUpToDate)
   at System.Web.Compilation.BuildManager.GetVPathBuildResultWithNoAssert(HttpContext context, VirtualPath virtualPath, Boolean noBuild, Boolean allowCrossApp, Boolean allowBuildInPrecompile, Boolean throwIfNotFound, Boolean ensureIsUpToDate)
   at System.Web.Compilation.BuildManager.GetVirtualPathObjectFactory(VirtualPath virtualPath, HttpContext context, Boolean allowCrossApp, Boolean throwIfNotFound)
   at System.Web.Compilation.BuildManager.GetCompiledType(VirtualPath virtualPath)
   at System.Web.Compilation.BuildManager.GetCompiledType(String virtualPath)
   at System.Web.Mvc.BuildManagerWrapper.System.Web.Mvc.IBuildManager.GetCompiledType(String virtualPath)
   at System.Web.Mvc.BuildManagerCompiledView.Render(ViewContext viewContext, TextWriter writer)
   at Umbraco.Core.Profiling.ProfilingView.Render(ViewContext viewContext, TextWriter writer)
   at Umbraco.Web.Mvc.ControllerExtensions.RenderViewResultAsString(ControllerBase controller, ViewResultBase viewResult)
   at Umbraco.Web.Macros.PartialViewMacroEngine.Execute(MacroModel macro, IPublishedContent content)
   at Umbraco.Web.Macros.PartialViewMacroEngine.Execute(MacroModel macro, INode node)
   at umbraco.macro.LoadPartialViewMacro(MacroModel macro)
   at umbraco.macro.renderMacro(Hashtable pageElements, Int32 pageId)</format><args>{}</args></log4net.Error>
 2016-12-25 15:03:48,869 [P15116/D2/T144] WARN  umbraco.macro - <log4net.Error>Exception during StringFormat: Input string was not in a correct format. <format>Error loading Partial View (file: ~/Views/MacroPartials/NEWS.cshtml). Exception: System.Web.HttpCompileException (0x80004005): c:\Users\momojojo\AppData\Local\Temp\Temporary ASP.NET Files\vs\bc422b9f\57585326\App_Web_news.cshtml.d673bf47.78lcozwj.0.cs(168): error CS1513: } expected
   at System.Web.Compilation.BuildManager.PostProcessFoundBuildResult(BuildResult result, Boolean keyFromVPP, VirtualPath virtualPath)
   at System.Web.Compilation.BuildManager.GetBuildResultFromCacheInternal(String cacheKey, Boolean keyFromVPP, VirtualPath virtualPath, Int64 hashCode, Boolean ensureIsUpToDate)
   at System.Web.Compilation.BuildManager.GetVPathBuildResultFromCacheInternal(VirtualPath virtualPath, Boolean ensureIsUpToDate)
   at System.Web.Compilation.BuildManager.GetVPathBuildResultInternal(VirtualPath virtualPath, Boolean noBuild, Boolean allowCrossApp, Boolean allowBuildInPrecompile, Boolean throwIfNotFound, Boolean ensureIsUpToDate)
   at System.Web.Compilation.BuildManager.GetVPathBuildResultWithNoAssert(HttpContext context, VirtualPath virtualPath, Boolean noBuild, Boolean allowCrossApp, Boolean allowBuildInPrecompile, Boolean throwIfNotFound, Boolean ensureIsUpToDate)
   at System.Web.Compilation.BuildManager.GetVirtualPathObjectFactory(VirtualPath virtualPath, HttpContext context, Boolean allowCrossApp, Boolean throwIfNotFound)
   at System.Web.Compilation.BuildManager.GetCompiledType(VirtualPath virtualPath)
   at System.Web.Compilation.BuildManager.GetCompiledType(String virtualPath)
   at System.Web.Mvc.BuildManagerWrapper.System.Web.Mvc.IBuildManager.GetCompiledType(String virtualPath)
   at System.Web.Mvc.BuildManagerCompiledView.Render(ViewContext viewContext, TextWriter writer)
   at Umbraco.Core.Profiling.ProfilingView.Render(ViewContext viewContext, TextWriter writer)
   at Umbraco.Web.Mvc.ControllerExtensions.RenderViewResultAsString(ControllerBase controller, ViewResultBase viewResult)
   at Umbraco.Web.Macros.PartialViewMacroEngine.Execute(MacroModel macro, IPublishedContent content)
   at Umbraco.Web.Macros.PartialViewMacroEngine.Execute(MacroModel macro, INode node)
   at umbraco.macro.LoadPartialViewMacro(MacroModel macro)
   at umbraco.macro.renderMacro(Hashtable pageElements, Int32 pageId)</format><args>{}</args></log4net.Error>
 2016-12-25 15:04:56,614 [P15116/D2/T141] WARN  umbraco.macro - Error loading partial view macro (View: ~/Views/MacroPartials/NEWS.cshtml). Exception: System.Web.HttpCompileException (0x80004005): c:\queengallery\queengallery\Views\MacroPartials\NEWS.cshtml(27): error CS0305: Using the generic type 'System.Collections.Generic.Dictionary<TKey,TValue>' requires 2 type arguments
   at System.Web.Compilation.AssemblyBuilder.Compile()
   at System.Web.Compilation.BuildProvidersCompiler.PerformBuild()
   at System.Web.Compilation.BuildManager.CompileWebFile(VirtualPath virtualPath)
   at System.Web.Compilation.BuildManager.GetVPathBuildResultInternal(VirtualPath virtualPath, Boolean noBuild, Boolean allowCrossApp, Boolean allowBuildInPrecompile, Boolean throwIfNotFound, Boolean ensureIsUpToDate)
   at System.Web.Compilation.BuildManager.GetVPathBuildResultWithNoAssert(HttpContext context, VirtualPath virtualPath, Boolean noBuild, Boolean allowCrossApp, Boolean allowBuildInPrecompile, Boolean throwIfNotFound, Boolean ensureIsUpToDate)
   at System.Web.Compilation.BuildManager.GetVirtualPathObjectFactory(VirtualPath virtualPath, HttpContext context, Boolean allowCrossApp, Boolean throwIfNotFound)
   at System.Web.Compilation.BuildManager.GetCompiledType(VirtualPath virtualPath)
   at System.Web.Compilation.BuildManager.GetCompiledType(String virtualPath)
   at System.Web.Mvc.BuildManagerWrapper.System.Web.Mvc.IBuildManager.GetCompiledType(String virtualPath)
   at System.Web.Mvc.BuildManagerCompiledView.Render(ViewContext viewContext, TextWriter writer)
   at Umbraco.Core.Profiling.ProfilingView.Render(ViewContext viewContext, TextWriter writer)
   at Umbraco.Web.Mvc.ControllerExtensions.RenderViewResultAsString(ControllerBase controller, ViewResultBase viewResult)
   at Umbraco.Web.Macros.PartialViewMacroEngine.Execute(MacroModel macro, IPublishedContent content)
   at Umbraco.Web.Macros.PartialViewMacroEngine.Execute(MacroModel macro, INode node)
   at umbraco.macro.LoadPartialViewMacro(MacroModel macro)
   at umbraco.macro.renderMacro(Hashtable pageElements, Int32 pageId)
 2016-12-25 15:04:56,614 [P15116/D2/T141] WARN  umbraco.macro - Error loading Partial View (file: ~/Views/MacroPartials/NEWS.cshtml). Exception: System.Web.HttpCompileException (0x80004005): c:\queengallery\queengallery\Views\MacroPartials\NEWS.cshtml(27): error CS0305: Using the generic type 'System.Collections.Generic.Dictionary<TKey,TValue>' requires 2 type arguments
   at System.Web.Compilation.AssemblyBuilder.Compile()
   at System.Web.Compilation.BuildProvidersCompiler.PerformBuild()
   at System.Web.Compilation.BuildManager.CompileWebFile(VirtualPath virtualPath)
   at System.Web.Compilation.BuildManager.GetVPathBuildResultInternal(VirtualPath virtualPath, Boolean noBuild, Boolean allowCrossApp, Boolean allowBuildInPrecompile, Boolean throwIfNotFound, Boolean ensureIsUpToDate)
   at System.Web.Compilation.BuildManager.GetVPathBuildResultWithNoAssert(HttpContext context, VirtualPath virtualPath, Boolean noBuild, Boolean allowCrossApp, Boolean allowBuildInPrecompile, Boolean throwIfNotFound, Boolean ensureIsUpToDate)
   at System.Web.Compilation.BuildManager.GetVirtualPathObjectFactory(VirtualPath virtualPath, HttpContext context, Boolean allowCrossApp, Boolean throwIfNotFound)
   at System.Web.Compilation.BuildManager.GetCompiledType(VirtualPath virtualPath)
   at System.Web.Compilation.BuildManager.GetCompiledType(String virtualPath)
   at System.Web.Mvc.BuildManagerWrapper.System.Web.Mvc.IBuildManager.GetCompiledType(String virtualPath)
   at System.Web.Mvc.BuildManagerCompiledView.Render(ViewContext viewContext, TextWriter writer)
   at Umbraco.Core.Profiling.ProfilingView.Render(ViewContext viewContext, TextWriter writer)
   at Umbraco.Web.Mvc.ControllerExtensions.RenderViewResultAsString(ControllerBase controller, ViewResultBase viewResult)
   at Umbraco.Web.Macros.PartialViewMacroEngine.Execute(MacroModel macro, IPublishedContent content)
   at Umbraco.Web.Macros.PartialViewMacroEngine.Execute(MacroModel macro, INode node)
   at umbraco.macro.LoadPartialViewMacro(MacroModel macro)
   at umbraco.macro.renderMacro(Hashtable pageElements, Int32 pageId)
 2016-12-25 15:05:23,714 [P15116/D2/T97] WARN  umbraco.macro - <log4net.Error>Exception during StringFormat: Input string was not in a correct format. <format>Error loading partial view macro (View: ~/Views/MacroPartials/NEWS.cshtml). Exception: System.Web.HttpParseException (0x80004005): The code block is missing a closing "}" character.  Make sure you have a matching "}" character for all the "{" characters within this block, and that none of the "}" characters are being interpreted as markup.

   at System.Web.WebPages.Razor.RazorBuildProvider.EnsureGeneratedCode()
   at System.Web.WebPages.Razor.RazorBuildProvider.get_CodeCompilerType()
   at System.Web.Compilation.BuildProvider.GetCompilerTypeFromBuildProvider(BuildProvider buildProvider)
   at System.Web.Compilation.BuildProvidersCompiler.ProcessBuildProviders()
   at System.Web.Compilation.BuildProvidersCompiler.PerformBuild()
   at System.Web.Compilation.BuildManager.CompileWebFile(VirtualPath virtualPath)
   at System.Web.Compilation.BuildManager.GetVPathBuildResultInternal(VirtualPath virtualPath, Boolean noBuild, Boolean allowCrossApp, Boolean allowBuildInPrecompile, Boolean throwIfNotFound, Boolean ensureIsUpToDate)
   at System.Web.Compilation.BuildManager.GetVPathBuildResultWithNoAssert(HttpContext context, VirtualPath virtualPath, Boolean noBuild, Boolean allowCrossApp, Boolean allowBuildInPrecompile, Boolean throwIfNotFound, Boolean ensureIsUpToDate)
   at System.Web.Compilation.BuildManager.GetVirtualPathObjectFactory(VirtualPath virtualPath, HttpContext context, Boolean allowCrossApp, Boolean throwIfNotFound)
   at System.Web.Compilation.BuildManager.GetCompiledType(VirtualPath virtualPath)
   at System.Web.Compilation.BuildManager.GetCompiledType(String virtualPath)
   at System.Web.Mvc.BuildManagerWrapper.System.Web.Mvc.IBuildManager.GetCompiledType(String virtualPath)
   at System.Web.Mvc.BuildManagerCompiledView.Render(ViewContext viewContext, TextWriter writer)
   at Umbraco.Core.Profiling.ProfilingView.Render(ViewContext viewContext, TextWriter writer)
   at Umbraco.Web.Mvc.ControllerExtensions.RenderViewResultAsString(ControllerBase controller, ViewResultBase viewResult)
   at Umbraco.Web.Macros.PartialViewMacroEngine.Execute(MacroModel macro, IPublishedContent content)
   at Umbraco.Web.Macros.PartialViewMacroEngine.Execute(MacroModel macro, INode node)
   at umbraco.macro.LoadPartialViewMacro(MacroModel macro)
   at umbraco.macro.renderMacro(Hashtable pageElements, Int32 pageId)</format><args>{}</args></log4net.Error>
 2016-12-25 15:05:23,714 [P15116/D2/T97] WARN  umbraco.macro - <log4net.Error>Exception during StringFormat: Input string was not in a correct format. <format>Error loading Partial View (file: ~/Views/MacroPartials/NEWS.cshtml). Exception: System.Web.HttpParseException (0x80004005): The code block is missing a closing "}" character.  Make sure you have a matching "}" character for all the "{" characters within this block, and that none of the "}" characters are being interpreted as markup.

   at System.Web.WebPages.Razor.RazorBuildProvider.EnsureGeneratedCode()
   at System.Web.WebPages.Razor.RazorBuildProvider.get_CodeCompilerType()
   at System.Web.Compilation.BuildProvider.GetCompilerTypeFromBuildProvider(BuildProvider buildProvider)
   at System.Web.Compilation.BuildProvidersCompiler.ProcessBuildProviders()
   at System.Web.Compilation.BuildProvidersCompiler.PerformBuild()
   at System.Web.Compilation.BuildManager.CompileWebFile(VirtualPath virtualPath)
   at System.Web.Compilation.BuildManager.GetVPathBuildResultInternal(VirtualPath virtualPath, Boolean noBuild, Boolean allowCrossApp, Boolean allowBuildInPrecompile, Boolean throwIfNotFound, Boolean ensureIsUpToDate)
   at System.Web.Compilation.BuildManager.GetVPathBuildResultWithNoAssert(HttpContext context, VirtualPath virtualPath, Boolean noBuild, Boolean allowCrossApp, Boolean allowBuildInPrecompile, Boolean throwIfNotFound, Boolean ensureIsUpToDate)
   at System.Web.Compilation.BuildManager.GetVirtualPathObjectFactory(VirtualPath virtualPath, HttpContext context, Boolean allowCrossApp, Boolean throwIfNotFound)
   at System.Web.Compilation.BuildManager.GetCompiledType(VirtualPath virtualPath)
   at System.Web.Compilation.BuildManager.GetCompiledType(String virtualPath)
   at System.Web.Mvc.BuildManagerWrapper.System.Web.Mvc.IBuildManager.GetCompiledType(String virtualPath)
   at System.Web.Mvc.BuildManagerCompiledView.Render(ViewContext viewContext, TextWriter writer)
   at Umbraco.Core.Profiling.ProfilingView.Render(ViewContext viewContext, TextWriter writer)
   at Umbraco.Web.Mvc.ControllerExtensions.RenderViewResultAsString(ControllerBase controller, ViewResultBase viewResult)
   at Umbraco.Web.Macros.PartialViewMacroEngine.Execute(MacroModel macro, IPublishedContent content)
   at Umbraco.Web.Macros.PartialViewMacroEngine.Execute(MacroModel macro, INode node)
   at umbraco.macro.LoadPartialViewMacro(MacroModel macro)
   at umbraco.macro.renderMacro(Hashtable pageElements, Int32 pageId)</format><args>{}</args></log4net.Error>
 2016-12-25 15:09:18,981 [P15116/D2/T67] WARN  umbraco.macro - Error loading partial view macro (View: ~/Views/MacroPartials/NEWS.cshtml). Exception: System.Web.HttpCompileException (0x80004005): c:\queengallery\queengallery\Views\MacroPartials\NEWS.cshtml(25): error CS0305: Using the generic type 'System.Collections.Generic.Dictionary<TKey,TValue>' requires 2 type arguments
   at System.Web.Compilation.AssemblyBuilder.Compile()
   at System.Web.Compilation.BuildProvidersCompiler.PerformBuild()
   at System.Web.Compilation.BuildManager.CompileWebFile(VirtualPath virtualPath)
   at System.Web.Compilation.BuildManager.GetVPathBuildResultInternal(VirtualPath virtualPath, Boolean noBuild, Boolean allowCrossApp, Boolean allowBuildInPrecompile, Boolean throwIfNotFound, Boolean ensureIsUpToDate)
   at System.Web.Compilation.BuildManager.GetVPathBuildResultWithNoAssert(HttpContext context, VirtualPath virtualPath, Boolean noBuild, Boolean allowCrossApp, Boolean allowBuildInPrecompile, Boolean throwIfNotFound, Boolean ensureIsUpToDate)
   at System.Web.Compilation.BuildManager.GetVirtualPathObjectFactory(VirtualPath virtualPath, HttpContext context, Boolean allowCrossApp, Boolean throwIfNotFound)
   at System.Web.Compilation.BuildManager.GetCompiledType(VirtualPath virtualPath)
   at System.Web.Compilation.BuildManager.GetCompiledType(String virtualPath)
   at System.Web.Mvc.BuildManagerWrapper.System.Web.Mvc.IBuildManager.GetCompiledType(String virtualPath)
   at System.Web.Mvc.BuildManagerCompiledView.Render(ViewContext viewContext, TextWriter writer)
   at Umbraco.Core.Profiling.ProfilingView.Render(ViewContext viewContext, TextWriter writer)
   at Umbraco.Web.Mvc.ControllerExtensions.RenderViewResultAsString(ControllerBase controller, ViewResultBase viewResult)
   at Umbraco.Web.Macros.PartialViewMacroEngine.Execute(MacroModel macro, IPublishedContent content)
   at Umbraco.Web.Macros.PartialViewMacroEngine.Execute(MacroModel macro, INode node)
   at umbraco.macro.LoadPartialViewMacro(MacroModel macro)
   at umbraco.macro.renderMacro(Hashtable pageElements, Int32 pageId)
 2016-12-25 15:09:18,981 [P15116/D2/T67] WARN  umbraco.macro - Error loading Partial View (file: ~/Views/MacroPartials/NEWS.cshtml). Exception: System.Web.HttpCompileException (0x80004005): c:\queengallery\queengallery\Views\MacroPartials\NEWS.cshtml(25): error CS0305: Using the generic type 'System.Collections.Generic.Dictionary<TKey,TValue>' requires 2 type arguments
   at System.Web.Compilation.AssemblyBuilder.Compile()
   at System.Web.Compilation.BuildProvidersCompiler.PerformBuild()
   at System.Web.Compilation.BuildManager.CompileWebFile(VirtualPath virtualPath)
   at System.Web.Compilation.BuildManager.GetVPathBuildResultInternal(VirtualPath virtualPath, Boolean noBuild, Boolean allowCrossApp, Boolean allowBuildInPrecompile, Boolean throwIfNotFound, Boolean ensureIsUpToDate)
   at System.Web.Compilation.BuildManager.GetVPathBuildResultWithNoAssert(HttpContext context, VirtualPath virtualPath, Boolean noBuild, Boolean allowCrossApp, Boolean allowBuildInPrecompile, Boolean throwIfNotFound, Boolean ensureIsUpToDate)
   at System.Web.Compilation.BuildManager.GetVirtualPathObjectFactory(VirtualPath virtualPath, HttpContext context, Boolean allowCrossApp, Boolean throwIfNotFound)
   at System.Web.Compilation.BuildManager.GetCompiledType(VirtualPath virtualPath)
   at System.Web.Compilation.BuildManager.GetCompiledType(String virtualPath)
   at System.Web.Mvc.BuildManagerWrapper.System.Web.Mvc.IBuildManager.GetCompiledType(String virtualPath)
   at System.Web.Mvc.BuildManagerCompiledView.Render(ViewContext viewContext, TextWriter writer)
   at Umbraco.Core.Profiling.ProfilingView.Render(ViewContext viewContext, TextWriter writer)
   at Umbraco.Web.Mvc.ControllerExtensions.RenderViewResultAsString(ControllerBase controller, ViewResultBase viewResult)
   at Umbraco.Web.Macros.PartialViewMacroEngine.Execute(MacroModel macro, IPublishedContent content)
   at Umbraco.Web.Macros.PartialViewMacroEngine.Execute(MacroModel macro, INode node)
   at umbraco.macro.LoadPartialViewMacro(MacroModel macro)
   at umbraco.macro.renderMacro(Hashtable pageElements, Int32 pageId)
 2016-12-25 15:09:32,428 [P15116/D2/T116] WARN  umbraco.macro - Error loading partial view macro (View: ~/Views/MacroPartials/NEWS.cshtml). Exception: System.Web.HttpCompileException (0x80004005): c:\queengallery\queengallery\Views\MacroPartials\NEWS.cshtml(25): error CS0305: Using the generic type 'System.Collections.Generic.Dictionary<TKey,TValue>' requires 2 type arguments
   at System.Web.Compilation.AssemblyBuilder.Compile()
   at System.Web.Compilation.BuildProvidersCompiler.PerformBuild()
   at System.Web.Compilation.BuildManager.CompileWebFile(VirtualPath virtualPath)
   at System.Web.Compilation.BuildManager.GetVPathBuildResultInternal(VirtualPath virtualPath, Boolean noBuild, Boolean allowCrossApp, Boolean allowBuildInPrecompile, Boolean throwIfNotFound, Boolean ensureIsUpToDate)
   at System.Web.Compilation.BuildManager.GetVPathBuildResultWithNoAssert(HttpContext context, VirtualPath virtualPath, Boolean noBuild, Boolean allowCrossApp, Boolean allowBuildInPrecompile, Boolean throwIfNotFound, Boolean ensureIsUpToDate)
   at System.Web.Compilation.BuildManager.GetVirtualPathObjectFactory(VirtualPath virtualPath, HttpContext context, Boolean allowCrossApp, Boolean throwIfNotFound)
   at System.Web.Compilation.BuildManager.GetCompiledType(VirtualPath virtualPath)
   at System.Web.Compilation.BuildManager.GetCompiledType(String virtualPath)
   at System.Web.Mvc.BuildManagerWrapper.System.Web.Mvc.IBuildManager.GetCompiledType(String virtualPath)
   at System.Web.Mvc.BuildManagerCompiledView.Render(ViewContext viewContext, TextWriter writer)
   at Umbraco.Core.Profiling.ProfilingView.Render(ViewContext viewContext, TextWriter writer)
   at Umbraco.Web.Mvc.ControllerExtensions.RenderViewResultAsString(ControllerBase controller, ViewResultBase viewResult)
   at Umbraco.Web.Macros.PartialViewMacroEngine.Execute(MacroModel macro, IPublishedContent content)
   at Umbraco.Web.Macros.PartialViewMacroEngine.Execute(MacroModel macro, INode node)
   at umbraco.macro.LoadPartialViewMacro(MacroModel macro)
   at umbraco.macro.renderMacro(Hashtable pageElements, Int32 pageId)
 2016-12-25 15:09:32,428 [P15116/D2/T116] WARN  umbraco.macro - Error loading Partial View (file: ~/Views/MacroPartials/NEWS.cshtml). Exception: System.Web.HttpCompileException (0x80004005): c:\queengallery\queengallery\Views\MacroPartials\NEWS.cshtml(25): error CS0305: Using the generic type 'System.Collections.Generic.Dictionary<TKey,TValue>' requires 2 type arguments
   at System.Web.Compilation.AssemblyBuilder.Compile()
   at System.Web.Compilation.BuildProvidersCompiler.PerformBuild()
   at System.Web.Compilation.BuildManager.CompileWebFile(VirtualPath virtualPath)
   at System.Web.Compilation.BuildManager.GetVPathBuildResultInternal(VirtualPath virtualPath, Boolean noBuild, Boolean allowCrossApp, Boolean allowBuildInPrecompile, Boolean throwIfNotFound, Boolean ensureIsUpToDate)
   at System.Web.Compilation.BuildManager.GetVPathBuildResultWithNoAssert(HttpContext context, VirtualPath virtualPath, Boolean noBuild, Boolean allowCrossApp, Boolean allowBuildInPrecompile, Boolean throwIfNotFound, Boolean ensureIsUpToDate)
   at System.Web.Compilation.BuildManager.GetVirtualPathObjectFactory(VirtualPath virtualPath, HttpContext context, Boolean allowCrossApp, Boolean throwIfNotFound)
   at System.Web.Compilation.BuildManager.GetCompiledType(VirtualPath virtualPath)
   at System.Web.Compilation.BuildManager.GetCompiledType(String virtualPath)
   at System.Web.Mvc.BuildManagerWrapper.System.Web.Mvc.IBuildManager.GetCompiledType(String virtualPath)
   at System.Web.Mvc.BuildManagerCompiledView.Render(ViewContext viewContext, TextWriter writer)
   at Umbraco.Core.Profiling.ProfilingView.Render(ViewContext viewContext, TextWriter writer)
   at Umbraco.Web.Mvc.ControllerExtensions.RenderViewResultAsString(ControllerBase controller, ViewResultBase viewResult)
   at Umbraco.Web.Macros.PartialViewMacroEngine.Execute(MacroModel macro, IPublishedContent content)
   at Umbraco.Web.Macros.PartialViewMacroEngine.Execute(MacroModel macro, INode node)
   at umbraco.macro.LoadPartialViewMacro(MacroModel macro)
   at umbraco.macro.renderMacro(Hashtable pageElements, Int32 pageId)
 2016-12-25 15:14:56,910 [P15116/D2/T214] WARN  umbraco.macro - Error loading partial view macro (View: ~/Views/MacroPartials/NEWS.cshtml). Exception: System.Web.HttpCompileException (0x80004005): c:\queengallery\queengallery\Views\MacroPartials\NEWS.cshtml(17): error CS1002: ; expected
   at System.Web.Compilation.AssemblyBuilder.Compile()
   at System.Web.Compilation.BuildProvidersCompiler.PerformBuild()
   at System.Web.Compilation.BuildManager.CompileWebFile(VirtualPath virtualPath)
   at System.Web.Compilation.BuildManager.GetVPathBuildResultInternal(VirtualPath virtualPath, Boolean noBuild, Boolean allowCrossApp, Boolean allowBuildInPrecompile, Boolean throwIfNotFound, Boolean ensureIsUpToDate)
   at System.Web.Compilation.BuildManager.GetVPathBuildResultWithNoAssert(HttpContext context, VirtualPath virtualPath, Boolean noBuild, Boolean allowCrossApp, Boolean allowBuildInPrecompile, Boolean throwIfNotFound, Boolean ensureIsUpToDate)
   at System.Web.Compilation.BuildManager.GetVirtualPathObjectFactory(VirtualPath virtualPath, HttpContext context, Boolean allowCrossApp, Boolean throwIfNotFound)
   at System.Web.Compilation.BuildManager.GetCompiledType(VirtualPath virtualPath)
   at System.Web.Compilation.BuildManager.GetCompiledType(String virtualPath)
   at System.Web.Mvc.BuildManagerWrapper.System.Web.Mvc.IBuildManager.GetCompiledType(String virtualPath)
   at System.Web.Mvc.BuildManagerCompiledView.Render(ViewContext viewContext, TextWriter writer)
   at Umbraco.Core.Profiling.ProfilingView.Render(ViewContext viewContext, TextWriter writer)
   at Umbraco.Web.Mvc.ControllerExtensions.RenderViewResultAsString(ControllerBase controller, ViewResultBase viewResult)
   at Umbraco.Web.Macros.PartialViewMacroEngine.Execute(MacroModel macro, IPublishedContent content)
   at Umbraco.Web.Macros.PartialViewMacroEngine.Execute(MacroModel macro, INode node)
   at umbraco.macro.LoadPartialViewMacro(MacroModel macro)
   at umbraco.macro.renderMacro(Hashtable pageElements, Int32 pageId)
 2016-12-25 15:14:56,910 [P15116/D2/T214] WARN  umbraco.macro - Error loading Partial View (file: ~/Views/MacroPartials/NEWS.cshtml). Exception: System.Web.HttpCompileException (0x80004005): c:\queengallery\queengallery\Views\MacroPartials\NEWS.cshtml(17): error CS1002: ; expected
   at System.Web.Compilation.AssemblyBuilder.Compile()
   at System.Web.Compilation.BuildProvidersCompiler.PerformBuild()
   at System.Web.Compilation.BuildManager.CompileWebFile(VirtualPath virtualPath)
   at System.Web.Compilation.BuildManager.GetVPathBuildResultInternal(VirtualPath virtualPath, Boolean noBuild, Boolean allowCrossApp, Boolean allowBuildInPrecompile, Boolean throwIfNotFound, Boolean ensureIsUpToDate)
   at System.Web.Compilation.BuildManager.GetVPathBuildResultWithNoAssert(HttpContext context, VirtualPath virtualPath, Boolean noBuild, Boolean allowCrossApp, Boolean allowBuildInPrecompile, Boolean throwIfNotFound, Boolean ensureIsUpToDate)
   at System.Web.Compilation.BuildManager.GetVirtualPathObjectFactory(VirtualPath virtualPath, HttpContext context, Boolean allowCrossApp, Boolean throwIfNotFound)
   at System.Web.Compilation.BuildManager.GetCompiledType(VirtualPath virtualPath)
   at System.Web.Compilation.BuildManager.GetCompiledType(String virtualPath)
   at System.Web.Mvc.BuildManagerWrapper.System.Web.Mvc.IBuildManager.GetCompiledType(String virtualPath)
   at System.Web.Mvc.BuildManagerCompiledView.Render(ViewContext viewContext, TextWriter writer)
   at Umbraco.Core.Profiling.ProfilingView.Render(ViewContext viewContext, TextWriter writer)
   at Umbraco.Web.Mvc.ControllerExtensions.RenderViewResultAsString(ControllerBase controller, ViewResultBase viewResult)
   at Umbraco.Web.Macros.PartialViewMacroEngine.Execute(MacroModel macro, IPublishedContent content)
   at Umbraco.Web.Macros.PartialViewMacroEngine.Execute(MacroModel macro, INode node)
   at umbraco.macro.LoadPartialViewMacro(MacroModel macro)
   at umbraco.macro.renderMacro(Hashtable pageElements, Int32 pageId)
 2016-12-25 15:16:11,180 [P15116/D2/T227] WARN  umbraco.macro - Error loading partial view macro (View: ~/Views/MacroPartials/NEWS.cshtml). Exception: System.Web.HttpCompileException (0x80004005): c:\queengallery\queengallery\Views\MacroPartials\NEWS.cshtml(17): error CS1002: ; expected
   at System.Web.Compilation.AssemblyBuilder.Compile()
   at System.Web.Compilation.BuildProvidersCompiler.PerformBuild()
   at System.Web.Compilation.BuildManager.CompileWebFile(VirtualPath virtualPath)
   at System.Web.Compilation.BuildManager.GetVPathBuildResultInternal(VirtualPath virtualPath, Boolean noBuild, Boolean allowCrossApp, Boolean allowBuildInPrecompile, Boolean throwIfNotFound, Boolean ensureIsUpToDate)
   at System.Web.Compilation.BuildManager.GetVPathBuildResultWithNoAssert(HttpContext context, VirtualPath virtualPath, Boolean noBuild, Boolean allowCrossApp, Boolean allowBuildInPrecompile, Boolean throwIfNotFound, Boolean ensureIsUpToDate)
   at System.Web.Compilation.BuildManager.GetVirtualPathObjectFactory(VirtualPath virtualPath, HttpContext context, Boolean allowCrossApp, Boolean throwIfNotFound)
   at System.Web.Compilation.BuildManager.GetCompiledType(VirtualPath virtualPath)
   at System.Web.Compilation.BuildManager.GetCompiledType(String virtualPath)
   at System.Web.Mvc.BuildManagerWrapper.System.Web.Mvc.IBuildManager.GetCompiledType(String virtualPath)
   at System.Web.Mvc.BuildManagerCompiledView.Render(ViewContext viewContext, TextWriter writer)
   at Umbraco.Core.Profiling.ProfilingView.Render(ViewContext viewContext, TextWriter writer)
   at Umbraco.Web.Mvc.ControllerExtensions.RenderViewResultAsString(ControllerBase controller, ViewResultBase viewResult)
   at Umbraco.Web.Macros.PartialViewMacroEngine.Execute(MacroModel macro, IPublishedContent content)
   at Umbraco.Web.Macros.PartialViewMacroEngine.Execute(MacroModel macro, INode node)
   at umbraco.macro.LoadPartialViewMacro(MacroModel macro)
   at umbraco.macro.renderMacro(Hashtable pageElements, Int32 pageId)
 2016-12-25 15:16:11,180 [P15116/D2/T227] WARN  umbraco.macro - Error loading Partial View (file: ~/Views/MacroPartials/NEWS.cshtml). Exception: System.Web.HttpCompileException (0x80004005): c:\queengallery\queengallery\Views\MacroPartials\NEWS.cshtml(17): error CS1002: ; expected
   at System.Web.Compilation.AssemblyBuilder.Compile()
   at System.Web.Compilation.BuildProvidersCompiler.PerformBuild()
   at System.Web.Compilation.BuildManager.CompileWebFile(VirtualPath virtualPath)
   at System.Web.Compilation.BuildManager.GetVPathBuildResultInternal(VirtualPath virtualPath, Boolean noBuild, Boolean allowCrossApp, Boolean allowBuildInPrecompile, Boolean throwIfNotFound, Boolean ensureIsUpToDate)
   at System.Web.Compilation.BuildManager.GetVPathBuildResultWithNoAssert(HttpContext context, VirtualPath virtualPath, Boolean noBuild, Boolean allowCrossApp, Boolean allowBuildInPrecompile, Boolean throwIfNotFound, Boolean ensureIsUpToDate)
   at System.Web.Compilation.BuildManager.GetVirtualPathObjectFactory(VirtualPath virtualPath, HttpContext context, Boolean allowCrossApp, Boolean throwIfNotFound)
   at System.Web.Compilation.BuildManager.GetCompiledType(VirtualPath virtualPath)
   at System.Web.Compilation.BuildManager.GetCompiledType(String virtualPath)
   at System.Web.Mvc.BuildManagerWrapper.System.Web.Mvc.IBuildManager.GetCompiledType(String virtualPath)
   at System.Web.Mvc.BuildManagerCompiledView.Render(ViewContext viewContext, TextWriter writer)
   at Umbraco.Core.Profiling.ProfilingView.Render(ViewContext viewContext, TextWriter writer)
   at Umbraco.Web.Mvc.ControllerExtensions.RenderViewResultAsString(ControllerBase controller, ViewResultBase viewResult)
   at Umbraco.Web.Macros.PartialViewMacroEngine.Execute(MacroModel macro, IPublishedContent content)
   at Umbraco.Web.Macros.PartialViewMacroEngine.Execute(MacroModel macro, INode node)
   at umbraco.macro.LoadPartialViewMacro(MacroModel macro)
   at umbraco.macro.renderMacro(Hashtable pageElements, Int32 pageId)
 2016-12-25 15:16:27,046 [P15116/D2/T235] WARN  umbraco.macro - Error loading partial view macro (View: ~/Views/MacroPartials/NEWS.cshtml). Exception: System.Web.HttpCompileException (0x80004005): c:\queengallery\queengallery\Views\MacroPartials\NEWS.cshtml(17): error CS0021: Cannot apply indexing with [] to an expression of type 'method group'
   at System.Web.Compilation.AssemblyBuilder.Compile()
   at System.Web.Compilation.BuildProvidersCompiler.PerformBuild()
   at System.Web.Compilation.BuildManager.CompileWebFile(VirtualPath virtualPath)
   at System.Web.Compilation.BuildManager.GetVPathBuildResultInternal(VirtualPath virtualPath, Boolean noBuild, Boolean allowCrossApp, Boolean allowBuildInPrecompile, Boolean throwIfNotFound, Boolean ensureIsUpToDate)
   at System.Web.Compilation.BuildManager.GetVPathBuildResultWithNoAssert(HttpContext context, VirtualPath virtualPath, Boolean noBuild, Boolean allowCrossApp, Boolean allowBuildInPrecompile, Boolean throwIfNotFound, Boolean ensureIsUpToDate)
   at System.Web.Compilation.BuildManager.GetVirtualPathObjectFactory(VirtualPath virtualPath, HttpContext context, Boolean allowCrossApp, Boolean throwIfNotFound)
   at System.Web.Compilation.BuildManager.GetCompiledType(VirtualPath virtualPath)
   at System.Web.Compilation.BuildManager.GetCompiledType(String virtualPath)
   at System.Web.Mvc.BuildManagerWrapper.System.Web.Mvc.IBuildManager.GetCompiledType(String virtualPath)
   at System.Web.Mvc.BuildManagerCompiledView.Render(ViewContext viewContext, TextWriter writer)
   at Umbraco.Core.Profiling.ProfilingView.Render(ViewContext viewContext, TextWriter writer)
   at Umbraco.Web.Mvc.ControllerExtensions.RenderViewResultAsString(ControllerBase controller, ViewResultBase viewResult)
   at Umbraco.Web.Macros.PartialViewMacroEngine.Execute(MacroModel macro, IPublishedContent content)
   at Umbraco.Web.Macros.PartialViewMacroEngine.Execute(MacroModel macro, INode node)
   at umbraco.macro.LoadPartialViewMacro(MacroModel macro)
   at umbraco.macro.renderMacro(Hashtable pageElements, Int32 pageId)
 2016-12-25 15:16:27,047 [P15116/D2/T235] WARN  umbraco.macro - Error loading Partial View (file: ~/Views/MacroPartials/NEWS.cshtml). Exception: System.Web.HttpCompileException (0x80004005): c:\queengallery\queengallery\Views\MacroPartials\NEWS.cshtml(17): error CS0021: Cannot apply indexing with [] to an expression of type 'method group'
   at System.Web.Compilation.AssemblyBuilder.Compile()
   at System.Web.Compilation.BuildProvidersCompiler.PerformBuild()
   at System.Web.Compilation.BuildManager.CompileWebFile(VirtualPath virtualPath)
   at System.Web.Compilation.BuildManager.GetVPathBuildResultInternal(VirtualPath virtualPath, Boolean noBuild, Boolean allowCrossApp, Boolean allowBuildInPrecompile, Boolean throwIfNotFound, Boolean ensureIsUpToDate)
   at System.Web.Compilation.BuildManager.GetVPathBuildResultWithNoAssert(HttpContext context, VirtualPath virtualPath, Boolean noBuild, Boolean allowCrossApp, Boolean allowBuildInPrecompile, Boolean throwIfNotFound, Boolean ensureIsUpToDate)
   at System.Web.Compilation.BuildManager.GetVirtualPathObjectFactory(VirtualPath virtualPath, HttpContext context, Boolean allowCrossApp, Boolean throwIfNotFound)
   at System.Web.Compilation.BuildManager.GetCompiledType(VirtualPath virtualPath)
   at System.Web.Compilation.BuildManager.GetCompiledType(String virtualPath)
   at System.Web.Mvc.BuildManagerWrapper.System.Web.Mvc.IBuildManager.GetCompiledType(String virtualPath)
   at System.Web.Mvc.BuildManagerCompiledView.Render(ViewContext viewContext, TextWriter writer)
   at Umbraco.Core.Profiling.ProfilingView.Render(ViewContext viewContext, TextWriter writer)
   at Umbraco.Web.Mvc.ControllerExtensions.RenderViewResultAsString(ControllerBase controller, ViewResultBase viewResult)
   at Umbraco.Web.Macros.PartialViewMacroEngine.Execute(MacroModel macro, IPublishedContent content)
   at Umbraco.Web.Macros.PartialViewMacroEngine.Execute(MacroModel macro, INode node)
   at umbraco.macro.LoadPartialViewMacro(MacroModel macro)
   at umbraco.macro.renderMacro(Hashtable pageElements, Int32 pageId)
 2016-12-25 15:16:56,546 [P15116/D2/T236] WARN  umbraco.macro - Error loading partial view macro (View: ~/Views/MacroPartials/NEWS.cshtml). Exception: System.Web.HttpCompileException (0x80004005): c:\queengallery\queengallery\Views\MacroPartials\NEWS.cshtml(38): error CS0103: The name 'lang' does not exist in the current context
   at System.Web.Compilation.AssemblyBuilder.Compile()
   at System.Web.Compilation.BuildProvidersCompiler.PerformBuild()
   at System.Web.Compilation.BuildManager.CompileWebFile(VirtualPath virtualPath)
   at System.Web.Compilation.BuildManager.GetVPathBuildResultInternal(VirtualPath virtualPath, Boolean noBuild, Boolean allowCrossApp, Boolean allowBuildInPrecompile, Boolean throwIfNotFound, Boolean ensureIsUpToDate)
   at System.Web.Compilation.BuildManager.GetVPathBuildResultWithNoAssert(HttpContext context, VirtualPath virtualPath, Boolean noBuild, Boolean allowCrossApp, Boolean allowBuildInPrecompile, Boolean throwIfNotFound, Boolean ensureIsUpToDate)
   at System.Web.Compilation.BuildManager.GetVirtualPathObjectFactory(VirtualPath virtualPath, HttpContext context, Boolean allowCrossApp, Boolean throwIfNotFound)
   at System.Web.Compilation.BuildManager.GetCompiledType(VirtualPath virtualPath)
   at System.Web.Compilation.BuildManager.GetCompiledType(String virtualPath)
   at System.Web.Mvc.BuildManagerWrapper.System.Web.Mvc.IBuildManager.GetCompiledType(String virtualPath)
   at System.Web.Mvc.BuildManagerCompiledView.Render(ViewContext viewContext, TextWriter writer)
   at Umbraco.Core.Profiling.ProfilingView.Render(ViewContext viewContext, TextWriter writer)
   at Umbraco.Web.Mvc.ControllerExtensions.RenderViewResultAsString(ControllerBase controller, ViewResultBase viewResult)
   at Umbraco.Web.Macros.PartialViewMacroEngine.Execute(MacroModel macro, IPublishedContent content)
   at Umbraco.Web.Macros.PartialViewMacroEngine.Execute(MacroModel macro, INode node)
   at umbraco.macro.LoadPartialViewMacro(MacroModel macro)
   at umbraco.macro.renderMacro(Hashtable pageElements, Int32 pageId)
 2016-12-25 15:16:56,546 [P15116/D2/T236] WARN  umbraco.macro - Error loading Partial View (file: ~/Views/MacroPartials/NEWS.cshtml). Exception: System.Web.HttpCompileException (0x80004005): c:\queengallery\queengallery\Views\MacroPartials\NEWS.cshtml(38): error CS0103: The name 'lang' does not exist in the current context
   at System.Web.Compilation.AssemblyBuilder.Compile()
   at System.Web.Compilation.BuildProvidersCompiler.PerformBuild()
   at System.Web.Compilation.BuildManager.CompileWebFile(VirtualPath virtualPath)
   at System.Web.Compilation.BuildManager.GetVPathBuildResultInternal(VirtualPath virtualPath, Boolean noBuild, Boolean allowCrossApp, Boolean allowBuildInPrecompile, Boolean throwIfNotFound, Boolean ensureIsUpToDate)
   at System.Web.Compilation.BuildManager.GetVPathBuildResultWithNoAssert(HttpContext context, VirtualPath virtualPath, Boolean noBuild, Boolean allowCrossApp, Boolean allowBuildInPrecompile, Boolean throwIfNotFound, Boolean ensureIsUpToDate)
   at System.Web.Compilation.BuildManager.GetVirtualPathObjectFactory(VirtualPath virtualPath, HttpContext context, Boolean allowCrossApp, Boolean throwIfNotFound)
   at System.Web.Compilation.BuildManager.GetCompiledType(VirtualPath virtualPath)
   at System.Web.Compilation.BuildManager.GetCompiledType(String virtualPath)
   at System.Web.Mvc.BuildManagerWrapper.System.Web.Mvc.IBuildManager.GetCompiledType(String virtualPath)
   at System.Web.Mvc.BuildManagerCompiledView.Render(ViewContext viewContext, TextWriter writer)
   at Umbraco.Core.Profiling.ProfilingView.Render(ViewContext viewContext, TextWriter writer)
   at Umbraco.Web.Mvc.ControllerExtensions.RenderViewResultAsString(ControllerBase controller, ViewResultBase viewResult)
   at Umbraco.Web.Macros.PartialViewMacroEngine.Execute(MacroModel macro, IPublishedContent content)
   at Umbraco.Web.Macros.PartialViewMacroEngine.Execute(MacroModel macro, INode node)
   at umbraco.macro.LoadPartialViewMacro(MacroModel macro)
   at umbraco.macro.renderMacro(Hashtable pageElements, Int32 pageId)
 2016-12-25 15:17:04,882 [P15116/D2/T216] WARN  umbraco.macro - Error loading partial view macro (View: ~/Views/MacroPartials/NEWS.cshtml). Exception: System.Web.HttpCompileException (0x80004005): c:\queengallery\queengallery\Views\MacroPartials\NEWS.cshtml(38): error CS0103: The name 'Lang' does not exist in the current context
   at System.Web.Compilation.AssemblyBuilder.Compile()
   at System.Web.Compilation.BuildProvidersCompiler.PerformBuild()
   at System.Web.Compilation.BuildManager.CompileWebFile(VirtualPath virtualPath)
   at System.Web.Compilation.BuildManager.GetVPathBuildResultInternal(VirtualPath virtualPath, Boolean noBuild, Boolean allowCrossApp, Boolean allowBuildInPrecompile, Boolean throwIfNotFound, Boolean ensureIsUpToDate)
   at System.Web.Compilation.BuildManager.GetVPathBuildResultWithNoAssert(HttpContext context, VirtualPath virtualPath, Boolean noBuild, Boolean allowCrossApp, Boolean allowBuildInPrecompile, Boolean throwIfNotFound, Boolean ensureIsUpToDate)
   at System.Web.Compilation.BuildManager.GetVirtualPathObjectFactory(VirtualPath virtualPath, HttpContext context, Boolean allowCrossApp, Boolean throwIfNotFound)
   at System.Web.Compilation.BuildManager.GetCompiledType(VirtualPath virtualPath)
   at System.Web.Compilation.BuildManager.GetCompiledType(String virtualPath)
   at System.Web.Mvc.BuildManagerWrapper.System.Web.Mvc.IBuildManager.GetCompiledType(String virtualPath)
   at System.Web.Mvc.BuildManagerCompiledView.Render(ViewContext viewContext, TextWriter writer)
   at Umbraco.Core.Profiling.ProfilingView.Render(ViewContext viewContext, TextWriter writer)
   at Umbraco.Web.Mvc.ControllerExtensions.RenderViewResultAsString(ControllerBase controller, ViewResultBase viewResult)
   at Umbraco.Web.Macros.PartialViewMacroEngine.Execute(MacroModel macro, IPublishedContent content)
   at Umbraco.Web.Macros.PartialViewMacroEngine.Execute(MacroModel macro, INode node)
   at umbraco.macro.LoadPartialViewMacro(MacroModel macro)
   at umbraco.macro.renderMacro(Hashtable pageElements, Int32 pageId)
 2016-12-25 15:17:04,882 [P15116/D2/T216] WARN  umbraco.macro - Error loading Partial View (file: ~/Views/MacroPartials/NEWS.cshtml). Exception: System.Web.HttpCompileException (0x80004005): c:\queengallery\queengallery\Views\MacroPartials\NEWS.cshtml(38): error CS0103: The name 'Lang' does not exist in the current context
   at System.Web.Compilation.AssemblyBuilder.Compile()
   at System.Web.Compilation.BuildProvidersCompiler.PerformBuild()
   at System.Web.Compilation.BuildManager.CompileWebFile(VirtualPath virtualPath)
   at System.Web.Compilation.BuildManager.GetVPathBuildResultInternal(VirtualPath virtualPath, Boolean noBuild, Boolean allowCrossApp, Boolean allowBuildInPrecompile, Boolean throwIfNotFound, Boolean ensureIsUpToDate)
   at System.Web.Compilation.BuildManager.GetVPathBuildResultWithNoAssert(HttpContext context, VirtualPath virtualPath, Boolean noBuild, Boolean allowCrossApp, Boolean allowBuildInPrecompile, Boolean throwIfNotFound, Boolean ensureIsUpToDate)
   at System.Web.Compilation.BuildManager.GetVirtualPathObjectFactory(VirtualPath virtualPath, HttpContext context, Boolean allowCrossApp, Boolean throwIfNotFound)
   at System.Web.Compilation.BuildManager.GetCompiledType(VirtualPath virtualPath)
   at System.Web.Compilation.BuildManager.GetCompiledType(String virtualPath)
   at System.Web.Mvc.BuildManagerWrapper.System.Web.Mvc.IBuildManager.GetCompiledType(String virtualPath)
   at System.Web.Mvc.BuildManagerCompiledView.Render(ViewContext viewContext, TextWriter writer)
   at Umbraco.Core.Profiling.ProfilingView.Render(ViewContext viewContext, TextWriter writer)
   at Umbraco.Web.Mvc.ControllerExtensions.RenderViewResultAsString(ControllerBase controller, ViewResultBase viewResult)
   at Umbraco.Web.Macros.PartialViewMacroEngine.Execute(MacroModel macro, IPublishedContent content)
   at Umbraco.Web.Macros.PartialViewMacroEngine.Execute(MacroModel macro, INode node)
   at umbraco.macro.LoadPartialViewMacro(MacroModel macro)
   at umbraco.macro.renderMacro(Hashtable pageElements, Int32 pageId)
 2016-12-25 15:18:23,375 [P15116/D2/T204] WARN  umbraco.macro - Error loading partial view macro (View: ~/Views/MacroPartials/NEWS.cshtml). Exception: Microsoft.CSharp.RuntimeBinder.RuntimeBinderException: The best overloaded method match for 'string.ToString(System.IFormatProvider)' has some invalid arguments
   at CallSite.Target(Closure , CallSite , Object , String )
   at System.Dynamic.UpdateDelegates.UpdateAndExecute2[T0,T1,TRet](CallSite site, T0 arg0, T1 arg1)
   at ASP._Page_Views_MacroPartials_NEWS_cshtml.Execute() in c:\queengallery\queengallery\Views\MacroPartials\NEWS.cshtml:line 37
   at System.Web.WebPages.WebPageBase.ExecutePageHierarchy()
   at System.Web.Mvc.WebViewPage.ExecutePageHierarchy()
   at System.Web.WebPages.WebPageBase.ExecutePageHierarchy(WebPageContext pageContext, TextWriter writer, WebPageRenderingBase startPage)
   at System.Web.Mvc.RazorView.RenderView(ViewContext viewContext, TextWriter writer, Object instance)
   at System.Web.Mvc.BuildManagerCompiledView.Render(ViewContext viewContext, TextWriter writer)
   at Umbraco.Core.Profiling.ProfilingView.Render(ViewContext viewContext, TextWriter writer)
   at Umbraco.Web.Mvc.ControllerExtensions.RenderViewResultAsString(ControllerBase controller, ViewResultBase viewResult)
   at Umbraco.Web.Macros.PartialViewMacroEngine.Execute(MacroModel macro, IPublishedContent content)
   at Umbraco.Web.Macros.PartialViewMacroEngine.Execute(MacroModel macro, INode node)
   at umbraco.macro.LoadPartialViewMacro(MacroModel macro)
   at umbraco.macro.renderMacro(Hashtable pageElements, Int32 pageId)
 2016-12-25 15:18:23,375 [P15116/D2/T204] WARN  umbraco.macro - Error loading Partial View (file: ~/Views/MacroPartials/NEWS.cshtml). Exception: Microsoft.CSharp.RuntimeBinder.RuntimeBinderException: The best overloaded method match for 'string.ToString(System.IFormatProvider)' has some invalid arguments
   at CallSite.Target(Closure , CallSite , Object , String )
   at System.Dynamic.UpdateDelegates.UpdateAndExecute2[T0,T1,TRet](CallSite site, T0 arg0, T1 arg1)
   at ASP._Page_Views_MacroPartials_NEWS_cshtml.Execute() in c:\queengallery\queengallery\Views\MacroPartials\NEWS.cshtml:line 37
   at System.Web.WebPages.WebPageBase.ExecutePageHierarchy()
   at System.Web.Mvc.WebViewPage.ExecutePageHierarchy()
   at System.Web.WebPages.WebPageBase.ExecutePageHierarchy(WebPageContext pageContext, TextWriter writer, WebPageRenderingBase startPage)
   at System.Web.Mvc.RazorView.RenderView(ViewContext viewContext, TextWriter writer, Object instance)
   at System.Web.Mvc.BuildManagerCompiledView.Render(ViewContext viewContext, TextWriter writer)
   at Umbraco.Core.Profiling.ProfilingView.Render(ViewContext viewContext, TextWriter writer)
   at Umbraco.Web.Mvc.ControllerExtensions.RenderViewResultAsString(ControllerBase controller, ViewResultBase viewResult)
   at Umbraco.Web.Macros.PartialViewMacroEngine.Execute(MacroModel macro, IPublishedContent content)
   at Umbraco.Web.Macros.PartialViewMacroEngine.Execute(MacroModel macro, INode node)
   at umbraco.macro.LoadPartialViewMacro(MacroModel macro)
   at umbraco.macro.renderMacro(Hashtable pageElements, Int32 pageId)
 2016-12-25 15:20:18,340 [P15116/D2/T178] WARN  umbraco.macro - Error loading partial view macro (View: ~/Views/MacroPartials/NEWS.cshtml). Exception: Microsoft.CSharp.RuntimeBinder.RuntimeBinderException: The best overloaded method match for 'string.ToString(System.IFormatProvider)' has some invalid arguments
   at CallSite.Target(Closure , CallSite , Object , String )
   at ASP._Page_Views_MacroPartials_NEWS_cshtml.Execute() in c:\queengallery\queengallery\Views\MacroPartials\NEWS.cshtml:line 37
   at System.Web.WebPages.WebPageBase.ExecutePageHierarchy()
   at System.Web.Mvc.WebViewPage.ExecutePageHierarchy()
   at System.Web.WebPages.WebPageBase.ExecutePageHierarchy(WebPageContext pageContext, TextWriter writer, WebPageRenderingBase startPage)
   at System.Web.Mvc.RazorView.RenderView(ViewContext viewContext, TextWriter writer, Object instance)
   at System.Web.Mvc.BuildManagerCompiledView.Render(ViewContext viewContext, TextWriter writer)
   at Umbraco.Core.Profiling.ProfilingView.Render(ViewContext viewContext, TextWriter writer)
   at Umbraco.Web.Mvc.ControllerExtensions.RenderViewResultAsString(ControllerBase controller, ViewResultBase viewResult)
   at Umbraco.Web.Macros.PartialViewMacroEngine.Execute(MacroModel macro, IPublishedContent content)
   at Umbraco.Web.Macros.PartialViewMacroEngine.Execute(MacroModel macro, INode node)
   at umbraco.macro.LoadPartialViewMacro(MacroModel macro)
   at umbraco.macro.renderMacro(Hashtable pageElements, Int32 pageId)
 2016-12-25 15:20:18,340 [P15116/D2/T178] WARN  umbraco.macro - Error loading Partial View (file: ~/Views/MacroPartials/NEWS.cshtml). Exception: Microsoft.CSharp.RuntimeBinder.RuntimeBinderException: The best overloaded method match for 'string.ToString(System.IFormatProvider)' has some invalid arguments
   at CallSite.Target(Closure , CallSite , Object , String )
   at ASP._Page_Views_MacroPartials_NEWS_cshtml.Execute() in c:\queengallery\queengallery\Views\MacroPartials\NEWS.cshtml:line 37
   at System.Web.WebPages.WebPageBase.ExecutePageHierarchy()
   at System.Web.Mvc.WebViewPage.ExecutePageHierarchy()
   at System.Web.WebPages.WebPageBase.ExecutePageHierarchy(WebPageContext pageContext, TextWriter writer, WebPageRenderingBase startPage)
   at System.Web.Mvc.RazorView.RenderView(ViewContext viewContext, TextWriter writer, Object instance)
   at System.Web.Mvc.BuildManagerCompiledView.Render(ViewContext viewContext, TextWriter writer)
   at Umbraco.Core.Profiling.ProfilingView.Render(ViewContext viewContext, TextWriter writer)
   at Umbraco.Web.Mvc.ControllerExtensions.RenderViewResultAsString(ControllerBase controller, ViewResultBase viewResult)
   at Umbraco.Web.Macros.PartialViewMacroEngine.Execute(MacroModel macro, IPublishedContent content)
   at Umbraco.Web.Macros.PartialViewMacroEngine.Execute(MacroModel macro, INode node)
   at umbraco.macro.LoadPartialViewMacro(MacroModel macro)
   at umbraco.macro.renderMacro(Hashtable pageElements, Int32 pageId)
 2016-12-25 15:21:47,128 [P15116/D2/T13] INFO  Umbraco.Core.Logging.OwinLogger - Event Id: 0, state: User logged will be logged out due to timeout: admin@bbl.co.th, IP Address: ::1
 2016-12-25 15:21:48,128 [P15116/D2/T31] INFO  Umbraco.Core.Logging.OwinLogger - Event Id: 0, state: User logged will be logged out due to timeout: admin@bbl.co.th, IP Address: ::1
 2016-12-25 15:21:48,132 [P15116/D2/T191] INFO  Umbraco.Core.Logging.OwinLogger - Event Id: 0, state: User logged will be logged out due to timeout: admin@bbl.co.th, IP Address: ::1
 2016-12-25 15:25:57,665 [P15116/D2/T87] INFO  Umbraco.Core.Security.BackOfficeSignInManager - Event Id: 0, state: Login attempt succeeded for username admin@bbl.co.th from IP address ::1
 2016-12-25 15:25:57,665 [P15116/D2/T87] INFO  Umbraco.Core.Security.BackOfficeSignInManager - Event Id: 0, state: User: admin@bbl.co.th logged in from IP address ::1
 2016-12-25 15:29:47,565 [P15116/D2/T268] WARN  umbraco.macro - Error loading partial view macro (View: ~/Views/MacroPartials/NEWS.cshtml). Exception: System.Collections.Generic.KeyNotFoundException: The given key was not present in the dictionary.
   at System.Collections.Generic.Dictionary`2.get_Item(TKey key)
   at ASP._Page_Views_MacroPartials_NEWS_cshtml.Execute() in c:\queengallery\queengallery\Views\MacroPartials\NEWS.cshtml:line 7
   at System.Web.WebPages.WebPageBase.ExecutePageHierarchy()
   at System.Web.Mvc.WebViewPage.ExecutePageHierarchy()
   at System.Web.WebPages.WebPageBase.ExecutePageHierarchy(WebPageContext pageContext, TextWriter writer, WebPageRenderingBase startPage)
   at System.Web.Mvc.RazorView.RenderView(ViewContext viewContext, TextWriter writer, Object instance)
   at System.Web.Mvc.BuildManagerCompiledView.Render(ViewContext viewContext, TextWriter writer)
   at Umbraco.Core.Profiling.ProfilingView.Render(ViewContext viewContext, TextWriter writer)
   at Umbraco.Web.Mvc.ControllerExtensions.RenderViewResultAsString(ControllerBase controller, ViewResultBase viewResult)
   at Umbraco.Web.Macros.PartialViewMacroEngine.Execute(MacroModel macro, IPublishedContent content)
   at Umbraco.Web.Macros.PartialViewMacroEngine.Execute(MacroModel macro, INode node)
   at umbraco.macro.LoadPartialViewMacro(MacroModel macro)
   at umbraco.macro.renderMacro(Hashtable pageElements, Int32 pageId)
 2016-12-25 15:29:47,565 [P15116/D2/T268] WARN  umbraco.macro - Error loading Partial View (file: ~/Views/MacroPartials/NEWS.cshtml). Exception: System.Collections.Generic.KeyNotFoundException: The given key was not present in the dictionary.
   at System.Collections.Generic.Dictionary`2.get_Item(TKey key)
   at ASP._Page_Views_MacroPartials_NEWS_cshtml.Execute() in c:\queengallery\queengallery\Views\MacroPartials\NEWS.cshtml:line 7
   at System.Web.WebPages.WebPageBase.ExecutePageHierarchy()
   at System.Web.Mvc.WebViewPage.ExecutePageHierarchy()
   at System.Web.WebPages.WebPageBase.ExecutePageHierarchy(WebPageContext pageContext, TextWriter writer, WebPageRenderingBase startPage)
   at System.Web.Mvc.RazorView.RenderView(ViewContext viewContext, TextWriter writer, Object instance)
   at System.Web.Mvc.BuildManagerCompiledView.Render(ViewContext viewContext, TextWriter writer)
   at Umbraco.Core.Profiling.ProfilingView.Render(ViewContext viewContext, TextWriter writer)
   at Umbraco.Web.Mvc.ControllerExtensions.RenderViewResultAsString(ControllerBase controller, ViewResultBase viewResult)
   at Umbraco.Web.Macros.PartialViewMacroEngine.Execute(MacroModel macro, IPublishedContent content)
   at Umbraco.Web.Macros.PartialViewMacroEngine.Execute(MacroModel macro, INode node)
   at umbraco.macro.LoadPartialViewMacro(MacroModel macro)
   at umbraco.macro.renderMacro(Hashtable pageElements, Int32 pageId)
 2016-12-25 15:30:52,026 [P15116/D2/T260] WARN  umbraco.macro - Error loading partial view macro (View: ~/Views/MacroPartials/NEWS.cshtml). Exception: System.InvalidOperationException: Cannot return the IPublishedContent because the UmbracoHelper was constructed with an UmbracoContext and the current request is not a front-end request.
   at Umbraco.Web.UmbracoHelper.get_AssignedContentItem()
   at Umbraco.Web.UmbracoHelper.Field(String fieldAlias, String altFieldAlias, String altText, String insertBefore, String insertAfter, Boolean recursive, Boolean convertLineBreaks, Boolean removeParagraphTags, RenderFieldCaseType casing, RenderFieldEncodingType encoding, Boolean formatAsDate, Boolean formatAsDateWithTime, String formatAsDateWithTimeSeparator)
   at ASP._Page_Views_MacroPartials_NEWS_cshtml.Execute() in c:\queengallery\queengallery\Views\MacroPartials\NEWS.cshtml:line 21
   at System.Web.WebPages.WebPageBase.ExecutePageHierarchy()
   at System.Web.Mvc.WebViewPage.ExecutePageHierarchy()
   at System.Web.WebPages.WebPageBase.ExecutePageHierarchy(WebPageContext pageContext, TextWriter writer, WebPageRenderingBase startPage)
   at System.Web.Mvc.RazorView.RenderView(ViewContext viewContext, TextWriter writer, Object instance)
   at System.Web.Mvc.BuildManagerCompiledView.Render(ViewContext viewContext, TextWriter writer)
   at Umbraco.Core.Profiling.ProfilingView.Render(ViewContext viewContext, TextWriter writer)
   at Umbraco.Web.Mvc.ControllerExtensions.RenderViewResultAsString(ControllerBase controller, ViewResultBase viewResult)
   at Umbraco.Web.Macros.PartialViewMacroEngine.Execute(MacroModel macro, IPublishedContent content)
   at Umbraco.Web.Macros.PartialViewMacroEngine.Execute(MacroModel macro, INode node)
   at umbraco.macro.LoadPartialViewMacro(MacroModel macro)
   at umbraco.macro.renderMacro(Hashtable pageElements, Int32 pageId)
 2016-12-25 15:30:52,026 [P15116/D2/T260] WARN  umbraco.macro - Error loading Partial View (file: ~/Views/MacroPartials/NEWS.cshtml). Exception: System.InvalidOperationException: Cannot return the IPublishedContent because the UmbracoHelper was constructed with an UmbracoContext and the current request is not a front-end request.
   at Umbraco.Web.UmbracoHelper.get_AssignedContentItem()
   at Umbraco.Web.UmbracoHelper.Field(String fieldAlias, String altFieldAlias, String altText, String insertBefore, String insertAfter, Boolean recursive, Boolean convertLineBreaks, Boolean removeParagraphTags, RenderFieldCaseType casing, RenderFieldEncodingType encoding, Boolean formatAsDate, Boolean formatAsDateWithTime, String formatAsDateWithTimeSeparator)
   at ASP._Page_Views_MacroPartials_NEWS_cshtml.Execute() in c:\queengallery\queengallery\Views\MacroPartials\NEWS.cshtml:line 21
   at System.Web.WebPages.WebPageBase.ExecutePageHierarchy()
   at System.Web.Mvc.WebViewPage.ExecutePageHierarchy()
   at System.Web.WebPages.WebPageBase.ExecutePageHierarchy(WebPageContext pageContext, TextWriter writer, WebPageRenderingBase startPage)
   at System.Web.Mvc.RazorView.RenderView(ViewContext viewContext, TextWriter writer, Object instance)
   at System.Web.Mvc.BuildManagerCompiledView.Render(ViewContext viewContext, TextWriter writer)
   at Umbraco.Core.Profiling.ProfilingView.Render(ViewContext viewContext, TextWriter writer)
   at Umbraco.Web.Mvc.ControllerExtensions.RenderViewResultAsString(ControllerBase controller, ViewResultBase viewResult)
   at Umbraco.Web.Macros.PartialViewMacroEngine.Execute(MacroModel macro, IPublishedContent content)
   at Umbraco.Web.Macros.PartialViewMacroEngine.Execute(MacroModel macro, INode node)
   at umbraco.macro.LoadPartialViewMacro(MacroModel macro)
   at umbraco.macro.renderMacro(Hashtable pageElements, Int32 pageId)
 2016-12-25 15:31:10,047 [P15116/D2/T152] WARN  umbraco.macro - Error loading partial view macro (View: ~/Views/MacroPartials/NEWS.cshtml). Exception: System.InvalidOperationException: Cannot return the IPublishedContent because the UmbracoHelper was constructed with an UmbracoContext and the current request is not a front-end request.
   at Umbraco.Web.UmbracoHelper.get_AssignedContentItem()
   at Umbraco.Web.UmbracoHelper.Field(String fieldAlias, String altFieldAlias, String altText, String insertBefore, String insertAfter, Boolean recursive, Boolean convertLineBreaks, Boolean removeParagraphTags, RenderFieldCaseType casing, RenderFieldEncodingType encoding, Boolean formatAsDate, Boolean formatAsDateWithTime, String formatAsDateWithTimeSeparator)
   at ASP._Page_Views_MacroPartials_NEWS_cshtml.Execute() in c:\queengallery\queengallery\Views\MacroPartials\NEWS.cshtml:line 21
   at System.Web.WebPages.WebPageBase.ExecutePageHierarchy()
   at System.Web.Mvc.WebViewPage.ExecutePageHierarchy()
   at System.Web.WebPages.WebPageBase.ExecutePageHierarchy(WebPageContext pageContext, TextWriter writer, WebPageRenderingBase startPage)
   at System.Web.Mvc.RazorView.RenderView(ViewContext viewContext, TextWriter writer, Object instance)
   at System.Web.Mvc.BuildManagerCompiledView.Render(ViewContext viewContext, TextWriter writer)
   at Umbraco.Core.Profiling.ProfilingView.Render(ViewContext viewContext, TextWriter writer)
   at Umbraco.Web.Mvc.ControllerExtensions.RenderViewResultAsString(ControllerBase controller, ViewResultBase viewResult)
   at Umbraco.Web.Macros.PartialViewMacroEngine.Execute(MacroModel macro, IPublishedContent content)
   at Umbraco.Web.Macros.PartialViewMacroEngine.Execute(MacroModel macro, INode node)
   at umbraco.macro.LoadPartialViewMacro(MacroModel macro)
   at umbraco.macro.renderMacro(Hashtable pageElements, Int32 pageId)
 2016-12-25 15:31:10,047 [P15116/D2/T152] WARN  umbraco.macro - Error loading Partial View (file: ~/Views/MacroPartials/NEWS.cshtml). Exception: System.InvalidOperationException: Cannot return the IPublishedContent because the UmbracoHelper was constructed with an UmbracoContext and the current request is not a front-end request.
   at Umbraco.Web.UmbracoHelper.get_AssignedContentItem()
   at Umbraco.Web.UmbracoHelper.Field(String fieldAlias, String altFieldAlias, String altText, String insertBefore, String insertAfter, Boolean recursive, Boolean convertLineBreaks, Boolean removeParagraphTags, RenderFieldCaseType casing, RenderFieldEncodingType encoding, Boolean formatAsDate, Boolean formatAsDateWithTime, String formatAsDateWithTimeSeparator)
   at ASP._Page_Views_MacroPartials_NEWS_cshtml.Execute() in c:\queengallery\queengallery\Views\MacroPartials\NEWS.cshtml:line 21
   at System.Web.WebPages.WebPageBase.ExecutePageHierarchy()
   at System.Web.Mvc.WebViewPage.ExecutePageHierarchy()
   at System.Web.WebPages.WebPageBase.ExecutePageHierarchy(WebPageContext pageContext, TextWriter writer, WebPageRenderingBase startPage)
   at System.Web.Mvc.RazorView.RenderView(ViewContext viewContext, TextWriter writer, Object instance)
   at System.Web.Mvc.BuildManagerCompiledView.Render(ViewContext viewContext, TextWriter writer)
   at Umbraco.Core.Profiling.ProfilingView.Render(ViewContext viewContext, TextWriter writer)
   at Umbraco.Web.Mvc.ControllerExtensions.RenderViewResultAsString(ControllerBase controller, ViewResultBase viewResult)
   at Umbraco.Web.Macros.PartialViewMacroEngine.Execute(MacroModel macro, IPublishedContent content)
   at Umbraco.Web.Macros.PartialViewMacroEngine.Execute(MacroModel macro, INode node)
   at umbraco.macro.LoadPartialViewMacro(MacroModel macro)
   at umbraco.macro.renderMacro(Hashtable pageElements, Int32 pageId)
 2016-12-25 15:31:10,669 [P15116/D2/T250] INFO  Umbraco.Core.Publishing.PublishingStrategy - Content 'News And Press Released' with Id '1108' has been published.
 2016-12-25 15:31:11,042 [P15116/D2/T152] WARN  umbraco.macro - Error loading partial view macro (View: ~/Views/MacroPartials/NEWS.cshtml). Exception: System.InvalidOperationException: Cannot return the IPublishedContent because the UmbracoHelper was constructed with an UmbracoContext and the current request is not a front-end request.
   at Umbraco.Web.UmbracoHelper.get_AssignedContentItem()
   at Umbraco.Web.UmbracoHelper.Field(String fieldAlias, String altFieldAlias, String altText, String insertBefore, String insertAfter, Boolean recursive, Boolean convertLineBreaks, Boolean removeParagraphTags, RenderFieldCaseType casing, RenderFieldEncodingType encoding, Boolean formatAsDate, Boolean formatAsDateWithTime, String formatAsDateWithTimeSeparator)
   at ASP._Page_Views_MacroPartials_NEWS_cshtml.Execute() in c:\queengallery\queengallery\Views\MacroPartials\NEWS.cshtml:line 21
   at System.Web.WebPages.WebPageBase.ExecutePageHierarchy()
   at System.Web.Mvc.WebViewPage.ExecutePageHierarchy()
   at System.Web.WebPages.WebPageBase.ExecutePageHierarchy(WebPageContext pageContext, TextWriter writer, WebPageRenderingBase startPage)
   at System.Web.Mvc.RazorView.RenderView(ViewContext viewContext, TextWriter writer, Object instance)
   at System.Web.Mvc.BuildManagerCompiledView.Render(ViewContext viewContext, TextWriter writer)
   at Umbraco.Core.Profiling.ProfilingView.Render(ViewContext viewContext, TextWriter writer)
   at Umbraco.Web.Mvc.ControllerExtensions.RenderViewResultAsString(ControllerBase controller, ViewResultBase viewResult)
   at Umbraco.Web.Macros.PartialViewMacroEngine.Execute(MacroModel macro, IPublishedContent content)
   at Umbraco.Web.Macros.PartialViewMacroEngine.Execute(MacroModel macro, INode node)
   at umbraco.macro.LoadPartialViewMacro(MacroModel macro)
   at umbraco.macro.renderMacro(Hashtable pageElements, Int32 pageId)
 2016-12-25 15:31:11,042 [P15116/D2/T152] WARN  umbraco.macro - Error loading Partial View (file: ~/Views/MacroPartials/NEWS.cshtml). Exception: System.InvalidOperationException: Cannot return the IPublishedContent because the UmbracoHelper was constructed with an UmbracoContext and the current request is not a front-end request.
   at Umbraco.Web.UmbracoHelper.get_AssignedContentItem()
   at Umbraco.Web.UmbracoHelper.Field(String fieldAlias, String altFieldAlias, String altText, String insertBefore, String insertAfter, Boolean recursive, Boolean convertLineBreaks, Boolean removeParagraphTags, RenderFieldCaseType casing, RenderFieldEncodingType encoding, Boolean formatAsDate, Boolean formatAsDateWithTime, String formatAsDateWithTimeSeparator)
   at ASP._Page_Views_MacroPartials_NEWS_cshtml.Execute() in c:\queengallery\queengallery\Views\MacroPartials\NEWS.cshtml:line 21
   at System.Web.WebPages.WebPageBase.ExecutePageHierarchy()
   at System.Web.Mvc.WebViewPage.ExecutePageHierarchy()
   at System.Web.WebPages.WebPageBase.ExecutePageHierarchy(WebPageContext pageContext, TextWriter writer, WebPageRenderingBase startPage)
   at System.Web.Mvc.RazorView.RenderView(ViewContext viewContext, TextWriter writer, Object instance)
   at System.Web.Mvc.BuildManagerCompiledView.Render(ViewContext viewContext, TextWriter writer)
   at Umbraco.Core.Profiling.ProfilingView.Render(ViewContext viewContext, TextWriter writer)
   at Umbraco.Web.Mvc.ControllerExtensions.RenderViewResultAsString(ControllerBase controller, ViewResultBase viewResult)
   at Umbraco.Web.Macros.PartialViewMacroEngine.Execute(MacroModel macro, IPublishedContent content)
   at Umbraco.Web.Macros.PartialViewMacroEngine.Execute(MacroModel macro, INode node)
   at umbraco.macro.LoadPartialViewMacro(MacroModel macro)
   at umbraco.macro.renderMacro(Hashtable pageElements, Int32 pageId)
 2016-12-25 15:31:14,742 [P15116/D2/T5] INFO  umbraco.content - Save Xml to file...
 2016-12-25 15:31:14,748 [P15116/D2/T5] INFO  umbraco.content - Saved Xml to file.
 2016-12-25 15:33:08,315 [P15116/D2/T120] WARN  umbraco.macro - <log4net.Error>Exception during StringFormat: Input string was not in a correct format. <format>Error loading partial view macro (View: ~/Views/MacroPartials/NEWS.cshtml). Exception: System.Web.HttpParseException (0x80004005): Expected a "{" but found a "nwewsDate".  Block statements must be enclosed in "{" and "}".  You cannot use single-statement control-flow statements in CSHTML pages. For example, the following is not allowed:

@if(isLoggedIn)
    <p>Hello, @user</p>

Instead, wrap the contents of the block in "{}":

@if(isLoggedIn) {
    <p>Hello, @user</p>
}

   at System.Web.WebPages.Razor.RazorBuildProvider.EnsureGeneratedCode()
   at System.Web.WebPages.Razor.RazorBuildProvider.get_CodeCompilerType()
   at System.Web.Compilation.BuildProvider.GetCompilerTypeFromBuildProvider(BuildProvider buildProvider)
   at System.Web.Compilation.BuildProvidersCompiler.ProcessBuildProviders()
   at System.Web.Compilation.BuildProvidersCompiler.PerformBuild()
   at System.Web.Compilation.BuildManager.CompileWebFile(VirtualPath virtualPath)
   at System.Web.Compilation.BuildManager.GetVPathBuildResultInternal(VirtualPath virtualPath, Boolean noBuild, Boolean allowCrossApp, Boolean allowBuildInPrecompile, Boolean throwIfNotFound, Boolean ensureIsUpToDate)
   at System.Web.Compilation.BuildManager.GetVPathBuildResultWithNoAssert(HttpContext context, VirtualPath virtualPath, Boolean noBuild, Boolean allowCrossApp, Boolean allowBuildInPrecompile, Boolean throwIfNotFound, Boolean ensureIsUpToDate)
   at System.Web.Compilation.BuildManager.GetVirtualPathObjectFactory(VirtualPath virtualPath, HttpContext context, Boolean allowCrossApp, Boolean throwIfNotFound)
   at System.Web.Compilation.BuildManager.GetCompiledType(VirtualPath virtualPath)
   at System.Web.Compilation.BuildManager.GetCompiledType(String virtualPath)
   at System.Web.Mvc.BuildManagerWrapper.System.Web.Mvc.IBuildManager.GetCompiledType(String virtualPath)
   at System.Web.Mvc.BuildManagerCompiledView.Render(ViewContext viewContext, TextWriter writer)
   at Umbraco.Core.Profiling.ProfilingView.Render(ViewContext viewContext, TextWriter writer)
   at Umbraco.Web.Mvc.ControllerExtensions.RenderViewResultAsString(ControllerBase controller, ViewResultBase viewResult)
   at Umbraco.Web.Macros.PartialViewMacroEngine.Execute(MacroModel macro, IPublishedContent content)
   at Umbraco.Web.Macros.PartialViewMacroEngine.Execute(MacroModel macro, INode node)
   at umbraco.macro.LoadPartialViewMacro(MacroModel macro)
   at umbraco.macro.renderMacro(Hashtable pageElements, Int32 pageId)</format><args>{}</args></log4net.Error>
 2016-12-25 15:33:08,315 [P15116/D2/T120] WARN  umbraco.macro - <log4net.Error>Exception during StringFormat: Input string was not in a correct format. <format>Error loading Partial View (file: ~/Views/MacroPartials/NEWS.cshtml). Exception: System.Web.HttpParseException (0x80004005): Expected a "{" but found a "nwewsDate".  Block statements must be enclosed in "{" and "}".  You cannot use single-statement control-flow statements in CSHTML pages. For example, the following is not allowed:

@if(isLoggedIn)
    <p>Hello, @user</p>

Instead, wrap the contents of the block in "{}":

@if(isLoggedIn) {
    <p>Hello, @user</p>
}

   at System.Web.WebPages.Razor.RazorBuildProvider.EnsureGeneratedCode()
   at System.Web.WebPages.Razor.RazorBuildProvider.get_CodeCompilerType()
   at System.Web.Compilation.BuildProvider.GetCompilerTypeFromBuildProvider(BuildProvider buildProvider)
   at System.Web.Compilation.BuildProvidersCompiler.ProcessBuildProviders()
   at System.Web.Compilation.BuildProvidersCompiler.PerformBuild()
   at System.Web.Compilation.BuildManager.CompileWebFile(VirtualPath virtualPath)
   at System.Web.Compilation.BuildManager.GetVPathBuildResultInternal(VirtualPath virtualPath, Boolean noBuild, Boolean allowCrossApp, Boolean allowBuildInPrecompile, Boolean throwIfNotFound, Boolean ensureIsUpToDate)
   at System.Web.Compilation.BuildManager.GetVPathBuildResultWithNoAssert(HttpContext context, VirtualPath virtualPath, Boolean noBuild, Boolean allowCrossApp, Boolean allowBuildInPrecompile, Boolean throwIfNotFound, Boolean ensureIsUpToDate)
   at System.Web.Compilation.BuildManager.GetVirtualPathObjectFactory(VirtualPath virtualPath, HttpContext context, Boolean allowCrossApp, Boolean throwIfNotFound)
   at System.Web.Compilation.BuildManager.GetCompiledType(VirtualPath virtualPath)
   at System.Web.Compilation.BuildManager.GetCompiledType(String virtualPath)
   at System.Web.Mvc.BuildManagerWrapper.System.Web.Mvc.IBuildManager.GetCompiledType(String virtualPath)
   at System.Web.Mvc.BuildManagerCompiledView.Render(ViewContext viewContext, TextWriter writer)
   at Umbraco.Core.Profiling.ProfilingView.Render(ViewContext viewContext, TextWriter writer)
   at Umbraco.Web.Mvc.ControllerExtensions.RenderViewResultAsString(ControllerBase controller, ViewResultBase viewResult)
   at Umbraco.Web.Macros.PartialViewMacroEngine.Execute(MacroModel macro, IPublishedContent content)
   at Umbraco.Web.Macros.PartialViewMacroEngine.Execute(MacroModel macro, INode node)
   at umbraco.macro.LoadPartialViewMacro(MacroModel macro)
   at umbraco.macro.renderMacro(Hashtable pageElements, Int32 pageId)</format><args>{}</args></log4net.Error>
 2016-12-25 15:45:34,128 [P15116/D2/T241] INFO  Umbraco.Core.Logging.OwinLogger - Event Id: 0, state: User logged will be logged out due to timeout: admin@bbl.co.th, IP Address: ::1
 2016-12-25 15:48:57,793 [P15116/D2/T229] INFO  Umbraco.Core.Security.BackOfficeSignInManager - Event Id: 0, state: Login attempt succeeded for username admin@bbl.co.th from IP address ::1
 2016-12-25 15:48:57,793 [P15116/D2/T229] INFO  Umbraco.Core.Security.BackOfficeSignInManager - Event Id: 0, state: User: admin@bbl.co.th logged in from IP address ::1
 2016-12-25 15:48:57,809 [P15116/D2/T240] INFO  Umbraco.Core.PluginManager - Starting resolution types of Umbraco.Web.Trees.TreeController
 2016-12-25 15:48:57,810 [P15116/D2/T240] INFO  Umbraco.Core.PluginManager - Completed resolution of types of Umbraco.Web.Trees.TreeController, found 0 (took 0ms)
 2016-12-25 15:49:58,232 [P15116/D2/T228] INFO  Umbraco.Core.Security.BackOfficeSignInManager - Event Id: 0, state: Login attempt succeeded for username admin@bbl.co.th from IP address ::1
 2016-12-25 15:49:58,232 [P15116/D2/T228] INFO  Umbraco.Core.Security.BackOfficeSignInManager - Event Id: 0, state: User: admin@bbl.co.th logged in from IP address ::1
 2016-12-25 16:09:32,127 [P15116/D2/T90] INFO  Umbraco.Core.Logging.OwinLogger - Event Id: 0, state: User logged will be logged out due to timeout: admin@bbl.co.th, IP Address: ::1
 2016-12-25 16:09:32,988 [P15116/D2/T126] INFO  Umbraco.Core.Logging.OwinLogger - Event Id: 0, state: User logged will be logged out due to timeout: admin@bbl.co.th, IP Address: ::1
 2016-12-25 16:30:21,460 [P15116/D2/T404] INFO  Umbraco.Core.Security.BackOfficeSignInManager - Event Id: 0, state: Login attempt succeeded for username admin@bbl.co.th from IP address ::1
 2016-12-25 16:30:21,461 [P15116/D2/T404] INFO  Umbraco.Core.Security.BackOfficeSignInManager - Event Id: 0, state: User: admin@bbl.co.th logged in from IP address ::1
 2016-12-25 16:31:18,246 [P15116/D2/T440] WARN  umbraco.macro - Error loading partial view macro (View: ~/Views/MacroPartials/EXHIBITIONS_SIDER.cshtml). Exception: System.Collections.Generic.KeyNotFoundException: The given key was not present in the dictionary.
   at System.Collections.Generic.Dictionary`2.get_Item(TKey key)
   at ASP._Page_Views_MacroPartials_EXHIBITIONS_SIDER_cshtml.Execute() in c:\queengallery\queengallery\Views\MacroPartials\EXHIBITIONS_SIDER.cshtml:line 8
   at System.Web.WebPages.WebPageBase.ExecutePageHierarchy()
   at System.Web.Mvc.WebViewPage.ExecutePageHierarchy()
   at System.Web.WebPages.WebPageBase.ExecutePageHierarchy(WebPageContext pageContext, TextWriter writer, WebPageRenderingBase startPage)
   at System.Web.Mvc.RazorView.RenderView(ViewContext viewContext, TextWriter writer, Object instance)
   at System.Web.Mvc.BuildManagerCompiledView.Render(ViewContext viewContext, TextWriter writer)
   at Umbraco.Core.Profiling.ProfilingView.Render(ViewContext viewContext, TextWriter writer)
   at Umbraco.Web.Mvc.ControllerExtensions.RenderViewResultAsString(ControllerBase controller, ViewResultBase viewResult)
   at Umbraco.Web.Macros.PartialViewMacroEngine.Execute(MacroModel macro, IPublishedContent content)
   at Umbraco.Web.Macros.PartialViewMacroEngine.Execute(MacroModel macro, INode node)
   at umbraco.macro.LoadPartialViewMacro(MacroModel macro)
   at umbraco.macro.renderMacro(Hashtable pageElements, Int32 pageId)
 2016-12-25 16:31:18,246 [P15116/D2/T440] WARN  umbraco.macro - Error loading Partial View (file: ~/Views/MacroPartials/EXHIBITIONS_SIDER.cshtml). Exception: System.Collections.Generic.KeyNotFoundException: The given key was not present in the dictionary.
   at System.Collections.Generic.Dictionary`2.get_Item(TKey key)
   at ASP._Page_Views_MacroPartials_EXHIBITIONS_SIDER_cshtml.Execute() in c:\queengallery\queengallery\Views\MacroPartials\EXHIBITIONS_SIDER.cshtml:line 8
   at System.Web.WebPages.WebPageBase.ExecutePageHierarchy()
   at System.Web.Mvc.WebViewPage.ExecutePageHierarchy()
   at System.Web.WebPages.WebPageBase.ExecutePageHierarchy(WebPageContext pageContext, TextWriter writer, WebPageRenderingBase startPage)
   at System.Web.Mvc.RazorView.RenderView(ViewContext viewContext, TextWriter writer, Object instance)
   at System.Web.Mvc.BuildManagerCompiledView.Render(ViewContext viewContext, TextWriter writer)
   at Umbraco.Core.Profiling.ProfilingView.Render(ViewContext viewContext, TextWriter writer)
   at Umbraco.Web.Mvc.ControllerExtensions.RenderViewResultAsString(ControllerBase controller, ViewResultBase viewResult)
   at Umbraco.Web.Macros.PartialViewMacroEngine.Execute(MacroModel macro, IPublishedContent content)
   at Umbraco.Web.Macros.PartialViewMacroEngine.Execute(MacroModel macro, INode node)
   at umbraco.macro.LoadPartialViewMacro(MacroModel macro)
   at umbraco.macro.renderMacro(Hashtable pageElements, Int32 pageId)
 2016-12-25 16:32:26,284 [P15116/D2/T433] WARN  umbraco.macro - Error loading partial view macro (View: ~/Views/MacroPartials/EXHIBITIONS_SIDER.cshtml). Exception: System.Collections.Generic.KeyNotFoundException: The given key was not present in the dictionary.
   at System.Collections.Generic.Dictionary`2.get_Item(TKey key)
   at ASP._Page_Views_MacroPartials_EXHIBITIONS_SIDER_cshtml.Execute() in c:\queengallery\queengallery\Views\MacroPartials\EXHIBITIONS_SIDER.cshtml:line 8
   at System.Web.WebPages.WebPageBase.ExecutePageHierarchy()
   at System.Web.Mvc.WebViewPage.ExecutePageHierarchy()
   at System.Web.WebPages.WebPageBase.ExecutePageHierarchy(WebPageContext pageContext, TextWriter writer, WebPageRenderingBase startPage)
   at System.Web.Mvc.RazorView.RenderView(ViewContext viewContext, TextWriter writer, Object instance)
   at System.Web.Mvc.BuildManagerCompiledView.Render(ViewContext viewContext, TextWriter writer)
   at Umbraco.Core.Profiling.ProfilingView.Render(ViewContext viewContext, TextWriter writer)
   at Umbraco.Web.Mvc.ControllerExtensions.RenderViewResultAsString(ControllerBase controller, ViewResultBase viewResult)
   at Umbraco.Web.Macros.PartialViewMacroEngine.Execute(MacroModel macro, IPublishedContent content)
   at Umbraco.Web.Macros.PartialViewMacroEngine.Execute(MacroModel macro, INode node)
   at umbraco.macro.LoadPartialViewMacro(MacroModel macro)
   at umbraco.macro.renderMacro(Hashtable pageElements, Int32 pageId)
 2016-12-25 16:32:26,284 [P15116/D2/T433] WARN  umbraco.macro - Error loading Partial View (file: ~/Views/MacroPartials/EXHIBITIONS_SIDER.cshtml). Exception: System.Collections.Generic.KeyNotFoundException: The given key was not present in the dictionary.
   at System.Collections.Generic.Dictionary`2.get_Item(TKey key)
   at ASP._Page_Views_MacroPartials_EXHIBITIONS_SIDER_cshtml.Execute() in c:\queengallery\queengallery\Views\MacroPartials\EXHIBITIONS_SIDER.cshtml:line 8
   at System.Web.WebPages.WebPageBase.ExecutePageHierarchy()
   at System.Web.Mvc.WebViewPage.ExecutePageHierarchy()
   at System.Web.WebPages.WebPageBase.ExecutePageHierarchy(WebPageContext pageContext, TextWriter writer, WebPageRenderingBase startPage)
   at System.Web.Mvc.RazorView.RenderView(ViewContext viewContext, TextWriter writer, Object instance)
   at System.Web.Mvc.BuildManagerCompiledView.Render(ViewContext viewContext, TextWriter writer)
   at Umbraco.Core.Profiling.ProfilingView.Render(ViewContext viewContext, TextWriter writer)
   at Umbraco.Web.Mvc.ControllerExtensions.RenderViewResultAsString(ControllerBase controller, ViewResultBase viewResult)
   at Umbraco.Web.Macros.PartialViewMacroEngine.Execute(MacroModel macro, IPublishedContent content)
   at Umbraco.Web.Macros.PartialViewMacroEngine.Execute(MacroModel macro, INode node)
   at umbraco.macro.LoadPartialViewMacro(MacroModel macro)
   at umbraco.macro.renderMacro(Hashtable pageElements, Int32 pageId)
 2016-12-25 16:32:26,966 [P15116/D2/T433] WARN  umbraco.macro - Error loading partial view macro (View: ~/Views/MacroPartials/EXHIBITIONS_SIDER.cshtml). Exception: System.Collections.Generic.KeyNotFoundException: The given key was not present in the dictionary.
   at System.Collections.Generic.Dictionary`2.get_Item(TKey key)
   at ASP._Page_Views_MacroPartials_EXHIBITIONS_SIDER_cshtml.Execute() in c:\queengallery\queengallery\Views\MacroPartials\EXHIBITIONS_SIDER.cshtml:line 8
   at System.Web.WebPages.WebPageBase.ExecutePageHierarchy()
   at System.Web.Mvc.WebViewPage.ExecutePageHierarchy()
   at System.Web.WebPages.WebPageBase.ExecutePageHierarchy(WebPageContext pageContext, TextWriter writer, WebPageRenderingBase startPage)
   at System.Web.Mvc.RazorView.RenderView(ViewContext viewContext, TextWriter writer, Object instance)
   at System.Web.Mvc.BuildManagerCompiledView.Render(ViewContext viewContext, TextWriter writer)
   at Umbraco.Core.Profiling.ProfilingView.Render(ViewContext viewContext, TextWriter writer)
   at Umbraco.Web.Mvc.ControllerExtensions.RenderViewResultAsString(ControllerBase controller, ViewResultBase viewResult)
   at Umbraco.Web.Macros.PartialViewMacroEngine.Execute(MacroModel macro, IPublishedContent content)
   at Umbraco.Web.Macros.PartialViewMacroEngine.Execute(MacroModel macro, INode node)
   at umbraco.macro.LoadPartialViewMacro(MacroModel macro)
   at umbraco.macro.renderMacro(Hashtable pageElements, Int32 pageId)
 2016-12-25 16:32:26,966 [P15116/D2/T433] WARN  umbraco.macro - Error loading Partial View (file: ~/Views/MacroPartials/EXHIBITIONS_SIDER.cshtml). Exception: System.Collections.Generic.KeyNotFoundException: The given key was not present in the dictionary.
   at System.Collections.Generic.Dictionary`2.get_Item(TKey key)
   at ASP._Page_Views_MacroPartials_EXHIBITIONS_SIDER_cshtml.Execute() in c:\queengallery\queengallery\Views\MacroPartials\EXHIBITIONS_SIDER.cshtml:line 8
   at System.Web.WebPages.WebPageBase.ExecutePageHierarchy()
   at System.Web.Mvc.WebViewPage.ExecutePageHierarchy()
   at System.Web.WebPages.WebPageBase.ExecutePageHierarchy(WebPageContext pageContext, TextWriter writer, WebPageRenderingBase startPage)
   at System.Web.Mvc.RazorView.RenderView(ViewContext viewContext, TextWriter writer, Object instance)
   at System.Web.Mvc.BuildManagerCompiledView.Render(ViewContext viewContext, TextWriter writer)
   at Umbraco.Core.Profiling.ProfilingView.Render(ViewContext viewContext, TextWriter writer)
   at Umbraco.Web.Mvc.ControllerExtensions.RenderViewResultAsString(ControllerBase controller, ViewResultBase viewResult)
   at Umbraco.Web.Macros.PartialViewMacroEngine.Execute(MacroModel macro, IPublishedContent content)
   at Umbraco.Web.Macros.PartialViewMacroEngine.Execute(MacroModel macro, INode node)
   at umbraco.macro.LoadPartialViewMacro(MacroModel macro)
   at umbraco.macro.renderMacro(Hashtable pageElements, Int32 pageId)
 2016-12-25 16:32:31,188 [P15116/D2/T433] WARN  umbraco.macro - Error loading partial view macro (View: ~/Views/MacroPartials/EXHIBITIONS_SIDER.cshtml). Exception: System.Collections.Generic.KeyNotFoundException: The given key was not present in the dictionary.
   at System.Collections.Generic.Dictionary`2.get_Item(TKey key)
   at ASP._Page_Views_MacroPartials_EXHIBITIONS_SIDER_cshtml.Execute() in c:\queengallery\queengallery\Views\MacroPartials\EXHIBITIONS_SIDER.cshtml:line 8
   at System.Web.WebPages.WebPageBase.ExecutePageHierarchy()
   at System.Web.Mvc.WebViewPage.ExecutePageHierarchy()
   at System.Web.WebPages.WebPageBase.ExecutePageHierarchy(WebPageContext pageContext, TextWriter writer, WebPageRenderingBase startPage)
   at System.Web.Mvc.RazorView.RenderView(ViewContext viewContext, TextWriter writer, Object instance)
   at System.Web.Mvc.BuildManagerCompiledView.Render(ViewContext viewContext, TextWriter writer)
   at Umbraco.Core.Profiling.ProfilingView.Render(ViewContext viewContext, TextWriter writer)
   at Umbraco.Web.Mvc.ControllerExtensions.RenderViewResultAsString(ControllerBase controller, ViewResultBase viewResult)
   at Umbraco.Web.Macros.PartialViewMacroEngine.Execute(MacroModel macro, IPublishedContent content)
   at Umbraco.Web.Macros.PartialViewMacroEngine.Execute(MacroModel macro, INode node)
   at umbraco.macro.LoadPartialViewMacro(MacroModel macro)
   at umbraco.macro.renderMacro(Hashtable pageElements, Int32 pageId)
 2016-12-25 16:32:31,189 [P15116/D2/T433] WARN  umbraco.macro - Error loading Partial View (file: ~/Views/MacroPartials/EXHIBITIONS_SIDER.cshtml). Exception: System.Collections.Generic.KeyNotFoundException: The given key was not present in the dictionary.
   at System.Collections.Generic.Dictionary`2.get_Item(TKey key)
   at ASP._Page_Views_MacroPartials_EXHIBITIONS_SIDER_cshtml.Execute() in c:\queengallery\queengallery\Views\MacroPartials\EXHIBITIONS_SIDER.cshtml:line 8
   at System.Web.WebPages.WebPageBase.ExecutePageHierarchy()
   at System.Web.Mvc.WebViewPage.ExecutePageHierarchy()
   at System.Web.WebPages.WebPageBase.ExecutePageHierarchy(WebPageContext pageContext, TextWriter writer, WebPageRenderingBase startPage)
   at System.Web.Mvc.RazorView.RenderView(ViewContext viewContext, TextWriter writer, Object instance)
   at System.Web.Mvc.BuildManagerCompiledView.Render(ViewContext viewContext, TextWriter writer)
   at Umbraco.Core.Profiling.ProfilingView.Render(ViewContext viewContext, TextWriter writer)
   at Umbraco.Web.Mvc.ControllerExtensions.RenderViewResultAsString(ControllerBase controller, ViewResultBase viewResult)
   at Umbraco.Web.Macros.PartialViewMacroEngine.Execute(MacroModel macro, IPublishedContent content)
   at Umbraco.Web.Macros.PartialViewMacroEngine.Execute(MacroModel macro, INode node)
   at umbraco.macro.LoadPartialViewMacro(MacroModel macro)
   at umbraco.macro.renderMacro(Hashtable pageElements, Int32 pageId)
 2016-12-25 16:49:54,126 [P15116/D2/T126] INFO  Umbraco.Core.Logging.OwinLogger - Event Id: 0, state: User logged will be logged out due to timeout: admin@bbl.co.th, IP Address: ::1
 2016-12-25 18:52:32,938 [P15116/D2/T203] INFO  umbraco.BusinessLogic.Log - Log scrubbed.  Removed all items older than 2559-12-24 18:52:32
 2016-12-25 20:39:28,246 [P15116/D2/T761] INFO  Umbraco.Core.Security.BackOfficeSignInManager - Event Id: 0, state: Login attempt succeeded for username admin@bbl.co.th from IP address ::1
 2016-12-25 20:39:28,246 [P15116/D2/T761] INFO  Umbraco.Core.Security.BackOfficeSignInManager - Event Id: 0, state: User: admin@bbl.co.th logged in from IP address ::1
 2016-12-25 20:40:01,426 [P15116/D2/T759] INFO  Umbraco.Core.Security.BackOfficeSignInManager - Event Id: 0, state: Login attempt succeeded for username admin@bbl.co.th from IP address ::1
 2016-12-25 20:40:01,426 [P15116/D2/T759] INFO  Umbraco.Core.Security.BackOfficeSignInManager - Event Id: 0, state: User: admin@bbl.co.th logged in from IP address ::1
 2016-12-25 20:40:16,798 [P15116/D2/T765] INFO  Umbraco.Core.Publishing.PublishingStrategy - Content 'What's On' with Id '1104' has been published.
 2016-12-25 20:40:20,836 [P15116/D2/T751] INFO  umbraco.content - Save Xml to file...
 2016-12-25 20:40:20,843 [P15116/D2/T751] INFO  umbraco.content - Saved Xml to file.
 2016-12-25 20:40:33,657 [P15116/D2/T661] INFO  Umbraco.Web.Scheduling.BackgroundTaskRunner - [ScheduledPublishing] Terminating
 2016-12-25 20:40:33,657 [P15116/D2/T661] INFO  Umbraco.Web.Scheduling.BackgroundTaskRunner - [ScheduledPublishing] Waiting for tasks to complete
 2016-12-25 20:40:33,657 [P15116/D2/T661] INFO  Umbraco.Web.Scheduling.BackgroundTaskRunner - [LogScrubber] Terminating
 2016-12-25 20:40:33,657 [P15116/D2/T661] INFO  Umbraco.Web.Scheduling.BackgroundTaskRunner - [LogScrubber] Waiting for tasks to complete
 2016-12-25 20:40:33,657 [P15116/D2/T661] INFO  Umbraco.Web.Scheduling.BackgroundTaskRunner - [KeepAlive] Terminating
 2016-12-25 20:40:33,657 [P15116/D2/T661] INFO  Umbraco.Web.Scheduling.BackgroundTaskRunner - [KeepAlive] Waiting for tasks to complete
 2016-12-25 20:40:33,658 [P15116/D2/T661] INFO  Umbraco.Web.Scheduling.BackgroundTaskRunner - [ScheduledTasks] Terminating
 2016-12-25 20:40:33,658 [P15116/D2/T661] INFO  Umbraco.Web.Scheduling.BackgroundTaskRunner - [ScheduledTasks] Waiting for tasks to complete
 2016-12-25 20:40:33,658 [P15116/D2/T755] INFO  Umbraco.Web.Scheduling.BackgroundTaskRunner - [KeepAlive] Tasks completed, terminated
 2016-12-25 20:40:33,658 [P15116/D2/T766] INFO  Umbraco.Web.Scheduling.BackgroundTaskRunner - [ScheduledPublishing] Tasks completed, terminated
 2016-12-25 20:40:33,658 [P15116/D2/T764] INFO  Umbraco.Web.Scheduling.BackgroundTaskRunner - [LogScrubber] Tasks completed, terminated
 2016-12-25 20:40:33,659 [P15116/D2/T761] INFO  Umbraco.Web.Scheduling.BackgroundTaskRunner - [ScheduledTasks] Tasks completed, terminated
 2016-12-25 20:40:33,667 [P15116/D2/T661] INFO  Umbraco.Web.Scheduling.BackgroundTaskRunner - [Umbraco.Web.Scheduling.IBackgroundTask] Terminating
 2016-12-25 20:40:33,667 [P15116/D2/T661] INFO  Umbraco.Web.Scheduling.BackgroundTaskRunner - [Umbraco.Web.Scheduling.IBackgroundTask] Waiting for tasks to complete
 2016-12-25 20:40:33,667 [P15116/D2/T736] INFO  Umbraco.Web.Scheduling.BackgroundTaskRunner - [Umbraco.Web.Scheduling.IBackgroundTask] Tasks completed, terminated
 2016-12-25 20:40:37,645 [P15116/D3/T756] INFO  Umbraco.Core.CoreBootManager - Umbraco 7.5.4 application starting on HOMEPC
 2016-12-25 20:40:37,651 [P15116/D3/T756] INFO  Umbraco.Core.PluginManager - Determining hash of code files on disk
 2016-12-25 20:40:37,656 [P15116/D3/T756] INFO  Umbraco.Core.PluginManager - Hash determined (took 4ms)
 2016-12-25 20:40:37,686 [P15116/D3/T756] INFO  Umbraco.Core.PluginManager - Starting resolution types of umbraco.interfaces.IApplicationStartupHandler
 2016-12-25 20:40:37,718 [P15116/D3/T756] INFO  Umbraco.Core.PluginManager - Completed resolution of types of umbraco.interfaces.IApplicationStartupHandler, found 0 (took 31ms)
 2016-12-25 20:40:37,758 [P15116/D3/T756] INFO  Umbraco.Core.PluginManager - Starting resolution types of Umbraco.Core.PropertyEditors.IPropertyEditorValueConverter
 2016-12-25 20:40:37,759 [P15116/D3/T756] INFO  Umbraco.Core.PluginManager - Completed resolution of types of Umbraco.Core.PropertyEditors.IPropertyEditorValueConverter, found 0 (took 0ms)
 2016-12-25 20:40:37,759 [P15116/D3/T756] INFO  Umbraco.Core.PluginManager - Starting resolution types of Umbraco.Core.PropertyEditors.IPropertyValueConverter
 2016-12-25 20:40:37,760 [P15116/D3/T756] INFO  Umbraco.Core.PluginManager - Completed resolution of types of Umbraco.Core.PropertyEditors.IPropertyValueConverter, found 0 (took 1ms)
 2016-12-25 20:40:37,765 [P15116/D3/T756] INFO  Umbraco.Core.PluginManager - Starting resolution types of Umbraco.Web.Mvc.SurfaceController
 2016-12-25 20:40:37,771 [P15116/D3/T756] INFO  Umbraco.Core.PluginManager - Completed resolution of types of Umbraco.Web.Mvc.SurfaceController, found 0 (took 6ms)
 2016-12-25 20:40:37,772 [P15116/D3/T756] INFO  Umbraco.Core.PluginManager - Starting resolution types of Umbraco.Web.WebApi.UmbracoApiController
 2016-12-25 20:40:37,775 [P15116/D3/T756] INFO  Umbraco.Core.PluginManager - Completed resolution of types of Umbraco.Web.WebApi.UmbracoApiController, found 0 (took 3ms)
 2016-12-25 20:40:37,816 [P15116/D3/T756] INFO  Umbraco.Core.PluginManager - Starting resolution types of Umbraco.Core.Media.IThumbnailProvider
 2016-12-25 20:40:37,817 [P15116/D3/T756] INFO  Umbraco.Core.PluginManager - Completed resolution of types of Umbraco.Core.Media.IThumbnailProvider, found 0 (took 0ms)
 2016-12-25 20:40:37,817 [P15116/D3/T756] INFO  Umbraco.Core.PluginManager - Starting resolution types of Umbraco.Core.Media.IImageUrlProvider
 2016-12-25 20:40:37,818 [P15116/D3/T756] INFO  Umbraco.Core.PluginManager - Completed resolution of types of Umbraco.Core.Media.IImageUrlProvider, found 0 (took 0ms)
 2016-12-25 20:40:38,337 [P15116/D3/T756] INFO  Umbraco.Core.DatabaseContext - CanConnect = True
 2016-12-25 20:40:38,435 [P15116/D3/T756] INFO  Umbraco.Core.DatabaseContext - CanConnect = True
 2016-12-25 20:40:38,446 [P15116/D3/T756] INFO  Umbraco.Core.DatabaseContext - CanConnect = True
 2016-12-25 20:40:38,461 [P15116/D3/T756] INFO  Umbraco.Web.Cache.CacheRefresherEventHandler - Initializing Umbraco internal event handlers for cache refreshing
 2016-12-25 20:40:38,517 [P15116/D3/T756] INFO  Umbraco.Web.Search.ExamineEvents - Initializing Examine and binding to business logic events
 2016-12-25 20:40:38,517 [P15116/D3/T756] INFO  Umbraco.Web.Search.ExamineEvents - Adding examine event handlers for index providers: 3
 2016-12-25 20:40:38,521 [P15116/D3/T756] INFO  Umbraco.Core.CoreBootManager - Umbraco application startup complete (took 909ms)
 2016-12-25 20:40:38,915 [P15116/D3/T736] INFO  Umbraco.Core.Sync.ApplicationUrlHelper - ApplicationUrl: http://localhost:17606/umbraco (UmbracoModule request)
 2016-12-25 20:40:43,472 [P15116/D3/T766] INFO  Umbraco.Core.PluginManager - Starting resolution types of umbraco.interfaces.ICacheRefresher
 2016-12-25 20:40:43,473 [P15116/D3/T766] INFO  Umbraco.Core.PluginManager - Completed resolution of types of umbraco.interfaces.ICacheRefresher, found 0 (took 0ms)
 2016-12-25 20:40:43,477 [P15116/D3/T766] INFO  umbraco.content - Load Xml from file...
 2016-12-25 20:40:43,478 [P15116/D3/T766] INFO  umbraco.content - Loaded Xml from file.
 2016-12-25 20:40:43,701 [P15116/D3/T766] INFO  Umbraco.Core.PluginManager - Starting resolution types of Umbraco.Core.PropertyEditors.IParameterEditor
 2016-12-25 20:40:43,702 [P15116/D3/T766] INFO  Umbraco.Core.PluginManager - Completed resolution of types of Umbraco.Core.PropertyEditors.IParameterEditor, found 0 (took 0ms)
 2016-12-25 20:40:44,873 [P15116/D3/T765] INFO  Umbraco.Core.PluginManager - Starting resolution types of Umbraco.Web.Trees.TreeController
 2016-12-25 20:40:44,874 [P15116/D3/T765] INFO  Umbraco.Core.PluginManager - Completed resolution of types of Umbraco.Web.Trees.TreeController, found 0 (took 1ms)
 2016-12-25 20:40:44,875 [P15116/D3/T765] INFO  Umbraco.Core.PluginManager - Starting resolution types of umbraco.interfaces.ITree
 2016-12-25 20:40:44,876 [P15116/D3/T765] INFO  Umbraco.Core.PluginManager - Completed resolution of types of umbraco.interfaces.ITree, found 0 (took 0ms)
 2016-12-25 20:40:45,438 [P15116/D3/T765] INFO  Umbraco.Core.PluginManager - Starting resolution types of Umbraco.Core.Persistence.Mappers.BaseMapper
 2016-12-25 20:40:45,439 [P15116/D3/T765] INFO  Umbraco.Core.PluginManager - Completed resolution of types of Umbraco.Core.Persistence.Mappers.BaseMapper, found 0 (took 1ms)
 2016-12-25 20:40:47,810 [P15116/D3/T734] INFO  umbraco.content - Save Xml to file...
 2016-12-25 20:40:47,819 [P15116/D3/T734] INFO  umbraco.content - Saved Xml to file.
 2016-12-25 20:41:03,739 [P15116/D2/T755] INFO  Umbraco.Core.UmbracoApplicationBase - Application shutdown. Details: MaxRecompilationsReached

_shutDownMessage=Recompilation limit of 15 reached
HostingEnvironment initiated shutdown
HostingEnvironment caused shutdown

_shutDownStack=   at System.Environment.GetStackTrace(Exception e, Boolean needFileInfo)
   at System.Environment.get_StackTrace()
   at System.Web.Hosting.HostingEnvironment.InitiateShutdownInternal()
   at System.Web.Hosting.HostingEnvironment.InitiateShutdownWithoutDemand()
   at System.Web.HttpRuntime.ShutdownAppDomain(String stackTrace)
   at System.Web.Compilation.DiskBuildResultCache.ShutdownCallBack(Object state)
   at System.Threading.QueueUserWorkItemCallback.WaitCallback_Context(Object state)
   at System.Threading.ExecutionContext.RunInternal(ExecutionContext executionContext, ContextCallback callback, Object state, Boolean preserveSyncCtx)
   at System.Threading.ExecutionContext.Run(ExecutionContext executionContext, ContextCallback callback, Object state, Boolean preserveSyncCtx)
   at System.Threading.QueueUserWorkItemCallback.System.Threading.IThreadPoolWorkItem.ExecuteWorkItem()
   at System.Threading.ThreadPoolWorkQueue.Dispatch()
   at System.Threading._ThreadPoolWaitCallback.PerformWaitCallback()
 2016-12-25 20:41:43,836 [P15116/D3/T736] INFO  umbraco.BusinessLogic.Log - Log scrubbed.  Removed all items older than 2559-12-24 20:41:43
 2016-12-25 20:59:32,147 [P15116/D3/T664] INFO  Umbraco.Core.Logging.OwinLogger - Event Id: 0, state: User logged will be logged out due to timeout: admin@bbl.co.th, IP Address: ::1
 2016-12-25 20:59:36,126 [P15116/D3/T664] INFO  Umbraco.Core.Logging.OwinLogger - Event Id: 0, state: User logged will be logged out due to timeout: admin@bbl.co.th, IP Address: ::1
