 2016-12-27 09:59:05,446 [P6620/D2/T1] INFO  Umbraco.Core.CoreBootManager - Umbraco 7.5.4 application starting on HC-LAB
 2016-12-27 09:59:05,485 [P6620/D2/T1] INFO  Umbraco.Core.PluginManager - Determining hash of code files on disk
 2016-12-27 09:59:05,503 [P6620/D2/T1] INFO  Umbraco.Core.PluginManager - Hash determined (took 17ms)
 2016-12-27 09:59:05,616 [P6620/D2/T1] INFO  Umbraco.Core.PluginManager - Starting resolution types of umbraco.interfaces.IApplicationStartupHandler
 2016-12-27 09:59:05,711 [P6620/D2/T1] INFO  Umbraco.Core.PluginManager - Completed resolution of types of umbraco.interfaces.IApplicationStartupHandler, found 0 (took 95ms)
 2016-12-27 09:59:05,802 [P6620/D2/T1] INFO  Umbraco.Core.PluginManager - Starting resolution types of Umbraco.Core.PropertyEditors.IPropertyEditorValueConverter
 2016-12-27 09:59:05,805 [P6620/D2/T1] INFO  Umbraco.Core.PluginManager - Completed resolution of types of Umbraco.Core.PropertyEditors.IPropertyEditorValueConverter, found 0 (took 2ms)
 2016-12-27 09:59:05,805 [P6620/D2/T1] INFO  Umbraco.Core.PluginManager - Starting resolution types of Umbraco.Core.PropertyEditors.IPropertyValueConverter
 2016-12-27 09:59:05,808 [P6620/D2/T1] INFO  Umbraco.Core.PluginManager - Completed resolution of types of Umbraco.Core.PropertyEditors.IPropertyValueConverter, found 0 (took 2ms)
 2016-12-27 09:59:05,833 [P6620/D2/T1] INFO  Umbraco.Core.PluginManager - Starting resolution types of Umbraco.Web.Mvc.SurfaceController
 2016-12-27 09:59:05,855 [P6620/D2/T1] INFO  Umbraco.Core.PluginManager - Completed resolution of types of Umbraco.Web.Mvc.SurfaceController, found 0 (took 22ms)
 2016-12-27 09:59:05,857 [P6620/D2/T1] INFO  Umbraco.Core.PluginManager - Starting resolution types of Umbraco.Web.WebApi.UmbracoApiController
 2016-12-27 09:59:05,866 [P6620/D2/T1] INFO  Umbraco.Core.PluginManager - Completed resolution of types of Umbraco.Web.WebApi.UmbracoApiController, found 0 (took 8ms)
 2016-12-27 09:59:06,005 [P6620/D2/T1] INFO  Umbraco.Core.PluginManager - Starting resolution types of Umbraco.Core.Media.IThumbnailProvider
 2016-12-27 09:59:06,007 [P6620/D2/T1] INFO  Umbraco.Core.PluginManager - Completed resolution of types of Umbraco.Core.Media.IThumbnailProvider, found 0 (took 1ms)
 2016-12-27 09:59:06,008 [P6620/D2/T1] INFO  Umbraco.Core.PluginManager - Starting resolution types of Umbraco.Core.Media.IImageUrlProvider
 2016-12-27 09:59:06,009 [P6620/D2/T1] INFO  Umbraco.Core.PluginManager - Completed resolution of types of Umbraco.Core.Media.IImageUrlProvider, found 0 (took 1ms)
 2016-12-27 09:59:07,447 [P6620/D2/T1] INFO  Umbraco.Core.DatabaseContext - CanConnect = True
 2016-12-27 09:59:07,829 [P6620/D2/T1] INFO  Umbraco.Core.DatabaseContext - CanConnect = True
 2016-12-27 09:59:07,900 [P6620/D2/T1] INFO  Umbraco.Core.DatabaseContext - CanConnect = True
 2016-12-27 09:59:08,017 [P6620/D2/T1] INFO  Umbraco.Web.Cache.CacheRefresherEventHandler - Initializing Umbraco internal event handlers for cache refreshing
 2016-12-27 09:59:08,201 [P6620/D2/T1] INFO  Umbraco.Web.Search.ExamineEvents - Initializing Examine and binding to business logic events
 2016-12-27 09:59:08,202 [P6620/D2/T1] INFO  Umbraco.Web.Search.ExamineEvents - Adding examine event handlers for index providers: 3
 2016-12-27 09:59:08,222 [P6620/D2/T1] INFO  Umbraco.Core.CoreBootManager - Umbraco application startup complete (took 2865ms)
 2016-12-27 09:59:09,256 [P6620/D2/T13] INFO  Umbraco.Core.Sync.ApplicationUrlHelper - ApplicationUrl: http://localhost:17606/umbraco (UmbracoModule request)
 2016-12-27 09:59:09,727 [P6620/D2/T13] INFO  umbraco.content - Load Xml from file...
 2016-12-27 09:59:09,735 [P6620/D2/T13] INFO  umbraco.content - Loaded Xml from file.
 2016-12-27 09:59:10,561 [P6620/D2/T13] INFO  Umbraco.Core.PluginManager - Starting resolution types of Umbraco.Core.PropertyEditors.IParameterEditor
 2016-12-27 09:59:10,563 [P6620/D2/T13] INFO  Umbraco.Core.PluginManager - Completed resolution of types of Umbraco.Core.PropertyEditors.IParameterEditor, found 0 (took 1ms)
 2016-12-27 09:59:36,037 [P6620/D2/T7] INFO  Umbraco.Core.PluginManager - Starting resolution types of umbraco.interfaces.ICacheRefresher
 2016-12-27 09:59:36,039 [P6620/D2/T7] INFO  Umbraco.Core.PluginManager - Completed resolution of types of umbraco.interfaces.ICacheRefresher, found 0 (took 2ms)
 2016-12-27 09:59:41,667 [P6620/D2/T9] INFO  umbraco.content - Save Xml to file...
 2016-12-27 09:59:41,711 [P6620/D2/T9] INFO  umbraco.content - Saved Xml to file.
 2016-12-27 09:59:47,405 [P6620/D2/T7] INFO  Umbraco.Core.PluginManager - Starting resolution types of Umbraco.Core.Persistence.Mappers.BaseMapper
 2016-12-27 09:59:47,407 [P6620/D2/T7] INFO  Umbraco.Core.PluginManager - Completed resolution of types of Umbraco.Core.Persistence.Mappers.BaseMapper, found 0 (took 2ms)
 2016-12-27 09:59:47,652 [P6620/D2/T7] INFO  Umbraco.Core.PluginManager - Starting resolution types of Umbraco.Core.PropertyEditors.IParameterEditor
 2016-12-27 09:59:47,653 [P6620/D2/T7] INFO  Umbraco.Core.PluginManager - Completed resolution of types of Umbraco.Core.PropertyEditors.IParameterEditor, found 0 (took 0ms)
 2016-12-27 09:59:47,692 [P6620/D2/T7] INFO  Umbraco.Core.PluginManager - Starting resolution types of umbraco.cms.businesslogic.macro.IMacroEngine
 2016-12-27 09:59:47,694 [P6620/D2/T7] INFO  Umbraco.Core.PluginManager - Completed resolution of types of umbraco.cms.businesslogic.macro.IMacroEngine, found 0 (took 1ms)
 2016-12-27 10:00:09,837 [P6620/D2/T16] INFO  umbraco.BusinessLogic.Log - Log scrubbed.  Removed all items older than 2016-12-26 10:00:09
 2016-12-27 10:01:04,025 [P6620/D2/T12] INFO  Umbraco.Core.Security.BackOfficeSignInManager - Event Id: 0, state: Login attempt succeeded for username admin@bbl.co.th from IP address ::1
 2016-12-27 10:01:04,027 [P6620/D2/T12] INFO  Umbraco.Core.Security.BackOfficeSignInManager - Event Id: 0, state: User: admin@bbl.co.th logged in from IP address ::1
 2016-12-27 10:01:04,180 [P6620/D2/T12] INFO  Umbraco.Core.PluginManager - Starting resolution types of Umbraco.Web.Trees.TreeController
 2016-12-27 10:01:04,182 [P6620/D2/T12] INFO  Umbraco.Core.PluginManager - Completed resolution of types of Umbraco.Web.Trees.TreeController, found 0 (took 2ms)
 2016-12-27 10:01:04,304 [P6620/D2/T12] INFO  Umbraco.Core.PluginManager - Starting resolution types of umbraco.interfaces.IApplication
 2016-12-27 10:01:04,307 [P6620/D2/T12] INFO  Umbraco.Core.PluginManager - Completed resolution of types of umbraco.interfaces.IApplication, found 0 (took 3ms)
 2016-12-27 10:01:04,448 [P6620/D2/T12] INFO  Umbraco.Core.PluginManager - Starting resolution types of Umbraco.Web.Trees.TreeController
 2016-12-27 10:01:04,451 [P6620/D2/T12] INFO  Umbraco.Core.PluginManager - Completed resolution of types of Umbraco.Web.Trees.TreeController, found 0 (took 2ms)
 2016-12-27 10:01:04,457 [P6620/D2/T12] INFO  Umbraco.Core.PluginManager - Starting resolution types of umbraco.interfaces.ITree
 2016-12-27 10:01:04,460 [P6620/D2/T12] INFO  Umbraco.Core.PluginManager - Completed resolution of types of umbraco.interfaces.ITree, found 0 (took 3ms)
 2016-12-27 10:01:04,662 [P6620/D2/T6] INFO  Umbraco.Core.PluginManager - Starting resolution types of umbraco.interfaces.ITree
 2016-12-27 10:01:04,663 [P6620/D2/T6] INFO  Umbraco.Core.PluginManager - Completed resolution of types of umbraco.interfaces.ITree, found 0 (took 1ms)
 2016-12-27 10:03:45,904 [P6620/D2/T20] INFO  Umbraco.Core.PluginManager - Starting resolution types of Umbraco.Web.HealthCheck.HealthCheck
 2016-12-27 10:03:45,906 [P6620/D2/T20] INFO  Umbraco.Core.PluginManager - Completed resolution of types of Umbraco.Web.HealthCheck.HealthCheck, found 0 (took 2ms)
 2016-12-27 10:11:35,597 [P6620/D2/T37] WARN  Umbraco.Web.UmbracoModule - Status code is 404 yet TrySkipIisCustomErrors is false - IIS will take over.
 2016-12-27 10:23:15,388 [P6620/D2/T43] INFO  Umbraco.Web.Scheduling.BackgroundTaskRunner - [Umbraco.Web.Scheduling.IBackgroundTask] Terminating
 2016-12-27 10:23:15,388 [P6620/D2/T43] INFO  Umbraco.Web.Scheduling.BackgroundTaskRunner - [Umbraco.Web.Scheduling.IBackgroundTask] Waiting for tasks to complete
 2016-12-27 10:23:15,389 [P6620/D2/T43] INFO  Umbraco.Web.Scheduling.BackgroundTaskRunner - [ScheduledTasks] Terminating
 2016-12-27 10:23:15,389 [P6620/D2/T43] INFO  Umbraco.Web.Scheduling.BackgroundTaskRunner - [ScheduledTasks] Waiting for tasks to complete
 2016-12-27 10:23:15,392 [P6620/D2/T27] INFO  Umbraco.Web.Scheduling.BackgroundTaskRunner - [Umbraco.Web.Scheduling.IBackgroundTask] Tasks completed, terminated
 2016-12-27 10:23:15,392 [P6620/D2/T31] INFO  Umbraco.Web.Scheduling.BackgroundTaskRunner - [ScheduledTasks] Tasks completed, terminated
 2016-12-27 10:23:15,408 [P6620/D2/T43] INFO  Umbraco.Web.Scheduling.BackgroundTaskRunner - [LogScrubber] Terminating
 2016-12-27 10:23:15,408 [P6620/D2/T43] INFO  Umbraco.Web.Scheduling.BackgroundTaskRunner - [LogScrubber] Waiting for tasks to complete
 2016-12-27 10:23:15,408 [P6620/D2/T43] INFO  Umbraco.Web.Scheduling.BackgroundTaskRunner - [ScheduledPublishing] Terminating
 2016-12-27 10:23:15,408 [P6620/D2/T43] INFO  Umbraco.Web.Scheduling.BackgroundTaskRunner - [ScheduledPublishing] Waiting for tasks to complete
 2016-12-27 10:23:15,408 [P6620/D2/T43] INFO  Umbraco.Web.Scheduling.BackgroundTaskRunner - [KeepAlive] Terminating
 2016-12-27 10:23:15,408 [P6620/D2/T43] INFO  Umbraco.Web.Scheduling.BackgroundTaskRunner - [KeepAlive] Waiting for tasks to complete
 2016-12-27 10:23:15,409 [P6620/D2/T46] INFO  Umbraco.Web.Scheduling.BackgroundTaskRunner - [ScheduledPublishing] Tasks completed, terminated
 2016-12-27 10:23:15,409 [P6620/D2/T45] INFO  Umbraco.Web.Scheduling.BackgroundTaskRunner - [KeepAlive] Tasks completed, terminated
 2016-12-27 10:23:15,412 [P6620/D2/T16] INFO  Umbraco.Web.Scheduling.BackgroundTaskRunner - [LogScrubber] Tasks completed, terminated
 2016-12-27 10:23:19,698 [P6620/D3/T57] INFO  Umbraco.Core.CoreBootManager - Umbraco 7.5.4 application starting on HC-LAB
 2016-12-27 10:23:19,728 [P6620/D3/T57] INFO  Umbraco.Core.PluginManager - Determining hash of code files on disk
 2016-12-27 10:23:19,739 [P6620/D3/T57] INFO  Umbraco.Core.PluginManager - Hash determined (took 10ms)
 2016-12-27 10:23:19,852 [P6620/D3/T57] INFO  Umbraco.Core.PluginManager - Starting resolution types of umbraco.interfaces.IApplicationStartupHandler
 2016-12-27 10:23:19,929 [P6620/D3/T57] INFO  Umbraco.Core.PluginManager - Completed resolution of types of umbraco.interfaces.IApplicationStartupHandler, found 0 (took 77ms)
 2016-12-27 10:23:20,001 [P6620/D3/T57] INFO  Umbraco.Core.PluginManager - Starting resolution types of Umbraco.Core.PropertyEditors.IPropertyEditorValueConverter
 2016-12-27 10:23:20,003 [P6620/D3/T57] INFO  Umbraco.Core.PluginManager - Completed resolution of types of Umbraco.Core.PropertyEditors.IPropertyEditorValueConverter, found 0 (took 1ms)
 2016-12-27 10:23:20,004 [P6620/D3/T57] INFO  Umbraco.Core.PluginManager - Starting resolution types of Umbraco.Core.PropertyEditors.IPropertyValueConverter
 2016-12-27 10:23:20,006 [P6620/D3/T57] INFO  Umbraco.Core.PluginManager - Completed resolution of types of Umbraco.Core.PropertyEditors.IPropertyValueConverter, found 0 (took 2ms)
 2016-12-27 10:23:20,029 [P6620/D3/T57] INFO  Umbraco.Core.PluginManager - Starting resolution types of Umbraco.Web.Mvc.SurfaceController
 2016-12-27 10:23:20,041 [P6620/D3/T57] INFO  Umbraco.Core.PluginManager - Completed resolution of types of Umbraco.Web.Mvc.SurfaceController, found 0 (took 12ms)
 2016-12-27 10:23:20,042 [P6620/D3/T57] INFO  Umbraco.Core.PluginManager - Starting resolution types of Umbraco.Web.WebApi.UmbracoApiController
 2016-12-27 10:23:20,051 [P6620/D3/T57] INFO  Umbraco.Core.PluginManager - Completed resolution of types of Umbraco.Web.WebApi.UmbracoApiController, found 0 (took 8ms)
 2016-12-27 10:23:20,145 [P6620/D3/T57] INFO  Umbraco.Core.PluginManager - Starting resolution types of Umbraco.Core.Media.IThumbnailProvider
 2016-12-27 10:23:20,147 [P6620/D3/T57] INFO  Umbraco.Core.PluginManager - Completed resolution of types of Umbraco.Core.Media.IThumbnailProvider, found 0 (took 1ms)
 2016-12-27 10:23:20,147 [P6620/D3/T57] INFO  Umbraco.Core.PluginManager - Starting resolution types of Umbraco.Core.Media.IImageUrlProvider
 2016-12-27 10:23:20,148 [P6620/D3/T57] INFO  Umbraco.Core.PluginManager - Completed resolution of types of Umbraco.Core.Media.IImageUrlProvider, found 0 (took 0ms)
 2016-12-27 10:23:21,635 [P6620/D3/T57] INFO  Umbraco.Core.DatabaseContext - CanConnect = True
 2016-12-27 10:23:21,994 [P6620/D3/T57] INFO  Umbraco.Core.DatabaseContext - CanConnect = True
 2016-12-27 10:23:22,029 [P6620/D3/T57] INFO  Umbraco.Core.DatabaseContext - CanConnect = True
 2016-12-27 10:23:22,065 [P6620/D3/T57] INFO  Umbraco.Web.Cache.CacheRefresherEventHandler - Initializing Umbraco internal event handlers for cache refreshing
 2016-12-27 10:23:22,227 [P6620/D3/T57] INFO  Umbraco.Web.Search.ExamineEvents - Initializing Examine and binding to business logic events
 2016-12-27 10:23:22,228 [P6620/D3/T57] INFO  Umbraco.Web.Search.ExamineEvents - Adding examine event handlers for index providers: 3
 2016-12-27 10:23:22,240 [P6620/D3/T57] INFO  Umbraco.Core.CoreBootManager - Umbraco application startup complete (took 2670ms)
 2016-12-27 10:23:23,195 [P6620/D3/T47] INFO  Umbraco.Core.Sync.ApplicationUrlHelper - ApplicationUrl: http://localhost:17606/umbraco (UmbracoModule request)
 2016-12-27 10:23:23,888 [P6620/D3/T44] INFO  umbraco.content - Load Xml from file...
 2016-12-27 10:23:23,892 [P6620/D3/T44] INFO  umbraco.content - Loaded Xml from file.
 2016-12-27 10:23:24,662 [P6620/D3/T44] INFO  Umbraco.Core.PluginManager - Starting resolution types of Umbraco.Core.PropertyEditors.IParameterEditor
 2016-12-27 10:23:24,663 [P6620/D3/T44] INFO  Umbraco.Core.PluginManager - Completed resolution of types of Umbraco.Core.PropertyEditors.IParameterEditor, found 0 (took 1ms)
 2016-12-27 10:23:34,435 [P6620/D3/T44] INFO  Umbraco.Core.PluginManager - Starting resolution types of Umbraco.Core.Persistence.Mappers.BaseMapper
 2016-12-27 10:23:34,437 [P6620/D3/T44] INFO  Umbraco.Core.PluginManager - Completed resolution of types of Umbraco.Core.Persistence.Mappers.BaseMapper, found 0 (took 2ms)
 2016-12-27 10:23:34,697 [P6620/D3/T44] INFO  Umbraco.Core.PluginManager - Starting resolution types of Umbraco.Core.PropertyEditors.IParameterEditor
 2016-12-27 10:23:34,700 [P6620/D3/T44] INFO  Umbraco.Core.PluginManager - Completed resolution of types of Umbraco.Core.PropertyEditors.IParameterEditor, found 0 (took 2ms)
 2016-12-27 10:23:34,768 [P6620/D3/T44] INFO  Umbraco.Core.PluginManager - Starting resolution types of umbraco.cms.businesslogic.macro.IMacroEngine
 2016-12-27 10:23:34,770 [P6620/D3/T44] INFO  Umbraco.Core.PluginManager - Completed resolution of types of umbraco.cms.businesslogic.macro.IMacroEngine, found 0 (took 2ms)
 2016-12-27 10:23:45,541 [P6620/D2/T43] INFO  Umbraco.Core.UmbracoApplicationBase - Application shutdown. Details: MaxRecompilationsReached

_shutDownMessage=Recompilation limit of 15 reached
HostingEnvironment initiated shutdown
HostingEnvironment caused shutdown

_shutDownStack=   at System.Environment.GetStackTrace(Exception e, Boolean needFileInfo)
   at System.Environment.get_StackTrace()
   at System.Web.Hosting.HostingEnvironment.InitiateShutdownInternal()
   at System.Web.Hosting.HostingEnvironment.InitiateShutdownWithoutDemand()
   at System.Web.HttpRuntime.ShutdownAppDomain(String stackTrace)
   at System.Web.Compilation.DiskBuildResultCache.ShutdownCallBack(Object state)
   at System.Threading.QueueUserWorkItemCallback.WaitCallback_Context(Object state)
   at System.Threading.ExecutionContext.RunInternal(ExecutionContext executionContext, ContextCallback callback, Object state, Boolean preserveSyncCtx)
   at System.Threading.ExecutionContext.Run(ExecutionContext executionContext, ContextCallback callback, Object state, Boolean preserveSyncCtx)
   at System.Threading.QueueUserWorkItemCallback.System.Threading.IThreadPoolWorkItem.ExecuteWorkItem()
   at System.Threading.ThreadPoolWorkQueue.Dispatch()
   at System.Threading._ThreadPoolWaitCallback.PerformWaitCallback()
 2016-12-27 10:24:24,079 [P6620/D3/T17] INFO  umbraco.BusinessLogic.Log - Log scrubbed.  Removed all items older than 2016-12-26 10:24:23
 2016-12-27 10:25:31,123 [P6620/D3/T31] INFO  Umbraco.Core.PluginManager - Starting resolution types of Umbraco.Web.Trees.TreeController
 2016-12-27 10:25:31,124 [P6620/D3/T31] INFO  Umbraco.Core.PluginManager - Completed resolution of types of Umbraco.Web.Trees.TreeController, found 0 (took 1ms)
 2016-12-27 10:25:31,128 [P6620/D3/T31] INFO  Umbraco.Core.PluginManager - Starting resolution types of umbraco.interfaces.ITree
 2016-12-27 10:25:31,131 [P6620/D3/T31] INFO  Umbraco.Core.PluginManager - Completed resolution of types of umbraco.interfaces.ITree, found 0 (took 2ms)
 2016-12-27 10:27:20,992 [P6620/D3/T18] INFO  Umbraco.Core.PluginManager - Starting resolution types of Umbraco.Web.HealthCheck.HealthCheck
 2016-12-27 10:27:20,995 [P6620/D3/T18] INFO  Umbraco.Core.PluginManager - Completed resolution of types of Umbraco.Web.HealthCheck.HealthCheck, found 0 (took 2ms)
 2016-12-27 10:28:26,476 [P6620/D3/T26] INFO  Umbraco.Core.PluginManager - Starting resolution types of Umbraco.Web.Editors.IEditorValidator
 2016-12-27 10:28:26,479 [P6620/D3/T26] INFO  Umbraco.Core.PluginManager - Completed resolution of types of Umbraco.Web.Editors.IEditorValidator, found 0 (took 3ms)
 2016-12-27 10:28:26,635 [P6620/D3/T26] INFO  Umbraco.Core.PluginManager - Starting resolution types of umbraco.interfaces.ICacheRefresher
 2016-12-27 10:28:26,636 [P6620/D3/T26] INFO  Umbraco.Core.PluginManager - Completed resolution of types of umbraco.interfaces.ICacheRefresher, found 0 (took 1ms)
 2016-12-27 10:29:02,270 [P6620/D3/T31] WARN  Umbraco.Web.Models.Mapping.PreValueDisplayResolver - Could not find persisted pre-value for field default
 2016-12-27 10:29:17,005 [P6620/D3/T25] INFO  Umbraco.Web.Scheduling.BackgroundTaskRunner - [Umbraco.Web.Scheduling.IBackgroundTask] Terminating
 2016-12-27 10:29:17,005 [P6620/D3/T25] INFO  Umbraco.Web.Scheduling.BackgroundTaskRunner - [Umbraco.Web.Scheduling.IBackgroundTask] Waiting for tasks to complete
 2016-12-27 10:29:17,007 [P6620/D3/T25] INFO  Umbraco.Web.Scheduling.BackgroundTaskRunner - [ScheduledPublishing] Terminating
 2016-12-27 10:29:17,007 [P6620/D3/T25] INFO  Umbraco.Web.Scheduling.BackgroundTaskRunner - [ScheduledPublishing] Waiting for tasks to complete
 2016-12-27 10:29:17,007 [P6620/D3/T25] INFO  Umbraco.Web.Scheduling.BackgroundTaskRunner - [ScheduledTasks] Terminating
 2016-12-27 10:29:17,007 [P6620/D3/T25] INFO  Umbraco.Web.Scheduling.BackgroundTaskRunner - [ScheduledTasks] Waiting for tasks to complete
 2016-12-27 10:29:17,008 [P6620/D3/T50] INFO  Umbraco.Web.Scheduling.BackgroundTaskRunner - [Umbraco.Web.Scheduling.IBackgroundTask] Tasks completed, terminated
 2016-12-27 10:29:17,009 [P6620/D3/T26] INFO  Umbraco.Web.Scheduling.BackgroundTaskRunner - [ScheduledPublishing] Tasks completed, terminated
 2016-12-27 10:29:17,009 [P6620/D3/T44] INFO  Umbraco.Web.Scheduling.BackgroundTaskRunner - [ScheduledTasks] Tasks completed, terminated
 2016-12-27 10:29:17,043 [P6620/D3/T25] INFO  Umbraco.Web.Scheduling.BackgroundTaskRunner - [LogScrubber] Terminating
 2016-12-27 10:29:17,043 [P6620/D3/T25] INFO  Umbraco.Web.Scheduling.BackgroundTaskRunner - [LogScrubber] Waiting for tasks to complete
 2016-12-27 10:29:17,043 [P6620/D3/T25] INFO  Umbraco.Web.Scheduling.BackgroundTaskRunner - [KeepAlive] Terminating
 2016-12-27 10:29:17,043 [P6620/D3/T25] INFO  Umbraco.Web.Scheduling.BackgroundTaskRunner - [KeepAlive] Waiting for tasks to complete
 2016-12-27 10:29:17,044 [P6620/D3/T45] INFO  Umbraco.Web.Scheduling.BackgroundTaskRunner - [KeepAlive] Tasks completed, terminated
 2016-12-27 10:29:17,044 [P6620/D3/T46] INFO  Umbraco.Web.Scheduling.BackgroundTaskRunner - [LogScrubber] Tasks completed, terminated
 2016-12-27 10:29:39,059 [P6620/D4/T19] INFO  Umbraco.Core.CoreBootManager - Umbraco 7.5.4 application starting on HC-LAB
 2016-12-27 10:29:39,076 [P6620/D4/T19] INFO  Umbraco.Core.PluginManager - Determining hash of code files on disk
 2016-12-27 10:29:39,088 [P6620/D4/T19] INFO  Umbraco.Core.PluginManager - Hash determined (took 12ms)
 2016-12-27 10:29:39,194 [P6620/D4/T19] INFO  Umbraco.Core.PluginManager - Starting resolution types of umbraco.interfaces.IApplicationStartupHandler
 2016-12-27 10:29:39,281 [P6620/D4/T19] INFO  Umbraco.Core.PluginManager - Completed resolution of types of umbraco.interfaces.IApplicationStartupHandler, found 0 (took 86ms)
 2016-12-27 10:29:39,356 [P6620/D4/T19] INFO  Umbraco.Core.PluginManager - Starting resolution types of Umbraco.Core.PropertyEditors.IPropertyEditorValueConverter
 2016-12-27 10:29:39,358 [P6620/D4/T19] INFO  Umbraco.Core.PluginManager - Completed resolution of types of Umbraco.Core.PropertyEditors.IPropertyEditorValueConverter, found 0 (took 2ms)
 2016-12-27 10:29:39,359 [P6620/D4/T19] INFO  Umbraco.Core.PluginManager - Starting resolution types of Umbraco.Core.PropertyEditors.IPropertyValueConverter
 2016-12-27 10:29:39,364 [P6620/D4/T19] INFO  Umbraco.Core.PluginManager - Completed resolution of types of Umbraco.Core.PropertyEditors.IPropertyValueConverter, found 0 (took 5ms)
 2016-12-27 10:29:39,380 [P6620/D4/T19] INFO  Umbraco.Core.PluginManager - Starting resolution types of Umbraco.Web.Mvc.SurfaceController
 2016-12-27 10:29:39,398 [P6620/D4/T19] INFO  Umbraco.Core.PluginManager - Completed resolution of types of Umbraco.Web.Mvc.SurfaceController, found 0 (took 18ms)
 2016-12-27 10:29:39,398 [P6620/D4/T19] INFO  Umbraco.Core.PluginManager - Starting resolution types of Umbraco.Web.WebApi.UmbracoApiController
 2016-12-27 10:29:39,409 [P6620/D4/T19] INFO  Umbraco.Core.PluginManager - Completed resolution of types of Umbraco.Web.WebApi.UmbracoApiController, found 0 (took 10ms)
 2016-12-27 10:29:39,508 [P6620/D4/T19] INFO  Umbraco.Core.PluginManager - Starting resolution types of Umbraco.Core.Media.IThumbnailProvider
 2016-12-27 10:29:39,511 [P6620/D4/T19] INFO  Umbraco.Core.PluginManager - Completed resolution of types of Umbraco.Core.Media.IThumbnailProvider, found 0 (took 2ms)
 2016-12-27 10:29:39,511 [P6620/D4/T19] INFO  Umbraco.Core.PluginManager - Starting resolution types of Umbraco.Core.Media.IImageUrlProvider
 2016-12-27 10:29:39,512 [P6620/D4/T19] INFO  Umbraco.Core.PluginManager - Completed resolution of types of Umbraco.Core.Media.IImageUrlProvider, found 0 (took 0ms)
 2016-12-27 10:29:40,964 [P6620/D4/T19] INFO  Umbraco.Core.DatabaseContext - CanConnect = True
 2016-12-27 10:29:41,265 [P6620/D4/T19] INFO  Umbraco.Core.DatabaseContext - CanConnect = True
 2016-12-27 10:29:41,296 [P6620/D4/T19] INFO  Umbraco.Core.DatabaseContext - CanConnect = True
 2016-12-27 10:29:41,331 [P6620/D4/T19] INFO  Umbraco.Web.Cache.CacheRefresherEventHandler - Initializing Umbraco internal event handlers for cache refreshing
 2016-12-27 10:29:41,509 [P6620/D4/T19] INFO  Umbraco.Web.Search.ExamineEvents - Initializing Examine and binding to business logic events
 2016-12-27 10:29:41,509 [P6620/D4/T19] INFO  Umbraco.Web.Search.ExamineEvents - Adding examine event handlers for index providers: 3
 2016-12-27 10:29:41,525 [P6620/D4/T19] INFO  Umbraco.Core.CoreBootManager - Umbraco application startup complete (took 2567ms)
 2016-12-27 10:29:42,421 [P6620/D4/T26] INFO  Umbraco.Core.Sync.ApplicationUrlHelper - ApplicationUrl: http://localhost:17606/umbraco (UmbracoModule request)
 2016-12-27 10:29:42,423 [P6620/D4/T46] INFO  Umbraco.Core.Sync.ApplicationUrlHelper - ApplicationUrl: http://localhost:17606/umbraco (UmbracoModule request)
 2016-12-27 10:29:44,391 [P6620/D4/T18] INFO  Umbraco.Core.PluginManager - Starting resolution types of Umbraco.Core.PropertyEditors.IParameterEditor
 2016-12-27 10:29:44,395 [P6620/D4/T18] INFO  Umbraco.Core.PluginManager - Completed resolution of types of Umbraco.Core.PropertyEditors.IParameterEditor, found 0 (took 3ms)
 2016-12-27 10:29:47,077 [P6620/D3/T48] INFO  Umbraco.Core.UmbracoApplicationBase - Application shutdown. Details: MaxRecompilationsReached

_shutDownMessage=Recompilation limit of 15 reached
HostingEnvironment initiated shutdown
HostingEnvironment caused shutdown

_shutDownStack=   at System.Environment.GetStackTrace(Exception e, Boolean needFileInfo)
   at System.Environment.get_StackTrace()
   at System.Web.Hosting.HostingEnvironment.InitiateShutdownInternal()
   at System.Web.Hosting.HostingEnvironment.InitiateShutdownWithoutDemand()
   at System.Web.HttpRuntime.ShutdownAppDomain(String stackTrace)
   at System.Web.Compilation.DiskBuildResultCache.ShutdownCallBack(Object state)
   at System.Threading.QueueUserWorkItemCallback.WaitCallback_Context(Object state)
   at System.Threading.ExecutionContext.RunInternal(ExecutionContext executionContext, ContextCallback callback, Object state, Boolean preserveSyncCtx)
   at System.Threading.ExecutionContext.Run(ExecutionContext executionContext, ContextCallback callback, Object state, Boolean preserveSyncCtx)
   at System.Threading.QueueUserWorkItemCallback.System.Threading.IThreadPoolWorkItem.ExecuteWorkItem()
   at System.Threading.ThreadPoolWorkQueue.Dispatch()
   at System.Threading._ThreadPoolWaitCallback.PerformWaitCallback()
 2016-12-27 10:29:52,280 [P6620/D4/T44] INFO  Umbraco.Core.PluginManager - Starting resolution types of umbraco.interfaces.ICacheRefresher
 2016-12-27 10:29:52,282 [P6620/D4/T44] INFO  Umbraco.Core.PluginManager - Completed resolution of types of umbraco.interfaces.ICacheRefresher, found 0 (took 1ms)
 2016-12-27 10:29:53,005 [P6620/D4/T25] INFO  Umbraco.Core.PluginManager - Starting resolution types of Umbraco.Core.Persistence.Mappers.BaseMapper
 2016-12-27 10:29:53,007 [P6620/D4/T25] INFO  Umbraco.Core.PluginManager - Completed resolution of types of Umbraco.Core.Persistence.Mappers.BaseMapper, found 0 (took 1ms)
 2016-12-27 10:30:43,220 [P6620/D4/T45] INFO  umbraco.BusinessLogic.Log - Log scrubbed.  Removed all items older than 2016-12-26 10:30:43
 2016-12-27 10:30:43,253 [P6620/D4/T54] INFO  umbraco.content - Load Xml from file...
 2016-12-27 10:30:43,259 [P6620/D4/T54] INFO  umbraco.content - Loaded Xml from file.
 2016-12-27 10:31:43,447 [P6620/D4/T54] INFO  Umbraco.Core.PluginManager - Starting resolution types of Umbraco.Web.Trees.TreeController
 2016-12-27 10:31:43,449 [P6620/D4/T54] INFO  Umbraco.Core.PluginManager - Completed resolution of types of Umbraco.Web.Trees.TreeController, found 0 (took 1ms)
 2016-12-27 10:31:43,452 [P6620/D4/T54] INFO  Umbraco.Core.PluginManager - Starting resolution types of umbraco.interfaces.ITree
 2016-12-27 10:31:43,453 [P6620/D4/T54] INFO  Umbraco.Core.PluginManager - Completed resolution of types of umbraco.interfaces.ITree, found 0 (took 1ms)
 2016-12-27 10:31:55,983 [P6620/D4/T50] INFO  Umbraco.Core.PluginManager - Starting resolution types of Umbraco.Core.PropertyEditors.IParameterEditor
 2016-12-27 10:31:55,983 [P6620/D4/T50] INFO  Umbraco.Core.PluginManager - Completed resolution of types of Umbraco.Core.PropertyEditors.IParameterEditor, found 0 (took 0ms)
 2016-12-27 10:31:56,008 [P6620/D4/T46] INFO  Umbraco.Core.PluginManager - Starting resolution types of umbraco.cms.businesslogic.macro.IMacroEngine
 2016-12-27 10:31:56,011 [P6620/D4/T46] INFO  Umbraco.Core.PluginManager - Completed resolution of types of umbraco.cms.businesslogic.macro.IMacroEngine, found 0 (took 3ms)
 2016-12-27 10:32:07,104 [P6620/D4/T44] INFO  Umbraco.Core.Publishing.PublishingStrategy - Content 'What's On' with Id '1104' has been published.
 2016-12-27 10:32:11,273 [P6620/D4/T41] INFO  umbraco.content - Save Xml to file...
 2016-12-27 10:32:11,306 [P6620/D4/T41] INFO  umbraco.content - Saved Xml to file.
 2016-12-27 10:42:02,737 [P6620/D4/T64] INFO  Umbraco.Core.PluginManager - Starting resolution types of Umbraco.Web.HealthCheck.HealthCheck
 2016-12-27 10:42:02,739 [P6620/D4/T64] INFO  Umbraco.Core.PluginManager - Completed resolution of types of Umbraco.Web.HealthCheck.HealthCheck, found 0 (took 2ms)
 2016-12-27 10:43:05,876 [P6620/D4/T75] WARN  umbraco.macro - Error loading partial view macro (View: ~/Views/MacroPartials/EXHIBITIONS_SIDER.cshtml). Exception: Microsoft.CSharp.RuntimeBinder.RuntimeBinderException: 'string' does not contain a definition for 'src'
   at CallSite.Target(Closure , CallSite , Object )
   at System.Dynamic.UpdateDelegates.UpdateAndExecute1[T0,TRet](CallSite site, T0 arg0)
   at CallSite.Target(Closure , CallSite , Object )
   at ASP._Page_Views_MacroPartials_EXHIBITIONS_SIDER_cshtml.Execute() in c:\queengallery\queengallery\Views\MacroPartials\EXHIBITIONS_SIDER.cshtml:line 98
   at System.Web.WebPages.WebPageBase.ExecutePageHierarchy()
   at System.Web.Mvc.WebViewPage.ExecutePageHierarchy()
   at System.Web.WebPages.WebPageBase.ExecutePageHierarchy(WebPageContext pageContext, TextWriter writer, WebPageRenderingBase startPage)
   at System.Web.Mvc.RazorView.RenderView(ViewContext viewContext, TextWriter writer, Object instance)
   at System.Web.Mvc.BuildManagerCompiledView.Render(ViewContext viewContext, TextWriter writer)
   at Umbraco.Core.Profiling.ProfilingView.Render(ViewContext viewContext, TextWriter writer)
   at Umbraco.Web.Mvc.ControllerExtensions.RenderViewResultAsString(ControllerBase controller, ViewResultBase viewResult)
   at Umbraco.Web.Macros.PartialViewMacroEngine.Execute(MacroModel macro, IPublishedContent content)
   at Umbraco.Web.Macros.PartialViewMacroEngine.Execute(MacroModel macro, INode node)
   at umbraco.macro.LoadPartialViewMacro(MacroModel macro)
   at umbraco.macro.renderMacro(Hashtable pageElements, Int32 pageId)
 2016-12-27 10:43:05,880 [P6620/D4/T75] WARN  umbraco.macro - Error loading Partial View (file: ~/Views/MacroPartials/EXHIBITIONS_SIDER.cshtml). Exception: Microsoft.CSharp.RuntimeBinder.RuntimeBinderException: 'string' does not contain a definition for 'src'
   at CallSite.Target(Closure , CallSite , Object )
   at System.Dynamic.UpdateDelegates.UpdateAndExecute1[T0,TRet](CallSite site, T0 arg0)
   at CallSite.Target(Closure , CallSite , Object )
   at ASP._Page_Views_MacroPartials_EXHIBITIONS_SIDER_cshtml.Execute() in c:\queengallery\queengallery\Views\MacroPartials\EXHIBITIONS_SIDER.cshtml:line 98
   at System.Web.WebPages.WebPageBase.ExecutePageHierarchy()
   at System.Web.Mvc.WebViewPage.ExecutePageHierarchy()
   at System.Web.WebPages.WebPageBase.ExecutePageHierarchy(WebPageContext pageContext, TextWriter writer, WebPageRenderingBase startPage)
   at System.Web.Mvc.RazorView.RenderView(ViewContext viewContext, TextWriter writer, Object instance)
   at System.Web.Mvc.BuildManagerCompiledView.Render(ViewContext viewContext, TextWriter writer)
   at Umbraco.Core.Profiling.ProfilingView.Render(ViewContext viewContext, TextWriter writer)
   at Umbraco.Web.Mvc.ControllerExtensions.RenderViewResultAsString(ControllerBase controller, ViewResultBase viewResult)
   at Umbraco.Web.Macros.PartialViewMacroEngine.Execute(MacroModel macro, IPublishedContent content)
   at Umbraco.Web.Macros.PartialViewMacroEngine.Execute(MacroModel macro, INode node)
   at umbraco.macro.LoadPartialViewMacro(MacroModel macro)
   at umbraco.macro.renderMacro(Hashtable pageElements, Int32 pageId)
 2016-12-27 10:44:18,183 [P6620/D4/T74] WARN  umbraco.macro - Error loading partial view macro (View: ~/Views/MacroPartials/EXHIBITIONS_SIDER.cshtml). Exception: Microsoft.CSharp.RuntimeBinder.RuntimeBinderException: 'string' does not contain a definition for 'src'
   at CallSite.Target(Closure , CallSite , Object )
   at System.Dynamic.UpdateDelegates.UpdateAndExecute1[T0,TRet](CallSite site, T0 arg0)
   at CallSite.Target(Closure , CallSite , Object )
   at ASP._Page_Views_MacroPartials_EXHIBITIONS_SIDER_cshtml.Execute() in c:\queengallery\queengallery\Views\MacroPartials\EXHIBITIONS_SIDER.cshtml:line 98
   at System.Web.WebPages.WebPageBase.ExecutePageHierarchy()
   at System.Web.Mvc.WebViewPage.ExecutePageHierarchy()
   at System.Web.WebPages.WebPageBase.ExecutePageHierarchy(WebPageContext pageContext, TextWriter writer, WebPageRenderingBase startPage)
   at System.Web.Mvc.RazorView.RenderView(ViewContext viewContext, TextWriter writer, Object instance)
   at System.Web.Mvc.BuildManagerCompiledView.Render(ViewContext viewContext, TextWriter writer)
   at Umbraco.Core.Profiling.ProfilingView.Render(ViewContext viewContext, TextWriter writer)
   at Umbraco.Web.Mvc.ControllerExtensions.RenderViewResultAsString(ControllerBase controller, ViewResultBase viewResult)
   at Umbraco.Web.Macros.PartialViewMacroEngine.Execute(MacroModel macro, IPublishedContent content)
   at Umbraco.Web.Macros.PartialViewMacroEngine.Execute(MacroModel macro, INode node)
   at umbraco.macro.LoadPartialViewMacro(MacroModel macro)
   at umbraco.macro.renderMacro(Hashtable pageElements, Int32 pageId)
 2016-12-27 10:44:18,183 [P6620/D4/T74] WARN  umbraco.macro - Error loading Partial View (file: ~/Views/MacroPartials/EXHIBITIONS_SIDER.cshtml). Exception: Microsoft.CSharp.RuntimeBinder.RuntimeBinderException: 'string' does not contain a definition for 'src'
   at CallSite.Target(Closure , CallSite , Object )
   at System.Dynamic.UpdateDelegates.UpdateAndExecute1[T0,TRet](CallSite site, T0 arg0)
   at CallSite.Target(Closure , CallSite , Object )
   at ASP._Page_Views_MacroPartials_EXHIBITIONS_SIDER_cshtml.Execute() in c:\queengallery\queengallery\Views\MacroPartials\EXHIBITIONS_SIDER.cshtml:line 98
   at System.Web.WebPages.WebPageBase.ExecutePageHierarchy()
   at System.Web.Mvc.WebViewPage.ExecutePageHierarchy()
   at System.Web.WebPages.WebPageBase.ExecutePageHierarchy(WebPageContext pageContext, TextWriter writer, WebPageRenderingBase startPage)
   at System.Web.Mvc.RazorView.RenderView(ViewContext viewContext, TextWriter writer, Object instance)
   at System.Web.Mvc.BuildManagerCompiledView.Render(ViewContext viewContext, TextWriter writer)
   at Umbraco.Core.Profiling.ProfilingView.Render(ViewContext viewContext, TextWriter writer)
   at Umbraco.Web.Mvc.ControllerExtensions.RenderViewResultAsString(ControllerBase controller, ViewResultBase viewResult)
   at Umbraco.Web.Macros.PartialViewMacroEngine.Execute(MacroModel macro, IPublishedContent content)
   at Umbraco.Web.Macros.PartialViewMacroEngine.Execute(MacroModel macro, INode node)
   at umbraco.macro.LoadPartialViewMacro(MacroModel macro)
   at umbraco.macro.renderMacro(Hashtable pageElements, Int32 pageId)
 2016-12-27 10:44:36,277 [P6620/D4/T8] WARN  umbraco.macro - Error loading partial view macro (View: ~/Views/MacroPartials/EXHIBITIONS_SIDER.cshtml). Exception: Microsoft.CSharp.RuntimeBinder.RuntimeBinderException: 'string' does not contain a definition for 'src'
   at CallSite.Target(Closure , CallSite , Object )
   at System.Dynamic.UpdateDelegates.UpdateAndExecute1[T0,TRet](CallSite site, T0 arg0)
   at CallSite.Target(Closure , CallSite , Object )
   at ASP._Page_Views_MacroPartials_EXHIBITIONS_SIDER_cshtml.Execute() in c:\queengallery\queengallery\Views\MacroPartials\EXHIBITIONS_SIDER.cshtml:line 98
   at System.Web.WebPages.WebPageBase.ExecutePageHierarchy()
   at System.Web.Mvc.WebViewPage.ExecutePageHierarchy()
   at System.Web.WebPages.WebPageBase.ExecutePageHierarchy(WebPageContext pageContext, TextWriter writer, WebPageRenderingBase startPage)
   at System.Web.Mvc.RazorView.RenderView(ViewContext viewContext, TextWriter writer, Object instance)
   at System.Web.Mvc.BuildManagerCompiledView.Render(ViewContext viewContext, TextWriter writer)
   at Umbraco.Core.Profiling.ProfilingView.Render(ViewContext viewContext, TextWriter writer)
   at Umbraco.Web.Mvc.ControllerExtensions.RenderViewResultAsString(ControllerBase controller, ViewResultBase viewResult)
   at Umbraco.Web.Macros.PartialViewMacroEngine.Execute(MacroModel macro, IPublishedContent content)
   at Umbraco.Web.Macros.PartialViewMacroEngine.Execute(MacroModel macro, INode node)
   at umbraco.macro.LoadPartialViewMacro(MacroModel macro)
   at umbraco.macro.renderMacro(Hashtable pageElements, Int32 pageId)
 2016-12-27 10:44:36,277 [P6620/D4/T8] WARN  umbraco.macro - Error loading Partial View (file: ~/Views/MacroPartials/EXHIBITIONS_SIDER.cshtml). Exception: Microsoft.CSharp.RuntimeBinder.RuntimeBinderException: 'string' does not contain a definition for 'src'
   at CallSite.Target(Closure , CallSite , Object )
   at System.Dynamic.UpdateDelegates.UpdateAndExecute1[T0,TRet](CallSite site, T0 arg0)
   at CallSite.Target(Closure , CallSite , Object )
   at ASP._Page_Views_MacroPartials_EXHIBITIONS_SIDER_cshtml.Execute() in c:\queengallery\queengallery\Views\MacroPartials\EXHIBITIONS_SIDER.cshtml:line 98
   at System.Web.WebPages.WebPageBase.ExecutePageHierarchy()
   at System.Web.Mvc.WebViewPage.ExecutePageHierarchy()
   at System.Web.WebPages.WebPageBase.ExecutePageHierarchy(WebPageContext pageContext, TextWriter writer, WebPageRenderingBase startPage)
   at System.Web.Mvc.RazorView.RenderView(ViewContext viewContext, TextWriter writer, Object instance)
   at System.Web.Mvc.BuildManagerCompiledView.Render(ViewContext viewContext, TextWriter writer)
   at Umbraco.Core.Profiling.ProfilingView.Render(ViewContext viewContext, TextWriter writer)
   at Umbraco.Web.Mvc.ControllerExtensions.RenderViewResultAsString(ControllerBase controller, ViewResultBase viewResult)
   at Umbraco.Web.Macros.PartialViewMacroEngine.Execute(MacroModel macro, IPublishedContent content)
   at Umbraco.Web.Macros.PartialViewMacroEngine.Execute(MacroModel macro, INode node)
   at umbraco.macro.LoadPartialViewMacro(MacroModel macro)
   at umbraco.macro.renderMacro(Hashtable pageElements, Int32 pageId)
 2016-12-27 10:44:38,304 [P6620/D4/T46] WARN  umbraco.macro - Error loading partial view macro (View: ~/Views/MacroPartials/EXHIBITIONS_SIDER.cshtml). Exception: Microsoft.CSharp.RuntimeBinder.RuntimeBinderException: 'string' does not contain a definition for 'src'
   at CallSite.Target(Closure , CallSite , Object )
   at System.Dynamic.UpdateDelegates.UpdateAndExecute1[T0,TRet](CallSite site, T0 arg0)
   at CallSite.Target(Closure , CallSite , Object )
   at ASP._Page_Views_MacroPartials_EXHIBITIONS_SIDER_cshtml.Execute() in c:\queengallery\queengallery\Views\MacroPartials\EXHIBITIONS_SIDER.cshtml:line 98
   at System.Web.WebPages.WebPageBase.ExecutePageHierarchy()
   at System.Web.Mvc.WebViewPage.ExecutePageHierarchy()
   at System.Web.WebPages.WebPageBase.ExecutePageHierarchy(WebPageContext pageContext, TextWriter writer, WebPageRenderingBase startPage)
   at System.Web.Mvc.RazorView.RenderView(ViewContext viewContext, TextWriter writer, Object instance)
   at System.Web.Mvc.BuildManagerCompiledView.Render(ViewContext viewContext, TextWriter writer)
   at Umbraco.Core.Profiling.ProfilingView.Render(ViewContext viewContext, TextWriter writer)
   at Umbraco.Web.Mvc.ControllerExtensions.RenderViewResultAsString(ControllerBase controller, ViewResultBase viewResult)
   at Umbraco.Web.Macros.PartialViewMacroEngine.Execute(MacroModel macro, IPublishedContent content)
   at Umbraco.Web.Macros.PartialViewMacroEngine.Execute(MacroModel macro, INode node)
   at umbraco.macro.LoadPartialViewMacro(MacroModel macro)
   at umbraco.macro.renderMacro(Hashtable pageElements, Int32 pageId)
 2016-12-27 10:44:38,304 [P6620/D4/T46] WARN  umbraco.macro - Error loading Partial View (file: ~/Views/MacroPartials/EXHIBITIONS_SIDER.cshtml). Exception: Microsoft.CSharp.RuntimeBinder.RuntimeBinderException: 'string' does not contain a definition for 'src'
   at CallSite.Target(Closure , CallSite , Object )
   at System.Dynamic.UpdateDelegates.UpdateAndExecute1[T0,TRet](CallSite site, T0 arg0)
   at CallSite.Target(Closure , CallSite , Object )
   at ASP._Page_Views_MacroPartials_EXHIBITIONS_SIDER_cshtml.Execute() in c:\queengallery\queengallery\Views\MacroPartials\EXHIBITIONS_SIDER.cshtml:line 98
   at System.Web.WebPages.WebPageBase.ExecutePageHierarchy()
   at System.Web.Mvc.WebViewPage.ExecutePageHierarchy()
   at System.Web.WebPages.WebPageBase.ExecutePageHierarchy(WebPageContext pageContext, TextWriter writer, WebPageRenderingBase startPage)
   at System.Web.Mvc.RazorView.RenderView(ViewContext viewContext, TextWriter writer, Object instance)
   at System.Web.Mvc.BuildManagerCompiledView.Render(ViewContext viewContext, TextWriter writer)
   at Umbraco.Core.Profiling.ProfilingView.Render(ViewContext viewContext, TextWriter writer)
   at Umbraco.Web.Mvc.ControllerExtensions.RenderViewResultAsString(ControllerBase controller, ViewResultBase viewResult)
   at Umbraco.Web.Macros.PartialViewMacroEngine.Execute(MacroModel macro, IPublishedContent content)
   at Umbraco.Web.Macros.PartialViewMacroEngine.Execute(MacroModel macro, INode node)
   at umbraco.macro.LoadPartialViewMacro(MacroModel macro)
   at umbraco.macro.renderMacro(Hashtable pageElements, Int32 pageId)
 2016-12-27 10:44:39,601 [P6620/D4/T58] WARN  umbraco.macro - Error loading partial view macro (View: ~/Views/MacroPartials/EXHIBITIONS_SIDER.cshtml). Exception: Microsoft.CSharp.RuntimeBinder.RuntimeBinderException: 'string' does not contain a definition for 'src'
   at CallSite.Target(Closure , CallSite , Object )
   at System.Dynamic.UpdateDelegates.UpdateAndExecute1[T0,TRet](CallSite site, T0 arg0)
   at CallSite.Target(Closure , CallSite , Object )
   at ASP._Page_Views_MacroPartials_EXHIBITIONS_SIDER_cshtml.Execute() in c:\queengallery\queengallery\Views\MacroPartials\EXHIBITIONS_SIDER.cshtml:line 98
   at System.Web.WebPages.WebPageBase.ExecutePageHierarchy()
   at System.Web.Mvc.WebViewPage.ExecutePageHierarchy()
   at System.Web.WebPages.WebPageBase.ExecutePageHierarchy(WebPageContext pageContext, TextWriter writer, WebPageRenderingBase startPage)
   at System.Web.Mvc.RazorView.RenderView(ViewContext viewContext, TextWriter writer, Object instance)
   at System.Web.Mvc.BuildManagerCompiledView.Render(ViewContext viewContext, TextWriter writer)
   at Umbraco.Core.Profiling.ProfilingView.Render(ViewContext viewContext, TextWriter writer)
   at Umbraco.Web.Mvc.ControllerExtensions.RenderViewResultAsString(ControllerBase controller, ViewResultBase viewResult)
   at Umbraco.Web.Macros.PartialViewMacroEngine.Execute(MacroModel macro, IPublishedContent content)
   at Umbraco.Web.Macros.PartialViewMacroEngine.Execute(MacroModel macro, INode node)
   at umbraco.macro.LoadPartialViewMacro(MacroModel macro)
   at umbraco.macro.renderMacro(Hashtable pageElements, Int32 pageId)
 2016-12-27 10:44:39,601 [P6620/D4/T58] WARN  umbraco.macro - Error loading Partial View (file: ~/Views/MacroPartials/EXHIBITIONS_SIDER.cshtml). Exception: Microsoft.CSharp.RuntimeBinder.RuntimeBinderException: 'string' does not contain a definition for 'src'
   at CallSite.Target(Closure , CallSite , Object )
   at System.Dynamic.UpdateDelegates.UpdateAndExecute1[T0,TRet](CallSite site, T0 arg0)
   at CallSite.Target(Closure , CallSite , Object )
   at ASP._Page_Views_MacroPartials_EXHIBITIONS_SIDER_cshtml.Execute() in c:\queengallery\queengallery\Views\MacroPartials\EXHIBITIONS_SIDER.cshtml:line 98
   at System.Web.WebPages.WebPageBase.ExecutePageHierarchy()
   at System.Web.Mvc.WebViewPage.ExecutePageHierarchy()
   at System.Web.WebPages.WebPageBase.ExecutePageHierarchy(WebPageContext pageContext, TextWriter writer, WebPageRenderingBase startPage)
   at System.Web.Mvc.RazorView.RenderView(ViewContext viewContext, TextWriter writer, Object instance)
   at System.Web.Mvc.BuildManagerCompiledView.Render(ViewContext viewContext, TextWriter writer)
   at Umbraco.Core.Profiling.ProfilingView.Render(ViewContext viewContext, TextWriter writer)
   at Umbraco.Web.Mvc.ControllerExtensions.RenderViewResultAsString(ControllerBase controller, ViewResultBase viewResult)
   at Umbraco.Web.Macros.PartialViewMacroEngine.Execute(MacroModel macro, IPublishedContent content)
   at Umbraco.Web.Macros.PartialViewMacroEngine.Execute(MacroModel macro, INode node)
   at umbraco.macro.LoadPartialViewMacro(MacroModel macro)
   at umbraco.macro.renderMacro(Hashtable pageElements, Int32 pageId)
 2016-12-27 10:44:54,567 [P6620/D4/T9] WARN  umbraco.macro - Error loading partial view macro (View: ~/Views/MacroPartials/EXHIBITIONS_SIDER.cshtml). Exception: Microsoft.CSharp.RuntimeBinder.RuntimeBinderException: 'string' does not contain a definition for 'src'
   at CallSite.Target(Closure , CallSite , Object )
   at System.Dynamic.UpdateDelegates.UpdateAndExecute1[T0,TRet](CallSite site, T0 arg0)
   at CallSite.Target(Closure , CallSite , Object )
   at ASP._Page_Views_MacroPartials_EXHIBITIONS_SIDER_cshtml.Execute() in c:\queengallery\queengallery\Views\MacroPartials\EXHIBITIONS_SIDER.cshtml:line 103
   at System.Web.WebPages.WebPageBase.ExecutePageHierarchy()
   at System.Web.Mvc.WebViewPage.ExecutePageHierarchy()
   at System.Web.WebPages.WebPageBase.ExecutePageHierarchy(WebPageContext pageContext, TextWriter writer, WebPageRenderingBase startPage)
   at System.Web.Mvc.RazorView.RenderView(ViewContext viewContext, TextWriter writer, Object instance)
   at System.Web.Mvc.BuildManagerCompiledView.Render(ViewContext viewContext, TextWriter writer)
   at Umbraco.Core.Profiling.ProfilingView.Render(ViewContext viewContext, TextWriter writer)
   at Umbraco.Web.Mvc.ControllerExtensions.RenderViewResultAsString(ControllerBase controller, ViewResultBase viewResult)
   at Umbraco.Web.Macros.PartialViewMacroEngine.Execute(MacroModel macro, IPublishedContent content)
   at Umbraco.Web.Macros.PartialViewMacroEngine.Execute(MacroModel macro, INode node)
   at umbraco.macro.LoadPartialViewMacro(MacroModel macro)
   at umbraco.macro.renderMacro(Hashtable pageElements, Int32 pageId)
 2016-12-27 10:44:54,568 [P6620/D4/T9] WARN  umbraco.macro - Error loading Partial View (file: ~/Views/MacroPartials/EXHIBITIONS_SIDER.cshtml). Exception: Microsoft.CSharp.RuntimeBinder.RuntimeBinderException: 'string' does not contain a definition for 'src'
   at CallSite.Target(Closure , CallSite , Object )
   at System.Dynamic.UpdateDelegates.UpdateAndExecute1[T0,TRet](CallSite site, T0 arg0)
   at CallSite.Target(Closure , CallSite , Object )
   at ASP._Page_Views_MacroPartials_EXHIBITIONS_SIDER_cshtml.Execute() in c:\queengallery\queengallery\Views\MacroPartials\EXHIBITIONS_SIDER.cshtml:line 103
   at System.Web.WebPages.WebPageBase.ExecutePageHierarchy()
   at System.Web.Mvc.WebViewPage.ExecutePageHierarchy()
   at System.Web.WebPages.WebPageBase.ExecutePageHierarchy(WebPageContext pageContext, TextWriter writer, WebPageRenderingBase startPage)
   at System.Web.Mvc.RazorView.RenderView(ViewContext viewContext, TextWriter writer, Object instance)
   at System.Web.Mvc.BuildManagerCompiledView.Render(ViewContext viewContext, TextWriter writer)
   at Umbraco.Core.Profiling.ProfilingView.Render(ViewContext viewContext, TextWriter writer)
   at Umbraco.Web.Mvc.ControllerExtensions.RenderViewResultAsString(ControllerBase controller, ViewResultBase viewResult)
   at Umbraco.Web.Macros.PartialViewMacroEngine.Execute(MacroModel macro, IPublishedContent content)
   at Umbraco.Web.Macros.PartialViewMacroEngine.Execute(MacroModel macro, INode node)
   at umbraco.macro.LoadPartialViewMacro(MacroModel macro)
   at umbraco.macro.renderMacro(Hashtable pageElements, Int32 pageId)
 2016-12-27 10:45:14,814 [P6620/D4/T60] WARN  umbraco.macro - Error loading partial view macro (View: ~/Views/MacroPartials/EXHIBITIONS_SIDER.cshtml). Exception: System.Web.HttpCompileException (0x80004005): c:\queengallery\queengallery\Views\MacroPartials\EXHIBITIONS_SIDER.cshtml(103): error CS0128: A local variable named 'imageUrl' is already defined in this scope
   at System.Web.Compilation.AssemblyBuilder.Compile()
   at System.Web.Compilation.BuildProvidersCompiler.PerformBuild()
   at System.Web.Compilation.BuildManager.CompileWebFile(VirtualPath virtualPath)
   at System.Web.Compilation.BuildManager.GetVPathBuildResultInternal(VirtualPath virtualPath, Boolean noBuild, Boolean allowCrossApp, Boolean allowBuildInPrecompile, Boolean throwIfNotFound, Boolean ensureIsUpToDate)
   at System.Web.Compilation.BuildManager.GetVPathBuildResultWithNoAssert(HttpContext context, VirtualPath virtualPath, Boolean noBuild, Boolean allowCrossApp, Boolean allowBuildInPrecompile, Boolean throwIfNotFound, Boolean ensureIsUpToDate)
   at System.Web.Compilation.BuildManager.GetVirtualPathObjectFactory(VirtualPath virtualPath, HttpContext context, Boolean allowCrossApp, Boolean throwIfNotFound)
   at System.Web.Compilation.BuildManager.GetCompiledType(VirtualPath virtualPath)
   at System.Web.Compilation.BuildManager.GetCompiledType(String virtualPath)
   at System.Web.Mvc.BuildManagerWrapper.System.Web.Mvc.IBuildManager.GetCompiledType(String virtualPath)
   at System.Web.Mvc.BuildManagerCompiledView.Render(ViewContext viewContext, TextWriter writer)
   at Umbraco.Core.Profiling.ProfilingView.Render(ViewContext viewContext, TextWriter writer)
   at Umbraco.Web.Mvc.ControllerExtensions.RenderViewResultAsString(ControllerBase controller, ViewResultBase viewResult)
   at Umbraco.Web.Macros.PartialViewMacroEngine.Execute(MacroModel macro, IPublishedContent content)
   at Umbraco.Web.Macros.PartialViewMacroEngine.Execute(MacroModel macro, INode node)
   at umbraco.macro.LoadPartialViewMacro(MacroModel macro)
   at umbraco.macro.renderMacro(Hashtable pageElements, Int32 pageId)
 2016-12-27 10:45:14,814 [P6620/D4/T60] WARN  umbraco.macro - Error loading Partial View (file: ~/Views/MacroPartials/EXHIBITIONS_SIDER.cshtml). Exception: System.Web.HttpCompileException (0x80004005): c:\queengallery\queengallery\Views\MacroPartials\EXHIBITIONS_SIDER.cshtml(103): error CS0128: A local variable named 'imageUrl' is already defined in this scope
   at System.Web.Compilation.AssemblyBuilder.Compile()
   at System.Web.Compilation.BuildProvidersCompiler.PerformBuild()
   at System.Web.Compilation.BuildManager.CompileWebFile(VirtualPath virtualPath)
   at System.Web.Compilation.BuildManager.GetVPathBuildResultInternal(VirtualPath virtualPath, Boolean noBuild, Boolean allowCrossApp, Boolean allowBuildInPrecompile, Boolean throwIfNotFound, Boolean ensureIsUpToDate)
   at System.Web.Compilation.BuildManager.GetVPathBuildResultWithNoAssert(HttpContext context, VirtualPath virtualPath, Boolean noBuild, Boolean allowCrossApp, Boolean allowBuildInPrecompile, Boolean throwIfNotFound, Boolean ensureIsUpToDate)
   at System.Web.Compilation.BuildManager.GetVirtualPathObjectFactory(VirtualPath virtualPath, HttpContext context, Boolean allowCrossApp, Boolean throwIfNotFound)
   at System.Web.Compilation.BuildManager.GetCompiledType(VirtualPath virtualPath)
   at System.Web.Compilation.BuildManager.GetCompiledType(String virtualPath)
   at System.Web.Mvc.BuildManagerWrapper.System.Web.Mvc.IBuildManager.GetCompiledType(String virtualPath)
   at System.Web.Mvc.BuildManagerCompiledView.Render(ViewContext viewContext, TextWriter writer)
   at Umbraco.Core.Profiling.ProfilingView.Render(ViewContext viewContext, TextWriter writer)
   at Umbraco.Web.Mvc.ControllerExtensions.RenderViewResultAsString(ControllerBase controller, ViewResultBase viewResult)
   at Umbraco.Web.Macros.PartialViewMacroEngine.Execute(MacroModel macro, IPublishedContent content)
   at Umbraco.Web.Macros.PartialViewMacroEngine.Execute(MacroModel macro, INode node)
   at umbraco.macro.LoadPartialViewMacro(MacroModel macro)
   at umbraco.macro.renderMacro(Hashtable pageElements, Int32 pageId)
 2016-12-27 10:45:16,640 [P6620/D4/T12] WARN  umbraco.macro - Error loading partial view macro (View: ~/Views/MacroPartials/EXHIBITIONS_SIDER.cshtml). Exception: System.Web.HttpCompileException (0x80004005): c:\queengallery\queengallery\Views\MacroPartials\EXHIBITIONS_SIDER.cshtml(103): error CS0128: A local variable named 'imageUrl' is already defined in this scope
   at System.Web.Compilation.BuildManager.PostProcessFoundBuildResult(BuildResult result, Boolean keyFromVPP, VirtualPath virtualPath)
   at System.Web.Compilation.BuildManager.GetBuildResultFromCacheInternal(String cacheKey, Boolean keyFromVPP, VirtualPath virtualPath, Int64 hashCode, Boolean ensureIsUpToDate)
   at System.Web.Compilation.BuildManager.GetVPathBuildResultFromCacheInternal(VirtualPath virtualPath, Boolean ensureIsUpToDate)
   at System.Web.Compilation.BuildManager.GetVPathBuildResultInternal(VirtualPath virtualPath, Boolean noBuild, Boolean allowCrossApp, Boolean allowBuildInPrecompile, Boolean throwIfNotFound, Boolean ensureIsUpToDate)
   at System.Web.Compilation.BuildManager.GetVPathBuildResultWithNoAssert(HttpContext context, VirtualPath virtualPath, Boolean noBuild, Boolean allowCrossApp, Boolean allowBuildInPrecompile, Boolean throwIfNotFound, Boolean ensureIsUpToDate)
   at System.Web.Compilation.BuildManager.GetVirtualPathObjectFactory(VirtualPath virtualPath, HttpContext context, Boolean allowCrossApp, Boolean throwIfNotFound)
   at System.Web.Compilation.BuildManager.GetCompiledType(VirtualPath virtualPath)
   at System.Web.Compilation.BuildManager.GetCompiledType(String virtualPath)
   at System.Web.Mvc.BuildManagerWrapper.System.Web.Mvc.IBuildManager.GetCompiledType(String virtualPath)
   at System.Web.Mvc.BuildManagerCompiledView.Render(ViewContext viewContext, TextWriter writer)
   at Umbraco.Core.Profiling.ProfilingView.Render(ViewContext viewContext, TextWriter writer)
   at Umbraco.Web.Mvc.ControllerExtensions.RenderViewResultAsString(ControllerBase controller, ViewResultBase viewResult)
   at Umbraco.Web.Macros.PartialViewMacroEngine.Execute(MacroModel macro, IPublishedContent content)
   at Umbraco.Web.Macros.PartialViewMacroEngine.Execute(MacroModel macro, INode node)
   at umbraco.macro.LoadPartialViewMacro(MacroModel macro)
   at umbraco.macro.renderMacro(Hashtable pageElements, Int32 pageId)
 2016-12-27 10:45:16,641 [P6620/D4/T12] WARN  umbraco.macro - Error loading Partial View (file: ~/Views/MacroPartials/EXHIBITIONS_SIDER.cshtml). Exception: System.Web.HttpCompileException (0x80004005): c:\queengallery\queengallery\Views\MacroPartials\EXHIBITIONS_SIDER.cshtml(103): error CS0128: A local variable named 'imageUrl' is already defined in this scope
   at System.Web.Compilation.BuildManager.PostProcessFoundBuildResult(BuildResult result, Boolean keyFromVPP, VirtualPath virtualPath)
   at System.Web.Compilation.BuildManager.GetBuildResultFromCacheInternal(String cacheKey, Boolean keyFromVPP, VirtualPath virtualPath, Int64 hashCode, Boolean ensureIsUpToDate)
   at System.Web.Compilation.BuildManager.GetVPathBuildResultFromCacheInternal(VirtualPath virtualPath, Boolean ensureIsUpToDate)
   at System.Web.Compilation.BuildManager.GetVPathBuildResultInternal(VirtualPath virtualPath, Boolean noBuild, Boolean allowCrossApp, Boolean allowBuildInPrecompile, Boolean throwIfNotFound, Boolean ensureIsUpToDate)
   at System.Web.Compilation.BuildManager.GetVPathBuildResultWithNoAssert(HttpContext context, VirtualPath virtualPath, Boolean noBuild, Boolean allowCrossApp, Boolean allowBuildInPrecompile, Boolean throwIfNotFound, Boolean ensureIsUpToDate)
   at System.Web.Compilation.BuildManager.GetVirtualPathObjectFactory(VirtualPath virtualPath, HttpContext context, Boolean allowCrossApp, Boolean throwIfNotFound)
   at System.Web.Compilation.BuildManager.GetCompiledType(VirtualPath virtualPath)
   at System.Web.Compilation.BuildManager.GetCompiledType(String virtualPath)
   at System.Web.Mvc.BuildManagerWrapper.System.Web.Mvc.IBuildManager.GetCompiledType(String virtualPath)
   at System.Web.Mvc.BuildManagerCompiledView.Render(ViewContext viewContext, TextWriter writer)
   at Umbraco.Core.Profiling.ProfilingView.Render(ViewContext viewContext, TextWriter writer)
   at Umbraco.Web.Mvc.ControllerExtensions.RenderViewResultAsString(ControllerBase controller, ViewResultBase viewResult)
   at Umbraco.Web.Macros.PartialViewMacroEngine.Execute(MacroModel macro, IPublishedContent content)
   at Umbraco.Web.Macros.PartialViewMacroEngine.Execute(MacroModel macro, INode node)
   at umbraco.macro.LoadPartialViewMacro(MacroModel macro)
   at umbraco.macro.renderMacro(Hashtable pageElements, Int32 pageId)
 2016-12-27 10:45:17,599 [P6620/D4/T60] WARN  umbraco.macro - Error loading partial view macro (View: ~/Views/MacroPartials/EXHIBITIONS_SIDER.cshtml). Exception: System.Web.HttpCompileException (0x80004005): c:\queengallery\queengallery\Views\MacroPartials\EXHIBITIONS_SIDER.cshtml(103): error CS0128: A local variable named 'imageUrl' is already defined in this scope
   at System.Web.Compilation.BuildManager.PostProcessFoundBuildResult(BuildResult result, Boolean keyFromVPP, VirtualPath virtualPath)
   at System.Web.Compilation.BuildManager.GetBuildResultFromCacheInternal(String cacheKey, Boolean keyFromVPP, VirtualPath virtualPath, Int64 hashCode, Boolean ensureIsUpToDate)
   at System.Web.Compilation.BuildManager.GetVPathBuildResultFromCacheInternal(VirtualPath virtualPath, Boolean ensureIsUpToDate)
   at System.Web.Compilation.BuildManager.GetVPathBuildResultInternal(VirtualPath virtualPath, Boolean noBuild, Boolean allowCrossApp, Boolean allowBuildInPrecompile, Boolean throwIfNotFound, Boolean ensureIsUpToDate)
   at System.Web.Compilation.BuildManager.GetVPathBuildResultWithNoAssert(HttpContext context, VirtualPath virtualPath, Boolean noBuild, Boolean allowCrossApp, Boolean allowBuildInPrecompile, Boolean throwIfNotFound, Boolean ensureIsUpToDate)
   at System.Web.Compilation.BuildManager.GetVirtualPathObjectFactory(VirtualPath virtualPath, HttpContext context, Boolean allowCrossApp, Boolean throwIfNotFound)
   at System.Web.Compilation.BuildManager.GetCompiledType(VirtualPath virtualPath)
   at System.Web.Compilation.BuildManager.GetCompiledType(String virtualPath)
   at System.Web.Mvc.BuildManagerWrapper.System.Web.Mvc.IBuildManager.GetCompiledType(String virtualPath)
   at System.Web.Mvc.BuildManagerCompiledView.Render(ViewContext viewContext, TextWriter writer)
   at Umbraco.Core.Profiling.ProfilingView.Render(ViewContext viewContext, TextWriter writer)
   at Umbraco.Web.Mvc.ControllerExtensions.RenderViewResultAsString(ControllerBase controller, ViewResultBase viewResult)
   at Umbraco.Web.Macros.PartialViewMacroEngine.Execute(MacroModel macro, IPublishedContent content)
   at Umbraco.Web.Macros.PartialViewMacroEngine.Execute(MacroModel macro, INode node)
   at umbraco.macro.LoadPartialViewMacro(MacroModel macro)
   at umbraco.macro.renderMacro(Hashtable pageElements, Int32 pageId)
 2016-12-27 10:45:17,599 [P6620/D4/T60] WARN  umbraco.macro - Error loading Partial View (file: ~/Views/MacroPartials/EXHIBITIONS_SIDER.cshtml). Exception: System.Web.HttpCompileException (0x80004005): c:\queengallery\queengallery\Views\MacroPartials\EXHIBITIONS_SIDER.cshtml(103): error CS0128: A local variable named 'imageUrl' is already defined in this scope
   at System.Web.Compilation.BuildManager.PostProcessFoundBuildResult(BuildResult result, Boolean keyFromVPP, VirtualPath virtualPath)
   at System.Web.Compilation.BuildManager.GetBuildResultFromCacheInternal(String cacheKey, Boolean keyFromVPP, VirtualPath virtualPath, Int64 hashCode, Boolean ensureIsUpToDate)
   at System.Web.Compilation.BuildManager.GetVPathBuildResultFromCacheInternal(VirtualPath virtualPath, Boolean ensureIsUpToDate)
   at System.Web.Compilation.BuildManager.GetVPathBuildResultInternal(VirtualPath virtualPath, Boolean noBuild, Boolean allowCrossApp, Boolean allowBuildInPrecompile, Boolean throwIfNotFound, Boolean ensureIsUpToDate)
   at System.Web.Compilation.BuildManager.GetVPathBuildResultWithNoAssert(HttpContext context, VirtualPath virtualPath, Boolean noBuild, Boolean allowCrossApp, Boolean allowBuildInPrecompile, Boolean throwIfNotFound, Boolean ensureIsUpToDate)
   at System.Web.Compilation.BuildManager.GetVirtualPathObjectFactory(VirtualPath virtualPath, HttpContext context, Boolean allowCrossApp, Boolean throwIfNotFound)
   at System.Web.Compilation.BuildManager.GetCompiledType(VirtualPath virtualPath)
   at System.Web.Compilation.BuildManager.GetCompiledType(String virtualPath)
   at System.Web.Mvc.BuildManagerWrapper.System.Web.Mvc.IBuildManager.GetCompiledType(String virtualPath)
   at System.Web.Mvc.BuildManagerCompiledView.Render(ViewContext viewContext, TextWriter writer)
   at Umbraco.Core.Profiling.ProfilingView.Render(ViewContext viewContext, TextWriter writer)
   at Umbraco.Web.Mvc.ControllerExtensions.RenderViewResultAsString(ControllerBase controller, ViewResultBase viewResult)
   at Umbraco.Web.Macros.PartialViewMacroEngine.Execute(MacroModel macro, IPublishedContent content)
   at Umbraco.Web.Macros.PartialViewMacroEngine.Execute(MacroModel macro, INode node)
   at umbraco.macro.LoadPartialViewMacro(MacroModel macro)
   at umbraco.macro.renderMacro(Hashtable pageElements, Int32 pageId)
 2016-12-27 10:45:18,267 [P6620/D4/T58] WARN  umbraco.macro - Error loading partial view macro (View: ~/Views/MacroPartials/EXHIBITIONS_SIDER.cshtml). Exception: System.Web.HttpCompileException (0x80004005): c:\queengallery\queengallery\Views\MacroPartials\EXHIBITIONS_SIDER.cshtml(103): error CS0128: A local variable named 'imageUrl' is already defined in this scope
   at System.Web.Compilation.BuildManager.PostProcessFoundBuildResult(BuildResult result, Boolean keyFromVPP, VirtualPath virtualPath)
   at System.Web.Compilation.BuildManager.GetBuildResultFromCacheInternal(String cacheKey, Boolean keyFromVPP, VirtualPath virtualPath, Int64 hashCode, Boolean ensureIsUpToDate)
   at System.Web.Compilation.BuildManager.GetVPathBuildResultFromCacheInternal(VirtualPath virtualPath, Boolean ensureIsUpToDate)
   at System.Web.Compilation.BuildManager.GetVPathBuildResultInternal(VirtualPath virtualPath, Boolean noBuild, Boolean allowCrossApp, Boolean allowBuildInPrecompile, Boolean throwIfNotFound, Boolean ensureIsUpToDate)
   at System.Web.Compilation.BuildManager.GetVPathBuildResultWithNoAssert(HttpContext context, VirtualPath virtualPath, Boolean noBuild, Boolean allowCrossApp, Boolean allowBuildInPrecompile, Boolean throwIfNotFound, Boolean ensureIsUpToDate)
   at System.Web.Compilation.BuildManager.GetVirtualPathObjectFactory(VirtualPath virtualPath, HttpContext context, Boolean allowCrossApp, Boolean throwIfNotFound)
   at System.Web.Compilation.BuildManager.GetCompiledType(VirtualPath virtualPath)
   at System.Web.Compilation.BuildManager.GetCompiledType(String virtualPath)
   at System.Web.Mvc.BuildManagerWrapper.System.Web.Mvc.IBuildManager.GetCompiledType(String virtualPath)
   at System.Web.Mvc.BuildManagerCompiledView.Render(ViewContext viewContext, TextWriter writer)
   at Umbraco.Core.Profiling.ProfilingView.Render(ViewContext viewContext, TextWriter writer)
   at Umbraco.Web.Mvc.ControllerExtensions.RenderViewResultAsString(ControllerBase controller, ViewResultBase viewResult)
   at Umbraco.Web.Macros.PartialViewMacroEngine.Execute(MacroModel macro, IPublishedContent content)
   at Umbraco.Web.Macros.PartialViewMacroEngine.Execute(MacroModel macro, INode node)
   at umbraco.macro.LoadPartialViewMacro(MacroModel macro)
   at umbraco.macro.renderMacro(Hashtable pageElements, Int32 pageId)
 2016-12-27 10:45:18,267 [P6620/D4/T58] WARN  umbraco.macro - Error loading Partial View (file: ~/Views/MacroPartials/EXHIBITIONS_SIDER.cshtml). Exception: System.Web.HttpCompileException (0x80004005): c:\queengallery\queengallery\Views\MacroPartials\EXHIBITIONS_SIDER.cshtml(103): error CS0128: A local variable named 'imageUrl' is already defined in this scope
   at System.Web.Compilation.BuildManager.PostProcessFoundBuildResult(BuildResult result, Boolean keyFromVPP, VirtualPath virtualPath)
   at System.Web.Compilation.BuildManager.GetBuildResultFromCacheInternal(String cacheKey, Boolean keyFromVPP, VirtualPath virtualPath, Int64 hashCode, Boolean ensureIsUpToDate)
   at System.Web.Compilation.BuildManager.GetVPathBuildResultFromCacheInternal(VirtualPath virtualPath, Boolean ensureIsUpToDate)
   at System.Web.Compilation.BuildManager.GetVPathBuildResultInternal(VirtualPath virtualPath, Boolean noBuild, Boolean allowCrossApp, Boolean allowBuildInPrecompile, Boolean throwIfNotFound, Boolean ensureIsUpToDate)
   at System.Web.Compilation.BuildManager.GetVPathBuildResultWithNoAssert(HttpContext context, VirtualPath virtualPath, Boolean noBuild, Boolean allowCrossApp, Boolean allowBuildInPrecompile, Boolean throwIfNotFound, Boolean ensureIsUpToDate)
   at System.Web.Compilation.BuildManager.GetVirtualPathObjectFactory(VirtualPath virtualPath, HttpContext context, Boolean allowCrossApp, Boolean throwIfNotFound)
   at System.Web.Compilation.BuildManager.GetCompiledType(VirtualPath virtualPath)
   at System.Web.Compilation.BuildManager.GetCompiledType(String virtualPath)
   at System.Web.Mvc.BuildManagerWrapper.System.Web.Mvc.IBuildManager.GetCompiledType(String virtualPath)
   at System.Web.Mvc.BuildManagerCompiledView.Render(ViewContext viewContext, TextWriter writer)
   at Umbraco.Core.Profiling.ProfilingView.Render(ViewContext viewContext, TextWriter writer)
   at Umbraco.Web.Mvc.ControllerExtensions.RenderViewResultAsString(ControllerBase controller, ViewResultBase viewResult)
   at Umbraco.Web.Macros.PartialViewMacroEngine.Execute(MacroModel macro, IPublishedContent content)
   at Umbraco.Web.Macros.PartialViewMacroEngine.Execute(MacroModel macro, INode node)
   at umbraco.macro.LoadPartialViewMacro(MacroModel macro)
   at umbraco.macro.renderMacro(Hashtable pageElements, Int32 pageId)
 2016-12-27 10:45:18,832 [P6620/D4/T46] WARN  umbraco.macro - Error loading partial view macro (View: ~/Views/MacroPartials/EXHIBITIONS_SIDER.cshtml). Exception: System.Web.HttpCompileException (0x80004005): c:\queengallery\queengallery\Views\MacroPartials\EXHIBITIONS_SIDER.cshtml(103): error CS0128: A local variable named 'imageUrl' is already defined in this scope
   at System.Web.Compilation.BuildManager.PostProcessFoundBuildResult(BuildResult result, Boolean keyFromVPP, VirtualPath virtualPath)
   at System.Web.Compilation.BuildManager.GetBuildResultFromCacheInternal(String cacheKey, Boolean keyFromVPP, VirtualPath virtualPath, Int64 hashCode, Boolean ensureIsUpToDate)
   at System.Web.Compilation.BuildManager.GetVPathBuildResultFromCacheInternal(VirtualPath virtualPath, Boolean ensureIsUpToDate)
   at System.Web.Compilation.BuildManager.GetVPathBuildResultInternal(VirtualPath virtualPath, Boolean noBuild, Boolean allowCrossApp, Boolean allowBuildInPrecompile, Boolean throwIfNotFound, Boolean ensureIsUpToDate)
   at System.Web.Compilation.BuildManager.GetVPathBuildResultWithNoAssert(HttpContext context, VirtualPath virtualPath, Boolean noBuild, Boolean allowCrossApp, Boolean allowBuildInPrecompile, Boolean throwIfNotFound, Boolean ensureIsUpToDate)
   at System.Web.Compilation.BuildManager.GetVirtualPathObjectFactory(VirtualPath virtualPath, HttpContext context, Boolean allowCrossApp, Boolean throwIfNotFound)
   at System.Web.Compilation.BuildManager.GetCompiledType(VirtualPath virtualPath)
   at System.Web.Compilation.BuildManager.GetCompiledType(String virtualPath)
   at System.Web.Mvc.BuildManagerWrapper.System.Web.Mvc.IBuildManager.GetCompiledType(String virtualPath)
   at System.Web.Mvc.BuildManagerCompiledView.Render(ViewContext viewContext, TextWriter writer)
   at Umbraco.Core.Profiling.ProfilingView.Render(ViewContext viewContext, TextWriter writer)
   at Umbraco.Web.Mvc.ControllerExtensions.RenderViewResultAsString(ControllerBase controller, ViewResultBase viewResult)
   at Umbraco.Web.Macros.PartialViewMacroEngine.Execute(MacroModel macro, IPublishedContent content)
   at Umbraco.Web.Macros.PartialViewMacroEngine.Execute(MacroModel macro, INode node)
   at umbraco.macro.LoadPartialViewMacro(MacroModel macro)
   at umbraco.macro.renderMacro(Hashtable pageElements, Int32 pageId)
 2016-12-27 10:45:18,833 [P6620/D4/T46] WARN  umbraco.macro - Error loading Partial View (file: ~/Views/MacroPartials/EXHIBITIONS_SIDER.cshtml). Exception: System.Web.HttpCompileException (0x80004005): c:\queengallery\queengallery\Views\MacroPartials\EXHIBITIONS_SIDER.cshtml(103): error CS0128: A local variable named 'imageUrl' is already defined in this scope
   at System.Web.Compilation.BuildManager.PostProcessFoundBuildResult(BuildResult result, Boolean keyFromVPP, VirtualPath virtualPath)
   at System.Web.Compilation.BuildManager.GetBuildResultFromCacheInternal(String cacheKey, Boolean keyFromVPP, VirtualPath virtualPath, Int64 hashCode, Boolean ensureIsUpToDate)
   at System.Web.Compilation.BuildManager.GetVPathBuildResultFromCacheInternal(VirtualPath virtualPath, Boolean ensureIsUpToDate)
   at System.Web.Compilation.BuildManager.GetVPathBuildResultInternal(VirtualPath virtualPath, Boolean noBuild, Boolean allowCrossApp, Boolean allowBuildInPrecompile, Boolean throwIfNotFound, Boolean ensureIsUpToDate)
   at System.Web.Compilation.BuildManager.GetVPathBuildResultWithNoAssert(HttpContext context, VirtualPath virtualPath, Boolean noBuild, Boolean allowCrossApp, Boolean allowBuildInPrecompile, Boolean throwIfNotFound, Boolean ensureIsUpToDate)
   at System.Web.Compilation.BuildManager.GetVirtualPathObjectFactory(VirtualPath virtualPath, HttpContext context, Boolean allowCrossApp, Boolean throwIfNotFound)
   at System.Web.Compilation.BuildManager.GetCompiledType(VirtualPath virtualPath)
   at System.Web.Compilation.BuildManager.GetCompiledType(String virtualPath)
   at System.Web.Mvc.BuildManagerWrapper.System.Web.Mvc.IBuildManager.GetCompiledType(String virtualPath)
   at System.Web.Mvc.BuildManagerCompiledView.Render(ViewContext viewContext, TextWriter writer)
   at Umbraco.Core.Profiling.ProfilingView.Render(ViewContext viewContext, TextWriter writer)
   at Umbraco.Web.Mvc.ControllerExtensions.RenderViewResultAsString(ControllerBase controller, ViewResultBase viewResult)
   at Umbraco.Web.Macros.PartialViewMacroEngine.Execute(MacroModel macro, IPublishedContent content)
   at Umbraco.Web.Macros.PartialViewMacroEngine.Execute(MacroModel macro, INode node)
   at umbraco.macro.LoadPartialViewMacro(MacroModel macro)
   at umbraco.macro.renderMacro(Hashtable pageElements, Int32 pageId)
 2016-12-27 10:45:19,415 [P6620/D4/T46] WARN  umbraco.macro - Error loading partial view macro (View: ~/Views/MacroPartials/EXHIBITIONS_SIDER.cshtml). Exception: System.Web.HttpCompileException (0x80004005): c:\queengallery\queengallery\Views\MacroPartials\EXHIBITIONS_SIDER.cshtml(103): error CS0128: A local variable named 'imageUrl' is already defined in this scope
   at System.Web.Compilation.BuildManager.PostProcessFoundBuildResult(BuildResult result, Boolean keyFromVPP, VirtualPath virtualPath)
   at System.Web.Compilation.BuildManager.GetBuildResultFromCacheInternal(String cacheKey, Boolean keyFromVPP, VirtualPath virtualPath, Int64 hashCode, Boolean ensureIsUpToDate)
   at System.Web.Compilation.BuildManager.GetVPathBuildResultFromCacheInternal(VirtualPath virtualPath, Boolean ensureIsUpToDate)
   at System.Web.Compilation.BuildManager.GetVPathBuildResultInternal(VirtualPath virtualPath, Boolean noBuild, Boolean allowCrossApp, Boolean allowBuildInPrecompile, Boolean throwIfNotFound, Boolean ensureIsUpToDate)
   at System.Web.Compilation.BuildManager.GetVPathBuildResultWithNoAssert(HttpContext context, VirtualPath virtualPath, Boolean noBuild, Boolean allowCrossApp, Boolean allowBuildInPrecompile, Boolean throwIfNotFound, Boolean ensureIsUpToDate)
   at System.Web.Compilation.BuildManager.GetVirtualPathObjectFactory(VirtualPath virtualPath, HttpContext context, Boolean allowCrossApp, Boolean throwIfNotFound)
   at System.Web.Compilation.BuildManager.GetCompiledType(VirtualPath virtualPath)
   at System.Web.Compilation.BuildManager.GetCompiledType(String virtualPath)
   at System.Web.Mvc.BuildManagerWrapper.System.Web.Mvc.IBuildManager.GetCompiledType(String virtualPath)
   at System.Web.Mvc.BuildManagerCompiledView.Render(ViewContext viewContext, TextWriter writer)
   at Umbraco.Core.Profiling.ProfilingView.Render(ViewContext viewContext, TextWriter writer)
   at Umbraco.Web.Mvc.ControllerExtensions.RenderViewResultAsString(ControllerBase controller, ViewResultBase viewResult)
   at Umbraco.Web.Macros.PartialViewMacroEngine.Execute(MacroModel macro, IPublishedContent content)
   at Umbraco.Web.Macros.PartialViewMacroEngine.Execute(MacroModel macro, INode node)
   at umbraco.macro.LoadPartialViewMacro(MacroModel macro)
   at umbraco.macro.renderMacro(Hashtable pageElements, Int32 pageId)
 2016-12-27 10:45:19,415 [P6620/D4/T46] WARN  umbraco.macro - Error loading Partial View (file: ~/Views/MacroPartials/EXHIBITIONS_SIDER.cshtml). Exception: System.Web.HttpCompileException (0x80004005): c:\queengallery\queengallery\Views\MacroPartials\EXHIBITIONS_SIDER.cshtml(103): error CS0128: A local variable named 'imageUrl' is already defined in this scope
   at System.Web.Compilation.BuildManager.PostProcessFoundBuildResult(BuildResult result, Boolean keyFromVPP, VirtualPath virtualPath)
   at System.Web.Compilation.BuildManager.GetBuildResultFromCacheInternal(String cacheKey, Boolean keyFromVPP, VirtualPath virtualPath, Int64 hashCode, Boolean ensureIsUpToDate)
   at System.Web.Compilation.BuildManager.GetVPathBuildResultFromCacheInternal(VirtualPath virtualPath, Boolean ensureIsUpToDate)
   at System.Web.Compilation.BuildManager.GetVPathBuildResultInternal(VirtualPath virtualPath, Boolean noBuild, Boolean allowCrossApp, Boolean allowBuildInPrecompile, Boolean throwIfNotFound, Boolean ensureIsUpToDate)
   at System.Web.Compilation.BuildManager.GetVPathBuildResultWithNoAssert(HttpContext context, VirtualPath virtualPath, Boolean noBuild, Boolean allowCrossApp, Boolean allowBuildInPrecompile, Boolean throwIfNotFound, Boolean ensureIsUpToDate)
   at System.Web.Compilation.BuildManager.GetVirtualPathObjectFactory(VirtualPath virtualPath, HttpContext context, Boolean allowCrossApp, Boolean throwIfNotFound)
   at System.Web.Compilation.BuildManager.GetCompiledType(VirtualPath virtualPath)
   at System.Web.Compilation.BuildManager.GetCompiledType(String virtualPath)
   at System.Web.Mvc.BuildManagerWrapper.System.Web.Mvc.IBuildManager.GetCompiledType(String virtualPath)
   at System.Web.Mvc.BuildManagerCompiledView.Render(ViewContext viewContext, TextWriter writer)
   at Umbraco.Core.Profiling.ProfilingView.Render(ViewContext viewContext, TextWriter writer)
   at Umbraco.Web.Mvc.ControllerExtensions.RenderViewResultAsString(ControllerBase controller, ViewResultBase viewResult)
   at Umbraco.Web.Macros.PartialViewMacroEngine.Execute(MacroModel macro, IPublishedContent content)
   at Umbraco.Web.Macros.PartialViewMacroEngine.Execute(MacroModel macro, INode node)
   at umbraco.macro.LoadPartialViewMacro(MacroModel macro)
   at umbraco.macro.renderMacro(Hashtable pageElements, Int32 pageId)
 2016-12-27 10:45:20,069 [P6620/D4/T12] WARN  umbraco.macro - Error loading partial view macro (View: ~/Views/MacroPartials/EXHIBITIONS_SIDER.cshtml). Exception: System.Web.HttpCompileException (0x80004005): c:\queengallery\queengallery\Views\MacroPartials\EXHIBITIONS_SIDER.cshtml(103): error CS0128: A local variable named 'imageUrl' is already defined in this scope
   at System.Web.Compilation.BuildManager.PostProcessFoundBuildResult(BuildResult result, Boolean keyFromVPP, VirtualPath virtualPath)
   at System.Web.Compilation.BuildManager.GetBuildResultFromCacheInternal(String cacheKey, Boolean keyFromVPP, VirtualPath virtualPath, Int64 hashCode, Boolean ensureIsUpToDate)
   at System.Web.Compilation.BuildManager.GetVPathBuildResultFromCacheInternal(VirtualPath virtualPath, Boolean ensureIsUpToDate)
   at System.Web.Compilation.BuildManager.GetVPathBuildResultInternal(VirtualPath virtualPath, Boolean noBuild, Boolean allowCrossApp, Boolean allowBuildInPrecompile, Boolean throwIfNotFound, Boolean ensureIsUpToDate)
   at System.Web.Compilation.BuildManager.GetVPathBuildResultWithNoAssert(HttpContext context, VirtualPath virtualPath, Boolean noBuild, Boolean allowCrossApp, Boolean allowBuildInPrecompile, Boolean throwIfNotFound, Boolean ensureIsUpToDate)
   at System.Web.Compilation.BuildManager.GetVirtualPathObjectFactory(VirtualPath virtualPath, HttpContext context, Boolean allowCrossApp, Boolean throwIfNotFound)
   at System.Web.Compilation.BuildManager.GetCompiledType(VirtualPath virtualPath)
   at System.Web.Compilation.BuildManager.GetCompiledType(String virtualPath)
   at System.Web.Mvc.BuildManagerWrapper.System.Web.Mvc.IBuildManager.GetCompiledType(String virtualPath)
   at System.Web.Mvc.BuildManagerCompiledView.Render(ViewContext viewContext, TextWriter writer)
   at Umbraco.Core.Profiling.ProfilingView.Render(ViewContext viewContext, TextWriter writer)
   at Umbraco.Web.Mvc.ControllerExtensions.RenderViewResultAsString(ControllerBase controller, ViewResultBase viewResult)
   at Umbraco.Web.Macros.PartialViewMacroEngine.Execute(MacroModel macro, IPublishedContent content)
   at Umbraco.Web.Macros.PartialViewMacroEngine.Execute(MacroModel macro, INode node)
   at umbraco.macro.LoadPartialViewMacro(MacroModel macro)
   at umbraco.macro.renderMacro(Hashtable pageElements, Int32 pageId)
 2016-12-27 10:45:20,069 [P6620/D4/T12] WARN  umbraco.macro - Error loading Partial View (file: ~/Views/MacroPartials/EXHIBITIONS_SIDER.cshtml). Exception: System.Web.HttpCompileException (0x80004005): c:\queengallery\queengallery\Views\MacroPartials\EXHIBITIONS_SIDER.cshtml(103): error CS0128: A local variable named 'imageUrl' is already defined in this scope
   at System.Web.Compilation.BuildManager.PostProcessFoundBuildResult(BuildResult result, Boolean keyFromVPP, VirtualPath virtualPath)
   at System.Web.Compilation.BuildManager.GetBuildResultFromCacheInternal(String cacheKey, Boolean keyFromVPP, VirtualPath virtualPath, Int64 hashCode, Boolean ensureIsUpToDate)
   at System.Web.Compilation.BuildManager.GetVPathBuildResultFromCacheInternal(VirtualPath virtualPath, Boolean ensureIsUpToDate)
   at System.Web.Compilation.BuildManager.GetVPathBuildResultInternal(VirtualPath virtualPath, Boolean noBuild, Boolean allowCrossApp, Boolean allowBuildInPrecompile, Boolean throwIfNotFound, Boolean ensureIsUpToDate)
   at System.Web.Compilation.BuildManager.GetVPathBuildResultWithNoAssert(HttpContext context, VirtualPath virtualPath, Boolean noBuild, Boolean allowCrossApp, Boolean allowBuildInPrecompile, Boolean throwIfNotFound, Boolean ensureIsUpToDate)
   at System.Web.Compilation.BuildManager.GetVirtualPathObjectFactory(VirtualPath virtualPath, HttpContext context, Boolean allowCrossApp, Boolean throwIfNotFound)
   at System.Web.Compilation.BuildManager.GetCompiledType(VirtualPath virtualPath)
   at System.Web.Compilation.BuildManager.GetCompiledType(String virtualPath)
   at System.Web.Mvc.BuildManagerWrapper.System.Web.Mvc.IBuildManager.GetCompiledType(String virtualPath)
   at System.Web.Mvc.BuildManagerCompiledView.Render(ViewContext viewContext, TextWriter writer)
   at Umbraco.Core.Profiling.ProfilingView.Render(ViewContext viewContext, TextWriter writer)
   at Umbraco.Web.Mvc.ControllerExtensions.RenderViewResultAsString(ControllerBase controller, ViewResultBase viewResult)
   at Umbraco.Web.Macros.PartialViewMacroEngine.Execute(MacroModel macro, IPublishedContent content)
   at Umbraco.Web.Macros.PartialViewMacroEngine.Execute(MacroModel macro, INode node)
   at umbraco.macro.LoadPartialViewMacro(MacroModel macro)
   at umbraco.macro.renderMacro(Hashtable pageElements, Int32 pageId)
 2016-12-27 10:45:21,117 [P6620/D4/T51] WARN  umbraco.macro - Error loading partial view macro (View: ~/Views/MacroPartials/EXHIBITIONS_SIDER.cshtml). Exception: System.Web.HttpCompileException (0x80004005): c:\queengallery\queengallery\Views\MacroPartials\EXHIBITIONS_SIDER.cshtml(103): error CS0128: A local variable named 'imageUrl' is already defined in this scope
   at System.Web.Compilation.BuildManager.PostProcessFoundBuildResult(BuildResult result, Boolean keyFromVPP, VirtualPath virtualPath)
   at System.Web.Compilation.BuildManager.GetBuildResultFromCacheInternal(String cacheKey, Boolean keyFromVPP, VirtualPath virtualPath, Int64 hashCode, Boolean ensureIsUpToDate)
   at System.Web.Compilation.BuildManager.GetVPathBuildResultFromCacheInternal(VirtualPath virtualPath, Boolean ensureIsUpToDate)
   at System.Web.Compilation.BuildManager.GetVPathBuildResultInternal(VirtualPath virtualPath, Boolean noBuild, Boolean allowCrossApp, Boolean allowBuildInPrecompile, Boolean throwIfNotFound, Boolean ensureIsUpToDate)
   at System.Web.Compilation.BuildManager.GetVPathBuildResultWithNoAssert(HttpContext context, VirtualPath virtualPath, Boolean noBuild, Boolean allowCrossApp, Boolean allowBuildInPrecompile, Boolean throwIfNotFound, Boolean ensureIsUpToDate)
   at System.Web.Compilation.BuildManager.GetVirtualPathObjectFactory(VirtualPath virtualPath, HttpContext context, Boolean allowCrossApp, Boolean throwIfNotFound)
   at System.Web.Compilation.BuildManager.GetCompiledType(VirtualPath virtualPath)
   at System.Web.Compilation.BuildManager.GetCompiledType(String virtualPath)
   at System.Web.Mvc.BuildManagerWrapper.System.Web.Mvc.IBuildManager.GetCompiledType(String virtualPath)
   at System.Web.Mvc.BuildManagerCompiledView.Render(ViewContext viewContext, TextWriter writer)
   at Umbraco.Core.Profiling.ProfilingView.Render(ViewContext viewContext, TextWriter writer)
   at Umbraco.Web.Mvc.ControllerExtensions.RenderViewResultAsString(ControllerBase controller, ViewResultBase viewResult)
   at Umbraco.Web.Macros.PartialViewMacroEngine.Execute(MacroModel macro, IPublishedContent content)
   at Umbraco.Web.Macros.PartialViewMacroEngine.Execute(MacroModel macro, INode node)
   at umbraco.macro.LoadPartialViewMacro(MacroModel macro)
   at umbraco.macro.renderMacro(Hashtable pageElements, Int32 pageId)
 2016-12-27 10:45:21,117 [P6620/D4/T51] WARN  umbraco.macro - Error loading Partial View (file: ~/Views/MacroPartials/EXHIBITIONS_SIDER.cshtml). Exception: System.Web.HttpCompileException (0x80004005): c:\queengallery\queengallery\Views\MacroPartials\EXHIBITIONS_SIDER.cshtml(103): error CS0128: A local variable named 'imageUrl' is already defined in this scope
   at System.Web.Compilation.BuildManager.PostProcessFoundBuildResult(BuildResult result, Boolean keyFromVPP, VirtualPath virtualPath)
   at System.Web.Compilation.BuildManager.GetBuildResultFromCacheInternal(String cacheKey, Boolean keyFromVPP, VirtualPath virtualPath, Int64 hashCode, Boolean ensureIsUpToDate)
   at System.Web.Compilation.BuildManager.GetVPathBuildResultFromCacheInternal(VirtualPath virtualPath, Boolean ensureIsUpToDate)
   at System.Web.Compilation.BuildManager.GetVPathBuildResultInternal(VirtualPath virtualPath, Boolean noBuild, Boolean allowCrossApp, Boolean allowBuildInPrecompile, Boolean throwIfNotFound, Boolean ensureIsUpToDate)
   at System.Web.Compilation.BuildManager.GetVPathBuildResultWithNoAssert(HttpContext context, VirtualPath virtualPath, Boolean noBuild, Boolean allowCrossApp, Boolean allowBuildInPrecompile, Boolean throwIfNotFound, Boolean ensureIsUpToDate)
   at System.Web.Compilation.BuildManager.GetVirtualPathObjectFactory(VirtualPath virtualPath, HttpContext context, Boolean allowCrossApp, Boolean throwIfNotFound)
   at System.Web.Compilation.BuildManager.GetCompiledType(VirtualPath virtualPath)
   at System.Web.Compilation.BuildManager.GetCompiledType(String virtualPath)
   at System.Web.Mvc.BuildManagerWrapper.System.Web.Mvc.IBuildManager.GetCompiledType(String virtualPath)
   at System.Web.Mvc.BuildManagerCompiledView.Render(ViewContext viewContext, TextWriter writer)
   at Umbraco.Core.Profiling.ProfilingView.Render(ViewContext viewContext, TextWriter writer)
   at Umbraco.Web.Mvc.ControllerExtensions.RenderViewResultAsString(ControllerBase controller, ViewResultBase viewResult)
   at Umbraco.Web.Macros.PartialViewMacroEngine.Execute(MacroModel macro, IPublishedContent content)
   at Umbraco.Web.Macros.PartialViewMacroEngine.Execute(MacroModel macro, INode node)
   at umbraco.macro.LoadPartialViewMacro(MacroModel macro)
   at umbraco.macro.renderMacro(Hashtable pageElements, Int32 pageId)
 2016-12-27 10:45:21,371 [P6620/D4/T12] WARN  umbraco.macro - Error loading partial view macro (View: ~/Views/MacroPartials/EXHIBITIONS_SIDER.cshtml). Exception: System.Web.HttpCompileException (0x80004005): c:\queengallery\queengallery\Views\MacroPartials\EXHIBITIONS_SIDER.cshtml(103): error CS0128: A local variable named 'imageUrl' is already defined in this scope
   at System.Web.Compilation.BuildManager.PostProcessFoundBuildResult(BuildResult result, Boolean keyFromVPP, VirtualPath virtualPath)
   at System.Web.Compilation.BuildManager.GetBuildResultFromCacheInternal(String cacheKey, Boolean keyFromVPP, VirtualPath virtualPath, Int64 hashCode, Boolean ensureIsUpToDate)
   at System.Web.Compilation.BuildManager.GetVPathBuildResultFromCacheInternal(VirtualPath virtualPath, Boolean ensureIsUpToDate)
   at System.Web.Compilation.BuildManager.GetVPathBuildResultInternal(VirtualPath virtualPath, Boolean noBuild, Boolean allowCrossApp, Boolean allowBuildInPrecompile, Boolean throwIfNotFound, Boolean ensureIsUpToDate)
   at System.Web.Compilation.BuildManager.GetVPathBuildResultWithNoAssert(HttpContext context, VirtualPath virtualPath, Boolean noBuild, Boolean allowCrossApp, Boolean allowBuildInPrecompile, Boolean throwIfNotFound, Boolean ensureIsUpToDate)
   at System.Web.Compilation.BuildManager.GetVirtualPathObjectFactory(VirtualPath virtualPath, HttpContext context, Boolean allowCrossApp, Boolean throwIfNotFound)
   at System.Web.Compilation.BuildManager.GetCompiledType(VirtualPath virtualPath)
   at System.Web.Compilation.BuildManager.GetCompiledType(String virtualPath)
   at System.Web.Mvc.BuildManagerWrapper.System.Web.Mvc.IBuildManager.GetCompiledType(String virtualPath)
   at System.Web.Mvc.BuildManagerCompiledView.Render(ViewContext viewContext, TextWriter writer)
   at Umbraco.Core.Profiling.ProfilingView.Render(ViewContext viewContext, TextWriter writer)
   at Umbraco.Web.Mvc.ControllerExtensions.RenderViewResultAsString(ControllerBase controller, ViewResultBase viewResult)
   at Umbraco.Web.Macros.PartialViewMacroEngine.Execute(MacroModel macro, IPublishedContent content)
   at Umbraco.Web.Macros.PartialViewMacroEngine.Execute(MacroModel macro, INode node)
   at umbraco.macro.LoadPartialViewMacro(MacroModel macro)
   at umbraco.macro.renderMacro(Hashtable pageElements, Int32 pageId)
 2016-12-27 10:45:21,371 [P6620/D4/T12] WARN  umbraco.macro - Error loading Partial View (file: ~/Views/MacroPartials/EXHIBITIONS_SIDER.cshtml). Exception: System.Web.HttpCompileException (0x80004005): c:\queengallery\queengallery\Views\MacroPartials\EXHIBITIONS_SIDER.cshtml(103): error CS0128: A local variable named 'imageUrl' is already defined in this scope
   at System.Web.Compilation.BuildManager.PostProcessFoundBuildResult(BuildResult result, Boolean keyFromVPP, VirtualPath virtualPath)
   at System.Web.Compilation.BuildManager.GetBuildResultFromCacheInternal(String cacheKey, Boolean keyFromVPP, VirtualPath virtualPath, Int64 hashCode, Boolean ensureIsUpToDate)
   at System.Web.Compilation.BuildManager.GetVPathBuildResultFromCacheInternal(VirtualPath virtualPath, Boolean ensureIsUpToDate)
   at System.Web.Compilation.BuildManager.GetVPathBuildResultInternal(VirtualPath virtualPath, Boolean noBuild, Boolean allowCrossApp, Boolean allowBuildInPrecompile, Boolean throwIfNotFound, Boolean ensureIsUpToDate)
   at System.Web.Compilation.BuildManager.GetVPathBuildResultWithNoAssert(HttpContext context, VirtualPath virtualPath, Boolean noBuild, Boolean allowCrossApp, Boolean allowBuildInPrecompile, Boolean throwIfNotFound, Boolean ensureIsUpToDate)
   at System.Web.Compilation.BuildManager.GetVirtualPathObjectFactory(VirtualPath virtualPath, HttpContext context, Boolean allowCrossApp, Boolean throwIfNotFound)
   at System.Web.Compilation.BuildManager.GetCompiledType(VirtualPath virtualPath)
   at System.Web.Compilation.BuildManager.GetCompiledType(String virtualPath)
   at System.Web.Mvc.BuildManagerWrapper.System.Web.Mvc.IBuildManager.GetCompiledType(String virtualPath)
   at System.Web.Mvc.BuildManagerCompiledView.Render(ViewContext viewContext, TextWriter writer)
   at Umbraco.Core.Profiling.ProfilingView.Render(ViewContext viewContext, TextWriter writer)
   at Umbraco.Web.Mvc.ControllerExtensions.RenderViewResultAsString(ControllerBase controller, ViewResultBase viewResult)
   at Umbraco.Web.Macros.PartialViewMacroEngine.Execute(MacroModel macro, IPublishedContent content)
   at Umbraco.Web.Macros.PartialViewMacroEngine.Execute(MacroModel macro, INode node)
   at umbraco.macro.LoadPartialViewMacro(MacroModel macro)
   at umbraco.macro.renderMacro(Hashtable pageElements, Int32 pageId)
 2016-12-27 10:47:26,091 [P6620/D4/T54] INFO  Umbraco.Core.PluginManager - Starting resolution types of umbraco.interfaces.ITree
 2016-12-27 10:47:26,094 [P6620/D4/T54] INFO  Umbraco.Core.PluginManager - Completed resolution of types of umbraco.interfaces.ITree, found 0 (took 2ms)
 2016-12-27 10:47:26,109 [P6620/D4/T54] INFO  Umbraco.Core.PluginManager - Starting resolution types of umbraco.interfaces.IApplication
 2016-12-27 10:47:26,111 [P6620/D4/T54] INFO  Umbraco.Core.PluginManager - Completed resolution of types of umbraco.interfaces.IApplication, found 0 (took 1ms)
 2016-12-27 10:48:53,515 [P6620/D4/T39] INFO  Umbraco.Core.PluginManager - Starting resolution types of Umbraco.Web.Trees.TreeController
 2016-12-27 10:48:53,516 [P6620/D4/T39] INFO  Umbraco.Core.PluginManager - Completed resolution of types of Umbraco.Web.Trees.TreeController, found 0 (took 0ms)
 2016-12-27 10:51:43,507 [P6620/D4/T8] INFO  Umbraco.Core.Publishing.PublishingStrategy - Content 'What's On' with Id '1104' has been published.
 2016-12-27 10:51:47,562 [P6620/D4/T44] INFO  umbraco.content - Save Xml to file...
 2016-12-27 10:51:47,592 [P6620/D4/T44] INFO  umbraco.content - Saved Xml to file.
 2016-12-27 10:51:56,941 [P6620/D4/T39] INFO  Umbraco.Core.Publishing.PublishingStrategy - Content 'What's On' with Id '1104' has been published.
 2016-12-27 10:52:00,998 [P6620/D4/T44] INFO  umbraco.content - Save Xml to file...
 2016-12-27 10:52:01,038 [P6620/D4/T44] INFO  umbraco.content - Saved Xml to file.
 2016-12-27 10:53:20,884 [P6620/D4/T22] INFO  Umbraco.Core.Publishing.PublishingStrategy - Content 'What's On' with Id '1104' has been published.
 2016-12-27 10:53:24,959 [P6620/D4/T44] INFO  umbraco.content - Save Xml to file...
 2016-12-27 10:53:25,004 [P6620/D4/T44] INFO  umbraco.content - Saved Xml to file.
 2016-12-27 10:54:06,970 [P6620/D4/T25] INFO  Umbraco.Core.Publishing.PublishingStrategy - Content 'What's On' with Id '1104' has been published.
 2016-12-27 10:54:11,069 [P6620/D4/T39] INFO  umbraco.content - Save Xml to file...
 2016-12-27 10:54:11,126 [P6620/D4/T39] INFO  umbraco.content - Saved Xml to file.
 2016-12-27 10:56:00,730 [P6620/D4/T43] INFO  Umbraco.Core.Publishing.PublishingStrategy - Content 'Visit Us' with Id '1106' has been published.
 2016-12-27 10:56:04,792 [P6620/D4/T39] INFO  umbraco.content - Save Xml to file...
 2016-12-27 10:56:04,856 [P6620/D4/T39] INFO  umbraco.content - Saved Xml to file.
 2016-12-27 10:56:37,264 [P6620/D4/T33] INFO  Umbraco.Core.Publishing.PublishingStrategy - Content 'Visit Us' with Id '1106' has been published.
 2016-12-27 10:56:41,350 [P6620/D4/T39] INFO  umbraco.content - Save Xml to file...
 2016-12-27 10:56:41,559 [P6620/D4/T39] INFO  umbraco.content - Saved Xml to file.
 2016-12-27 10:57:04,345 [P6620/D4/T78] INFO  Umbraco.Core.Publishing.PublishingStrategy - Content 'Visit Us' with Id '1106' has been published.
 2016-12-27 10:57:08,397 [P6620/D4/T39] INFO  umbraco.content - Save Xml to file...
 2016-12-27 10:57:08,434 [P6620/D4/T39] INFO  umbraco.content - Saved Xml to file.
 2016-12-27 10:57:13,869 [P6620/D4/T33] WARN  umbraco.macro - Error loading partial view macro (View: ~/Views/MacroPartials/NEWS.cshtml). Exception: System.InvalidOperationException: Cannot return the IPublishedContent because the UmbracoHelper was constructed with an UmbracoContext and the current request is not a front-end request.
   at Umbraco.Web.UmbracoHelper.get_AssignedContentItem()
   at Umbraco.Web.UmbracoHelper.Field(String fieldAlias, String altFieldAlias, String altText, String insertBefore, String insertAfter, Boolean recursive, Boolean convertLineBreaks, Boolean removeParagraphTags, RenderFieldCaseType casing, RenderFieldEncodingType encoding, Boolean formatAsDate, Boolean formatAsDateWithTime, String formatAsDateWithTimeSeparator)
   at ASP._Page_Views_MacroPartials_NEWS_cshtml.Execute() in c:\queengallery\queengallery\Views\MacroPartials\NEWS.cshtml:line 21
   at System.Web.WebPages.WebPageBase.ExecutePageHierarchy()
   at System.Web.Mvc.WebViewPage.ExecutePageHierarchy()
   at System.Web.WebPages.WebPageBase.ExecutePageHierarchy(WebPageContext pageContext, TextWriter writer, WebPageRenderingBase startPage)
   at System.Web.Mvc.RazorView.RenderView(ViewContext viewContext, TextWriter writer, Object instance)
   at System.Web.Mvc.BuildManagerCompiledView.Render(ViewContext viewContext, TextWriter writer)
   at Umbraco.Core.Profiling.ProfilingView.Render(ViewContext viewContext, TextWriter writer)
   at Umbraco.Web.Mvc.ControllerExtensions.RenderViewResultAsString(ControllerBase controller, ViewResultBase viewResult)
   at Umbraco.Web.Macros.PartialViewMacroEngine.Execute(MacroModel macro, IPublishedContent content)
   at Umbraco.Web.Macros.PartialViewMacroEngine.Execute(MacroModel macro, INode node)
   at umbraco.macro.LoadPartialViewMacro(MacroModel macro)
   at umbraco.macro.renderMacro(Hashtable pageElements, Int32 pageId)
 2016-12-27 10:57:13,871 [P6620/D4/T33] WARN  umbraco.macro - Error loading Partial View (file: ~/Views/MacroPartials/NEWS.cshtml). Exception: System.InvalidOperationException: Cannot return the IPublishedContent because the UmbracoHelper was constructed with an UmbracoContext and the current request is not a front-end request.
   at Umbraco.Web.UmbracoHelper.get_AssignedContentItem()
   at Umbraco.Web.UmbracoHelper.Field(String fieldAlias, String altFieldAlias, String altText, String insertBefore, String insertAfter, Boolean recursive, Boolean convertLineBreaks, Boolean removeParagraphTags, RenderFieldCaseType casing, RenderFieldEncodingType encoding, Boolean formatAsDate, Boolean formatAsDateWithTime, String formatAsDateWithTimeSeparator)
   at ASP._Page_Views_MacroPartials_NEWS_cshtml.Execute() in c:\queengallery\queengallery\Views\MacroPartials\NEWS.cshtml:line 21
   at System.Web.WebPages.WebPageBase.ExecutePageHierarchy()
   at System.Web.Mvc.WebViewPage.ExecutePageHierarchy()
   at System.Web.WebPages.WebPageBase.ExecutePageHierarchy(WebPageContext pageContext, TextWriter writer, WebPageRenderingBase startPage)
   at System.Web.Mvc.RazorView.RenderView(ViewContext viewContext, TextWriter writer, Object instance)
   at System.Web.Mvc.BuildManagerCompiledView.Render(ViewContext viewContext, TextWriter writer)
   at Umbraco.Core.Profiling.ProfilingView.Render(ViewContext viewContext, TextWriter writer)
   at Umbraco.Web.Mvc.ControllerExtensions.RenderViewResultAsString(ControllerBase controller, ViewResultBase viewResult)
   at Umbraco.Web.Macros.PartialViewMacroEngine.Execute(MacroModel macro, IPublishedContent content)
   at Umbraco.Web.Macros.PartialViewMacroEngine.Execute(MacroModel macro, INode node)
   at umbraco.macro.LoadPartialViewMacro(MacroModel macro)
   at umbraco.macro.renderMacro(Hashtable pageElements, Int32 pageId)
 2016-12-27 10:57:22,607 [P6620/D4/T85] INFO  Umbraco.Core.Publishing.PublishingStrategy - Content 'News And Press Released' with Id '1108' has been published.
 2016-12-27 10:57:23,541 [P6620/D4/T78] WARN  umbraco.macro - Error loading partial view macro (View: ~/Views/MacroPartials/NEWS.cshtml). Exception: System.InvalidOperationException: Cannot return the IPublishedContent because the UmbracoHelper was constructed with an UmbracoContext and the current request is not a front-end request.
   at Umbraco.Web.UmbracoHelper.get_AssignedContentItem()
   at Umbraco.Web.UmbracoHelper.Field(String fieldAlias, String altFieldAlias, String altText, String insertBefore, String insertAfter, Boolean recursive, Boolean convertLineBreaks, Boolean removeParagraphTags, RenderFieldCaseType casing, RenderFieldEncodingType encoding, Boolean formatAsDate, Boolean formatAsDateWithTime, String formatAsDateWithTimeSeparator)
   at ASP._Page_Views_MacroPartials_NEWS_cshtml.Execute() in c:\queengallery\queengallery\Views\MacroPartials\NEWS.cshtml:line 21
   at System.Web.WebPages.WebPageBase.ExecutePageHierarchy()
   at System.Web.Mvc.WebViewPage.ExecutePageHierarchy()
   at System.Web.WebPages.WebPageBase.ExecutePageHierarchy(WebPageContext pageContext, TextWriter writer, WebPageRenderingBase startPage)
   at System.Web.Mvc.RazorView.RenderView(ViewContext viewContext, TextWriter writer, Object instance)
   at System.Web.Mvc.BuildManagerCompiledView.Render(ViewContext viewContext, TextWriter writer)
   at Umbraco.Core.Profiling.ProfilingView.Render(ViewContext viewContext, TextWriter writer)
   at Umbraco.Web.Mvc.ControllerExtensions.RenderViewResultAsString(ControllerBase controller, ViewResultBase viewResult)
   at Umbraco.Web.Macros.PartialViewMacroEngine.Execute(MacroModel macro, IPublishedContent content)
   at Umbraco.Web.Macros.PartialViewMacroEngine.Execute(MacroModel macro, INode node)
   at umbraco.macro.LoadPartialViewMacro(MacroModel macro)
   at umbraco.macro.renderMacro(Hashtable pageElements, Int32 pageId)
 2016-12-27 10:57:23,543 [P6620/D4/T78] WARN  umbraco.macro - Error loading Partial View (file: ~/Views/MacroPartials/NEWS.cshtml). Exception: System.InvalidOperationException: Cannot return the IPublishedContent because the UmbracoHelper was constructed with an UmbracoContext and the current request is not a front-end request.
   at Umbraco.Web.UmbracoHelper.get_AssignedContentItem()
   at Umbraco.Web.UmbracoHelper.Field(String fieldAlias, String altFieldAlias, String altText, String insertBefore, String insertAfter, Boolean recursive, Boolean convertLineBreaks, Boolean removeParagraphTags, RenderFieldCaseType casing, RenderFieldEncodingType encoding, Boolean formatAsDate, Boolean formatAsDateWithTime, String formatAsDateWithTimeSeparator)
   at ASP._Page_Views_MacroPartials_NEWS_cshtml.Execute() in c:\queengallery\queengallery\Views\MacroPartials\NEWS.cshtml:line 21
   at System.Web.WebPages.WebPageBase.ExecutePageHierarchy()
   at System.Web.Mvc.WebViewPage.ExecutePageHierarchy()
   at System.Web.WebPages.WebPageBase.ExecutePageHierarchy(WebPageContext pageContext, TextWriter writer, WebPageRenderingBase startPage)
   at System.Web.Mvc.RazorView.RenderView(ViewContext viewContext, TextWriter writer, Object instance)
   at System.Web.Mvc.BuildManagerCompiledView.Render(ViewContext viewContext, TextWriter writer)
   at Umbraco.Core.Profiling.ProfilingView.Render(ViewContext viewContext, TextWriter writer)
   at Umbraco.Web.Mvc.ControllerExtensions.RenderViewResultAsString(ControllerBase controller, ViewResultBase viewResult)
   at Umbraco.Web.Macros.PartialViewMacroEngine.Execute(MacroModel macro, IPublishedContent content)
   at Umbraco.Web.Macros.PartialViewMacroEngine.Execute(MacroModel macro, INode node)
   at umbraco.macro.LoadPartialViewMacro(MacroModel macro)
   at umbraco.macro.renderMacro(Hashtable pageElements, Int32 pageId)
 2016-12-27 10:57:26,681 [P6620/D4/T39] INFO  umbraco.content - Save Xml to file...
 2016-12-27 10:57:26,717 [P6620/D4/T39] INFO  umbraco.content - Saved Xml to file.
 2016-12-27 10:58:32,696 [P6620/D4/T32] WARN  umbraco.macro - Error loading partial view macro (View: ~/Views/MacroPartials/NEWS.cshtml). Exception: System.InvalidOperationException: Cannot return the IPublishedContent because the UmbracoHelper was constructed with an UmbracoContext and the current request is not a front-end request.
   at Umbraco.Web.UmbracoHelper.get_AssignedContentItem()
   at Umbraco.Web.UmbracoHelper.Field(String fieldAlias, String altFieldAlias, String altText, String insertBefore, String insertAfter, Boolean recursive, Boolean convertLineBreaks, Boolean removeParagraphTags, RenderFieldCaseType casing, RenderFieldEncodingType encoding, Boolean formatAsDate, Boolean formatAsDateWithTime, String formatAsDateWithTimeSeparator)
   at ASP._Page_Views_MacroPartials_NEWS_cshtml.Execute() in c:\queengallery\queengallery\Views\MacroPartials\NEWS.cshtml:line 21
   at System.Web.WebPages.WebPageBase.ExecutePageHierarchy()
   at System.Web.Mvc.WebViewPage.ExecutePageHierarchy()
   at System.Web.WebPages.WebPageBase.ExecutePageHierarchy(WebPageContext pageContext, TextWriter writer, WebPageRenderingBase startPage)
   at System.Web.Mvc.RazorView.RenderView(ViewContext viewContext, TextWriter writer, Object instance)
   at System.Web.Mvc.BuildManagerCompiledView.Render(ViewContext viewContext, TextWriter writer)
   at Umbraco.Core.Profiling.ProfilingView.Render(ViewContext viewContext, TextWriter writer)
   at Umbraco.Web.Mvc.ControllerExtensions.RenderViewResultAsString(ControllerBase controller, ViewResultBase viewResult)
   at Umbraco.Web.Macros.PartialViewMacroEngine.Execute(MacroModel macro, IPublishedContent content)
   at Umbraco.Web.Macros.PartialViewMacroEngine.Execute(MacroModel macro, INode node)
   at umbraco.macro.LoadPartialViewMacro(MacroModel macro)
   at umbraco.macro.renderMacro(Hashtable pageElements, Int32 pageId)
 2016-12-27 10:58:32,696 [P6620/D4/T32] WARN  umbraco.macro - Error loading Partial View (file: ~/Views/MacroPartials/NEWS.cshtml). Exception: System.InvalidOperationException: Cannot return the IPublishedContent because the UmbracoHelper was constructed with an UmbracoContext and the current request is not a front-end request.
   at Umbraco.Web.UmbracoHelper.get_AssignedContentItem()
   at Umbraco.Web.UmbracoHelper.Field(String fieldAlias, String altFieldAlias, String altText, String insertBefore, String insertAfter, Boolean recursive, Boolean convertLineBreaks, Boolean removeParagraphTags, RenderFieldCaseType casing, RenderFieldEncodingType encoding, Boolean formatAsDate, Boolean formatAsDateWithTime, String formatAsDateWithTimeSeparator)
   at ASP._Page_Views_MacroPartials_NEWS_cshtml.Execute() in c:\queengallery\queengallery\Views\MacroPartials\NEWS.cshtml:line 21
   at System.Web.WebPages.WebPageBase.ExecutePageHierarchy()
   at System.Web.Mvc.WebViewPage.ExecutePageHierarchy()
   at System.Web.WebPages.WebPageBase.ExecutePageHierarchy(WebPageContext pageContext, TextWriter writer, WebPageRenderingBase startPage)
   at System.Web.Mvc.RazorView.RenderView(ViewContext viewContext, TextWriter writer, Object instance)
   at System.Web.Mvc.BuildManagerCompiledView.Render(ViewContext viewContext, TextWriter writer)
   at Umbraco.Core.Profiling.ProfilingView.Render(ViewContext viewContext, TextWriter writer)
   at Umbraco.Web.Mvc.ControllerExtensions.RenderViewResultAsString(ControllerBase controller, ViewResultBase viewResult)
   at Umbraco.Web.Macros.PartialViewMacroEngine.Execute(MacroModel macro, IPublishedContent content)
   at Umbraco.Web.Macros.PartialViewMacroEngine.Execute(MacroModel macro, INode node)
   at umbraco.macro.LoadPartialViewMacro(MacroModel macro)
   at umbraco.macro.renderMacro(Hashtable pageElements, Int32 pageId)
 2016-12-27 11:00:12,167 [P6620/D4/T76] INFO  Umbraco.Core.Publishing.PublishingStrategy - Content 'News And Press Released' with Id '1108' has been published.
 2016-12-27 11:00:12,801 [P6620/D4/T22] WARN  umbraco.macro - Error loading partial view macro (View: ~/Views/MacroPartials/NEWS.cshtml). Exception: System.InvalidOperationException: Cannot return the IPublishedContent because the UmbracoHelper was constructed with an UmbracoContext and the current request is not a front-end request.
   at Umbraco.Web.UmbracoHelper.get_AssignedContentItem()
   at Umbraco.Web.UmbracoHelper.Field(String fieldAlias, String altFieldAlias, String altText, String insertBefore, String insertAfter, Boolean recursive, Boolean convertLineBreaks, Boolean removeParagraphTags, RenderFieldCaseType casing, RenderFieldEncodingType encoding, Boolean formatAsDate, Boolean formatAsDateWithTime, String formatAsDateWithTimeSeparator)
   at ASP._Page_Views_MacroPartials_NEWS_cshtml.Execute() in c:\queengallery\queengallery\Views\MacroPartials\NEWS.cshtml:line 21
   at System.Web.WebPages.WebPageBase.ExecutePageHierarchy()
   at System.Web.Mvc.WebViewPage.ExecutePageHierarchy()
   at System.Web.WebPages.WebPageBase.ExecutePageHierarchy(WebPageContext pageContext, TextWriter writer, WebPageRenderingBase startPage)
   at System.Web.Mvc.RazorView.RenderView(ViewContext viewContext, TextWriter writer, Object instance)
   at System.Web.Mvc.BuildManagerCompiledView.Render(ViewContext viewContext, TextWriter writer)
   at Umbraco.Core.Profiling.ProfilingView.Render(ViewContext viewContext, TextWriter writer)
   at Umbraco.Web.Mvc.ControllerExtensions.RenderViewResultAsString(ControllerBase controller, ViewResultBase viewResult)
   at Umbraco.Web.Macros.PartialViewMacroEngine.Execute(MacroModel macro, IPublishedContent content)
   at Umbraco.Web.Macros.PartialViewMacroEngine.Execute(MacroModel macro, INode node)
   at umbraco.macro.LoadPartialViewMacro(MacroModel macro)
   at umbraco.macro.renderMacro(Hashtable pageElements, Int32 pageId)
 2016-12-27 11:00:12,801 [P6620/D4/T22] WARN  umbraco.macro - Error loading Partial View (file: ~/Views/MacroPartials/NEWS.cshtml). Exception: System.InvalidOperationException: Cannot return the IPublishedContent because the UmbracoHelper was constructed with an UmbracoContext and the current request is not a front-end request.
   at Umbraco.Web.UmbracoHelper.get_AssignedContentItem()
   at Umbraco.Web.UmbracoHelper.Field(String fieldAlias, String altFieldAlias, String altText, String insertBefore, String insertAfter, Boolean recursive, Boolean convertLineBreaks, Boolean removeParagraphTags, RenderFieldCaseType casing, RenderFieldEncodingType encoding, Boolean formatAsDate, Boolean formatAsDateWithTime, String formatAsDateWithTimeSeparator)
   at ASP._Page_Views_MacroPartials_NEWS_cshtml.Execute() in c:\queengallery\queengallery\Views\MacroPartials\NEWS.cshtml:line 21
   at System.Web.WebPages.WebPageBase.ExecutePageHierarchy()
   at System.Web.Mvc.WebViewPage.ExecutePageHierarchy()
   at System.Web.WebPages.WebPageBase.ExecutePageHierarchy(WebPageContext pageContext, TextWriter writer, WebPageRenderingBase startPage)
   at System.Web.Mvc.RazorView.RenderView(ViewContext viewContext, TextWriter writer, Object instance)
   at System.Web.Mvc.BuildManagerCompiledView.Render(ViewContext viewContext, TextWriter writer)
   at Umbraco.Core.Profiling.ProfilingView.Render(ViewContext viewContext, TextWriter writer)
   at Umbraco.Web.Mvc.ControllerExtensions.RenderViewResultAsString(ControllerBase controller, ViewResultBase viewResult)
   at Umbraco.Web.Macros.PartialViewMacroEngine.Execute(MacroModel macro, IPublishedContent content)
   at Umbraco.Web.Macros.PartialViewMacroEngine.Execute(MacroModel macro, INode node)
   at umbraco.macro.LoadPartialViewMacro(MacroModel macro)
   at umbraco.macro.renderMacro(Hashtable pageElements, Int32 pageId)
 2016-12-27 11:00:16,223 [P6620/D4/T87] INFO  umbraco.content - Save Xml to file...
 2016-12-27 11:00:16,284 [P6620/D4/T87] INFO  umbraco.content - Saved Xml to file.
 2016-12-27 11:02:27,983 [P6620/D4/T51] INFO  Umbraco.Core.PluginManager - Starting resolution types of Umbraco.Web.Trees.TreeController
 2016-12-27 11:02:27,983 [P6620/D4/T51] INFO  Umbraco.Core.PluginManager - Completed resolution of types of Umbraco.Web.Trees.TreeController, found 0 (took 0ms)
 2016-12-27 11:14:18,186 [P6620/D4/T95] INFO  Umbraco.Core.Publishing.PublishingStrategy - Content 'What's On' with Id '1104' has been published.
 2016-12-27 11:14:23,136 [P6620/D4/T91] INFO  umbraco.content - Save Xml to file...
 2016-12-27 11:14:23,155 [P6620/D4/T91] INFO  umbraco.content - Saved Xml to file.
 2016-12-27 11:29:06,437 [P6620/D4/T58] INFO  Umbraco.Core.Logging.OwinLogger - Event Id: 0, state: User logged will be logged out due to timeout: admin@bbl.co.th, IP Address: ::1
 2016-12-27 11:29:12,441 [P6620/D4/T128] INFO  Umbraco.Core.Logging.OwinLogger - Event Id: 0, state: User logged will be logged out due to timeout: admin@bbl.co.th, IP Address: ::1
 2016-12-27 13:36:03,956 [P6620/D4/T179] INFO  Umbraco.Core.Security.BackOfficeSignInManager - Event Id: 0, state: Login attempt succeeded for username admin@bbl.co.th from IP address ::1
 2016-12-27 13:36:03,958 [P6620/D4/T179] INFO  Umbraco.Core.Security.BackOfficeSignInManager - Event Id: 0, state: User: admin@bbl.co.th logged in from IP address ::1
 2016-12-27 13:41:06,687 [P6620/D4/T237] WARN  umbraco.macro - <log4net.Error>Exception during StringFormat: Input string was not in a correct format. <format>Error loading partial view macro (View: ~/Views/MacroPartials/EXHIBITIONS_SIDER.cshtml). Exception: System.Web.HttpParseException (0x80004005): Expected a "{" but found a "YoutubeShow".  Block statements must be enclosed in "{" and "}".  You cannot use single-statement control-flow statements in CSHTML pages. For example, the following is not allowed:

@if(isLoggedIn)
    <p>Hello, @user</p>

Instead, wrap the contents of the block in "{}":

@if(isLoggedIn) {
    <p>Hello, @user</p>
}

   at System.Web.WebPages.Razor.RazorBuildProvider.EnsureGeneratedCode()
   at System.Web.WebPages.Razor.RazorBuildProvider.get_CodeCompilerType()
   at System.Web.Compilation.BuildProvider.GetCompilerTypeFromBuildProvider(BuildProvider buildProvider)
   at System.Web.Compilation.BuildProvidersCompiler.ProcessBuildProviders()
   at System.Web.Compilation.BuildProvidersCompiler.PerformBuild()
   at System.Web.Compilation.BuildManager.CompileWebFile(VirtualPath virtualPath)
   at System.Web.Compilation.BuildManager.GetVPathBuildResultInternal(VirtualPath virtualPath, Boolean noBuild, Boolean allowCrossApp, Boolean allowBuildInPrecompile, Boolean throwIfNotFound, Boolean ensureIsUpToDate)
   at System.Web.Compilation.BuildManager.GetVPathBuildResultWithNoAssert(HttpContext context, VirtualPath virtualPath, Boolean noBuild, Boolean allowCrossApp, Boolean allowBuildInPrecompile, Boolean throwIfNotFound, Boolean ensureIsUpToDate)
   at System.Web.Compilation.BuildManager.GetVirtualPathObjectFactory(VirtualPath virtualPath, HttpContext context, Boolean allowCrossApp, Boolean throwIfNotFound)
   at System.Web.Compilation.BuildManager.GetCompiledType(VirtualPath virtualPath)
   at System.Web.Compilation.BuildManager.GetCompiledType(String virtualPath)
   at System.Web.Mvc.BuildManagerWrapper.System.Web.Mvc.IBuildManager.GetCompiledType(String virtualPath)
   at System.Web.Mvc.BuildManagerCompiledView.Render(ViewContext viewContext, TextWriter writer)
   at Umbraco.Core.Profiling.ProfilingView.Render(ViewContext viewContext, TextWriter writer)
   at Umbraco.Web.Mvc.ControllerExtensions.RenderViewResultAsString(ControllerBase controller, ViewResultBase viewResult)
   at Umbraco.Web.Macros.PartialViewMacroEngine.Execute(MacroModel macro, IPublishedContent content)
   at Umbraco.Web.Macros.PartialViewMacroEngine.Execute(MacroModel macro, INode node)
   at umbraco.macro.LoadPartialViewMacro(MacroModel macro)
   at umbraco.macro.renderMacro(Hashtable pageElements, Int32 pageId)</format><args>{}</args></log4net.Error>
 2016-12-27 13:41:06,693 [P6620/D4/T237] WARN  umbraco.macro - <log4net.Error>Exception during StringFormat: Input string was not in a correct format. <format>Error loading Partial View (file: ~/Views/MacroPartials/EXHIBITIONS_SIDER.cshtml). Exception: System.Web.HttpParseException (0x80004005): Expected a "{" but found a "YoutubeShow".  Block statements must be enclosed in "{" and "}".  You cannot use single-statement control-flow statements in CSHTML pages. For example, the following is not allowed:

@if(isLoggedIn)
    <p>Hello, @user</p>

Instead, wrap the contents of the block in "{}":

@if(isLoggedIn) {
    <p>Hello, @user</p>
}

   at System.Web.WebPages.Razor.RazorBuildProvider.EnsureGeneratedCode()
   at System.Web.WebPages.Razor.RazorBuildProvider.get_CodeCompilerType()
   at System.Web.Compilation.BuildProvider.GetCompilerTypeFromBuildProvider(BuildProvider buildProvider)
   at System.Web.Compilation.BuildProvidersCompiler.ProcessBuildProviders()
   at System.Web.Compilation.BuildProvidersCompiler.PerformBuild()
   at System.Web.Compilation.BuildManager.CompileWebFile(VirtualPath virtualPath)
   at System.Web.Compilation.BuildManager.GetVPathBuildResultInternal(VirtualPath virtualPath, Boolean noBuild, Boolean allowCrossApp, Boolean allowBuildInPrecompile, Boolean throwIfNotFound, Boolean ensureIsUpToDate)
   at System.Web.Compilation.BuildManager.GetVPathBuildResultWithNoAssert(HttpContext context, VirtualPath virtualPath, Boolean noBuild, Boolean allowCrossApp, Boolean allowBuildInPrecompile, Boolean throwIfNotFound, Boolean ensureIsUpToDate)
   at System.Web.Compilation.BuildManager.GetVirtualPathObjectFactory(VirtualPath virtualPath, HttpContext context, Boolean allowCrossApp, Boolean throwIfNotFound)
   at System.Web.Compilation.BuildManager.GetCompiledType(VirtualPath virtualPath)
   at System.Web.Compilation.BuildManager.GetCompiledType(String virtualPath)
   at System.Web.Mvc.BuildManagerWrapper.System.Web.Mvc.IBuildManager.GetCompiledType(String virtualPath)
   at System.Web.Mvc.BuildManagerCompiledView.Render(ViewContext viewContext, TextWriter writer)
   at Umbraco.Core.Profiling.ProfilingView.Render(ViewContext viewContext, TextWriter writer)
   at Umbraco.Web.Mvc.ControllerExtensions.RenderViewResultAsString(ControllerBase controller, ViewResultBase viewResult)
   at Umbraco.Web.Macros.PartialViewMacroEngine.Execute(MacroModel macro, IPublishedContent content)
   at Umbraco.Web.Macros.PartialViewMacroEngine.Execute(MacroModel macro, INode node)
   at umbraco.macro.LoadPartialViewMacro(MacroModel macro)
   at umbraco.macro.renderMacro(Hashtable pageElements, Int32 pageId)</format><args>{}</args></log4net.Error>
 2016-12-27 13:41:59,160 [P6620/D4/T237] INFO  Umbraco.Core.Publishing.PublishingStrategy - Content 'What's On' with Id '1104' has been published.
 2016-12-27 13:42:03,231 [P6620/D4/T168] INFO  umbraco.content - Save Xml to file...
 2016-12-27 13:42:03,281 [P6620/D4/T168] INFO  umbraco.content - Saved Xml to file.
 2016-12-27 13:42:25,740 [P6620/D4/T190] INFO  Umbraco.Web.Scheduling.BackgroundTaskRunner - [ScheduledPublishing] Terminating
 2016-12-27 13:42:25,740 [P6620/D4/T190] INFO  Umbraco.Web.Scheduling.BackgroundTaskRunner - [ScheduledPublishing] Waiting for tasks to complete
 2016-12-27 13:42:25,741 [P6620/D4/T190] INFO  Umbraco.Web.Scheduling.BackgroundTaskRunner - [ScheduledTasks] Terminating
 2016-12-27 13:42:25,741 [P6620/D4/T190] INFO  Umbraco.Web.Scheduling.BackgroundTaskRunner - [ScheduledTasks] Waiting for tasks to complete
 2016-12-27 13:42:25,741 [P6620/D4/T190] INFO  Umbraco.Web.Scheduling.BackgroundTaskRunner - [Umbraco.Web.Scheduling.IBackgroundTask] Terminating
 2016-12-27 13:42:25,741 [P6620/D4/T190] INFO  Umbraco.Web.Scheduling.BackgroundTaskRunner - [Umbraco.Web.Scheduling.IBackgroundTask] Waiting for tasks to complete
 2016-12-27 13:42:25,742 [P6620/D4/T190] INFO  Umbraco.Web.Scheduling.BackgroundTaskRunner - [KeepAlive] Terminating
 2016-12-27 13:42:25,742 [P6620/D4/T190] INFO  Umbraco.Web.Scheduling.BackgroundTaskRunner - [KeepAlive] Waiting for tasks to complete
 2016-12-27 13:42:25,742 [P6620/D4/T162] INFO  Umbraco.Web.Scheduling.BackgroundTaskRunner - [ScheduledTasks] Tasks completed, terminated
 2016-12-27 13:42:25,742 [P6620/D4/T170] INFO  Umbraco.Web.Scheduling.BackgroundTaskRunner - [KeepAlive] Tasks completed, terminated
 2016-12-27 13:42:25,743 [P6620/D4/T173] INFO  Umbraco.Web.Scheduling.BackgroundTaskRunner - [ScheduledPublishing] Tasks completed, terminated
 2016-12-27 13:42:25,743 [P6620/D4/T164] INFO  Umbraco.Web.Scheduling.BackgroundTaskRunner - [Umbraco.Web.Scheduling.IBackgroundTask] Tasks completed, terminated
 2016-12-27 13:42:25,744 [P6620/D4/T190] INFO  Umbraco.Web.Scheduling.BackgroundTaskRunner - [LogScrubber] Terminating
 2016-12-27 13:42:25,744 [P6620/D4/T190] INFO  Umbraco.Web.Scheduling.BackgroundTaskRunner - [LogScrubber] Waiting for tasks to complete
 2016-12-27 13:42:25,745 [P6620/D4/T45] INFO  Umbraco.Web.Scheduling.BackgroundTaskRunner - [LogScrubber] Tasks completed, terminated
 2016-12-27 13:42:35,802 [P6620/D5/T24] INFO  Umbraco.Core.CoreBootManager - Umbraco 7.5.4 application starting on HC-LAB
 2016-12-27 13:42:35,816 [P6620/D5/T24] INFO  Umbraco.Core.PluginManager - Determining hash of code files on disk
 2016-12-27 13:42:35,830 [P6620/D5/T24] INFO  Umbraco.Core.PluginManager - Hash determined (took 14ms)
 2016-12-27 13:42:35,957 [P6620/D5/T24] INFO  Umbraco.Core.PluginManager - Starting resolution types of umbraco.interfaces.IApplicationStartupHandler
 2016-12-27 13:42:36,027 [P6620/D5/T24] INFO  Umbraco.Core.PluginManager - Completed resolution of types of umbraco.interfaces.IApplicationStartupHandler, found 0 (took 69ms)
 2016-12-27 13:42:36,084 [P6620/D5/T24] INFO  Umbraco.Core.PluginManager - Starting resolution types of Umbraco.Core.PropertyEditors.IPropertyEditorValueConverter
 2016-12-27 13:42:36,085 [P6620/D5/T24] INFO  Umbraco.Core.PluginManager - Completed resolution of types of Umbraco.Core.PropertyEditors.IPropertyEditorValueConverter, found 0 (took 0ms)
 2016-12-27 13:42:36,085 [P6620/D5/T24] INFO  Umbraco.Core.PluginManager - Starting resolution types of Umbraco.Core.PropertyEditors.IPropertyValueConverter
 2016-12-27 13:42:36,088 [P6620/D5/T24] INFO  Umbraco.Core.PluginManager - Completed resolution of types of Umbraco.Core.PropertyEditors.IPropertyValueConverter, found 0 (took 2ms)
 2016-12-27 13:42:36,094 [P6620/D5/T24] INFO  Umbraco.Core.PluginManager - Starting resolution types of Umbraco.Web.Mvc.SurfaceController
 2016-12-27 13:42:36,104 [P6620/D5/T24] INFO  Umbraco.Core.PluginManager - Completed resolution of types of Umbraco.Web.Mvc.SurfaceController, found 0 (took 9ms)
 2016-12-27 13:42:36,105 [P6620/D5/T24] INFO  Umbraco.Core.PluginManager - Starting resolution types of Umbraco.Web.WebApi.UmbracoApiController
 2016-12-27 13:42:36,112 [P6620/D5/T24] INFO  Umbraco.Core.PluginManager - Completed resolution of types of Umbraco.Web.WebApi.UmbracoApiController, found 0 (took 6ms)
 2016-12-27 13:42:36,220 [P6620/D5/T24] INFO  Umbraco.Core.PluginManager - Starting resolution types of Umbraco.Core.Media.IThumbnailProvider
 2016-12-27 13:42:36,221 [P6620/D5/T24] INFO  Umbraco.Core.PluginManager - Completed resolution of types of Umbraco.Core.Media.IThumbnailProvider, found 0 (took 1ms)
 2016-12-27 13:42:36,221 [P6620/D5/T24] INFO  Umbraco.Core.PluginManager - Starting resolution types of Umbraco.Core.Media.IImageUrlProvider
 2016-12-27 13:42:36,224 [P6620/D5/T24] INFO  Umbraco.Core.PluginManager - Completed resolution of types of Umbraco.Core.Media.IImageUrlProvider, found 0 (took 3ms)
 2016-12-27 13:42:37,377 [P6620/D5/T24] INFO  Umbraco.Core.DatabaseContext - CanConnect = True
 2016-12-27 13:42:37,615 [P6620/D5/T24] INFO  Umbraco.Core.DatabaseContext - CanConnect = True
 2016-12-27 13:42:37,638 [P6620/D5/T24] INFO  Umbraco.Core.DatabaseContext - CanConnect = True
 2016-12-27 13:42:37,659 [P6620/D5/T24] INFO  Umbraco.Web.Cache.CacheRefresherEventHandler - Initializing Umbraco internal event handlers for cache refreshing
 2016-12-27 13:42:37,785 [P6620/D5/T24] INFO  Umbraco.Web.Search.ExamineEvents - Initializing Examine and binding to business logic events
 2016-12-27 13:42:37,785 [P6620/D5/T24] INFO  Umbraco.Web.Search.ExamineEvents - Adding examine event handlers for index providers: 3
 2016-12-27 13:42:37,795 [P6620/D5/T24] INFO  Umbraco.Core.CoreBootManager - Umbraco application startup complete (took 2062ms)
 2016-12-27 13:42:38,719 [P6620/D5/T237] INFO  Umbraco.Core.Sync.ApplicationUrlHelper - ApplicationUrl: http://localhost:17606/umbraco (UmbracoModule request)
 2016-12-27 13:42:55,820 [P6620/D4/T190] INFO  Umbraco.Core.UmbracoApplicationBase - Application shutdown. Details: MaxRecompilationsReached

_shutDownMessage=Recompilation limit of 15 reached
HostingEnvironment initiated shutdown
HostingEnvironment caused shutdown

_shutDownStack=   at System.Environment.GetStackTrace(Exception e, Boolean needFileInfo)
   at System.Environment.get_StackTrace()
   at System.Web.Hosting.HostingEnvironment.InitiateShutdownInternal()
   at System.Web.Hosting.HostingEnvironment.InitiateShutdownWithoutDemand()
   at System.Web.HttpRuntime.ShutdownAppDomain(String stackTrace)
   at System.Web.Compilation.DiskBuildResultCache.ShutdownCallBack(Object state)
   at System.Threading.QueueUserWorkItemCallback.WaitCallback_Context(Object state)
   at System.Threading.ExecutionContext.RunInternal(ExecutionContext executionContext, ContextCallback callback, Object state, Boolean preserveSyncCtx)
   at System.Threading.ExecutionContext.Run(ExecutionContext executionContext, ContextCallback callback, Object state, Boolean preserveSyncCtx)
   at System.Threading.QueueUserWorkItemCallback.System.Threading.IThreadPoolWorkItem.ExecuteWorkItem()
   at System.Threading.ThreadPoolWorkQueue.Dispatch()
   at System.Threading._ThreadPoolWaitCallback.PerformWaitCallback()
 2016-12-27 13:42:56,438 [P6620/D5/T31] INFO  umbraco.content - Load Xml from file...
 2016-12-27 13:42:56,446 [P6620/D5/T31] INFO  umbraco.content - Loaded Xml from file.
 2016-12-27 13:42:56,521 [P6620/D5/T31] INFO  Umbraco.Core.PluginManager - Starting resolution types of umbraco.interfaces.ICacheRefresher
 2016-12-27 13:42:56,522 [P6620/D5/T31] INFO  Umbraco.Core.PluginManager - Completed resolution of types of umbraco.interfaces.ICacheRefresher, found 0 (took 1ms)
 2016-12-27 13:42:57,229 [P6620/D5/T31] INFO  Umbraco.Core.PluginManager - Starting resolution types of Umbraco.Core.PropertyEditors.IParameterEditor
 2016-12-27 13:42:57,234 [P6620/D5/T31] INFO  Umbraco.Core.PluginManager - Completed resolution of types of Umbraco.Core.PropertyEditors.IParameterEditor, found 0 (took 4ms)
 2016-12-27 13:43:02,684 [P6620/D5/T160] INFO  umbraco.content - Save Xml to file...
 2016-12-27 13:43:02,737 [P6620/D5/T160] INFO  umbraco.content - Saved Xml to file.
 2016-12-27 13:43:07,952 [P6620/D5/T31] INFO  Umbraco.Core.PluginManager - Starting resolution types of Umbraco.Core.Persistence.Mappers.BaseMapper
 2016-12-27 13:43:07,955 [P6620/D5/T31] INFO  Umbraco.Core.PluginManager - Completed resolution of types of Umbraco.Core.Persistence.Mappers.BaseMapper, found 0 (took 2ms)
 2016-12-27 13:43:08,204 [P6620/D5/T31] INFO  Umbraco.Core.PluginManager - Starting resolution types of Umbraco.Core.PropertyEditors.IParameterEditor
 2016-12-27 13:43:08,204 [P6620/D5/T31] INFO  Umbraco.Core.PluginManager - Completed resolution of types of Umbraco.Core.PropertyEditors.IParameterEditor, found 0 (took 0ms)
 2016-12-27 13:43:08,240 [P6620/D5/T31] INFO  Umbraco.Core.PluginManager - Starting resolution types of umbraco.cms.businesslogic.macro.IMacroEngine
 2016-12-27 13:43:08,241 [P6620/D5/T31] INFO  Umbraco.Core.PluginManager - Completed resolution of types of umbraco.cms.businesslogic.macro.IMacroEngine, found 0 (took 1ms)
 2016-12-27 13:43:57,547 [P6620/D5/T173] INFO  umbraco.BusinessLogic.Log - Log scrubbed.  Removed all items older than 2016-12-26 13:43:57
 2016-12-27 13:48:37,336 [P6620/D5/T353] WARN  umbraco.macro - Error loading partial view macro (View: ~/Views/MacroPartials/EXHIBITIONS_SIDER.cshtml). Exception: System.Web.HttpCompileException (0x80004005): c:\queengallery\queengallery\Views\MacroPartials\EXHIBITIONS_SIDER.cshtml(97): error CS0103: The name 'itemID' does not exist in the current context
   at System.Web.Compilation.AssemblyBuilder.Compile()
   at System.Web.Compilation.BuildProvidersCompiler.PerformBuild()
   at System.Web.Compilation.BuildManager.CompileWebFile(VirtualPath virtualPath)
   at System.Web.Compilation.BuildManager.GetVPathBuildResultInternal(VirtualPath virtualPath, Boolean noBuild, Boolean allowCrossApp, Boolean allowBuildInPrecompile, Boolean throwIfNotFound, Boolean ensureIsUpToDate)
   at System.Web.Compilation.BuildManager.GetVPathBuildResultWithNoAssert(HttpContext context, VirtualPath virtualPath, Boolean noBuild, Boolean allowCrossApp, Boolean allowBuildInPrecompile, Boolean throwIfNotFound, Boolean ensureIsUpToDate)
   at System.Web.Compilation.BuildManager.GetVirtualPathObjectFactory(VirtualPath virtualPath, HttpContext context, Boolean allowCrossApp, Boolean throwIfNotFound)
   at System.Web.Compilation.BuildManager.GetCompiledType(VirtualPath virtualPath)
   at System.Web.Compilation.BuildManager.GetCompiledType(String virtualPath)
   at System.Web.Mvc.BuildManagerWrapper.System.Web.Mvc.IBuildManager.GetCompiledType(String virtualPath)
   at System.Web.Mvc.BuildManagerCompiledView.Render(ViewContext viewContext, TextWriter writer)
   at Umbraco.Core.Profiling.ProfilingView.Render(ViewContext viewContext, TextWriter writer)
   at Umbraco.Web.Mvc.ControllerExtensions.RenderViewResultAsString(ControllerBase controller, ViewResultBase viewResult)
   at Umbraco.Web.Macros.PartialViewMacroEngine.Execute(MacroModel macro, IPublishedContent content)
   at Umbraco.Web.Macros.PartialViewMacroEngine.Execute(MacroModel macro, INode node)
   at umbraco.macro.LoadPartialViewMacro(MacroModel macro)
   at umbraco.macro.renderMacro(Hashtable pageElements, Int32 pageId)
 2016-12-27 13:48:37,337 [P6620/D5/T353] WARN  umbraco.macro - Error loading Partial View (file: ~/Views/MacroPartials/EXHIBITIONS_SIDER.cshtml). Exception: System.Web.HttpCompileException (0x80004005): c:\queengallery\queengallery\Views\MacroPartials\EXHIBITIONS_SIDER.cshtml(97): error CS0103: The name 'itemID' does not exist in the current context
   at System.Web.Compilation.AssemblyBuilder.Compile()
   at System.Web.Compilation.BuildProvidersCompiler.PerformBuild()
   at System.Web.Compilation.BuildManager.CompileWebFile(VirtualPath virtualPath)
   at System.Web.Compilation.BuildManager.GetVPathBuildResultInternal(VirtualPath virtualPath, Boolean noBuild, Boolean allowCrossApp, Boolean allowBuildInPrecompile, Boolean throwIfNotFound, Boolean ensureIsUpToDate)
   at System.Web.Compilation.BuildManager.GetVPathBuildResultWithNoAssert(HttpContext context, VirtualPath virtualPath, Boolean noBuild, Boolean allowCrossApp, Boolean allowBuildInPrecompile, Boolean throwIfNotFound, Boolean ensureIsUpToDate)
   at System.Web.Compilation.BuildManager.GetVirtualPathObjectFactory(VirtualPath virtualPath, HttpContext context, Boolean allowCrossApp, Boolean throwIfNotFound)
   at System.Web.Compilation.BuildManager.GetCompiledType(VirtualPath virtualPath)
   at System.Web.Compilation.BuildManager.GetCompiledType(String virtualPath)
   at System.Web.Mvc.BuildManagerWrapper.System.Web.Mvc.IBuildManager.GetCompiledType(String virtualPath)
   at System.Web.Mvc.BuildManagerCompiledView.Render(ViewContext viewContext, TextWriter writer)
   at Umbraco.Core.Profiling.ProfilingView.Render(ViewContext viewContext, TextWriter writer)
   at Umbraco.Web.Mvc.ControllerExtensions.RenderViewResultAsString(ControllerBase controller, ViewResultBase viewResult)
   at Umbraco.Web.Macros.PartialViewMacroEngine.Execute(MacroModel macro, IPublishedContent content)
   at Umbraco.Web.Macros.PartialViewMacroEngine.Execute(MacroModel macro, INode node)
   at umbraco.macro.LoadPartialViewMacro(MacroModel macro)
   at umbraco.macro.renderMacro(Hashtable pageElements, Int32 pageId)
 2016-12-27 13:50:05,507 [P6620/D5/T323] WARN  umbraco.macro - <log4net.Error>Exception during StringFormat: Input string was not in a correct format. <format>Error loading partial view macro (View: ~/Views/MacroPartials/EXHIBITIONS_SIDER.cshtml). Exception: System.Web.HttpParseException (0x80004005): Expected a "{" but found a "}".  Block statements must be enclosed in "{" and "}".  You cannot use single-statement control-flow statements in CSHTML pages. For example, the following is not allowed:

@if(isLoggedIn)
    <p>Hello, @user</p>

Instead, wrap the contents of the block in "{}":

@if(isLoggedIn) {
    <p>Hello, @user</p>
}

   at System.Web.WebPages.Razor.RazorBuildProvider.EnsureGeneratedCode()
   at System.Web.WebPages.Razor.RazorBuildProvider.get_CodeCompilerType()
   at System.Web.Compilation.BuildProvider.GetCompilerTypeFromBuildProvider(BuildProvider buildProvider)
   at System.Web.Compilation.BuildProvidersCompiler.ProcessBuildProviders()
   at System.Web.Compilation.BuildProvidersCompiler.PerformBuild()
   at System.Web.Compilation.BuildManager.CompileWebFile(VirtualPath virtualPath)
   at System.Web.Compilation.BuildManager.GetVPathBuildResultInternal(VirtualPath virtualPath, Boolean noBuild, Boolean allowCrossApp, Boolean allowBuildInPrecompile, Boolean throwIfNotFound, Boolean ensureIsUpToDate)
   at System.Web.Compilation.BuildManager.GetVPathBuildResultWithNoAssert(HttpContext context, VirtualPath virtualPath, Boolean noBuild, Boolean allowCrossApp, Boolean allowBuildInPrecompile, Boolean throwIfNotFound, Boolean ensureIsUpToDate)
   at System.Web.Compilation.BuildManager.GetVirtualPathObjectFactory(VirtualPath virtualPath, HttpContext context, Boolean allowCrossApp, Boolean throwIfNotFound)
   at System.Web.Compilation.BuildManager.GetCompiledType(VirtualPath virtualPath)
   at System.Web.Compilation.BuildManager.GetCompiledType(String virtualPath)
   at System.Web.Mvc.BuildManagerWrapper.System.Web.Mvc.IBuildManager.GetCompiledType(String virtualPath)
   at System.Web.Mvc.BuildManagerCompiledView.Render(ViewContext viewContext, TextWriter writer)
   at Umbraco.Core.Profiling.ProfilingView.Render(ViewContext viewContext, TextWriter writer)
   at Umbraco.Web.Mvc.ControllerExtensions.RenderViewResultAsString(ControllerBase controller, ViewResultBase viewResult)
   at Umbraco.Web.Macros.PartialViewMacroEngine.Execute(MacroModel macro, IPublishedContent content)
   at Umbraco.Web.Macros.PartialViewMacroEngine.Execute(MacroModel macro, INode node)
   at umbraco.macro.LoadPartialViewMacro(MacroModel macro)
   at umbraco.macro.renderMacro(Hashtable pageElements, Int32 pageId)</format><args>{}</args></log4net.Error>
 2016-12-27 13:50:05,511 [P6620/D5/T323] WARN  umbraco.macro - <log4net.Error>Exception during StringFormat: Input string was not in a correct format. <format>Error loading Partial View (file: ~/Views/MacroPartials/EXHIBITIONS_SIDER.cshtml). Exception: System.Web.HttpParseException (0x80004005): Expected a "{" but found a "}".  Block statements must be enclosed in "{" and "}".  You cannot use single-statement control-flow statements in CSHTML pages. For example, the following is not allowed:

@if(isLoggedIn)
    <p>Hello, @user</p>

Instead, wrap the contents of the block in "{}":

@if(isLoggedIn) {
    <p>Hello, @user</p>
}

   at System.Web.WebPages.Razor.RazorBuildProvider.EnsureGeneratedCode()
   at System.Web.WebPages.Razor.RazorBuildProvider.get_CodeCompilerType()
   at System.Web.Compilation.BuildProvider.GetCompilerTypeFromBuildProvider(BuildProvider buildProvider)
   at System.Web.Compilation.BuildProvidersCompiler.ProcessBuildProviders()
   at System.Web.Compilation.BuildProvidersCompiler.PerformBuild()
   at System.Web.Compilation.BuildManager.CompileWebFile(VirtualPath virtualPath)
   at System.Web.Compilation.BuildManager.GetVPathBuildResultInternal(VirtualPath virtualPath, Boolean noBuild, Boolean allowCrossApp, Boolean allowBuildInPrecompile, Boolean throwIfNotFound, Boolean ensureIsUpToDate)
   at System.Web.Compilation.BuildManager.GetVPathBuildResultWithNoAssert(HttpContext context, VirtualPath virtualPath, Boolean noBuild, Boolean allowCrossApp, Boolean allowBuildInPrecompile, Boolean throwIfNotFound, Boolean ensureIsUpToDate)
   at System.Web.Compilation.BuildManager.GetVirtualPathObjectFactory(VirtualPath virtualPath, HttpContext context, Boolean allowCrossApp, Boolean throwIfNotFound)
   at System.Web.Compilation.BuildManager.GetCompiledType(VirtualPath virtualPath)
   at System.Web.Compilation.BuildManager.GetCompiledType(String virtualPath)
   at System.Web.Mvc.BuildManagerWrapper.System.Web.Mvc.IBuildManager.GetCompiledType(String virtualPath)
   at System.Web.Mvc.BuildManagerCompiledView.Render(ViewContext viewContext, TextWriter writer)
   at Umbraco.Core.Profiling.ProfilingView.Render(ViewContext viewContext, TextWriter writer)
   at Umbraco.Web.Mvc.ControllerExtensions.RenderViewResultAsString(ControllerBase controller, ViewResultBase viewResult)
   at Umbraco.Web.Macros.PartialViewMacroEngine.Execute(MacroModel macro, IPublishedContent content)
   at Umbraco.Web.Macros.PartialViewMacroEngine.Execute(MacroModel macro, INode node)
   at umbraco.macro.LoadPartialViewMacro(MacroModel macro)
   at umbraco.macro.renderMacro(Hashtable pageElements, Int32 pageId)</format><args>{}</args></log4net.Error>
 2016-12-27 13:50:43,857 [P6620/D5/T323] WARN  umbraco.macro - <log4net.Error>Exception during StringFormat: Input string was not in a correct format. <format>Error loading partial view macro (View: ~/Views/MacroPartials/EXHIBITIONS_SIDER.cshtml). Exception: System.Web.HttpParseException (0x80004005): Expected a "{" but found a "}".  Block statements must be enclosed in "{" and "}".  You cannot use single-statement control-flow statements in CSHTML pages. For example, the following is not allowed:

@if(isLoggedIn)
    <p>Hello, @user</p>

Instead, wrap the contents of the block in "{}":

@if(isLoggedIn) {
    <p>Hello, @user</p>
}

   at System.Web.WebPages.Razor.RazorBuildProvider.EnsureGeneratedCode()
   at System.Web.WebPages.Razor.RazorBuildProvider.get_CodeCompilerType()
   at System.Web.Compilation.BuildProvider.GetCompilerTypeFromBuildProvider(BuildProvider buildProvider)
   at System.Web.Compilation.BuildProvidersCompiler.ProcessBuildProviders()
   at System.Web.Compilation.BuildProvidersCompiler.PerformBuild()
   at System.Web.Compilation.BuildManager.CompileWebFile(VirtualPath virtualPath)
   at System.Web.Compilation.BuildManager.GetVPathBuildResultInternal(VirtualPath virtualPath, Boolean noBuild, Boolean allowCrossApp, Boolean allowBuildInPrecompile, Boolean throwIfNotFound, Boolean ensureIsUpToDate)
   at System.Web.Compilation.BuildManager.GetVPathBuildResultWithNoAssert(HttpContext context, VirtualPath virtualPath, Boolean noBuild, Boolean allowCrossApp, Boolean allowBuildInPrecompile, Boolean throwIfNotFound, Boolean ensureIsUpToDate)
   at System.Web.Compilation.BuildManager.GetVirtualPathObjectFactory(VirtualPath virtualPath, HttpContext context, Boolean allowCrossApp, Boolean throwIfNotFound)
   at System.Web.Compilation.BuildManager.GetCompiledType(VirtualPath virtualPath)
   at System.Web.Compilation.BuildManager.GetCompiledType(String virtualPath)
   at System.Web.Mvc.BuildManagerWrapper.System.Web.Mvc.IBuildManager.GetCompiledType(String virtualPath)
   at System.Web.Mvc.BuildManagerCompiledView.Render(ViewContext viewContext, TextWriter writer)
   at Umbraco.Core.Profiling.ProfilingView.Render(ViewContext viewContext, TextWriter writer)
   at Umbraco.Web.Mvc.ControllerExtensions.RenderViewResultAsString(ControllerBase controller, ViewResultBase viewResult)
   at Umbraco.Web.Macros.PartialViewMacroEngine.Execute(MacroModel macro, IPublishedContent content)
   at Umbraco.Web.Macros.PartialViewMacroEngine.Execute(MacroModel macro, INode node)
   at umbraco.macro.LoadPartialViewMacro(MacroModel macro)
   at umbraco.macro.renderMacro(Hashtable pageElements, Int32 pageId)</format><args>{}</args></log4net.Error>
 2016-12-27 13:50:43,858 [P6620/D5/T323] WARN  umbraco.macro - <log4net.Error>Exception during StringFormat: Input string was not in a correct format. <format>Error loading Partial View (file: ~/Views/MacroPartials/EXHIBITIONS_SIDER.cshtml). Exception: System.Web.HttpParseException (0x80004005): Expected a "{" but found a "}".  Block statements must be enclosed in "{" and "}".  You cannot use single-statement control-flow statements in CSHTML pages. For example, the following is not allowed:

@if(isLoggedIn)
    <p>Hello, @user</p>

Instead, wrap the contents of the block in "{}":

@if(isLoggedIn) {
    <p>Hello, @user</p>
}

   at System.Web.WebPages.Razor.RazorBuildProvider.EnsureGeneratedCode()
   at System.Web.WebPages.Razor.RazorBuildProvider.get_CodeCompilerType()
   at System.Web.Compilation.BuildProvider.GetCompilerTypeFromBuildProvider(BuildProvider buildProvider)
   at System.Web.Compilation.BuildProvidersCompiler.ProcessBuildProviders()
   at System.Web.Compilation.BuildProvidersCompiler.PerformBuild()
   at System.Web.Compilation.BuildManager.CompileWebFile(VirtualPath virtualPath)
   at System.Web.Compilation.BuildManager.GetVPathBuildResultInternal(VirtualPath virtualPath, Boolean noBuild, Boolean allowCrossApp, Boolean allowBuildInPrecompile, Boolean throwIfNotFound, Boolean ensureIsUpToDate)
   at System.Web.Compilation.BuildManager.GetVPathBuildResultWithNoAssert(HttpContext context, VirtualPath virtualPath, Boolean noBuild, Boolean allowCrossApp, Boolean allowBuildInPrecompile, Boolean throwIfNotFound, Boolean ensureIsUpToDate)
   at System.Web.Compilation.BuildManager.GetVirtualPathObjectFactory(VirtualPath virtualPath, HttpContext context, Boolean allowCrossApp, Boolean throwIfNotFound)
   at System.Web.Compilation.BuildManager.GetCompiledType(VirtualPath virtualPath)
   at System.Web.Compilation.BuildManager.GetCompiledType(String virtualPath)
   at System.Web.Mvc.BuildManagerWrapper.System.Web.Mvc.IBuildManager.GetCompiledType(String virtualPath)
   at System.Web.Mvc.BuildManagerCompiledView.Render(ViewContext viewContext, TextWriter writer)
   at Umbraco.Core.Profiling.ProfilingView.Render(ViewContext viewContext, TextWriter writer)
   at Umbraco.Web.Mvc.ControllerExtensions.RenderViewResultAsString(ControllerBase controller, ViewResultBase viewResult)
   at Umbraco.Web.Macros.PartialViewMacroEngine.Execute(MacroModel macro, IPublishedContent content)
   at Umbraco.Web.Macros.PartialViewMacroEngine.Execute(MacroModel macro, INode node)
   at umbraco.macro.LoadPartialViewMacro(MacroModel macro)
   at umbraco.macro.renderMacro(Hashtable pageElements, Int32 pageId)</format><args>{}</args></log4net.Error>
 2016-12-27 13:52:57,638 [P6620/D5/T181] WARN  umbraco.macro - Error loading partial view macro (View: ~/Views/MacroPartials/EXHIBITIONS_SIDER.cshtml). Exception: System.Web.HttpCompileException (0x80004005): c:\queengallery\queengallery\Views\MacroPartials\EXHIBITIONS_SIDER.cshtml(101): error CS0103: The name 'itemID' does not exist in the current context
   at System.Web.Compilation.AssemblyBuilder.Compile()
   at System.Web.Compilation.BuildProvidersCompiler.PerformBuild()
   at System.Web.Compilation.BuildManager.CompileWebFile(VirtualPath virtualPath)
   at System.Web.Compilation.BuildManager.GetVPathBuildResultInternal(VirtualPath virtualPath, Boolean noBuild, Boolean allowCrossApp, Boolean allowBuildInPrecompile, Boolean throwIfNotFound, Boolean ensureIsUpToDate)
   at System.Web.Compilation.BuildManager.GetVPathBuildResultWithNoAssert(HttpContext context, VirtualPath virtualPath, Boolean noBuild, Boolean allowCrossApp, Boolean allowBuildInPrecompile, Boolean throwIfNotFound, Boolean ensureIsUpToDate)
   at System.Web.Compilation.BuildManager.GetVirtualPathObjectFactory(VirtualPath virtualPath, HttpContext context, Boolean allowCrossApp, Boolean throwIfNotFound)
   at System.Web.Compilation.BuildManager.GetCompiledType(VirtualPath virtualPath)
   at System.Web.Compilation.BuildManager.GetCompiledType(String virtualPath)
   at System.Web.Mvc.BuildManagerWrapper.System.Web.Mvc.IBuildManager.GetCompiledType(String virtualPath)
   at System.Web.Mvc.BuildManagerCompiledView.Render(ViewContext viewContext, TextWriter writer)
   at Umbraco.Core.Profiling.ProfilingView.Render(ViewContext viewContext, TextWriter writer)
   at Umbraco.Web.Mvc.ControllerExtensions.RenderViewResultAsString(ControllerBase controller, ViewResultBase viewResult)
   at Umbraco.Web.Macros.PartialViewMacroEngine.Execute(MacroModel macro, IPublishedContent content)
   at Umbraco.Web.Macros.PartialViewMacroEngine.Execute(MacroModel macro, INode node)
   at umbraco.macro.LoadPartialViewMacro(MacroModel macro)
   at umbraco.macro.renderMacro(Hashtable pageElements, Int32 pageId)
 2016-12-27 13:52:57,638 [P6620/D5/T181] WARN  umbraco.macro - Error loading Partial View (file: ~/Views/MacroPartials/EXHIBITIONS_SIDER.cshtml). Exception: System.Web.HttpCompileException (0x80004005): c:\queengallery\queengallery\Views\MacroPartials\EXHIBITIONS_SIDER.cshtml(101): error CS0103: The name 'itemID' does not exist in the current context
   at System.Web.Compilation.AssemblyBuilder.Compile()
   at System.Web.Compilation.BuildProvidersCompiler.PerformBuild()
   at System.Web.Compilation.BuildManager.CompileWebFile(VirtualPath virtualPath)
   at System.Web.Compilation.BuildManager.GetVPathBuildResultInternal(VirtualPath virtualPath, Boolean noBuild, Boolean allowCrossApp, Boolean allowBuildInPrecompile, Boolean throwIfNotFound, Boolean ensureIsUpToDate)
   at System.Web.Compilation.BuildManager.GetVPathBuildResultWithNoAssert(HttpContext context, VirtualPath virtualPath, Boolean noBuild, Boolean allowCrossApp, Boolean allowBuildInPrecompile, Boolean throwIfNotFound, Boolean ensureIsUpToDate)
   at System.Web.Compilation.BuildManager.GetVirtualPathObjectFactory(VirtualPath virtualPath, HttpContext context, Boolean allowCrossApp, Boolean throwIfNotFound)
   at System.Web.Compilation.BuildManager.GetCompiledType(VirtualPath virtualPath)
   at System.Web.Compilation.BuildManager.GetCompiledType(String virtualPath)
   at System.Web.Mvc.BuildManagerWrapper.System.Web.Mvc.IBuildManager.GetCompiledType(String virtualPath)
   at System.Web.Mvc.BuildManagerCompiledView.Render(ViewContext viewContext, TextWriter writer)
   at Umbraco.Core.Profiling.ProfilingView.Render(ViewContext viewContext, TextWriter writer)
   at Umbraco.Web.Mvc.ControllerExtensions.RenderViewResultAsString(ControllerBase controller, ViewResultBase viewResult)
   at Umbraco.Web.Macros.PartialViewMacroEngine.Execute(MacroModel macro, IPublishedContent content)
   at Umbraco.Web.Macros.PartialViewMacroEngine.Execute(MacroModel macro, INode node)
   at umbraco.macro.LoadPartialViewMacro(MacroModel macro)
   at umbraco.macro.renderMacro(Hashtable pageElements, Int32 pageId)
 2016-12-27 13:54:12,923 [P6620/D5/T190] WARN  umbraco.macro - Error loading partial view macro (View: ~/Views/MacroPartials/EXHIBITIONS_SIDER.cshtml). Exception: System.Web.HttpCompileException (0x80004005): c:\queengallery\queengallery\Views\MacroPartials\EXHIBITIONS_SIDER.cshtml(101): error CS0103: The name 'itemID' does not exist in the current context
   at System.Web.Compilation.AssemblyBuilder.Compile()
   at System.Web.Compilation.BuildProvidersCompiler.PerformBuild()
   at System.Web.Compilation.BuildManager.CompileWebFile(VirtualPath virtualPath)
   at System.Web.Compilation.BuildManager.GetVPathBuildResultInternal(VirtualPath virtualPath, Boolean noBuild, Boolean allowCrossApp, Boolean allowBuildInPrecompile, Boolean throwIfNotFound, Boolean ensureIsUpToDate)
   at System.Web.Compilation.BuildManager.GetVPathBuildResultWithNoAssert(HttpContext context, VirtualPath virtualPath, Boolean noBuild, Boolean allowCrossApp, Boolean allowBuildInPrecompile, Boolean throwIfNotFound, Boolean ensureIsUpToDate)
   at System.Web.Compilation.BuildManager.GetVirtualPathObjectFactory(VirtualPath virtualPath, HttpContext context, Boolean allowCrossApp, Boolean throwIfNotFound)
   at System.Web.Compilation.BuildManager.GetCompiledType(VirtualPath virtualPath)
   at System.Web.Compilation.BuildManager.GetCompiledType(String virtualPath)
   at System.Web.Mvc.BuildManagerWrapper.System.Web.Mvc.IBuildManager.GetCompiledType(String virtualPath)
   at System.Web.Mvc.BuildManagerCompiledView.Render(ViewContext viewContext, TextWriter writer)
   at Umbraco.Core.Profiling.ProfilingView.Render(ViewContext viewContext, TextWriter writer)
   at Umbraco.Web.Mvc.ControllerExtensions.RenderViewResultAsString(ControllerBase controller, ViewResultBase viewResult)
   at Umbraco.Web.Macros.PartialViewMacroEngine.Execute(MacroModel macro, IPublishedContent content)
   at Umbraco.Web.Macros.PartialViewMacroEngine.Execute(MacroModel macro, INode node)
   at umbraco.macro.LoadPartialViewMacro(MacroModel macro)
   at umbraco.macro.renderMacro(Hashtable pageElements, Int32 pageId)
 2016-12-27 13:54:12,924 [P6620/D5/T190] WARN  umbraco.macro - Error loading Partial View (file: ~/Views/MacroPartials/EXHIBITIONS_SIDER.cshtml). Exception: System.Web.HttpCompileException (0x80004005): c:\queengallery\queengallery\Views\MacroPartials\EXHIBITIONS_SIDER.cshtml(101): error CS0103: The name 'itemID' does not exist in the current context
   at System.Web.Compilation.AssemblyBuilder.Compile()
   at System.Web.Compilation.BuildProvidersCompiler.PerformBuild()
   at System.Web.Compilation.BuildManager.CompileWebFile(VirtualPath virtualPath)
   at System.Web.Compilation.BuildManager.GetVPathBuildResultInternal(VirtualPath virtualPath, Boolean noBuild, Boolean allowCrossApp, Boolean allowBuildInPrecompile, Boolean throwIfNotFound, Boolean ensureIsUpToDate)
   at System.Web.Compilation.BuildManager.GetVPathBuildResultWithNoAssert(HttpContext context, VirtualPath virtualPath, Boolean noBuild, Boolean allowCrossApp, Boolean allowBuildInPrecompile, Boolean throwIfNotFound, Boolean ensureIsUpToDate)
   at System.Web.Compilation.BuildManager.GetVirtualPathObjectFactory(VirtualPath virtualPath, HttpContext context, Boolean allowCrossApp, Boolean throwIfNotFound)
   at System.Web.Compilation.BuildManager.GetCompiledType(VirtualPath virtualPath)
   at System.Web.Compilation.BuildManager.GetCompiledType(String virtualPath)
   at System.Web.Mvc.BuildManagerWrapper.System.Web.Mvc.IBuildManager.GetCompiledType(String virtualPath)
   at System.Web.Mvc.BuildManagerCompiledView.Render(ViewContext viewContext, TextWriter writer)
   at Umbraco.Core.Profiling.ProfilingView.Render(ViewContext viewContext, TextWriter writer)
   at Umbraco.Web.Mvc.ControllerExtensions.RenderViewResultAsString(ControllerBase controller, ViewResultBase viewResult)
   at Umbraco.Web.Macros.PartialViewMacroEngine.Execute(MacroModel macro, IPublishedContent content)
   at Umbraco.Web.Macros.PartialViewMacroEngine.Execute(MacroModel macro, INode node)
   at umbraco.macro.LoadPartialViewMacro(MacroModel macro)
   at umbraco.macro.renderMacro(Hashtable pageElements, Int32 pageId)
 2016-12-27 13:54:36,102 [P6620/D5/T190] WARN  umbraco.macro - Error loading partial view macro (View: ~/Views/MacroPartials/EXHIBITIONS_SIDER.cshtml). Exception: System.Web.HttpCompileException (0x80004005): c:\queengallery\queengallery\Views\MacroPartials\EXHIBITIONS_SIDER.cshtml(82): error CS0103: The name 'itemID' does not exist in the current context
   at System.Web.Compilation.AssemblyBuilder.Compile()
   at System.Web.Compilation.BuildProvidersCompiler.PerformBuild()
   at System.Web.Compilation.BuildManager.CompileWebFile(VirtualPath virtualPath)
   at System.Web.Compilation.BuildManager.GetVPathBuildResultInternal(VirtualPath virtualPath, Boolean noBuild, Boolean allowCrossApp, Boolean allowBuildInPrecompile, Boolean throwIfNotFound, Boolean ensureIsUpToDate)
   at System.Web.Compilation.BuildManager.GetVPathBuildResultWithNoAssert(HttpContext context, VirtualPath virtualPath, Boolean noBuild, Boolean allowCrossApp, Boolean allowBuildInPrecompile, Boolean throwIfNotFound, Boolean ensureIsUpToDate)
   at System.Web.Compilation.BuildManager.GetVirtualPathObjectFactory(VirtualPath virtualPath, HttpContext context, Boolean allowCrossApp, Boolean throwIfNotFound)
   at System.Web.Compilation.BuildManager.GetCompiledType(VirtualPath virtualPath)
   at System.Web.Compilation.BuildManager.GetCompiledType(String virtualPath)
   at System.Web.Mvc.BuildManagerWrapper.System.Web.Mvc.IBuildManager.GetCompiledType(String virtualPath)
   at System.Web.Mvc.BuildManagerCompiledView.Render(ViewContext viewContext, TextWriter writer)
   at Umbraco.Core.Profiling.ProfilingView.Render(ViewContext viewContext, TextWriter writer)
   at Umbraco.Web.Mvc.ControllerExtensions.RenderViewResultAsString(ControllerBase controller, ViewResultBase viewResult)
   at Umbraco.Web.Macros.PartialViewMacroEngine.Execute(MacroModel macro, IPublishedContent content)
   at Umbraco.Web.Macros.PartialViewMacroEngine.Execute(MacroModel macro, INode node)
   at umbraco.macro.LoadPartialViewMacro(MacroModel macro)
   at umbraco.macro.renderMacro(Hashtable pageElements, Int32 pageId)
 2016-12-27 13:54:36,102 [P6620/D5/T190] WARN  umbraco.macro - Error loading Partial View (file: ~/Views/MacroPartials/EXHIBITIONS_SIDER.cshtml). Exception: System.Web.HttpCompileException (0x80004005): c:\queengallery\queengallery\Views\MacroPartials\EXHIBITIONS_SIDER.cshtml(82): error CS0103: The name 'itemID' does not exist in the current context
   at System.Web.Compilation.AssemblyBuilder.Compile()
   at System.Web.Compilation.BuildProvidersCompiler.PerformBuild()
   at System.Web.Compilation.BuildManager.CompileWebFile(VirtualPath virtualPath)
   at System.Web.Compilation.BuildManager.GetVPathBuildResultInternal(VirtualPath virtualPath, Boolean noBuild, Boolean allowCrossApp, Boolean allowBuildInPrecompile, Boolean throwIfNotFound, Boolean ensureIsUpToDate)
   at System.Web.Compilation.BuildManager.GetVPathBuildResultWithNoAssert(HttpContext context, VirtualPath virtualPath, Boolean noBuild, Boolean allowCrossApp, Boolean allowBuildInPrecompile, Boolean throwIfNotFound, Boolean ensureIsUpToDate)
   at System.Web.Compilation.BuildManager.GetVirtualPathObjectFactory(VirtualPath virtualPath, HttpContext context, Boolean allowCrossApp, Boolean throwIfNotFound)
   at System.Web.Compilation.BuildManager.GetCompiledType(VirtualPath virtualPath)
   at System.Web.Compilation.BuildManager.GetCompiledType(String virtualPath)
   at System.Web.Mvc.BuildManagerWrapper.System.Web.Mvc.IBuildManager.GetCompiledType(String virtualPath)
   at System.Web.Mvc.BuildManagerCompiledView.Render(ViewContext viewContext, TextWriter writer)
   at Umbraco.Core.Profiling.ProfilingView.Render(ViewContext viewContext, TextWriter writer)
   at Umbraco.Web.Mvc.ControllerExtensions.RenderViewResultAsString(ControllerBase controller, ViewResultBase viewResult)
   at Umbraco.Web.Macros.PartialViewMacroEngine.Execute(MacroModel macro, IPublishedContent content)
   at Umbraco.Web.Macros.PartialViewMacroEngine.Execute(MacroModel macro, INode node)
   at umbraco.macro.LoadPartialViewMacro(MacroModel macro)
   at umbraco.macro.renderMacro(Hashtable pageElements, Int32 pageId)
 2016-12-27 13:55:07,209 [P6620/D5/T190] WARN  umbraco.macro - Error loading partial view macro (View: ~/Views/MacroPartials/EXHIBITIONS_SIDER.cshtml). Exception: System.Web.HttpCompileException (0x80004005): c:\queengallery\queengallery\Views\MacroPartials\EXHIBITIONS_SIDER.cshtml(82): error CS0103: The name 'itemID' does not exist in the current context
   at System.Web.Compilation.AssemblyBuilder.Compile()
   at System.Web.Compilation.BuildProvidersCompiler.PerformBuild()
   at System.Web.Compilation.BuildManager.CompileWebFile(VirtualPath virtualPath)
   at System.Web.Compilation.BuildManager.GetVPathBuildResultInternal(VirtualPath virtualPath, Boolean noBuild, Boolean allowCrossApp, Boolean allowBuildInPrecompile, Boolean throwIfNotFound, Boolean ensureIsUpToDate)
   at System.Web.Compilation.BuildManager.GetVPathBuildResultWithNoAssert(HttpContext context, VirtualPath virtualPath, Boolean noBuild, Boolean allowCrossApp, Boolean allowBuildInPrecompile, Boolean throwIfNotFound, Boolean ensureIsUpToDate)
   at System.Web.Compilation.BuildManager.GetVirtualPathObjectFactory(VirtualPath virtualPath, HttpContext context, Boolean allowCrossApp, Boolean throwIfNotFound)
   at System.Web.Compilation.BuildManager.GetCompiledType(VirtualPath virtualPath)
   at System.Web.Compilation.BuildManager.GetCompiledType(String virtualPath)
   at System.Web.Mvc.BuildManagerWrapper.System.Web.Mvc.IBuildManager.GetCompiledType(String virtualPath)
   at System.Web.Mvc.BuildManagerCompiledView.Render(ViewContext viewContext, TextWriter writer)
   at Umbraco.Core.Profiling.ProfilingView.Render(ViewContext viewContext, TextWriter writer)
   at Umbraco.Web.Mvc.ControllerExtensions.RenderViewResultAsString(ControllerBase controller, ViewResultBase viewResult)
   at Umbraco.Web.Macros.PartialViewMacroEngine.Execute(MacroModel macro, IPublishedContent content)
   at Umbraco.Web.Macros.PartialViewMacroEngine.Execute(MacroModel macro, INode node)
   at umbraco.macro.LoadPartialViewMacro(MacroModel macro)
   at umbraco.macro.renderMacro(Hashtable pageElements, Int32 pageId)
 2016-12-27 13:55:07,209 [P6620/D5/T190] WARN  umbraco.macro - Error loading Partial View (file: ~/Views/MacroPartials/EXHIBITIONS_SIDER.cshtml). Exception: System.Web.HttpCompileException (0x80004005): c:\queengallery\queengallery\Views\MacroPartials\EXHIBITIONS_SIDER.cshtml(82): error CS0103: The name 'itemID' does not exist in the current context
   at System.Web.Compilation.AssemblyBuilder.Compile()
   at System.Web.Compilation.BuildProvidersCompiler.PerformBuild()
   at System.Web.Compilation.BuildManager.CompileWebFile(VirtualPath virtualPath)
   at System.Web.Compilation.BuildManager.GetVPathBuildResultInternal(VirtualPath virtualPath, Boolean noBuild, Boolean allowCrossApp, Boolean allowBuildInPrecompile, Boolean throwIfNotFound, Boolean ensureIsUpToDate)
   at System.Web.Compilation.BuildManager.GetVPathBuildResultWithNoAssert(HttpContext context, VirtualPath virtualPath, Boolean noBuild, Boolean allowCrossApp, Boolean allowBuildInPrecompile, Boolean throwIfNotFound, Boolean ensureIsUpToDate)
   at System.Web.Compilation.BuildManager.GetVirtualPathObjectFactory(VirtualPath virtualPath, HttpContext context, Boolean allowCrossApp, Boolean throwIfNotFound)
   at System.Web.Compilation.BuildManager.GetCompiledType(VirtualPath virtualPath)
   at System.Web.Compilation.BuildManager.GetCompiledType(String virtualPath)
   at System.Web.Mvc.BuildManagerWrapper.System.Web.Mvc.IBuildManager.GetCompiledType(String virtualPath)
   at System.Web.Mvc.BuildManagerCompiledView.Render(ViewContext viewContext, TextWriter writer)
   at Umbraco.Core.Profiling.ProfilingView.Render(ViewContext viewContext, TextWriter writer)
   at Umbraco.Web.Mvc.ControllerExtensions.RenderViewResultAsString(ControllerBase controller, ViewResultBase viewResult)
   at Umbraco.Web.Macros.PartialViewMacroEngine.Execute(MacroModel macro, IPublishedContent content)
   at Umbraco.Web.Macros.PartialViewMacroEngine.Execute(MacroModel macro, INode node)
   at umbraco.macro.LoadPartialViewMacro(MacroModel macro)
   at umbraco.macro.renderMacro(Hashtable pageElements, Int32 pageId)
 2016-12-27 13:55:38,605 [P6620/D5/T353] INFO  Umbraco.Core.Logging.OwinLogger - Event Id: 0, state: User logged will be logged out due to timeout: admin@bbl.co.th, IP Address: ::1
 2016-12-27 13:57:00,347 [P6620/D5/T195] WARN  umbraco.macro - Error loading partial view macro (View: ~/Views/MacroPartials/EXHIBITIONS_SIDER.cshtml). Exception: System.Web.HttpCompileException (0x80004005): c:\queengallery\queengallery\Views\MacroPartials\EXHIBITIONS_SIDER.cshtml(105): error CS0103: The name 'itemID' does not exist in the current context
   at System.Web.Compilation.AssemblyBuilder.Compile()
   at System.Web.Compilation.BuildProvidersCompiler.PerformBuild()
   at System.Web.Compilation.BuildManager.CompileWebFile(VirtualPath virtualPath)
   at System.Web.Compilation.BuildManager.GetVPathBuildResultInternal(VirtualPath virtualPath, Boolean noBuild, Boolean allowCrossApp, Boolean allowBuildInPrecompile, Boolean throwIfNotFound, Boolean ensureIsUpToDate)
   at System.Web.Compilation.BuildManager.GetVPathBuildResultWithNoAssert(HttpContext context, VirtualPath virtualPath, Boolean noBuild, Boolean allowCrossApp, Boolean allowBuildInPrecompile, Boolean throwIfNotFound, Boolean ensureIsUpToDate)
   at System.Web.Compilation.BuildManager.GetVirtualPathObjectFactory(VirtualPath virtualPath, HttpContext context, Boolean allowCrossApp, Boolean throwIfNotFound)
   at System.Web.Compilation.BuildManager.GetCompiledType(VirtualPath virtualPath)
   at System.Web.Compilation.BuildManager.GetCompiledType(String virtualPath)
   at System.Web.Mvc.BuildManagerWrapper.System.Web.Mvc.IBuildManager.GetCompiledType(String virtualPath)
   at System.Web.Mvc.BuildManagerCompiledView.Render(ViewContext viewContext, TextWriter writer)
   at Umbraco.Core.Profiling.ProfilingView.Render(ViewContext viewContext, TextWriter writer)
   at Umbraco.Web.Mvc.ControllerExtensions.RenderViewResultAsString(ControllerBase controller, ViewResultBase viewResult)
   at Umbraco.Web.Macros.PartialViewMacroEngine.Execute(MacroModel macro, IPublishedContent content)
   at Umbraco.Web.Macros.PartialViewMacroEngine.Execute(MacroModel macro, INode node)
   at umbraco.macro.LoadPartialViewMacro(MacroModel macro)
   at umbraco.macro.renderMacro(Hashtable pageElements, Int32 pageId)
 2016-12-27 13:57:00,347 [P6620/D5/T195] WARN  umbraco.macro - Error loading Partial View (file: ~/Views/MacroPartials/EXHIBITIONS_SIDER.cshtml). Exception: System.Web.HttpCompileException (0x80004005): c:\queengallery\queengallery\Views\MacroPartials\EXHIBITIONS_SIDER.cshtml(105): error CS0103: The name 'itemID' does not exist in the current context
   at System.Web.Compilation.AssemblyBuilder.Compile()
   at System.Web.Compilation.BuildProvidersCompiler.PerformBuild()
   at System.Web.Compilation.BuildManager.CompileWebFile(VirtualPath virtualPath)
   at System.Web.Compilation.BuildManager.GetVPathBuildResultInternal(VirtualPath virtualPath, Boolean noBuild, Boolean allowCrossApp, Boolean allowBuildInPrecompile, Boolean throwIfNotFound, Boolean ensureIsUpToDate)
   at System.Web.Compilation.BuildManager.GetVPathBuildResultWithNoAssert(HttpContext context, VirtualPath virtualPath, Boolean noBuild, Boolean allowCrossApp, Boolean allowBuildInPrecompile, Boolean throwIfNotFound, Boolean ensureIsUpToDate)
   at System.Web.Compilation.BuildManager.GetVirtualPathObjectFactory(VirtualPath virtualPath, HttpContext context, Boolean allowCrossApp, Boolean throwIfNotFound)
   at System.Web.Compilation.BuildManager.GetCompiledType(VirtualPath virtualPath)
   at System.Web.Compilation.BuildManager.GetCompiledType(String virtualPath)
   at System.Web.Mvc.BuildManagerWrapper.System.Web.Mvc.IBuildManager.GetCompiledType(String virtualPath)
   at System.Web.Mvc.BuildManagerCompiledView.Render(ViewContext viewContext, TextWriter writer)
   at Umbraco.Core.Profiling.ProfilingView.Render(ViewContext viewContext, TextWriter writer)
   at Umbraco.Web.Mvc.ControllerExtensions.RenderViewResultAsString(ControllerBase controller, ViewResultBase viewResult)
   at Umbraco.Web.Macros.PartialViewMacroEngine.Execute(MacroModel macro, IPublishedContent content)
   at Umbraco.Web.Macros.PartialViewMacroEngine.Execute(MacroModel macro, INode node)
   at umbraco.macro.LoadPartialViewMacro(MacroModel macro)
   at umbraco.macro.renderMacro(Hashtable pageElements, Int32 pageId)
 2016-12-27 14:03:47,635 [P6620/D5/T346] INFO  Umbraco.Core.Security.BackOfficeSignInManager - Event Id: 0, state: Login attempt succeeded for username admin@bbl.co.th from IP address ::1
 2016-12-27 14:03:47,637 [P6620/D5/T346] INFO  Umbraco.Core.Security.BackOfficeSignInManager - Event Id: 0, state: User: admin@bbl.co.th logged in from IP address ::1
 2016-12-27 14:03:48,589 [P6620/D5/T190] INFO  Umbraco.Core.PluginManager - Starting resolution types of umbraco.interfaces.IApplication
 2016-12-27 14:03:48,594 [P6620/D5/T190] INFO  Umbraco.Core.PluginManager - Completed resolution of types of umbraco.interfaces.IApplication, found 0 (took 4ms)
 2016-12-27 14:04:07,704 [P6620/D5/T194] INFO  Umbraco.Core.Publishing.PublishingStrategy - Content 'What's On' with Id '1104' has been published.
 2016-12-27 14:04:11,937 [P6620/D5/T45] INFO  umbraco.content - Save Xml to file...
 2016-12-27 14:04:12,018 [P6620/D5/T45] INFO  umbraco.content - Saved Xml to file.
 2016-12-27 14:04:29,385 [P6620/D5/T163] WARN  Umbraco.Web.UmbracoModule - Status code is 404 yet TrySkipIisCustomErrors is false - IIS will take over.
 2016-12-27 14:09:45,610 [P6620/D5/T163] INFO  Umbraco.Core.PluginManager - Starting resolution types of Umbraco.Web.Trees.TreeController
 2016-12-27 14:09:45,614 [P6620/D5/T163] INFO  Umbraco.Core.PluginManager - Completed resolution of types of Umbraco.Web.Trees.TreeController, found 0 (took 4ms)
 2016-12-27 14:09:45,815 [P6620/D5/T170] INFO  Umbraco.Core.PluginManager - Starting resolution types of umbraco.interfaces.ITree
 2016-12-27 14:09:45,818 [P6620/D5/T170] INFO  Umbraco.Core.PluginManager - Completed resolution of types of umbraco.interfaces.ITree, found 0 (took 2ms)
 2016-12-27 14:09:45,852 [P6620/D5/T170] INFO  Umbraco.Core.PluginManager - Starting resolution types of Umbraco.Web.Trees.TreeController
 2016-12-27 14:09:45,853 [P6620/D5/T170] INFO  Umbraco.Core.PluginManager - Completed resolution of types of Umbraco.Web.Trees.TreeController, found 0 (took 1ms)
 2016-12-27 14:09:45,857 [P6620/D5/T170] INFO  Umbraco.Core.PluginManager - Starting resolution types of umbraco.interfaces.ITree
 2016-12-27 14:09:45,858 [P6620/D5/T170] INFO  Umbraco.Core.PluginManager - Completed resolution of types of umbraco.interfaces.ITree, found 0 (took 0ms)
 2016-12-27 14:12:30,304 [P6620/D5/T188] INFO  Umbraco.Core.Publishing.PublishingStrategy - Content 'What's On' with Id '1104' has been published.
 2016-12-27 14:12:34,359 [P6620/D5/T45] INFO  umbraco.content - Save Xml to file...
 2016-12-27 14:12:34,518 [P6620/D5/T45] INFO  umbraco.content - Saved Xml to file.
 2016-12-27 14:13:04,640 [P6620/D5/T197] INFO  Umbraco.Core.Publishing.PublishingStrategy - Content 'What's On' with Id '1104' has been published.
 2016-12-27 14:13:08,690 [P6620/D5/T45] INFO  umbraco.content - Save Xml to file...
 2016-12-27 14:13:08,721 [P6620/D5/T45] INFO  umbraco.content - Saved Xml to file.
 2016-12-27 14:14:08,588 [P6620/D5/T184] INFO  Umbraco.Core.Publishing.PublishingStrategy - Content 'What's On' with Id '1104' has been published.
 2016-12-27 14:14:12,667 [P6620/D5/T161] INFO  umbraco.content - Save Xml to file...
 2016-12-27 14:14:12,706 [P6620/D5/T161] INFO  umbraco.content - Saved Xml to file.
 2016-12-27 14:15:31,858 [P6620/D5/T197] INFO  Umbraco.Core.Publishing.PublishingStrategy - Content 'What's On' with Id '1104' has been published.
 2016-12-27 14:15:35,924 [P6620/D5/T171] INFO  umbraco.content - Save Xml to file...
 2016-12-27 14:15:35,965 [P6620/D5/T171] INFO  umbraco.content - Saved Xml to file.
 2016-12-27 14:17:05,355 [P6620/D5/T190] INFO  Umbraco.Core.Publishing.PublishingStrategy - Content 'What's On' with Id '1104' has been published.
 2016-12-27 14:17:09,414 [P6620/D5/T171] INFO  umbraco.content - Save Xml to file...
 2016-12-27 14:17:09,515 [P6620/D5/T171] INFO  umbraco.content - Saved Xml to file.
 2016-12-27 14:21:16,431 [P6620/D5/T190] INFO  Umbraco.Core.PluginManager - Starting resolution types of Umbraco.Web.Trees.TreeController
 2016-12-27 14:21:16,432 [P6620/D5/T190] INFO  Umbraco.Core.PluginManager - Completed resolution of types of Umbraco.Web.Trees.TreeController, found 0 (took 0ms)
 2016-12-27 14:21:30,944 [P6620/D5/T190] INFO  Umbraco.Core.Publishing.PublishingStrategy - Content 'What's On' with Id '1104' has been published.
 2016-12-27 14:21:35,005 [P6620/D5/T171] INFO  umbraco.content - Save Xml to file...
 2016-12-27 14:21:35,075 [P6620/D5/T171] INFO  umbraco.content - Saved Xml to file.
 2016-12-27 14:25:06,272 [P6620/D5/T161] WARN  Umbraco.Web.UmbracoModule - Status code is 404 yet TrySkipIisCustomErrors is false - IIS will take over.
 2016-12-27 14:33:20,016 [P6620/D5/T196] INFO  Umbraco.Web.Scheduling.BackgroundTaskRunner - [ScheduledTasks] Terminating
 2016-12-27 14:33:20,016 [P6620/D5/T196] INFO  Umbraco.Web.Scheduling.BackgroundTaskRunner - [ScheduledTasks] Waiting for tasks to complete
 2016-12-27 14:33:20,017 [P6620/D5/T196] INFO  Umbraco.Web.Scheduling.BackgroundTaskRunner - [Umbraco.Web.Scheduling.IBackgroundTask] Terminating
 2016-12-27 14:33:20,017 [P6620/D5/T196] INFO  Umbraco.Web.Scheduling.BackgroundTaskRunner - [Umbraco.Web.Scheduling.IBackgroundTask] Waiting for tasks to complete
 2016-12-27 14:33:20,019 [P6620/D5/T190] INFO  Umbraco.Web.Scheduling.BackgroundTaskRunner - [ScheduledTasks] Tasks completed, terminated
 2016-12-27 14:33:20,019 [P6620/D5/T197] INFO  Umbraco.Web.Scheduling.BackgroundTaskRunner - [Umbraco.Web.Scheduling.IBackgroundTask] Tasks completed, terminated
 2016-12-27 14:33:20,034 [P6620/D5/T196] INFO  Umbraco.Web.Scheduling.BackgroundTaskRunner - [LogScrubber] Terminating
 2016-12-27 14:33:20,034 [P6620/D5/T196] INFO  Umbraco.Web.Scheduling.BackgroundTaskRunner - [LogScrubber] Waiting for tasks to complete
 2016-12-27 14:33:20,034 [P6620/D5/T196] INFO  Umbraco.Web.Scheduling.BackgroundTaskRunner - [ScheduledPublishing] Terminating
 2016-12-27 14:33:20,034 [P6620/D5/T196] INFO  Umbraco.Web.Scheduling.BackgroundTaskRunner - [ScheduledPublishing] Waiting for tasks to complete
 2016-12-27 14:33:20,034 [P6620/D5/T196] INFO  Umbraco.Web.Scheduling.BackgroundTaskRunner - [KeepAlive] Terminating
 2016-12-27 14:33:20,034 [P6620/D5/T196] INFO  Umbraco.Web.Scheduling.BackgroundTaskRunner - [KeepAlive] Waiting for tasks to complete
 2016-12-27 14:33:20,034 [P6620/D5/T173] INFO  Umbraco.Web.Scheduling.BackgroundTaskRunner - [LogScrubber] Tasks completed, terminated
 2016-12-27 14:33:20,035 [P6620/D5/T163] INFO  Umbraco.Web.Scheduling.BackgroundTaskRunner - [KeepAlive] Tasks completed, terminated
 2016-12-27 14:33:20,035 [P6620/D5/T170] INFO  Umbraco.Web.Scheduling.BackgroundTaskRunner - [ScheduledPublishing] Tasks completed, terminated
 2016-12-27 14:33:25,196 [P6620/D6/T331] INFO  Umbraco.Core.CoreBootManager - Umbraco 7.5.4 application starting on HC-LAB
 2016-12-27 14:33:25,242 [P6620/D6/T331] INFO  Umbraco.Core.PluginManager - Determining hash of code files on disk
 2016-12-27 14:33:25,257 [P6620/D6/T331] INFO  Umbraco.Core.PluginManager - Hash determined (took 15ms)
 2016-12-27 14:33:25,345 [P6620/D6/T331] INFO  Umbraco.Core.PluginManager - Starting resolution types of umbraco.interfaces.IApplicationStartupHandler
 2016-12-27 14:33:25,439 [P6620/D6/T331] INFO  Umbraco.Core.PluginManager - Completed resolution of types of umbraco.interfaces.IApplicationStartupHandler, found 0 (took 94ms)
 2016-12-27 14:33:25,519 [P6620/D6/T331] INFO  Umbraco.Core.PluginManager - Starting resolution types of Umbraco.Core.PropertyEditors.IPropertyEditorValueConverter
 2016-12-27 14:33:25,520 [P6620/D6/T331] INFO  Umbraco.Core.PluginManager - Completed resolution of types of Umbraco.Core.PropertyEditors.IPropertyEditorValueConverter, found 0 (took 1ms)
 2016-12-27 14:33:25,520 [P6620/D6/T331] INFO  Umbraco.Core.PluginManager - Starting resolution types of Umbraco.Core.PropertyEditors.IPropertyValueConverter
 2016-12-27 14:33:25,523 [P6620/D6/T331] INFO  Umbraco.Core.PluginManager - Completed resolution of types of Umbraco.Core.PropertyEditors.IPropertyValueConverter, found 0 (took 2ms)
 2016-12-27 14:33:25,540 [P6620/D6/T331] INFO  Umbraco.Core.PluginManager - Starting resolution types of Umbraco.Web.Mvc.SurfaceController
 2016-12-27 14:33:25,566 [P6620/D6/T331] INFO  Umbraco.Core.PluginManager - Completed resolution of types of Umbraco.Web.Mvc.SurfaceController, found 0 (took 25ms)
 2016-12-27 14:33:25,567 [P6620/D6/T331] INFO  Umbraco.Core.PluginManager - Starting resolution types of Umbraco.Web.WebApi.UmbracoApiController
 2016-12-27 14:33:25,579 [P6620/D6/T331] INFO  Umbraco.Core.PluginManager - Completed resolution of types of Umbraco.Web.WebApi.UmbracoApiController, found 0 (took 11ms)
 2016-12-27 14:33:25,687 [P6620/D6/T331] INFO  Umbraco.Core.PluginManager - Starting resolution types of Umbraco.Core.Media.IThumbnailProvider
 2016-12-27 14:33:25,688 [P6620/D6/T331] INFO  Umbraco.Core.PluginManager - Completed resolution of types of Umbraco.Core.Media.IThumbnailProvider, found 0 (took 1ms)
 2016-12-27 14:33:25,688 [P6620/D6/T331] INFO  Umbraco.Core.PluginManager - Starting resolution types of Umbraco.Core.Media.IImageUrlProvider
 2016-12-27 14:33:25,689 [P6620/D6/T331] INFO  Umbraco.Core.PluginManager - Completed resolution of types of Umbraco.Core.Media.IImageUrlProvider, found 0 (took 1ms)
 2016-12-27 14:33:27,170 [P6620/D6/T331] INFO  Umbraco.Core.DatabaseContext - CanConnect = True
 2016-12-27 14:33:27,421 [P6620/D6/T331] INFO  Umbraco.Core.DatabaseContext - CanConnect = True
 2016-12-27 14:33:27,480 [P6620/D6/T331] INFO  Umbraco.Core.DatabaseContext - CanConnect = True
 2016-12-27 14:33:27,506 [P6620/D6/T331] INFO  Umbraco.Web.Cache.CacheRefresherEventHandler - Initializing Umbraco internal event handlers for cache refreshing
 2016-12-27 14:33:27,648 [P6620/D6/T331] INFO  Umbraco.Web.Search.ExamineEvents - Initializing Examine and binding to business logic events
 2016-12-27 14:33:27,648 [P6620/D6/T331] INFO  Umbraco.Web.Search.ExamineEvents - Adding examine event handlers for index providers: 3
 2016-12-27 14:33:27,661 [P6620/D6/T331] INFO  Umbraco.Core.CoreBootManager - Umbraco application startup complete (took 2571ms)
 2016-12-27 14:33:28,659 [P6620/D6/T183] INFO  Umbraco.Core.Sync.ApplicationUrlHelper - ApplicationUrl: http://localhost:17606/umbraco (UmbracoModule request)
 2016-12-27 14:33:29,282 [P6620/D6/T183] INFO  umbraco.content - Load Xml from file...
 2016-12-27 14:33:29,286 [P6620/D6/T183] INFO  umbraco.content - Loaded Xml from file.
 2016-12-27 14:33:30,086 [P6620/D6/T163] INFO  Umbraco.Core.PluginManager - Starting resolution types of Umbraco.Core.PropertyEditors.IParameterEditor
 2016-12-27 14:33:30,089 [P6620/D6/T163] INFO  Umbraco.Core.PluginManager - Completed resolution of types of Umbraco.Core.PropertyEditors.IParameterEditor, found 0 (took 3ms)
 2016-12-27 14:33:39,893 [P6620/D6/T163] INFO  Umbraco.Core.PluginManager - Starting resolution types of Umbraco.Core.Persistence.Mappers.BaseMapper
 2016-12-27 14:33:39,896 [P6620/D6/T163] INFO  Umbraco.Core.PluginManager - Completed resolution of types of Umbraco.Core.Persistence.Mappers.BaseMapper, found 0 (took 2ms)
 2016-12-27 14:33:40,147 [P6620/D6/T163] INFO  Umbraco.Core.PluginManager - Starting resolution types of Umbraco.Core.PropertyEditors.IParameterEditor
 2016-12-27 14:33:40,147 [P6620/D6/T163] INFO  Umbraco.Core.PluginManager - Completed resolution of types of Umbraco.Core.PropertyEditors.IParameterEditor, found 0 (took 0ms)
 2016-12-27 14:33:40,196 [P6620/D6/T163] INFO  Umbraco.Core.PluginManager - Starting resolution types of umbraco.cms.businesslogic.macro.IMacroEngine
 2016-12-27 14:33:40,198 [P6620/D6/T163] INFO  Umbraco.Core.PluginManager - Completed resolution of types of umbraco.cms.businesslogic.macro.IMacroEngine, found 0 (took 1ms)
 2016-12-27 14:33:45,696 [P6620/D6/T184] INFO  Umbraco.Core.Logging.OwinLogger - Event Id: 0, state: User logged will be logged out due to timeout: admin@bbl.co.th, IP Address: ::1
 2016-12-27 14:33:50,136 [P6620/D5/T184] INFO  Umbraco.Core.UmbracoApplicationBase - Application shutdown. Details: MaxRecompilationsReached

_shutDownMessage=Recompilation limit of 15 reached
HostingEnvironment initiated shutdown
HostingEnvironment caused shutdown

_shutDownStack=   at System.Environment.GetStackTrace(Exception e, Boolean needFileInfo)
   at System.Environment.get_StackTrace()
   at System.Web.Hosting.HostingEnvironment.InitiateShutdownInternal()
   at System.Web.Hosting.HostingEnvironment.InitiateShutdownWithoutDemand()
   at System.Web.HttpRuntime.ShutdownAppDomain(String stackTrace)
   at System.Web.Compilation.DiskBuildResultCache.ShutdownCallBack(Object state)
   at System.Threading.QueueUserWorkItemCallback.WaitCallback_Context(Object state)
   at System.Threading.ExecutionContext.RunInternal(ExecutionContext executionContext, ContextCallback callback, Object state, Boolean preserveSyncCtx)
   at System.Threading.ExecutionContext.Run(ExecutionContext executionContext, ContextCallback callback, Object state, Boolean preserveSyncCtx)
   at System.Threading.QueueUserWorkItemCallback.System.Threading.IThreadPoolWorkItem.ExecuteWorkItem()
   at System.Threading.ThreadPoolWorkQueue.Dispatch()
   at System.Threading._ThreadPoolWaitCallback.PerformWaitCallback()
 2016-12-27 14:34:29,535 [P6620/D6/T341] INFO  umbraco.BusinessLogic.Log - Log scrubbed.  Removed all items older than 2016-12-26 14:34:29
 2016-12-27 14:43:44,257 [P6620/D6/T171] INFO  Umbraco.Web.Scheduling.BackgroundTaskRunner - [LogScrubber] Terminating
 2016-12-27 14:43:44,257 [P6620/D6/T171] INFO  Umbraco.Web.Scheduling.BackgroundTaskRunner - [LogScrubber] Waiting for tasks to complete
 2016-12-27 14:43:44,259 [P6620/D6/T171] INFO  Umbraco.Web.Scheduling.BackgroundTaskRunner - [ScheduledPublishing] Terminating
 2016-12-27 14:43:44,259 [P6620/D6/T171] INFO  Umbraco.Web.Scheduling.BackgroundTaskRunner - [ScheduledPublishing] Waiting for tasks to complete
 2016-12-27 14:43:44,260 [P6620/D6/T171] INFO  Umbraco.Web.Scheduling.BackgroundTaskRunner - [Umbraco.Web.Scheduling.IBackgroundTask] Terminating
 2016-12-27 14:43:44,260 [P6620/D6/T171] INFO  Umbraco.Web.Scheduling.BackgroundTaskRunner - [Umbraco.Web.Scheduling.IBackgroundTask] Waiting for tasks to complete
 2016-12-27 14:43:44,260 [P6620/D6/T171] INFO  Umbraco.Web.Scheduling.BackgroundTaskRunner - [KeepAlive] Terminating
 2016-12-27 14:43:44,260 [P6620/D6/T171] INFO  Umbraco.Web.Scheduling.BackgroundTaskRunner - [KeepAlive] Waiting for tasks to complete
 2016-12-27 14:43:44,263 [P6620/D6/T183] INFO  Umbraco.Web.Scheduling.BackgroundTaskRunner - [Umbraco.Web.Scheduling.IBackgroundTask] Tasks completed, terminated
 2016-12-27 14:43:44,264 [P6620/D6/T184] INFO  Umbraco.Web.Scheduling.BackgroundTaskRunner - [ScheduledPublishing] Tasks completed, terminated
 2016-12-27 14:43:44,264 [P6620/D6/T189] INFO  Umbraco.Web.Scheduling.BackgroundTaskRunner - [KeepAlive] Tasks completed, terminated
 2016-12-27 14:43:44,264 [P6620/D6/T351] INFO  Umbraco.Web.Scheduling.BackgroundTaskRunner - [LogScrubber] Tasks completed, terminated
 2016-12-27 14:43:44,267 [P6620/D6/T171] INFO  Umbraco.Web.Scheduling.BackgroundTaskRunner - [ScheduledTasks] Terminating
 2016-12-27 14:43:44,267 [P6620/D6/T171] INFO  Umbraco.Web.Scheduling.BackgroundTaskRunner - [ScheduledTasks] Waiting for tasks to complete
 2016-12-27 14:43:44,268 [P6620/D6/T196] INFO  Umbraco.Web.Scheduling.BackgroundTaskRunner - [ScheduledTasks] Tasks completed, terminated
 2016-12-27 14:44:14,418 [P6620/D6/T197] INFO  Umbraco.Core.UmbracoApplicationBase - Application shutdown. Details: MaxRecompilationsReached

_shutDownMessage=Recompilation limit of 15 reached
HostingEnvironment initiated shutdown
HostingEnvironment caused shutdown

_shutDownStack=   at System.Environment.GetStackTrace(Exception e, Boolean needFileInfo)
   at System.Environment.get_StackTrace()
   at System.Web.Hosting.HostingEnvironment.InitiateShutdownInternal()
   at System.Web.Hosting.HostingEnvironment.InitiateShutdownWithoutDemand()
   at System.Web.HttpRuntime.ShutdownAppDomain(String stackTrace)
   at System.Web.Compilation.DiskBuildResultCache.ShutdownCallBack(Object state)
   at System.Threading.QueueUserWorkItemCallback.WaitCallback_Context(Object state)
   at System.Threading.ExecutionContext.RunInternal(ExecutionContext executionContext, ContextCallback callback, Object state, Boolean preserveSyncCtx)
   at System.Threading.ExecutionContext.Run(ExecutionContext executionContext, ContextCallback callback, Object state, Boolean preserveSyncCtx)
   at System.Threading.QueueUserWorkItemCallback.System.Threading.IThreadPoolWorkItem.ExecuteWorkItem()
   at System.Threading.ThreadPoolWorkQueue.Dispatch()
   at System.Threading._ThreadPoolWaitCallback.PerformWaitCallback()
 2016-12-27 14:44:49,944 [P6620/D7/T1] INFO  Umbraco.Core.CoreBootManager - Umbraco 7.5.4 application starting on HC-LAB
 2016-12-27 14:44:49,962 [P6620/D7/T1] INFO  Umbraco.Core.PluginManager - Determining hash of code files on disk
 2016-12-27 14:44:49,974 [P6620/D7/T1] INFO  Umbraco.Core.PluginManager - Hash determined (took 12ms)
 2016-12-27 14:44:50,079 [P6620/D7/T1] INFO  Umbraco.Core.PluginManager - Starting resolution types of umbraco.interfaces.IApplicationStartupHandler
 2016-12-27 14:44:50,154 [P6620/D7/T1] INFO  Umbraco.Core.PluginManager - Completed resolution of types of umbraco.interfaces.IApplicationStartupHandler, found 0 (took 75ms)
 2016-12-27 14:44:50,230 [P6620/D7/T1] INFO  Umbraco.Core.PluginManager - Starting resolution types of Umbraco.Core.PropertyEditors.IPropertyEditorValueConverter
 2016-12-27 14:44:50,230 [P6620/D7/T1] INFO  Umbraco.Core.PluginManager - Completed resolution of types of Umbraco.Core.PropertyEditors.IPropertyEditorValueConverter, found 0 (took 0ms)
 2016-12-27 14:44:50,231 [P6620/D7/T1] INFO  Umbraco.Core.PluginManager - Starting resolution types of Umbraco.Core.PropertyEditors.IPropertyValueConverter
 2016-12-27 14:44:50,233 [P6620/D7/T1] INFO  Umbraco.Core.PluginManager - Completed resolution of types of Umbraco.Core.PropertyEditors.IPropertyValueConverter, found 0 (took 2ms)
 2016-12-27 14:44:50,240 [P6620/D7/T1] INFO  Umbraco.Core.PluginManager - Starting resolution types of Umbraco.Web.Mvc.SurfaceController
 2016-12-27 14:44:50,261 [P6620/D7/T1] INFO  Umbraco.Core.PluginManager - Completed resolution of types of Umbraco.Web.Mvc.SurfaceController, found 0 (took 20ms)
 2016-12-27 14:44:50,262 [P6620/D7/T1] INFO  Umbraco.Core.PluginManager - Starting resolution types of Umbraco.Web.WebApi.UmbracoApiController
 2016-12-27 14:44:50,271 [P6620/D7/T1] INFO  Umbraco.Core.PluginManager - Completed resolution of types of Umbraco.Web.WebApi.UmbracoApiController, found 0 (took 9ms)
 2016-12-27 14:44:50,372 [P6620/D7/T1] INFO  Umbraco.Core.PluginManager - Starting resolution types of Umbraco.Core.Media.IThumbnailProvider
 2016-12-27 14:44:50,374 [P6620/D7/T1] INFO  Umbraco.Core.PluginManager - Completed resolution of types of Umbraco.Core.Media.IThumbnailProvider, found 0 (took 2ms)
 2016-12-27 14:44:50,374 [P6620/D7/T1] INFO  Umbraco.Core.PluginManager - Starting resolution types of Umbraco.Core.Media.IImageUrlProvider
 2016-12-27 14:44:50,375 [P6620/D7/T1] INFO  Umbraco.Core.PluginManager - Completed resolution of types of Umbraco.Core.Media.IImageUrlProvider, found 0 (took 1ms)
 2016-12-27 14:44:51,838 [P6620/D7/T1] INFO  Umbraco.Core.DatabaseContext - CanConnect = True
 2016-12-27 14:44:52,114 [P6620/D7/T1] INFO  Umbraco.Core.DatabaseContext - CanConnect = True
 2016-12-27 14:44:52,197 [P6620/D7/T1] INFO  Umbraco.Core.DatabaseContext - CanConnect = True
 2016-12-27 14:44:52,290 [P6620/D7/T1] INFO  Umbraco.Web.Cache.CacheRefresherEventHandler - Initializing Umbraco internal event handlers for cache refreshing
 2016-12-27 14:44:52,441 [P6620/D7/T1] INFO  Umbraco.Web.Search.ExamineEvents - Initializing Examine and binding to business logic events
 2016-12-27 14:44:52,441 [P6620/D7/T1] INFO  Umbraco.Web.Search.ExamineEvents - Adding examine event handlers for index providers: 3
 2016-12-27 14:44:52,448 [P6620/D7/T1] INFO  Umbraco.Core.CoreBootManager - Umbraco application startup complete (took 2609ms)
 2016-12-27 14:44:53,486 [P6620/D7/T183] INFO  Umbraco.Core.Sync.ApplicationUrlHelper - ApplicationUrl: http://localhost:17606/umbraco (UmbracoModule request)
 2016-12-27 14:44:54,130 [P6620/D7/T183] INFO  umbraco.content - Load Xml from file...
 2016-12-27 14:44:54,133 [P6620/D7/T183] INFO  umbraco.content - Loaded Xml from file.
 2016-12-27 14:44:54,940 [P6620/D7/T183] INFO  Umbraco.Core.PluginManager - Starting resolution types of Umbraco.Core.PropertyEditors.IParameterEditor
 2016-12-27 14:44:54,942 [P6620/D7/T183] INFO  Umbraco.Core.PluginManager - Completed resolution of types of Umbraco.Core.PropertyEditors.IParameterEditor, found 0 (took 1ms)
 2016-12-27 14:45:04,615 [P6620/D7/T152] INFO  Umbraco.Core.PluginManager - Starting resolution types of Umbraco.Core.Persistence.Mappers.BaseMapper
 2016-12-27 14:45:04,619 [P6620/D7/T152] INFO  Umbraco.Core.PluginManager - Completed resolution of types of Umbraco.Core.Persistence.Mappers.BaseMapper, found 0 (took 3ms)
 2016-12-27 14:45:04,938 [P6620/D7/T152] INFO  Umbraco.Core.PluginManager - Starting resolution types of Umbraco.Core.PropertyEditors.IParameterEditor
 2016-12-27 14:45:04,938 [P6620/D7/T152] INFO  Umbraco.Core.PluginManager - Completed resolution of types of Umbraco.Core.PropertyEditors.IParameterEditor, found 0 (took 0ms)
 2016-12-27 14:45:04,974 [P6620/D7/T183] INFO  Umbraco.Core.PluginManager - Starting resolution types of umbraco.cms.businesslogic.macro.IMacroEngine
 2016-12-27 14:45:04,976 [P6620/D7/T183] INFO  Umbraco.Core.PluginManager - Completed resolution of types of umbraco.cms.businesslogic.macro.IMacroEngine, found 0 (took 2ms)
 2016-12-27 14:45:54,344 [P6620/D7/T166] INFO  umbraco.BusinessLogic.Log - Log scrubbed.  Removed all items older than 2016-12-26 14:45:54
 2016-12-27 14:57:09,148 [P6620/D7/T237] INFO  Umbraco.Core.Security.BackOfficeSignInManager - Event Id: 0, state: Login attempt succeeded for username admin@bbl.co.th from IP address ::1
 2016-12-27 14:57:09,152 [P6620/D7/T237] INFO  Umbraco.Core.Security.BackOfficeSignInManager - Event Id: 0, state: User: admin@bbl.co.th logged in from IP address ::1
 2016-12-27 14:57:09,362 [P6620/D7/T35] INFO  Umbraco.Core.PluginManager - Starting resolution types of umbraco.interfaces.IApplication
 2016-12-27 14:57:09,365 [P6620/D7/T35] INFO  Umbraco.Core.PluginManager - Completed resolution of types of umbraco.interfaces.IApplication, found 0 (took 2ms)
 2016-12-27 14:57:19,822 [P6620/D7/T184] INFO  Umbraco.Core.Publishing.PublishingStrategy - Content 'What's On' with Id '1104' has been published.
 2016-12-27 14:57:19,909 [P6620/D7/T184] INFO  Umbraco.Core.PluginManager - Starting resolution types of umbraco.interfaces.ICacheRefresher
 2016-12-27 14:57:19,911 [P6620/D7/T184] INFO  Umbraco.Core.PluginManager - Completed resolution of types of umbraco.interfaces.ICacheRefresher, found 0 (took 2ms)
 2016-12-27 14:57:24,143 [P6620/D7/T160] INFO  umbraco.content - Save Xml to file...
 2016-12-27 14:57:24,229 [P6620/D7/T160] INFO  umbraco.content - Saved Xml to file.
 2016-12-27 15:02:10,732 [P6620/D7/T69] INFO  Umbraco.Core.PluginManager - Starting resolution types of Umbraco.Web.Trees.TreeController
 2016-12-27 15:02:10,735 [P6620/D7/T69] INFO  Umbraco.Core.PluginManager - Completed resolution of types of Umbraco.Web.Trees.TreeController, found 0 (took 3ms)
 2016-12-27 15:02:10,740 [P6620/D7/T69] INFO  Umbraco.Core.PluginManager - Starting resolution types of umbraco.interfaces.ITree
 2016-12-27 15:02:10,743 [P6620/D7/T69] INFO  Umbraco.Core.PluginManager - Completed resolution of types of umbraco.interfaces.ITree, found 0 (took 3ms)
 2016-12-27 15:02:10,793 [P6620/D7/T69] INFO  Umbraco.Core.PluginManager - Starting resolution types of umbraco.interfaces.ITree
 2016-12-27 15:02:10,796 [P6620/D7/T69] INFO  Umbraco.Core.PluginManager - Completed resolution of types of umbraco.interfaces.ITree, found 0 (took 2ms)
 2016-12-27 15:02:13,782 [P6620/D7/T53] INFO  Umbraco.Core.PluginManager - Starting resolution types of Umbraco.Web.HealthCheck.HealthCheck
 2016-12-27 15:02:13,785 [P6620/D7/T53] INFO  Umbraco.Core.PluginManager - Completed resolution of types of Umbraco.Web.HealthCheck.HealthCheck, found 0 (took 2ms)
 2016-12-27 15:06:29,323 [P6620/D7/T161] INFO  Umbraco.Core.Publishing.PublishingStrategy - Content 'What's On' with Id '1104' has been published.
 2016-12-27 15:06:33,371 [P6620/D7/T34] INFO  umbraco.content - Save Xml to file...
 2016-12-27 15:06:33,406 [P6620/D7/T34] INFO  umbraco.content - Saved Xml to file.
 2016-12-27 15:08:12,279 [P6620/D7/T56] INFO  Umbraco.Core.Publishing.PublishingStrategy - Content 'What's On' with Id '1104' has been published.
 2016-12-27 15:08:16,362 [P6620/D7/T34] INFO  umbraco.content - Save Xml to file...
 2016-12-27 15:08:16,412 [P6620/D7/T34] INFO  umbraco.content - Saved Xml to file.
 2016-12-27 15:08:35,684 [P6620/D7/T161] INFO  Umbraco.Core.Publishing.PublishingStrategy - Content 'What's On' with Id '1104' has been published.
 2016-12-27 15:08:39,729 [P6620/D7/T34] INFO  umbraco.content - Save Xml to file...
 2016-12-27 15:08:39,773 [P6620/D7/T34] INFO  umbraco.content - Saved Xml to file.
 2016-12-27 15:16:21,489 [P6620/D7/T152] INFO  Umbraco.Core.Publishing.PublishingStrategy - Content 'What's On' with Id '1104' has been published.
 2016-12-27 15:16:25,621 [P6620/D7/T56] INFO  umbraco.content - Save Xml to file...
 2016-12-27 15:16:25,857 [P6620/D7/T56] INFO  umbraco.content - Saved Xml to file.
 2016-12-27 15:27:30,710 [P6620/D7/T174] INFO  Umbraco.Core.Logging.OwinLogger - Event Id: 0, state: User logged will be logged out due to timeout: admin@bbl.co.th, IP Address: ::1
 2016-12-27 15:27:36,703 [P6620/D7/T174] INFO  Umbraco.Core.Logging.OwinLogger - Event Id: 0, state: User logged will be logged out due to timeout: admin@bbl.co.th, IP Address: ::1
 2016-12-27 15:50:44,992 [P6620/D7/T296] INFO  Umbraco.Core.Security.BackOfficeSignInManager - Event Id: 0, state: Login attempt succeeded for username admin@bbl.co.th from IP address ::1
 2016-12-27 15:50:44,992 [P6620/D7/T296] INFO  Umbraco.Core.Security.BackOfficeSignInManager - Event Id: 0, state: User: admin@bbl.co.th logged in from IP address ::1
 2016-12-27 15:50:57,220 [P6620/D7/T244] INFO  Umbraco.Core.Publishing.PublishingStrategy - Content 'What's On' with Id '1104' has been published.
 2016-12-27 15:51:01,297 [P6620/D7/T56] INFO  umbraco.content - Save Xml to file...
 2016-12-27 15:51:01,367 [P6620/D7/T56] INFO  umbraco.content - Saved Xml to file.
 2016-12-27 16:03:22,661 [P6620/D7/T280] INFO  Umbraco.Core.Publishing.PublishingStrategy - Content 'What's On' with Id '1104' has been published.
 2016-12-27 16:03:26,715 [P6620/D7/T56] INFO  umbraco.content - Save Xml to file...
 2016-12-27 16:03:26,747 [P6620/D7/T56] INFO  umbraco.content - Saved Xml to file.
 2016-12-27 16:08:17,810 [P6620/D7/T255] INFO  Umbraco.Core.Publishing.PublishingStrategy - Content 'What's On' with Id '1104' has been published.
 2016-12-27 16:08:21,857 [P6620/D7/T56] INFO  umbraco.content - Save Xml to file...
 2016-12-27 16:08:21,967 [P6620/D7/T56] INFO  umbraco.content - Saved Xml to file.
 2016-12-27 16:09:32,352 [P6620/D7/T56] INFO  Umbraco.Core.PluginManager - Starting resolution types of Umbraco.Web.Trees.TreeController
 2016-12-27 16:09:32,353 [P6620/D7/T56] INFO  Umbraco.Core.PluginManager - Completed resolution of types of Umbraco.Web.Trees.TreeController, found 0 (took 0ms)
 2016-12-27 16:15:24,705 [P6620/D7/T265] WARN  Umbraco.Web.Models.Mapping.PreValueDisplayResolver - Could not find persisted pre-value for field default
 2016-12-27 16:19:05,386 [P6620/D7/T254] WARN  Umbraco.Web.Models.Mapping.PreValueDisplayResolver - Could not find persisted pre-value for field default
 2016-12-27 16:19:16,570 [P6620/D7/T254] WARN  Umbraco.Web.Models.Mapping.PreValueDisplayResolver - Could not find persisted pre-value for field default
 2016-12-27 16:19:21,424 [P6620/D7/T254] INFO  Umbraco.Core.PluginManager - Starting resolution types of Umbraco.Web.Editors.IEditorValidator
 2016-12-27 16:19:21,427 [P6620/D7/T254] INFO  Umbraco.Core.PluginManager - Completed resolution of types of Umbraco.Web.Editors.IEditorValidator, found 0 (took 2ms)
 2016-12-27 16:19:33,927 [P6620/D7/T249] INFO  Umbraco.Web.Scheduling.BackgroundTaskRunner - [KeepAlive] Terminating
 2016-12-27 16:19:33,927 [P6620/D7/T249] INFO  Umbraco.Web.Scheduling.BackgroundTaskRunner - [KeepAlive] Waiting for tasks to complete
 2016-12-27 16:19:33,930 [P6620/D7/T280] INFO  Umbraco.Web.Scheduling.BackgroundTaskRunner - [KeepAlive] Tasks completed, terminated
 2016-12-27 16:19:33,932 [P6620/D7/T249] INFO  Umbraco.Web.Scheduling.BackgroundTaskRunner - [ScheduledTasks] Terminating
 2016-12-27 16:19:33,932 [P6620/D7/T249] INFO  Umbraco.Web.Scheduling.BackgroundTaskRunner - [ScheduledTasks] Waiting for tasks to complete
 2016-12-27 16:19:33,932 [P6620/D7/T241] INFO  Umbraco.Web.Scheduling.BackgroundTaskRunner - [ScheduledTasks] Tasks completed, terminated
 2016-12-27 16:19:33,981 [P6620/D7/T249] INFO  Umbraco.Web.Scheduling.BackgroundTaskRunner - [Umbraco.Web.Scheduling.IBackgroundTask] Terminating
 2016-12-27 16:19:33,981 [P6620/D7/T249] INFO  Umbraco.Web.Scheduling.BackgroundTaskRunner - [Umbraco.Web.Scheduling.IBackgroundTask] Waiting for tasks to complete
 2016-12-27 16:19:33,981 [P6620/D7/T249] INFO  Umbraco.Web.Scheduling.BackgroundTaskRunner - [ScheduledPublishing] Terminating
 2016-12-27 16:19:33,981 [P6620/D7/T249] INFO  Umbraco.Web.Scheduling.BackgroundTaskRunner - [ScheduledPublishing] Waiting for tasks to complete
 2016-12-27 16:19:33,981 [P6620/D7/T249] INFO  Umbraco.Web.Scheduling.BackgroundTaskRunner - [LogScrubber] Terminating
 2016-12-27 16:19:33,981 [P6620/D7/T249] INFO  Umbraco.Web.Scheduling.BackgroundTaskRunner - [LogScrubber] Waiting for tasks to complete
 2016-12-27 16:19:33,981 [P6620/D7/T259] INFO  Umbraco.Web.Scheduling.BackgroundTaskRunner - [Umbraco.Web.Scheduling.IBackgroundTask] Tasks completed, terminated
 2016-12-27 16:19:33,981 [P6620/D7/T259] INFO  Umbraco.Web.Scheduling.BackgroundTaskRunner - [ScheduledPublishing] Tasks completed, terminated
 2016-12-27 16:19:33,981 [P6620/D7/T341] INFO  Umbraco.Web.Scheduling.BackgroundTaskRunner - [LogScrubber] Tasks completed, terminated
 2016-12-27 16:19:38,396 [P6620/D7/T254] WARN  umbraco.macro - Error loading partial view macro (View: ~/Views/MacroPartials/NEWS.cshtml). Exception: System.InvalidOperationException: Cannot return the IPublishedContent because the UmbracoHelper was constructed with an UmbracoContext and the current request is not a front-end request.
   at Umbraco.Web.UmbracoHelper.get_AssignedContentItem()
   at Umbraco.Web.UmbracoHelper.Field(String fieldAlias, String altFieldAlias, String altText, String insertBefore, String insertAfter, Boolean recursive, Boolean convertLineBreaks, Boolean removeParagraphTags, RenderFieldCaseType casing, RenderFieldEncodingType encoding, Boolean formatAsDate, Boolean formatAsDateWithTime, String formatAsDateWithTimeSeparator)
   at ASP._Page_Views_MacroPartials_NEWS_cshtml.Execute() in c:\queengallery\queengallery\Views\MacroPartials\NEWS.cshtml:line 21
   at System.Web.WebPages.WebPageBase.ExecutePageHierarchy()
   at System.Web.Mvc.WebViewPage.ExecutePageHierarchy()
   at System.Web.WebPages.WebPageBase.ExecutePageHierarchy(WebPageContext pageContext, TextWriter writer, WebPageRenderingBase startPage)
   at System.Web.Mvc.RazorView.RenderView(ViewContext viewContext, TextWriter writer, Object instance)
   at System.Web.Mvc.BuildManagerCompiledView.Render(ViewContext viewContext, TextWriter writer)
   at Umbraco.Core.Profiling.ProfilingView.Render(ViewContext viewContext, TextWriter writer)
   at Umbraco.Web.Mvc.ControllerExtensions.RenderViewResultAsString(ControllerBase controller, ViewResultBase viewResult)
   at Umbraco.Web.Macros.PartialViewMacroEngine.Execute(MacroModel macro, IPublishedContent content)
   at Umbraco.Web.Macros.PartialViewMacroEngine.Execute(MacroModel macro, INode node)
   at umbraco.macro.LoadPartialViewMacro(MacroModel macro)
   at umbraco.macro.renderMacro(Hashtable pageElements, Int32 pageId)
 2016-12-27 16:19:38,397 [P6620/D7/T254] WARN  umbraco.macro - Error loading Partial View (file: ~/Views/MacroPartials/NEWS.cshtml). Exception: System.InvalidOperationException: Cannot return the IPublishedContent because the UmbracoHelper was constructed with an UmbracoContext and the current request is not a front-end request.
   at Umbraco.Web.UmbracoHelper.get_AssignedContentItem()
   at Umbraco.Web.UmbracoHelper.Field(String fieldAlias, String altFieldAlias, String altText, String insertBefore, String insertAfter, Boolean recursive, Boolean convertLineBreaks, Boolean removeParagraphTags, RenderFieldCaseType casing, RenderFieldEncodingType encoding, Boolean formatAsDate, Boolean formatAsDateWithTime, String formatAsDateWithTimeSeparator)
   at ASP._Page_Views_MacroPartials_NEWS_cshtml.Execute() in c:\queengallery\queengallery\Views\MacroPartials\NEWS.cshtml:line 21
   at System.Web.WebPages.WebPageBase.ExecutePageHierarchy()
   at System.Web.Mvc.WebViewPage.ExecutePageHierarchy()
   at System.Web.WebPages.WebPageBase.ExecutePageHierarchy(WebPageContext pageContext, TextWriter writer, WebPageRenderingBase startPage)
   at System.Web.Mvc.RazorView.RenderView(ViewContext viewContext, TextWriter writer, Object instance)
   at System.Web.Mvc.BuildManagerCompiledView.Render(ViewContext viewContext, TextWriter writer)
   at Umbraco.Core.Profiling.ProfilingView.Render(ViewContext viewContext, TextWriter writer)
   at Umbraco.Web.Mvc.ControllerExtensions.RenderViewResultAsString(ControllerBase controller, ViewResultBase viewResult)
   at Umbraco.Web.Macros.PartialViewMacroEngine.Execute(MacroModel macro, IPublishedContent content)
   at Umbraco.Web.Macros.PartialViewMacroEngine.Execute(MacroModel macro, INode node)
   at umbraco.macro.LoadPartialViewMacro(MacroModel macro)
   at umbraco.macro.renderMacro(Hashtable pageElements, Int32 pageId)
 2016-12-27 16:19:38,747 [P6620/D8/T300] INFO  Umbraco.Core.CoreBootManager - Umbraco 7.5.4 application starting on HC-LAB
 2016-12-27 16:19:38,773 [P6620/D8/T300] INFO  Umbraco.Core.PluginManager - Determining hash of code files on disk
 2016-12-27 16:19:38,785 [P6620/D8/T300] INFO  Umbraco.Core.PluginManager - Hash determined (took 12ms)
 2016-12-27 16:19:38,859 [P6620/D8/T300] INFO  Umbraco.Core.PluginManager - Starting resolution types of umbraco.interfaces.IApplicationStartupHandler
 2016-12-27 16:19:38,940 [P6620/D8/T300] INFO  Umbraco.Core.PluginManager - Completed resolution of types of umbraco.interfaces.IApplicationStartupHandler, found 0 (took 81ms)
 2016-12-27 16:19:39,009 [P6620/D8/T300] INFO  Umbraco.Core.PluginManager - Starting resolution types of Umbraco.Core.PropertyEditors.IPropertyEditorValueConverter
 2016-12-27 16:19:39,011 [P6620/D8/T300] INFO  Umbraco.Core.PluginManager - Completed resolution of types of Umbraco.Core.PropertyEditors.IPropertyEditorValueConverter, found 0 (took 1ms)
 2016-12-27 16:19:39,011 [P6620/D8/T300] INFO  Umbraco.Core.PluginManager - Starting resolution types of Umbraco.Core.PropertyEditors.IPropertyValueConverter
 2016-12-27 16:19:39,013 [P6620/D8/T300] INFO  Umbraco.Core.PluginManager - Completed resolution of types of Umbraco.Core.PropertyEditors.IPropertyValueConverter, found 0 (took 2ms)
 2016-12-27 16:19:39,020 [P6620/D8/T300] INFO  Umbraco.Core.PluginManager - Starting resolution types of Umbraco.Web.Mvc.SurfaceController
 2016-12-27 16:19:39,038 [P6620/D8/T300] INFO  Umbraco.Core.PluginManager - Completed resolution of types of Umbraco.Web.Mvc.SurfaceController, found 0 (took 17ms)
 2016-12-27 16:19:39,039 [P6620/D8/T300] INFO  Umbraco.Core.PluginManager - Starting resolution types of Umbraco.Web.WebApi.UmbracoApiController
 2016-12-27 16:19:39,046 [P6620/D8/T300] INFO  Umbraco.Core.PluginManager - Completed resolution of types of Umbraco.Web.WebApi.UmbracoApiController, found 0 (took 7ms)
 2016-12-27 16:19:39,125 [P6620/D8/T300] INFO  Umbraco.Core.PluginManager - Starting resolution types of Umbraco.Core.Media.IThumbnailProvider
 2016-12-27 16:19:39,126 [P6620/D8/T300] INFO  Umbraco.Core.PluginManager - Completed resolution of types of Umbraco.Core.Media.IThumbnailProvider, found 0 (took 1ms)
 2016-12-27 16:19:39,127 [P6620/D8/T300] INFO  Umbraco.Core.PluginManager - Starting resolution types of Umbraco.Core.Media.IImageUrlProvider
 2016-12-27 16:19:39,128 [P6620/D8/T300] INFO  Umbraco.Core.PluginManager - Completed resolution of types of Umbraco.Core.Media.IImageUrlProvider, found 0 (took 1ms)
 2016-12-27 16:19:40,345 [P6620/D8/T300] INFO  Umbraco.Core.DatabaseContext - CanConnect = True
 2016-12-27 16:19:40,575 [P6620/D8/T300] INFO  Umbraco.Core.DatabaseContext - CanConnect = True
 2016-12-27 16:19:40,615 [P6620/D8/T300] INFO  Umbraco.Core.DatabaseContext - CanConnect = True
 2016-12-27 16:19:40,644 [P6620/D8/T300] INFO  Umbraco.Web.Cache.CacheRefresherEventHandler - Initializing Umbraco internal event handlers for cache refreshing
 2016-12-27 16:19:40,785 [P6620/D8/T300] INFO  Umbraco.Web.Search.ExamineEvents - Initializing Examine and binding to business logic events
 2016-12-27 16:19:40,785 [P6620/D8/T300] INFO  Umbraco.Web.Search.ExamineEvents - Adding examine event handlers for index providers: 3
 2016-12-27 16:19:40,800 [P6620/D8/T300] INFO  Umbraco.Core.CoreBootManager - Umbraco application startup complete (took 2129ms)
 2016-12-27 16:19:41,792 [P6620/D8/T255] INFO  Umbraco.Core.Sync.ApplicationUrlHelper - ApplicationUrl: http://localhost:17606/umbraco (UmbracoModule request)
 2016-12-27 16:19:42,698 [P6620/D8/T255] INFO  Umbraco.Core.PluginManager - Starting resolution types of Umbraco.Web.Trees.TreeController
 2016-12-27 16:19:42,700 [P6620/D8/T255] INFO  Umbraco.Core.PluginManager - Completed resolution of types of Umbraco.Web.Trees.TreeController, found 0 (took 1ms)
 2016-12-27 16:19:42,704 [P6620/D8/T255] INFO  Umbraco.Core.PluginManager - Starting resolution types of umbraco.interfaces.ITree
 2016-12-27 16:19:42,706 [P6620/D8/T255] INFO  Umbraco.Core.PluginManager - Completed resolution of types of umbraco.interfaces.ITree, found 0 (took 1ms)
 2016-12-27 16:19:42,783 [P6620/D8/T255] INFO  Umbraco.Core.PluginManager - Starting resolution types of Umbraco.Core.Persistence.Mappers.BaseMapper
 2016-12-27 16:19:42,786 [P6620/D8/T255] INFO  Umbraco.Core.PluginManager - Completed resolution of types of Umbraco.Core.Persistence.Mappers.BaseMapper, found 0 (took 2ms)
 2016-12-27 16:19:47,589 [P6620/D8/T341] INFO  umbraco.content - Load Xml from file...
 2016-12-27 16:19:47,592 [P6620/D8/T341] INFO  umbraco.content - Loaded Xml from file.
 2016-12-27 16:19:47,878 [P6620/D8/T341] INFO  Umbraco.Core.PluginManager - Starting resolution types of Umbraco.Core.PropertyEditors.IParameterEditor
 2016-12-27 16:19:47,880 [P6620/D8/T341] INFO  Umbraco.Core.PluginManager - Completed resolution of types of Umbraco.Core.PropertyEditors.IParameterEditor, found 0 (took 2ms)
 2016-12-27 16:20:04,078 [P6620/D7/T253] INFO  Umbraco.Core.UmbracoApplicationBase - Application shutdown. Details: MaxRecompilationsReached

_shutDownMessage=Recompilation limit of 15 reached
HostingEnvironment initiated shutdown
HostingEnvironment caused shutdown

_shutDownStack=   at System.Environment.GetStackTrace(Exception e, Boolean needFileInfo)
   at System.Environment.get_StackTrace()
   at System.Web.Hosting.HostingEnvironment.InitiateShutdownInternal()
   at System.Web.Hosting.HostingEnvironment.InitiateShutdownWithoutDemand()
   at System.Web.HttpRuntime.ShutdownAppDomain(String stackTrace)
   at System.Web.Compilation.DiskBuildResultCache.ShutdownCallBack(Object state)
   at System.Threading.QueueUserWorkItemCallback.WaitCallback_Context(Object state)
   at System.Threading.ExecutionContext.RunInternal(ExecutionContext executionContext, ContextCallback callback, Object state, Boolean preserveSyncCtx)
   at System.Threading.ExecutionContext.Run(ExecutionContext executionContext, ContextCallback callback, Object state, Boolean preserveSyncCtx)
   at System.Threading.QueueUserWorkItemCallback.System.Threading.IThreadPoolWorkItem.ExecuteWorkItem()
   at System.Threading.ThreadPoolWorkQueue.Dispatch()
   at System.Threading._ThreadPoolWaitCallback.PerformWaitCallback()
 2016-12-27 16:20:44,013 [P6620/D8/T249] INFO  Umbraco.Core.PluginManager - Starting resolution types of Umbraco.Core.PropertyEditors.IParameterEditor
 2016-12-27 16:20:44,014 [P6620/D8/T249] INFO  Umbraco.Core.PluginManager - Completed resolution of types of Umbraco.Core.PropertyEditors.IParameterEditor, found 0 (took 1ms)
 2016-12-27 16:20:44,061 [P6620/D8/T249] INFO  Umbraco.Core.PluginManager - Starting resolution types of umbraco.cms.businesslogic.macro.IMacroEngine
 2016-12-27 16:20:44,063 [P6620/D8/T249] INFO  Umbraco.Core.PluginManager - Completed resolution of types of umbraco.cms.businesslogic.macro.IMacroEngine, found 0 (took 1ms)
 2016-12-27 16:20:45,508 [P6620/D8/T257] INFO  umbraco.BusinessLogic.Log - Log scrubbed.  Removed all items older than 2016-12-26 16:20:45
 2016-12-27 16:34:44,780 [P6620/D8/T289] INFO  Umbraco.Core.Logging.OwinLogger - Event Id: 0, state: User logged will be logged out due to timeout: admin@bbl.co.th, IP Address: ::1
 2016-12-27 16:57:39,015 [P6620/D8/T219] INFO  Umbraco.Core.Security.BackOfficeSignInManager - Event Id: 0, state: Login attempt succeeded for username admin@bbl.co.th from IP address ::1
 2016-12-27 16:57:39,017 [P6620/D8/T219] INFO  Umbraco.Core.Security.BackOfficeSignInManager - Event Id: 0, state: User: admin@bbl.co.th logged in from IP address ::1
 2016-12-27 16:57:39,131 [P6620/D8/T217] INFO  Umbraco.Core.PluginManager - Starting resolution types of umbraco.interfaces.IApplication
 2016-12-27 16:57:39,134 [P6620/D8/T217] INFO  Umbraco.Core.PluginManager - Completed resolution of types of umbraco.interfaces.IApplication, found 0 (took 2ms)
 2016-12-27 16:57:48,270 [P6620/D8/T219] INFO  Umbraco.Core.Publishing.PublishingStrategy - Content 'What's On' with Id '1104' has been published.
 2016-12-27 16:57:48,383 [P6620/D8/T219] INFO  Umbraco.Core.PluginManager - Starting resolution types of umbraco.interfaces.ICacheRefresher
 2016-12-27 16:57:48,385 [P6620/D8/T219] INFO  Umbraco.Core.PluginManager - Completed resolution of types of umbraco.interfaces.ICacheRefresher, found 0 (took 1ms)
 2016-12-27 16:57:52,504 [P6620/D8/T247] INFO  umbraco.content - Save Xml to file...
 2016-12-27 16:57:52,564 [P6620/D8/T247] INFO  umbraco.content - Saved Xml to file.
 2016-12-27 16:57:58,151 [P6620/D8/T263] INFO  Umbraco.Core.Publishing.PublishingStrategy - Content 'What's On' with Id '1104' has been published.
 2016-12-27 16:58:02,211 [P6620/D8/T212] INFO  umbraco.content - Save Xml to file...
 2016-12-27 16:58:02,249 [P6620/D8/T212] INFO  umbraco.content - Saved Xml to file.
 2016-12-27 17:04:55,693 [P6620/D8/T296] WARN  Umbraco.Web.PropertyEditors.ImageCropperPropertyValueEditor - Could not parse current db value to a JObject. Exception: Newtonsoft.Json.JsonReaderException: Error parsing comment. Expected: *, got m. Path '', line 1, position 1.
   at Newtonsoft.Json.JsonTextReader.ParseComment()
   at Newtonsoft.Json.JsonTextReader.ParseValue()
   at Newtonsoft.Json.JsonTextReader.ReadInternal()
   at Newtonsoft.Json.JsonTextReader.Read()
   at Newtonsoft.Json.Linq.JObject.Load(JsonReader reader)
   at Newtonsoft.Json.Linq.JObject.Parse(String json)
   at Umbraco.Web.PropertyEditors.ImageCropperPropertyValueEditor.ConvertEditorToDb(ContentPropertyData editorValue, Object currentValue)
 2016-12-27 17:17:16,821 [P6620/D8/T297] INFO  Umbraco.Core.Logging.OwinLogger - Event Id: 0, state: User logged will be logged out due to timeout: admin@bbl.co.th, IP Address: ::1
 2016-12-27 17:17:29,338 [P6620/D8/T293] INFO  Umbraco.Core.Security.BackOfficeSignInManager - Event Id: 0, state: Login attempt succeeded for username admin@bbl.co.th from IP address ::1
 2016-12-27 17:17:29,338 [P6620/D8/T293] INFO  Umbraco.Core.Security.BackOfficeSignInManager - Event Id: 0, state: User: admin@bbl.co.th logged in from IP address ::1
 2016-12-27 17:18:26,575 [P6620/D8/T290] WARN  Umbraco.Web.PropertyEditors.ImageCropperPropertyValueEditor - Could not parse current db value to a JObject. Exception: Newtonsoft.Json.JsonReaderException: Error parsing comment. Expected: *, got m. Path '', line 1, position 1.
   at Newtonsoft.Json.JsonTextReader.ParseComment()
   at Newtonsoft.Json.JsonTextReader.ParseValue()
   at Newtonsoft.Json.JsonTextReader.ReadInternal()
   at Newtonsoft.Json.JsonTextReader.Read()
   at Newtonsoft.Json.Linq.JObject.Load(JsonReader reader)
   at Newtonsoft.Json.Linq.JObject.Parse(String json)
   at Umbraco.Web.PropertyEditors.ImageCropperPropertyValueEditor.ConvertEditorToDb(ContentPropertyData editorValue, Object currentValue)
 2016-12-27 17:30:57,058 [P6620/D8/T250] INFO  Umbraco.Web.Scheduling.BackgroundTaskRunner - [Umbraco.Web.Scheduling.IBackgroundTask] Terminating
 2016-12-27 17:30:57,058 [P6620/D8/T250] INFO  Umbraco.Web.Scheduling.BackgroundTaskRunner - [Umbraco.Web.Scheduling.IBackgroundTask] Waiting for tasks to complete
 2016-12-27 17:30:57,059 [P6620/D8/T250] INFO  Umbraco.Web.Scheduling.BackgroundTaskRunner - [ScheduledPublishing] Terminating
 2016-12-27 17:30:57,059 [P6620/D8/T250] INFO  Umbraco.Web.Scheduling.BackgroundTaskRunner - [ScheduledPublishing] Waiting for tasks to complete
 2016-12-27 17:30:57,059 [P6620/D8/T250] INFO  Umbraco.Web.Scheduling.BackgroundTaskRunner - [KeepAlive] Terminating
 2016-12-27 17:30:57,059 [P6620/D8/T250] INFO  Umbraco.Web.Scheduling.BackgroundTaskRunner - [KeepAlive] Waiting for tasks to complete
 2016-12-27 17:30:57,059 [P6620/D8/T250] INFO  Umbraco.Web.Scheduling.BackgroundTaskRunner - [LogScrubber] Terminating
 2016-12-27 17:30:57,059 [P6620/D8/T250] INFO  Umbraco.Web.Scheduling.BackgroundTaskRunner - [LogScrubber] Waiting for tasks to complete
 2016-12-27 17:30:57,060 [P6620/D8/T251] INFO  Umbraco.Web.Scheduling.BackgroundTaskRunner - [Umbraco.Web.Scheduling.IBackgroundTask] Tasks completed, terminated
 2016-12-27 17:30:57,060 [P6620/D8/T244] INFO  Umbraco.Web.Scheduling.BackgroundTaskRunner - [ScheduledPublishing] Tasks completed, terminated
 2016-12-27 17:30:57,060 [P6620/D8/T258] INFO  Umbraco.Web.Scheduling.BackgroundTaskRunner - [KeepAlive] Tasks completed, terminated
 2016-12-27 17:30:57,060 [P6620/D8/T257] INFO  Umbraco.Web.Scheduling.BackgroundTaskRunner - [LogScrubber] Tasks completed, terminated
 2016-12-27 17:30:57,080 [P6620/D8/T250] INFO  Umbraco.Web.Scheduling.BackgroundTaskRunner - [ScheduledTasks] Terminating
 2016-12-27 17:30:57,080 [P6620/D8/T250] INFO  Umbraco.Web.Scheduling.BackgroundTaskRunner - [ScheduledTasks] Waiting for tasks to complete
 2016-12-27 17:30:57,080 [P6620/D8/T238] INFO  Umbraco.Web.Scheduling.BackgroundTaskRunner - [ScheduledTasks] Tasks completed, terminated
 2016-12-27 17:31:00,450 [P6620/D9/T19] INFO  Umbraco.Core.CoreBootManager - Umbraco 7.5.4 application starting on HC-LAB
 2016-12-27 17:31:00,472 [P6620/D9/T19] INFO  Umbraco.Core.PluginManager - Determining hash of code files on disk
 2016-12-27 17:31:00,489 [P6620/D9/T19] INFO  Umbraco.Core.PluginManager - Hash determined (took 16ms)
 2016-12-27 17:31:00,607 [P6620/D9/T19] INFO  Umbraco.Core.PluginManager - Starting resolution types of umbraco.interfaces.IApplicationStartupHandler
 2016-12-27 17:31:00,721 [P6620/D9/T19] INFO  Umbraco.Core.PluginManager - Completed resolution of types of umbraco.interfaces.IApplicationStartupHandler, found 0 (took 113ms)
 2016-12-27 17:31:00,804 [P6620/D9/T19] INFO  Umbraco.Core.PluginManager - Starting resolution types of Umbraco.Core.PropertyEditors.IPropertyEditorValueConverter
 2016-12-27 17:31:00,805 [P6620/D9/T19] INFO  Umbraco.Core.PluginManager - Completed resolution of types of Umbraco.Core.PropertyEditors.IPropertyEditorValueConverter, found 0 (took 1ms)
 2016-12-27 17:31:00,805 [P6620/D9/T19] INFO  Umbraco.Core.PluginManager - Starting resolution types of Umbraco.Core.PropertyEditors.IPropertyValueConverter
 2016-12-27 17:31:00,808 [P6620/D9/T19] INFO  Umbraco.Core.PluginManager - Completed resolution of types of Umbraco.Core.PropertyEditors.IPropertyValueConverter, found 0 (took 3ms)
 2016-12-27 17:31:00,816 [P6620/D9/T19] INFO  Umbraco.Core.PluginManager - Starting resolution types of Umbraco.Web.Mvc.SurfaceController
 2016-12-27 17:31:00,844 [P6620/D9/T19] INFO  Umbraco.Core.PluginManager - Completed resolution of types of Umbraco.Web.Mvc.SurfaceController, found 0 (took 27ms)
 2016-12-27 17:31:00,844 [P6620/D9/T19] INFO  Umbraco.Core.PluginManager - Starting resolution types of Umbraco.Web.WebApi.UmbracoApiController
 2016-12-27 17:31:00,854 [P6620/D9/T19] INFO  Umbraco.Core.PluginManager - Completed resolution of types of Umbraco.Web.WebApi.UmbracoApiController, found 0 (took 10ms)
 2016-12-27 17:31:00,968 [P6620/D9/T19] INFO  Umbraco.Core.PluginManager - Starting resolution types of Umbraco.Core.Media.IThumbnailProvider
 2016-12-27 17:31:00,969 [P6620/D9/T19] INFO  Umbraco.Core.PluginManager - Completed resolution of types of Umbraco.Core.Media.IThumbnailProvider, found 0 (took 1ms)
 2016-12-27 17:31:00,969 [P6620/D9/T19] INFO  Umbraco.Core.PluginManager - Starting resolution types of Umbraco.Core.Media.IImageUrlProvider
 2016-12-27 17:31:00,970 [P6620/D9/T19] INFO  Umbraco.Core.PluginManager - Completed resolution of types of Umbraco.Core.Media.IImageUrlProvider, found 0 (took 0ms)
 2016-12-27 17:31:02,092 [P6620/D9/T19] INFO  Umbraco.Core.DatabaseContext - CanConnect = True
 2016-12-27 17:31:02,275 [P6620/D9/T19] INFO  Umbraco.Core.DatabaseContext - CanConnect = True
 2016-12-27 17:31:02,302 [P6620/D9/T19] INFO  Umbraco.Core.DatabaseContext - CanConnect = True
 2016-12-27 17:31:02,322 [P6620/D9/T19] INFO  Umbraco.Web.Cache.CacheRefresherEventHandler - Initializing Umbraco internal event handlers for cache refreshing
 2016-12-27 17:31:02,430 [P6620/D9/T19] INFO  Umbraco.Web.Search.ExamineEvents - Initializing Examine and binding to business logic events
 2016-12-27 17:31:02,430 [P6620/D9/T19] INFO  Umbraco.Web.Search.ExamineEvents - Adding examine event handlers for index providers: 3
 2016-12-27 17:31:02,438 [P6620/D9/T19] INFO  Umbraco.Core.CoreBootManager - Umbraco application startup complete (took 2068ms)
 2016-12-27 17:31:03,277 [P6620/D9/T244] INFO  Umbraco.Core.Sync.ApplicationUrlHelper - ApplicationUrl: http://localhost:17606/umbraco (UmbracoModule request)
 2016-12-27 17:31:03,842 [P6620/D9/T244] INFO  umbraco.content - Load Xml from file...
 2016-12-27 17:31:03,845 [P6620/D9/T244] INFO  umbraco.content - Loaded Xml from file.
 2016-12-27 17:31:04,482 [P6620/D9/T244] INFO  Umbraco.Core.PluginManager - Starting resolution types of Umbraco.Core.PropertyEditors.IParameterEditor
 2016-12-27 17:31:04,484 [P6620/D9/T244] INFO  Umbraco.Core.PluginManager - Completed resolution of types of Umbraco.Core.PropertyEditors.IParameterEditor, found 0 (took 2ms)
 2016-12-27 17:31:12,460 [P6620/D9/T292] INFO  Umbraco.Core.PluginManager - Starting resolution types of Umbraco.Core.Persistence.Mappers.BaseMapper
 2016-12-27 17:31:12,462 [P6620/D9/T292] INFO  Umbraco.Core.PluginManager - Completed resolution of types of Umbraco.Core.Persistence.Mappers.BaseMapper, found 0 (took 1ms)
 2016-12-27 17:31:12,643 [P6620/D9/T292] INFO  Umbraco.Core.PluginManager - Starting resolution types of Umbraco.Core.PropertyEditors.IParameterEditor
 2016-12-27 17:31:12,643 [P6620/D9/T292] INFO  Umbraco.Core.PluginManager - Completed resolution of types of Umbraco.Core.PropertyEditors.IParameterEditor, found 0 (took 0ms)
 2016-12-27 17:31:12,674 [P6620/D9/T244] INFO  Umbraco.Core.PluginManager - Starting resolution types of umbraco.cms.businesslogic.macro.IMacroEngine
 2016-12-27 17:31:12,676 [P6620/D9/T244] INFO  Umbraco.Core.PluginManager - Completed resolution of types of umbraco.cms.businesslogic.macro.IMacroEngine, found 0 (took 1ms)
 2016-12-27 17:31:27,182 [P6620/D8/T251] INFO  Umbraco.Core.UmbracoApplicationBase - Application shutdown. Details: MaxRecompilationsReached

_shutDownMessage=Recompilation limit of 15 reached
HostingEnvironment initiated shutdown
HostingEnvironment caused shutdown

_shutDownStack=   at System.Environment.GetStackTrace(Exception e, Boolean needFileInfo)
   at System.Environment.get_StackTrace()
   at System.Web.Hosting.HostingEnvironment.InitiateShutdownInternal()
   at System.Web.Hosting.HostingEnvironment.InitiateShutdownWithoutDemand()
   at System.Web.HttpRuntime.ShutdownAppDomain(String stackTrace)
   at System.Web.Compilation.DiskBuildResultCache.ShutdownCallBack(Object state)
   at System.Threading.QueueUserWorkItemCallback.WaitCallback_Context(Object state)
   at System.Threading.ExecutionContext.RunInternal(ExecutionContext executionContext, ContextCallback callback, Object state, Boolean preserveSyncCtx)
   at System.Threading.ExecutionContext.Run(ExecutionContext executionContext, ContextCallback callback, Object state, Boolean preserveSyncCtx)
   at System.Threading.QueueUserWorkItemCallback.System.Threading.IThreadPoolWorkItem.ExecuteWorkItem()
   at System.Threading.ThreadPoolWorkQueue.Dispatch()
   at System.Threading._ThreadPoolWaitCallback.PerformWaitCallback()
 2016-12-27 17:32:04,026 [P6620/D9/T262] INFO  umbraco.BusinessLogic.Log - Log scrubbed.  Removed all items older than 2016-12-26 17:32:03
 2016-12-27 17:37:03,843 [P6620/D9/T224] INFO  Umbraco.Core.Logging.OwinLogger - Event Id: 0, state: User logged will be logged out due to timeout: admin@bbl.co.th, IP Address: ::1
 2016-12-27 17:42:43,666 [P6620/D9/T214] INFO  Umbraco.Web.Scheduling.BackgroundTaskRunner - [LogScrubber] Terminating
 2016-12-27 17:42:43,666 [P6620/D9/T214] INFO  Umbraco.Web.Scheduling.BackgroundTaskRunner - [LogScrubber] Waiting for tasks to complete
 2016-12-27 17:42:43,667 [P6620/D9/T214] INFO  Umbraco.Web.Scheduling.BackgroundTaskRunner - [ScheduledPublishing] Terminating
 2016-12-27 17:42:43,667 [P6620/D9/T214] INFO  Umbraco.Web.Scheduling.BackgroundTaskRunner - [ScheduledPublishing] Waiting for tasks to complete
 2016-12-27 17:42:43,667 [P6620/D9/T214] INFO  Umbraco.Web.Scheduling.BackgroundTaskRunner - [ScheduledTasks] Terminating
 2016-12-27 17:42:43,667 [P6620/D9/T214] INFO  Umbraco.Web.Scheduling.BackgroundTaskRunner - [ScheduledTasks] Waiting for tasks to complete
 2016-12-27 17:42:43,672 [P6620/D9/T282] INFO  Umbraco.Web.Scheduling.BackgroundTaskRunner - [LogScrubber] Tasks completed, terminated
 2016-12-27 17:42:43,672 [P6620/D9/T282] INFO  Umbraco.Web.Scheduling.BackgroundTaskRunner - [ScheduledPublishing] Tasks completed, terminated
 2016-12-27 17:42:43,681 [P6620/D9/T171] INFO  Umbraco.Web.Scheduling.BackgroundTaskRunner - [ScheduledTasks] Tasks completed, terminated
 2016-12-27 17:42:43,748 [P6620/D9/T214] INFO  Umbraco.Web.Scheduling.BackgroundTaskRunner - [KeepAlive] Terminating
 2016-12-27 17:42:43,748 [P6620/D9/T214] INFO  Umbraco.Web.Scheduling.BackgroundTaskRunner - [KeepAlive] Waiting for tasks to complete
 2016-12-27 17:42:43,748 [P6620/D9/T214] INFO  Umbraco.Web.Scheduling.BackgroundTaskRunner - [Umbraco.Web.Scheduling.IBackgroundTask] Terminating
 2016-12-27 17:42:43,748 [P6620/D9/T214] INFO  Umbraco.Web.Scheduling.BackgroundTaskRunner - [Umbraco.Web.Scheduling.IBackgroundTask] Waiting for tasks to complete
 2016-12-27 17:42:43,749 [P6620/D9/T5] INFO  Umbraco.Web.Scheduling.BackgroundTaskRunner - [Umbraco.Web.Scheduling.IBackgroundTask] Tasks completed, terminated
 2016-12-27 17:42:43,749 [P6620/D9/T232] INFO  Umbraco.Web.Scheduling.BackgroundTaskRunner - [KeepAlive] Tasks completed, terminated
 2016-12-27 17:42:52,277 [P6620/D10/T240] INFO  Umbraco.Core.CoreBootManager - Umbraco 7.5.4 application starting on HC-LAB
 2016-12-27 17:42:52,298 [P6620/D10/T240] INFO  Umbraco.Core.PluginManager - Determining hash of code files on disk
 2016-12-27 17:42:52,311 [P6620/D10/T240] INFO  Umbraco.Core.PluginManager - Hash determined (took 12ms)
 2016-12-27 17:42:52,378 [P6620/D10/T240] INFO  Umbraco.Core.PluginManager - Starting resolution types of umbraco.interfaces.IApplicationStartupHandler
 2016-12-27 17:42:52,437 [P6620/D10/T240] INFO  Umbraco.Core.PluginManager - Completed resolution of types of umbraco.interfaces.IApplicationStartupHandler, found 0 (took 58ms)
 2016-12-27 17:42:52,498 [P6620/D10/T240] INFO  Umbraco.Core.PluginManager - Starting resolution types of Umbraco.Core.PropertyEditors.IPropertyEditorValueConverter
 2016-12-27 17:42:52,499 [P6620/D10/T240] INFO  Umbraco.Core.PluginManager - Completed resolution of types of Umbraco.Core.PropertyEditors.IPropertyEditorValueConverter, found 0 (took 1ms)
 2016-12-27 17:42:52,500 [P6620/D10/T240] INFO  Umbraco.Core.PluginManager - Starting resolution types of Umbraco.Core.PropertyEditors.IPropertyValueConverter
 2016-12-27 17:42:52,503 [P6620/D10/T240] INFO  Umbraco.Core.PluginManager - Completed resolution of types of Umbraco.Core.PropertyEditors.IPropertyValueConverter, found 0 (took 3ms)
 2016-12-27 17:42:52,511 [P6620/D10/T240] INFO  Umbraco.Core.PluginManager - Starting resolution types of Umbraco.Web.Mvc.SurfaceController
 2016-12-27 17:42:52,524 [P6620/D10/T240] INFO  Umbraco.Core.PluginManager - Completed resolution of types of Umbraco.Web.Mvc.SurfaceController, found 0 (took 13ms)
 2016-12-27 17:42:52,525 [P6620/D10/T240] INFO  Umbraco.Core.PluginManager - Starting resolution types of Umbraco.Web.WebApi.UmbracoApiController
 2016-12-27 17:42:52,534 [P6620/D10/T240] INFO  Umbraco.Core.PluginManager - Completed resolution of types of Umbraco.Web.WebApi.UmbracoApiController, found 0 (took 9ms)
 2016-12-27 17:42:52,605 [P6620/D10/T240] INFO  Umbraco.Core.PluginManager - Starting resolution types of Umbraco.Core.Media.IThumbnailProvider
 2016-12-27 17:42:52,607 [P6620/D10/T240] INFO  Umbraco.Core.PluginManager - Completed resolution of types of Umbraco.Core.Media.IThumbnailProvider, found 0 (took 1ms)
 2016-12-27 17:42:52,607 [P6620/D10/T240] INFO  Umbraco.Core.PluginManager - Starting resolution types of Umbraco.Core.Media.IImageUrlProvider
 2016-12-27 17:42:52,610 [P6620/D10/T240] INFO  Umbraco.Core.PluginManager - Completed resolution of types of Umbraco.Core.Media.IImageUrlProvider, found 0 (took 2ms)
 2016-12-27 17:42:53,676 [P6620/D10/T240] INFO  Umbraco.Core.DatabaseContext - CanConnect = True
 2016-12-27 17:42:53,845 [P6620/D10/T240] INFO  Umbraco.Core.DatabaseContext - CanConnect = True
 2016-12-27 17:42:53,868 [P6620/D10/T240] INFO  Umbraco.Core.DatabaseContext - CanConnect = True
 2016-12-27 17:42:53,890 [P6620/D10/T240] INFO  Umbraco.Web.Cache.CacheRefresherEventHandler - Initializing Umbraco internal event handlers for cache refreshing
 2016-12-27 17:42:53,998 [P6620/D10/T240] INFO  Umbraco.Web.Search.ExamineEvents - Initializing Examine and binding to business logic events
 2016-12-27 17:42:53,998 [P6620/D10/T240] INFO  Umbraco.Web.Search.ExamineEvents - Adding examine event handlers for index providers: 3
 2016-12-27 17:42:54,007 [P6620/D10/T240] INFO  Umbraco.Core.CoreBootManager - Umbraco application startup complete (took 1798ms)
 2016-12-27 17:42:54,780 [P6620/D10/T213] INFO  Umbraco.Core.Sync.ApplicationUrlHelper - ApplicationUrl: http://localhost:17606/umbraco (UmbracoModule request)
 2016-12-27 17:42:55,367 [P6620/D10/T213] INFO  umbraco.content - Load Xml from file...
 2016-12-27 17:42:55,370 [P6620/D10/T213] INFO  umbraco.content - Loaded Xml from file.
 2016-12-27 17:42:55,978 [P6620/D10/T213] INFO  Umbraco.Core.PluginManager - Starting resolution types of Umbraco.Core.PropertyEditors.IParameterEditor
 2016-12-27 17:42:55,979 [P6620/D10/T213] INFO  Umbraco.Core.PluginManager - Completed resolution of types of Umbraco.Core.PropertyEditors.IParameterEditor, found 0 (took 1ms)
 2016-12-27 17:43:04,278 [P6620/D10/T213] INFO  Umbraco.Core.PluginManager - Starting resolution types of Umbraco.Core.Persistence.Mappers.BaseMapper
 2016-12-27 17:43:04,280 [P6620/D10/T213] INFO  Umbraco.Core.PluginManager - Completed resolution of types of Umbraco.Core.Persistence.Mappers.BaseMapper, found 0 (took 2ms)
 2016-12-27 17:43:04,334 [P6620/D10/T213] INFO  Umbraco.Core.PluginManager - Starting resolution types of Umbraco.Core.PropertyEditors.IParameterEditor
 2016-12-27 17:43:04,335 [P6620/D10/T213] INFO  Umbraco.Core.PluginManager - Completed resolution of types of Umbraco.Core.PropertyEditors.IParameterEditor, found 0 (took 0ms)
 2016-12-27 17:43:04,360 [P6620/D10/T213] INFO  Umbraco.Core.PluginManager - Starting resolution types of umbraco.cms.businesslogic.macro.IMacroEngine
 2016-12-27 17:43:04,362 [P6620/D10/T213] INFO  Umbraco.Core.PluginManager - Completed resolution of types of umbraco.cms.businesslogic.macro.IMacroEngine, found 0 (took 1ms)
 2016-12-27 18:43:11,565 [P7880/D2/T1] INFO  Umbraco.Core.CoreBootManager - Umbraco 7.5.4 application starting on HC-LAB
 2016-12-27 18:43:11,605 [P7880/D2/T1] INFO  Umbraco.Core.PluginManager - Determining hash of code files on disk
 2016-12-27 18:43:11,633 [P7880/D2/T1] INFO  Umbraco.Core.PluginManager - Hash determined (took 27ms)
 2016-12-27 18:43:11,743 [P7880/D2/T1] INFO  Umbraco.Core.PluginManager - Starting resolution types of umbraco.interfaces.IApplicationStartupHandler
 2016-12-27 18:43:11,883 [P7880/D2/T1] INFO  Umbraco.Core.PluginManager - Completed resolution of types of umbraco.interfaces.IApplicationStartupHandler, found 0 (took 140ms)
 2016-12-27 18:43:11,978 [P7880/D2/T1] INFO  Umbraco.Core.PluginManager - Starting resolution types of Umbraco.Core.PropertyEditors.IPropertyEditorValueConverter
 2016-12-27 18:43:11,986 [P7880/D2/T1] INFO  Umbraco.Core.PluginManager - Completed resolution of types of Umbraco.Core.PropertyEditors.IPropertyEditorValueConverter, found 0 (took 7ms)
 2016-12-27 18:43:11,987 [P7880/D2/T1] INFO  Umbraco.Core.PluginManager - Starting resolution types of Umbraco.Core.PropertyEditors.IPropertyValueConverter
 2016-12-27 18:43:11,989 [P7880/D2/T1] INFO  Umbraco.Core.PluginManager - Completed resolution of types of Umbraco.Core.PropertyEditors.IPropertyValueConverter, found 0 (took 2ms)
 2016-12-27 18:43:12,015 [P7880/D2/T1] INFO  Umbraco.Core.PluginManager - Starting resolution types of Umbraco.Web.Mvc.SurfaceController
 2016-12-27 18:43:12,043 [P7880/D2/T1] INFO  Umbraco.Core.PluginManager - Completed resolution of types of Umbraco.Web.Mvc.SurfaceController, found 0 (took 27ms)
 2016-12-27 18:43:12,043 [P7880/D2/T1] INFO  Umbraco.Core.PluginManager - Starting resolution types of Umbraco.Web.WebApi.UmbracoApiController
 2016-12-27 18:43:12,054 [P7880/D2/T1] INFO  Umbraco.Core.PluginManager - Completed resolution of types of Umbraco.Web.WebApi.UmbracoApiController, found 0 (took 11ms)
 2016-12-27 18:43:12,173 [P7880/D2/T1] INFO  Umbraco.Core.PluginManager - Starting resolution types of Umbraco.Core.Media.IThumbnailProvider
 2016-12-27 18:43:12,175 [P7880/D2/T1] INFO  Umbraco.Core.PluginManager - Completed resolution of types of Umbraco.Core.Media.IThumbnailProvider, found 0 (took 1ms)
 2016-12-27 18:43:12,176 [P7880/D2/T1] INFO  Umbraco.Core.PluginManager - Starting resolution types of Umbraco.Core.Media.IImageUrlProvider
 2016-12-27 18:43:12,177 [P7880/D2/T1] INFO  Umbraco.Core.PluginManager - Completed resolution of types of Umbraco.Core.Media.IImageUrlProvider, found 0 (took 1ms)
 2016-12-27 18:43:14,083 [P7880/D2/T1] INFO  Umbraco.Core.DatabaseContext - CanConnect = True
 2016-12-27 18:43:14,513 [P7880/D2/T1] INFO  Umbraco.Core.DatabaseContext - CanConnect = True
 2016-12-27 18:43:14,622 [P7880/D2/T1] INFO  Umbraco.Core.DatabaseContext - CanConnect = True
 2016-12-27 18:43:14,755 [P7880/D2/T1] INFO  Umbraco.Web.Cache.CacheRefresherEventHandler - Initializing Umbraco internal event handlers for cache refreshing
 2016-12-27 18:43:14,978 [P7880/D2/T1] INFO  Umbraco.Web.Search.ExamineEvents - Initializing Examine and binding to business logic events
 2016-12-27 18:43:14,979 [P7880/D2/T1] INFO  Umbraco.Web.Search.ExamineEvents - Adding examine event handlers for index providers: 3
 2016-12-27 18:43:14,998 [P7880/D2/T1] INFO  Umbraco.Core.CoreBootManager - Umbraco application startup complete (took 3571ms)
 2016-12-27 18:43:16,327 [P7880/D2/T11] INFO  Umbraco.Core.Sync.ApplicationUrlHelper - ApplicationUrl: http://localhost:17606/umbraco (UmbracoModule request)
 2016-12-27 18:43:16,925 [P7880/D2/T11] INFO  umbraco.content - Load Xml from file...
 2016-12-27 18:43:16,932 [P7880/D2/T11] INFO  umbraco.content - Loaded Xml from file.
 2016-12-27 18:43:17,935 [P7880/D2/T11] INFO  Umbraco.Core.PluginManager - Starting resolution types of Umbraco.Core.PropertyEditors.IParameterEditor
 2016-12-27 18:43:17,937 [P7880/D2/T11] INFO  Umbraco.Core.PluginManager - Completed resolution of types of Umbraco.Core.PropertyEditors.IParameterEditor, found 0 (took 1ms)
 2016-12-27 18:43:43,939 [P7880/D2/T11] INFO  Umbraco.Core.PluginManager - Starting resolution types of Umbraco.Core.Persistence.Mappers.BaseMapper
 2016-12-27 18:43:43,941 [P7880/D2/T11] INFO  Umbraco.Core.PluginManager - Completed resolution of types of Umbraco.Core.Persistence.Mappers.BaseMapper, found 0 (took 2ms)
 2016-12-27 18:43:44,344 [P7880/D2/T11] INFO  Umbraco.Core.PluginManager - Starting resolution types of umbraco.cms.businesslogic.macro.IMacroEngine
 2016-12-27 18:43:44,346 [P7880/D2/T11] INFO  Umbraco.Core.PluginManager - Completed resolution of types of umbraco.cms.businesslogic.macro.IMacroEngine, found 0 (took 2ms)
 2016-12-27 18:43:46,705 [P7880/D2/T11] INFO  Umbraco.Core.PluginManager - Starting resolution types of Umbraco.Core.PropertyEditors.IParameterEditor
 2016-12-27 18:43:46,705 [P7880/D2/T11] INFO  Umbraco.Core.PluginManager - Completed resolution of types of Umbraco.Core.PropertyEditors.IParameterEditor, found 0 (took 0ms)
 2016-12-27 18:44:17,124 [P7880/D2/T15] INFO  umbraco.BusinessLogic.Log - Log scrubbed.  Removed all items older than 2016-12-26 18:44:16
 2016-12-27 20:35:50,169 [P7076/D7/T1] INFO  Umbraco.Core.CoreBootManager - Umbraco 7.5.4 application starting on HC-LAB
 2016-12-27 20:35:50,186 [P7076/D7/T1] INFO  Umbraco.Core.PluginManager - Determining hash of code files on disk
 2016-12-27 20:35:50,198 [P7076/D7/T1] INFO  Umbraco.Core.PluginManager - Hash determined (took 12ms)
 2016-12-27 20:35:50,278 [P7076/D7/T1] INFO  Umbraco.Core.PluginManager - Starting resolution types of umbraco.interfaces.IApplicationStartupHandler
 2016-12-27 20:35:50,355 [P7076/D7/T1] INFO  Umbraco.Core.PluginManager - Completed resolution of types of umbraco.interfaces.IApplicationStartupHandler, found 0 (took 77ms)
 2016-12-27 20:35:50,458 [P7076/D7/T1] INFO  Umbraco.Core.PluginManager - Starting resolution types of Umbraco.Core.PropertyEditors.IPropertyEditorValueConverter
 2016-12-27 20:35:50,459 [P7076/D7/T1] INFO  Umbraco.Core.PluginManager - Completed resolution of types of Umbraco.Core.PropertyEditors.IPropertyEditorValueConverter, found 0 (took 1ms)
 2016-12-27 20:35:50,460 [P7076/D7/T1] INFO  Umbraco.Core.PluginManager - Starting resolution types of Umbraco.Core.PropertyEditors.IPropertyValueConverter
 2016-12-27 20:35:50,462 [P7076/D7/T1] INFO  Umbraco.Core.PluginManager - Completed resolution of types of Umbraco.Core.PropertyEditors.IPropertyValueConverter, found 0 (took 2ms)
 2016-12-27 20:35:50,470 [P7076/D7/T1] INFO  Umbraco.Core.PluginManager - Starting resolution types of Umbraco.Web.Mvc.SurfaceController
 2016-12-27 20:35:50,483 [P7076/D7/T1] INFO  Umbraco.Core.PluginManager - Completed resolution of types of Umbraco.Web.Mvc.SurfaceController, found 0 (took 12ms)
 2016-12-27 20:35:50,483 [P7076/D7/T1] INFO  Umbraco.Core.PluginManager - Starting resolution types of Umbraco.Web.WebApi.UmbracoApiController
 2016-12-27 20:35:50,493 [P7076/D7/T1] INFO  Umbraco.Core.PluginManager - Completed resolution of types of Umbraco.Web.WebApi.UmbracoApiController, found 0 (took 9ms)
 2016-12-27 20:35:50,567 [P7076/D7/T1] INFO  Umbraco.Core.PluginManager - Starting resolution types of Umbraco.Core.Media.IThumbnailProvider
 2016-12-27 20:35:50,568 [P7076/D7/T1] INFO  Umbraco.Core.PluginManager - Completed resolution of types of Umbraco.Core.Media.IThumbnailProvider, found 0 (took 1ms)
 2016-12-27 20:35:50,568 [P7076/D7/T1] INFO  Umbraco.Core.PluginManager - Starting resolution types of Umbraco.Core.Media.IImageUrlProvider
 2016-12-27 20:35:50,569 [P7076/D7/T1] INFO  Umbraco.Core.PluginManager - Completed resolution of types of Umbraco.Core.Media.IImageUrlProvider, found 0 (took 0ms)
 2016-12-27 20:35:51,537 [P7076/D7/T1] INFO  Umbraco.Core.DatabaseContext - CanConnect = True
 2016-12-27 20:35:51,759 [P7076/D7/T1] INFO  Umbraco.Core.DatabaseContext - CanConnect = True
 2016-12-27 20:35:51,825 [P7076/D7/T1] INFO  Umbraco.Core.DatabaseContext - CanConnect = True
 2016-12-27 20:35:51,911 [P7076/D7/T1] INFO  Umbraco.Web.Cache.CacheRefresherEventHandler - Initializing Umbraco internal event handlers for cache refreshing
 2016-12-27 20:35:52,047 [P7076/D7/T1] INFO  Umbraco.Web.Search.ExamineEvents - Initializing Examine and binding to business logic events
 2016-12-27 20:35:52,047 [P7076/D7/T1] INFO  Umbraco.Web.Search.ExamineEvents - Adding examine event handlers for index providers: 3
 2016-12-27 20:35:52,054 [P7076/D7/T1] INFO  Umbraco.Core.CoreBootManager - Umbraco application startup complete (took 1955ms)
 2016-12-27 20:35:52,976 [P7076/D7/T100] INFO  Umbraco.Core.Sync.ApplicationUrlHelper - ApplicationUrl: http://localhost:17606/umbraco (UmbracoModule request)
 2016-12-27 20:35:53,432 [P7076/D7/T100] INFO  umbraco.content - Load Xml from file...
 2016-12-27 20:35:53,435 [P7076/D7/T100] INFO  umbraco.content - Loaded Xml from file.
 2016-12-27 20:35:54,138 [P7076/D7/T100] INFO  Umbraco.Core.PluginManager - Starting resolution types of Umbraco.Core.PropertyEditors.IParameterEditor
 2016-12-27 20:35:54,139 [P7076/D7/T100] INFO  Umbraco.Core.PluginManager - Completed resolution of types of Umbraco.Core.PropertyEditors.IParameterEditor, found 0 (took 1ms)
 2016-12-27 20:36:14,140 [P7076/D7/T100] INFO  Umbraco.Core.PluginManager - Starting resolution types of Umbraco.Core.Persistence.Mappers.BaseMapper
 2016-12-27 20:36:14,142 [P7076/D7/T100] INFO  Umbraco.Core.PluginManager - Completed resolution of types of Umbraco.Core.Persistence.Mappers.BaseMapper, found 0 (took 1ms)
 2016-12-27 20:36:14,386 [P7076/D7/T100] INFO  Umbraco.Core.PluginManager - Starting resolution types of umbraco.cms.businesslogic.macro.IMacroEngine
 2016-12-27 20:36:14,388 [P7076/D7/T100] INFO  Umbraco.Core.PluginManager - Completed resolution of types of umbraco.cms.businesslogic.macro.IMacroEngine, found 0 (took 1ms)
 2016-12-27 20:36:16,396 [P7076/D7/T100] INFO  Umbraco.Core.PluginManager - Starting resolution types of Umbraco.Core.PropertyEditors.IParameterEditor
 2016-12-27 20:36:16,396 [P7076/D7/T100] INFO  Umbraco.Core.PluginManager - Completed resolution of types of Umbraco.Core.PropertyEditors.IParameterEditor, found 0 (took 0ms)
 2016-12-27 20:36:53,578 [P7076/D7/T98] INFO  umbraco.BusinessLogic.Log - Log scrubbed.  Removed all items older than 2016-12-26 20:36:53
 2016-12-27 20:36:54,866 [P7076/D7/T98] INFO  Umbraco.Core.Security.BackOfficeSignInManager - Event Id: 0, state: Login attempt succeeded for username admin@bbl.co.th from IP address ::1
 2016-12-27 20:36:54,868 [P7076/D7/T98] INFO  Umbraco.Core.Security.BackOfficeSignInManager - Event Id: 0, state: User: admin@bbl.co.th logged in from IP address ::1
 2016-12-27 20:36:55,007 [P7076/D7/T85] INFO  Umbraco.Core.PluginManager - Starting resolution types of Umbraco.Web.Trees.TreeController
 2016-12-27 20:36:55,008 [P7076/D7/T85] INFO  Umbraco.Core.PluginManager - Completed resolution of types of Umbraco.Web.Trees.TreeController, found 0 (took 1ms)
 2016-12-27 20:36:55,107 [P7076/D7/T85] INFO  Umbraco.Core.PluginManager - Starting resolution types of umbraco.interfaces.IApplication
 2016-12-27 20:36:55,109 [P7076/D7/T85] INFO  Umbraco.Core.PluginManager - Completed resolution of types of umbraco.interfaces.IApplication, found 0 (took 2ms)
 2016-12-27 20:36:55,233 [P7076/D7/T85] INFO  Umbraco.Core.PluginManager - Starting resolution types of Umbraco.Web.Trees.TreeController
 2016-12-27 20:36:55,234 [P7076/D7/T85] INFO  Umbraco.Core.PluginManager - Completed resolution of types of Umbraco.Web.Trees.TreeController, found 0 (took 0ms)
 2016-12-27 20:36:55,238 [P7076/D7/T85] INFO  Umbraco.Core.PluginManager - Starting resolution types of umbraco.interfaces.ITree
 2016-12-27 20:36:55,239 [P7076/D7/T85] INFO  Umbraco.Core.PluginManager - Completed resolution of types of umbraco.interfaces.ITree, found 0 (took 1ms)
 2016-12-27 20:36:55,299 [P7076/D7/T98] INFO  Umbraco.Core.PluginManager - Starting resolution types of umbraco.interfaces.ITree
 2016-12-27 20:36:55,300 [P7076/D7/T98] INFO  Umbraco.Core.PluginManager - Completed resolution of types of umbraco.interfaces.ITree, found 0 (took 1ms)
 2016-12-27 20:37:20,177 [P7076/D7/T95] INFO  Umbraco.Core.Publishing.PublishingStrategy - Content 'What's On' with Id '1104' has been published.
 2016-12-27 20:37:20,258 [P7076/D7/T95] INFO  Umbraco.Core.PluginManager - Starting resolution types of umbraco.interfaces.ICacheRefresher
 2016-12-27 20:37:20,261 [P7076/D7/T95] INFO  Umbraco.Core.PluginManager - Completed resolution of types of umbraco.interfaces.ICacheRefresher, found 0 (took 2ms)
 2016-12-27 20:37:24,363 [P7076/D7/T101] INFO  umbraco.content - Save Xml to file...
 2016-12-27 20:37:24,386 [P7076/D7/T101] INFO  umbraco.content - Saved Xml to file.
